[1.697s] Invoking command in '/home/juntj/Robitic_Project3/ros2_workspace/build/ro45_portalrobot_interfaces': CMAKE_PREFIX_PATH=${CMAKE_PREFIX_PATH}:/home/juntj/Robitic_Project3/ros2_workspace/install/classification:/home/juntj/Robitic_Project3/ros2_workspace/install/Tracker:/home/juntj/Robitic_Project3/ros2_workspace/install/Scale_detection:/home/juntj/Robitic_Project3/ros2_workspace/install/Object_detection:/home/juntj/Robitic_Project3/ros2_workspace/install/Classification:/home/juntj/ros2_ws/install/launch_testing_examples:/home/juntj/ros2_ws/install/examples_rclpy_pointcloud_publisher:/home/juntj/ros2_ws/install/examples_rclpy_minimal_subscriber:/home/juntj/ros2_ws/install/examples_rclpy_minimal_service:/home/juntj/ros2_ws/install/examples_rclpy_minimal_publisher:/home/juntj/ros2_ws/install/examples_rclpy_minimal_client:/home/juntj/ros2_ws/install/examples_rclpy_minimal_action_server:/home/juntj/ros2_ws/install/examples_rclpy_minimal_action_client:/home/juntj/ros2_ws/install/examples_rclpy_guard_conditions:/home/juntj/ros2_ws/install/examples_rclpy_executors:/opt/ros/humble /usr/bin/cmake --build /home/juntj/Robitic_Project3/ros2_workspace/build/ro45_portalrobot_interfaces -- -j16 -l16
[1.752s] [  2%] Built target ro45_portalrobot_interfaces__cpp
[1.756s] [ 12%] Built target ro45_portalrobot_interfaces__rosidl_generator_c
[1.762s] [ 12%] Built target ament_cmake_python_symlink_ro45_portalrobot_interfaces
[1.782s] [ 43%] Built target ro45_portalrobot_interfaces__rosidl_typesupport_fastrtps_cpp
[1.782s] [ 43%] Built target ro45_portalrobot_interfaces__rosidl_typesupport_introspection_cpp
[1.782s] [ 43%] Built target ro45_portalrobot_interfaces__rosidl_typesupport_cpp
[1.787s] [ 64%] Built target ro45_portalrobot_interfaces__rosidl_typesupport_fastrtps_c
[1.787s] [ 64%] Built target ro45_portalrobot_interfaces__rosidl_typesupport_c
[1.787s] [ 74%] Built target ro45_portalrobot_interfaces__rosidl_typesupport_introspection_c
[1.809s] [ 74%] Built target ro45_portalrobot_interfaces
[1.829s] [ 76%] Built target ro45_portalrobot_interfaces__py
[1.851s] [ 84%] Built target ro45_portalrobot_interfaces__rosidl_generator_py
[1.874s] [ 89%] Built target ro45_portalrobot_interfaces__rosidl_typesupport_fastrtps_c__pyext
[1.883s] [100%] Built target ro45_portalrobot_interfaces__rosidl_typesupport_introspection_c__pyext
[1.883s] [100%] Built target ro45_portalrobot_interfaces__rosidl_typesupport_c__pyext
[2.088s] running egg_info
[2.089s] writing ro45_portalrobot_interfaces.egg-info/PKG-INFO
[2.089s] writing dependency_links to ro45_portalrobot_interfaces.egg-info/dependency_links.txt
[2.090s] writing top-level names to ro45_portalrobot_interfaces.egg-info/top_level.txt
[2.093s] reading manifest file 'ro45_portalrobot_interfaces.egg-info/SOURCES.txt'
[2.094s] writing manifest file 'ro45_portalrobot_interfaces.egg-info/SOURCES.txt'
[2.154s] [100%] Built target ament_cmake_python_build_ro45_portalrobot_interfaces_egg
[2.167s] Invoked command in '/home/juntj/Robitic_Project3/ros2_workspace/build/ro45_portalrobot_interfaces' returned '0': CMAKE_PREFIX_PATH=${CMAKE_PREFIX_PATH}:/home/juntj/Robitic_Project3/ros2_workspace/install/classification:/home/juntj/Robitic_Project3/ros2_workspace/install/Tracker:/home/juntj/Robitic_Project3/ros2_workspace/install/Scale_detection:/home/juntj/Robitic_Project3/ros2_workspace/install/Object_detection:/home/juntj/Robitic_Project3/ros2_workspace/install/Classification:/home/juntj/ros2_ws/install/launch_testing_examples:/home/juntj/ros2_ws/install/examples_rclpy_pointcloud_publisher:/home/juntj/ros2_ws/install/examples_rclpy_minimal_subscriber:/home/juntj/ros2_ws/install/examples_rclpy_minimal_service:/home/juntj/ros2_ws/install/examples_rclpy_minimal_publisher:/home/juntj/ros2_ws/install/examples_rclpy_minimal_client:/home/juntj/ros2_ws/install/examples_rclpy_minimal_action_server:/home/juntj/ros2_ws/install/examples_rclpy_minimal_action_client:/home/juntj/ros2_ws/install/examples_rclpy_guard_conditions:/home/juntj/ros2_ws/install/examples_rclpy_executors:/opt/ros/humble /usr/bin/cmake --build /home/juntj/Robitic_Project3/ros2_workspace/build/ro45_portalrobot_interfaces -- -j16 -l16
[2.270s] Invoking command in '/home/juntj/Robitic_Project3/ros2_workspace/build/ro45_portalrobot_interfaces': CMAKE_PREFIX_PATH=${CMAKE_PREFIX_PATH}:/home/juntj/Robitic_Project3/ros2_workspace/install/classification:/home/juntj/Robitic_Project3/ros2_workspace/install/Tracker:/home/juntj/Robitic_Project3/ros2_workspace/install/Scale_detection:/home/juntj/Robitic_Project3/ros2_workspace/install/Object_detection:/home/juntj/Robitic_Project3/ros2_workspace/install/Classification:/home/juntj/ros2_ws/install/launch_testing_examples:/home/juntj/ros2_ws/install/examples_rclpy_pointcloud_publisher:/home/juntj/ros2_ws/install/examples_rclpy_minimal_subscriber:/home/juntj/ros2_ws/install/examples_rclpy_minimal_service:/home/juntj/ros2_ws/install/examples_rclpy_minimal_publisher:/home/juntj/ros2_ws/install/examples_rclpy_minimal_client:/home/juntj/ros2_ws/install/examples_rclpy_minimal_action_server:/home/juntj/ros2_ws/install/examples_rclpy_minimal_action_client:/home/juntj/ros2_ws/install/examples_rclpy_guard_conditions:/home/juntj/ros2_ws/install/examples_rclpy_executors:/opt/ros/humble /usr/bin/cmake --install /home/juntj/Robitic_Project3/ros2_workspace/build/ro45_portalrobot_interfaces
[2.279s] -- Install configuration: ""
[2.279s] -- Execute custom install script
[2.279s] -- Up-to-date symlink: /home/juntj/Robitic_Project3/ros2_workspace/install/ro45_portalrobot_interfaces/share/ament_index/resource_index/rosidl_interfaces/ro45_portalrobot_interfaces
[2.280s] -- Up-to-date symlink: /home/juntj/Robitic_Project3/ros2_workspace/install/ro45_portalrobot_interfaces/include/ro45_portalrobot_interfaces/ro45_portalrobot_interfaces/msg/detail/robot_cmd__functions.h
[2.280s] -- Up-to-date symlink: /home/juntj/Robitic_Project3/ros2_workspace/install/ro45_portalrobot_interfaces/include/ro45_portalrobot_interfaces/ro45_portalrobot_interfaces/msg/detail/robot_cmd__struct.h
[2.280s] -- Up-to-date symlink: /home/juntj/Robitic_Project3/ros2_workspace/install/ro45_portalrobot_interfaces/include/ro45_portalrobot_interfaces/ro45_portalrobot_interfaces/msg/detail/robot_cmd__type_support.h
[2.280s] -- Up-to-date symlink: /home/juntj/Robitic_Project3/ros2_workspace/install/ro45_portalrobot_interfaces/include/ro45_portalrobot_interfaces/ro45_portalrobot_interfaces/msg/detail/robot_pos__functions.h
[2.280s] -- Up-to-date symlink: /home/juntj/Robitic_Project3/ros2_workspace/install/ro45_portalrobot_interfaces/include/ro45_portalrobot_interfaces/ro45_portalrobot_interfaces/msg/detail/robot_pos__struct.h
[2.280s] -- Up-to-date symlink: /home/juntj/Robitic_Project3/ros2_workspace/install/ro45_portalrobot_interfaces/include/ro45_portalrobot_interfaces/ro45_portalrobot_interfaces/msg/detail/robot_pos__type_support.h
[2.280s] -- Up-to-date symlink: /home/juntj/Robitic_Project3/ros2_workspace/install/ro45_portalrobot_interfaces/include/ro45_portalrobot_interfaces/ro45_portalrobot_interfaces/msg/robot_cmd.h
[2.281s] -- Up-to-date symlink: /home/juntj/Robitic_Project3/ros2_workspace/install/ro45_portalrobot_interfaces/include/ro45_portalrobot_interfaces/ro45_portalrobot_interfaces/msg/robot_pos.h
[2.281s] -- Up-to-date symlink: /home/juntj/Robitic_Project3/ros2_workspace/install/ro45_portalrobot_interfaces/include/ro45_portalrobot_interfaces/ro45_portalrobot_interfaces/msg/rosidl_generator_c__visibility_control.h
[2.281s] -- Up-to-date symlink: /home/juntj/Robitic_Project3/ros2_workspace/install/ro45_portalrobot_interfaces/share/ro45_portalrobot_interfaces/environment/library_path.sh
[2.281s] -- Up-to-date symlink: /home/juntj/Robitic_Project3/ros2_workspace/install/ro45_portalrobot_interfaces/share/ro45_portalrobot_interfaces/environment/library_path.dsv
[2.281s] -- Up-to-date symlink: /home/juntj/Robitic_Project3/ros2_workspace/install/ro45_portalrobot_interfaces/include/ro45_portalrobot_interfaces/ro45_portalrobot_interfaces/msg/detail/robot_cmd__rosidl_typesupport_fastrtps_c.h
[2.281s] -- Up-to-date symlink: /home/juntj/Robitic_Project3/ros2_workspace/install/ro45_portalrobot_interfaces/include/ro45_portalrobot_interfaces/ro45_portalrobot_interfaces/msg/detail/robot_pos__rosidl_typesupport_fastrtps_c.h
[2.281s] -- Up-to-date symlink: /home/juntj/Robitic_Project3/ros2_workspace/install/ro45_portalrobot_interfaces/include/ro45_portalrobot_interfaces/ro45_portalrobot_interfaces/msg/rosidl_typesupport_fastrtps_c__visibility_control.h
[2.282s] -- Up-to-date symlink: /home/juntj/Robitic_Project3/ros2_workspace/install/ro45_portalrobot_interfaces/include/ro45_portalrobot_interfaces/ro45_portalrobot_interfaces/msg/detail/robot_cmd__rosidl_typesupport_introspection_c.h
[2.282s] -- Up-to-date symlink: /home/juntj/Robitic_Project3/ros2_workspace/install/ro45_portalrobot_interfaces/include/ro45_portalrobot_interfaces/ro45_portalrobot_interfaces/msg/detail/robot_pos__rosidl_typesupport_introspection_c.h
[2.282s] -- Up-to-date symlink: /home/juntj/Robitic_Project3/ros2_workspace/install/ro45_portalrobot_interfaces/include/ro45_portalrobot_interfaces/ro45_portalrobot_interfaces/msg/rosidl_typesupport_introspection_c__visibility_control.h
[2.282s] -- Up-to-date symlink: /home/juntj/Robitic_Project3/ros2_workspace/install/ro45_portalrobot_interfaces/include/ro45_portalrobot_interfaces/ro45_portalrobot_interfaces/msg/detail/robot_cmd__builder.hpp
[2.282s] -- Up-to-date symlink: /home/juntj/Robitic_Project3/ros2_workspace/install/ro45_portalrobot_interfaces/include/ro45_portalrobot_interfaces/ro45_portalrobot_interfaces/msg/detail/robot_cmd__struct.hpp
[2.282s] -- Up-to-date symlink: /home/juntj/Robitic_Project3/ros2_workspace/install/ro45_portalrobot_interfaces/include/ro45_portalrobot_interfaces/ro45_portalrobot_interfaces/msg/detail/robot_cmd__traits.hpp
[2.282s] -- Up-to-date symlink: /home/juntj/Robitic_Project3/ros2_workspace/install/ro45_portalrobot_interfaces/include/ro45_portalrobot_interfaces/ro45_portalrobot_interfaces/msg/detail/robot_pos__builder.hpp
[2.282s] -- Up-to-date symlink: /home/juntj/Robitic_Project3/ros2_workspace/install/ro45_portalrobot_interfaces/include/ro45_portalrobot_interfaces/ro45_portalrobot_interfaces/msg/detail/robot_pos__struct.hpp
[2.283s] -- Up-to-date symlink: /home/juntj/Robitic_Project3/ros2_workspace/install/ro45_portalrobot_interfaces/include/ro45_portalrobot_interfaces/ro45_portalrobot_interfaces/msg/detail/robot_pos__traits.hpp
[2.283s] -- Up-to-date symlink: /home/juntj/Robitic_Project3/ros2_workspace/install/ro45_portalrobot_interfaces/include/ro45_portalrobot_interfaces/ro45_portalrobot_interfaces/msg/robot_cmd.hpp
[2.283s] -- Up-to-date symlink: /home/juntj/Robitic_Project3/ros2_workspace/install/ro45_portalrobot_interfaces/include/ro45_portalrobot_interfaces/ro45_portalrobot_interfaces/msg/robot_pos.hpp
[2.283s] -- Up-to-date symlink: /home/juntj/Robitic_Project3/ros2_workspace/install/ro45_portalrobot_interfaces/include/ro45_portalrobot_interfaces/ro45_portalrobot_interfaces/msg/detail/robot_cmd__rosidl_typesupport_fastrtps_cpp.hpp
[2.283s] -- Up-to-date symlink: /home/juntj/Robitic_Project3/ros2_workspace/install/ro45_portalrobot_interfaces/include/ro45_portalrobot_interfaces/ro45_portalrobot_interfaces/msg/detail/robot_pos__rosidl_typesupport_fastrtps_cpp.hpp
[2.283s] -- Up-to-date symlink: /home/juntj/Robitic_Project3/ros2_workspace/install/ro45_portalrobot_interfaces/include/ro45_portalrobot_interfaces/ro45_portalrobot_interfaces/msg/rosidl_typesupport_fastrtps_cpp__visibility_control.h
[2.284s] -- Up-to-date symlink: /home/juntj/Robitic_Project3/ros2_workspace/install/ro45_portalrobot_interfaces/include/ro45_portalrobot_interfaces/ro45_portalrobot_interfaces/msg/detail/robot_cmd__rosidl_typesupport_introspection_cpp.hpp
[2.284s] -- Up-to-date symlink: /home/juntj/Robitic_Project3/ros2_workspace/install/ro45_portalrobot_interfaces/include/ro45_portalrobot_interfaces/ro45_portalrobot_interfaces/msg/detail/robot_pos__rosidl_typesupport_introspection_cpp.hpp
[2.284s] -- Up-to-date symlink: /home/juntj/Robitic_Project3/ros2_workspace/install/ro45_portalrobot_interfaces/share/ro45_portalrobot_interfaces/environment/pythonpath.sh
[2.284s] -- Up-to-date symlink: /home/juntj/Robitic_Project3/ros2_workspace/install/ro45_portalrobot_interfaces/share/ro45_portalrobot_interfaces/environment/pythonpath.dsv
[2.284s] -- Up-to-date symlink: /home/juntj/Robitic_Project3/ros2_workspace/install/ro45_portalrobot_interfaces/local/lib/python3.10/dist-packages/ro45_portalrobot_interfaces-1.0.0-py3.10.egg-info/PKG-INFO
[2.284s] -- Up-to-date symlink: /home/juntj/Robitic_Project3/ros2_workspace/install/ro45_portalrobot_interfaces/local/lib/python3.10/dist-packages/ro45_portalrobot_interfaces-1.0.0-py3.10.egg-info/SOURCES.txt
[2.285s] -- Up-to-date symlink: /home/juntj/Robitic_Project3/ros2_workspace/install/ro45_portalrobot_interfaces/local/lib/python3.10/dist-packages/ro45_portalrobot_interfaces-1.0.0-py3.10.egg-info/dependency_links.txt
[2.285s] -- Up-to-date symlink: /home/juntj/Robitic_Project3/ros2_workspace/install/ro45_portalrobot_interfaces/local/lib/python3.10/dist-packages/ro45_portalrobot_interfaces-1.0.0-py3.10.egg-info/top_level.txt
[2.285s] -- Up-to-date symlink: /home/juntj/Robitic_Project3/ros2_workspace/install/ro45_portalrobot_interfaces/local/lib/python3.10/dist-packages/ro45_portalrobot_interfaces/__init__.py
[2.285s] -- Up-to-date symlink: /home/juntj/Robitic_Project3/ros2_workspace/install/ro45_portalrobot_interfaces/local/lib/python3.10/dist-packages/ro45_portalrobot_interfaces/_ro45_portalrobot_interfaces_s.ep.rosidl_typesupport_c.c
[2.285s] -- Up-to-date symlink: /home/juntj/Robitic_Project3/ros2_workspace/install/ro45_portalrobot_interfaces/local/lib/python3.10/dist-packages/ro45_portalrobot_interfaces/_ro45_portalrobot_interfaces_s.ep.rosidl_typesupport_fastrtps_c.c
[2.285s] -- Up-to-date symlink: /home/juntj/Robitic_Project3/ros2_workspace/install/ro45_portalrobot_interfaces/local/lib/python3.10/dist-packages/ro45_portalrobot_interfaces/_ro45_portalrobot_interfaces_s.ep.rosidl_typesupport_introspection_c.c
[2.285s] -- Up-to-date symlink: /home/juntj/Robitic_Project3/ros2_workspace/install/ro45_portalrobot_interfaces/local/lib/python3.10/dist-packages/ro45_portalrobot_interfaces/libro45_portalrobot_interfaces__rosidl_generator_py.so
[2.286s] -- Up-to-date symlink: /home/juntj/Robitic_Project3/ros2_workspace/install/ro45_portalrobot_interfaces/local/lib/python3.10/dist-packages/ro45_portalrobot_interfaces/msg/__init__.py
[2.286s] -- Up-to-date symlink: /home/juntj/Robitic_Project3/ros2_workspace/install/ro45_portalrobot_interfaces/local/lib/python3.10/dist-packages/ro45_portalrobot_interfaces/msg/_robot_cmd.py
[2.286s] -- Up-to-date symlink: /home/juntj/Robitic_Project3/ros2_workspace/install/ro45_portalrobot_interfaces/local/lib/python3.10/dist-packages/ro45_portalrobot_interfaces/msg/_robot_cmd_s.c
[2.286s] -- Up-to-date symlink: /home/juntj/Robitic_Project3/ros2_workspace/install/ro45_portalrobot_interfaces/local/lib/python3.10/dist-packages/ro45_portalrobot_interfaces/msg/_robot_pos.py
[2.286s] -- Up-to-date symlink: /home/juntj/Robitic_Project3/ros2_workspace/install/ro45_portalrobot_interfaces/local/lib/python3.10/dist-packages/ro45_portalrobot_interfaces/msg/_robot_pos_s.c
[2.286s] -- Up-to-date symlink: /home/juntj/Robitic_Project3/ros2_workspace/install/ro45_portalrobot_interfaces/local/lib/python3.10/dist-packages/ro45_portalrobot_interfaces/ro45_portalrobot_interfaces_s__rosidl_typesupport_c.cpython-310-x86_64-linux-gnu.so
[2.286s] -- Up-to-date symlink: /home/juntj/Robitic_Project3/ros2_workspace/install/ro45_portalrobot_interfaces/local/lib/python3.10/dist-packages/ro45_portalrobot_interfaces/ro45_portalrobot_interfaces_s__rosidl_typesupport_fastrtps_c.cpython-310-x86_64-linux-gnu.so
[2.286s] -- Up-to-date symlink: /home/juntj/Robitic_Project3/ros2_workspace/install/ro45_portalrobot_interfaces/local/lib/python3.10/dist-packages/ro45_portalrobot_interfaces/ro45_portalrobot_interfaces_s__rosidl_typesupport_introspection_c.cpython-310-x86_64-linux-gnu.so
[2.286s] -- Up-to-date symlink: /home/juntj/Robitic_Project3/ros2_workspace/install/ro45_portalrobot_interfaces/local/lib/python3.10/dist-packages/ro45_portalrobot_interfaces/ro45_portalrobot_interfaces_s__rosidl_typesupport_fastrtps_c.cpython-310-x86_64-linux-gnu.so
[2.287s] -- Up-to-date symlink: /home/juntj/Robitic_Project3/ros2_workspace/install/ro45_portalrobot_interfaces/local/lib/python3.10/dist-packages/ro45_portalrobot_interfaces/ro45_portalrobot_interfaces_s__rosidl_typesupport_introspection_c.cpython-310-x86_64-linux-gnu.so
[2.287s] -- Up-to-date symlink: /home/juntj/Robitic_Project3/ros2_workspace/install/ro45_portalrobot_interfaces/local/lib/python3.10/dist-packages/ro45_portalrobot_interfaces/ro45_portalrobot_interfaces_s__rosidl_typesupport_c.cpython-310-x86_64-linux-gnu.so
[2.287s] -- Up-to-date symlink: /home/juntj/Robitic_Project3/ros2_workspace/install/ro45_portalrobot_interfaces/share/ro45_portalrobot_interfaces/msg/RobotCmd.idl
[2.287s] -- Up-to-date symlink: /home/juntj/Robitic_Project3/ros2_workspace/install/ro45_portalrobot_interfaces/share/ro45_portalrobot_interfaces/msg/RobotPos.idl
[2.287s] -- Up-to-date symlink: /home/juntj/Robitic_Project3/ros2_workspace/install/ro45_portalrobot_interfaces/share/ro45_portalrobot_interfaces/msg/RobotCmd.msg
[2.287s] -- Up-to-date symlink: /home/juntj/Robitic_Project3/ros2_workspace/install/ro45_portalrobot_interfaces/share/ro45_portalrobot_interfaces/msg/RobotPos.msg
[2.287s] -- Up-to-date symlink: /home/juntj/Robitic_Project3/ros2_workspace/install/ro45_portalrobot_interfaces/share/ament_index/resource_index/package_run_dependencies/ro45_portalrobot_interfaces
[2.288s] -- Up-to-date symlink: /home/juntj/Robitic_Project3/ros2_workspace/install/ro45_portalrobot_interfaces/share/ament_index/resource_index/parent_prefix_path/ro45_portalrobot_interfaces
[2.288s] -- Up-to-date symlink: /home/juntj/Robitic_Project3/ros2_workspace/install/ro45_portalrobot_interfaces/share/ro45_portalrobot_interfaces/environment/ament_prefix_path.sh
[2.288s] -- Up-to-date symlink: /home/juntj/Robitic_Project3/ros2_workspace/install/ro45_portalrobot_interfaces/share/ro45_portalrobot_interfaces/environment/ament_prefix_path.dsv
[2.288s] -- Up-to-date symlink: /home/juntj/Robitic_Project3/ros2_workspace/install/ro45_portalrobot_interfaces/share/ro45_portalrobot_interfaces/environment/path.sh
[2.288s] -- Up-to-date symlink: /home/juntj/Robitic_Project3/ros2_workspace/install/ro45_portalrobot_interfaces/share/ro45_portalrobot_interfaces/environment/path.dsv
[2.288s] -- Up-to-date symlink: /home/juntj/Robitic_Project3/ros2_workspace/install/ro45_portalrobot_interfaces/share/ro45_portalrobot_interfaces/local_setup.bash
[2.288s] -- Up-to-date symlink: /home/juntj/Robitic_Project3/ros2_workspace/install/ro45_portalrobot_interfaces/share/ro45_portalrobot_interfaces/local_setup.sh
[2.288s] -- Up-to-date symlink: /home/juntj/Robitic_Project3/ros2_workspace/install/ro45_portalrobot_interfaces/share/ro45_portalrobot_interfaces/local_setup.zsh
[2.289s] -- Up-to-date symlink: /home/juntj/Robitic_Project3/ros2_workspace/install/ro45_portalrobot_interfaces/share/ro45_portalrobot_interfaces/local_setup.dsv
[2.289s] -- Symlinking: /home/juntj/Robitic_Project3/ros2_workspace/install/ro45_portalrobot_interfaces/share/ro45_portalrobot_interfaces/package.dsv
[2.298s] -- Up-to-date symlink: /home/juntj/Robitic_Project3/ros2_workspace/install/ro45_portalrobot_interfaces/share/ament_index/resource_index/packages/ro45_portalrobot_interfaces
[2.298s] -- Up-to-date symlink: /home/juntj/Robitic_Project3/ros2_workspace/install/ro45_portalrobot_interfaces/share/ro45_portalrobot_interfaces/cmake/rosidl_cmake-extras.cmake
[2.298s] -- Up-to-date symlink: /home/juntj/Robitic_Project3/ros2_workspace/install/ro45_portalrobot_interfaces/share/ro45_portalrobot_interfaces/cmake/ament_cmake_export_include_directories-extras.cmake
[2.298s] -- Up-to-date symlink: /home/juntj/Robitic_Project3/ros2_workspace/install/ro45_portalrobot_interfaces/share/ro45_portalrobot_interfaces/cmake/ament_cmake_export_libraries-extras.cmake
[2.299s] -- Up-to-date symlink: /home/juntj/Robitic_Project3/ros2_workspace/install/ro45_portalrobot_interfaces/share/ro45_portalrobot_interfaces/cmake/ament_cmake_export_targets-extras.cmake
[2.299s] -- Up-to-date symlink: /home/juntj/Robitic_Project3/ros2_workspace/install/ro45_portalrobot_interfaces/share/ro45_portalrobot_interfaces/cmake/rosidl_cmake_export_typesupport_targets-extras.cmake
[2.299s] -- Up-to-date symlink: /home/juntj/Robitic_Project3/ros2_workspace/install/ro45_portalrobot_interfaces/share/ro45_portalrobot_interfaces/cmake/ament_cmake_export_dependencies-extras.cmake
[2.299s] -- Up-to-date symlink: /home/juntj/Robitic_Project3/ros2_workspace/install/ro45_portalrobot_interfaces/share/ro45_portalrobot_interfaces/cmake/rosidl_cmake_export_typesupport_libraries-extras.cmake
[2.299s] -- Up-to-date symlink: /home/juntj/Robitic_Project3/ros2_workspace/install/ro45_portalrobot_interfaces/share/ro45_portalrobot_interfaces/cmake/ro45_portalrobot_interfacesConfig.cmake
[2.299s] -- Up-to-date symlink: /home/juntj/Robitic_Project3/ros2_workspace/install/ro45_portalrobot_interfaces/share/ro45_portalrobot_interfaces/cmake/ro45_portalrobot_interfacesConfig-version.cmake
[2.299s] -- Up-to-date symlink: /home/juntj/Robitic_Project3/ros2_workspace/install/ro45_portalrobot_interfaces/share/ro45_portalrobot_interfaces/package.xml
[2.300s] -- Up-to-date: /home/juntj/Robitic_Project3/ros2_workspace/install/ro45_portalrobot_interfaces/lib/libro45_portalrobot_interfaces__rosidl_generator_c.so
[2.300s] -- Up-to-date: /home/juntj/Robitic_Project3/ros2_workspace/install/ro45_portalrobot_interfaces/lib/libro45_portalrobot_interfaces__rosidl_typesupport_fastrtps_c.so
[2.300s] -- Up-to-date: /home/juntj/Robitic_Project3/ros2_workspace/install/ro45_portalrobot_interfaces/lib/libro45_portalrobot_interfaces__rosidl_typesupport_introspection_c.so
[2.300s] -- Up-to-date: /home/juntj/Robitic_Project3/ros2_workspace/install/ro45_portalrobot_interfaces/lib/libro45_portalrobot_interfaces__rosidl_typesupport_c.so
[2.300s] -- Up-to-date: /home/juntj/Robitic_Project3/ros2_workspace/install/ro45_portalrobot_interfaces/lib/libro45_portalrobot_interfaces__rosidl_typesupport_fastrtps_cpp.so
[2.301s] -- Up-to-date: /home/juntj/Robitic_Project3/ros2_workspace/install/ro45_portalrobot_interfaces/lib/libro45_portalrobot_interfaces__rosidl_typesupport_introspection_cpp.so
[2.301s] -- Up-to-date: /home/juntj/Robitic_Project3/ros2_workspace/install/ro45_portalrobot_interfaces/lib/libro45_portalrobot_interfaces__rosidl_typesupport_cpp.so
[2.340s] Listing '/home/juntj/Robitic_Project3/ros2_workspace/install/ro45_portalrobot_interfaces/local/lib/python3.10/dist-packages/ro45_portalrobot_interfaces'...
[2.340s] Listing '/home/juntj/Robitic_Project3/ros2_workspace/install/ro45_portalrobot_interfaces/local/lib/python3.10/dist-packages/ro45_portalrobot_interfaces/msg'...
[2.346s] -- Up-to-date: /home/juntj/Robitic_Project3/ros2_workspace/install/ro45_portalrobot_interfaces/lib/libro45_portalrobot_interfaces__rosidl_generator_py.so
[2.347s] -- Up-to-date: /home/juntj/Robitic_Project3/ros2_workspace/install/ro45_portalrobot_interfaces/share/ro45_portalrobot_interfaces/cmake/export_ro45_portalrobot_interfaces__rosidl_generator_cExport.cmake
[2.347s] -- Up-to-date: /home/juntj/Robitic_Project3/ros2_workspace/install/ro45_portalrobot_interfaces/share/ro45_portalrobot_interfaces/cmake/export_ro45_portalrobot_interfaces__rosidl_generator_cExport-noconfig.cmake
[2.347s] -- Up-to-date: /home/juntj/Robitic_Project3/ros2_workspace/install/ro45_portalrobot_interfaces/share/ro45_portalrobot_interfaces/cmake/export_ro45_portalrobot_interfaces__rosidl_typesupport_fastrtps_cExport.cmake
[2.347s] -- Up-to-date: /home/juntj/Robitic_Project3/ros2_workspace/install/ro45_portalrobot_interfaces/share/ro45_portalrobot_interfaces/cmake/export_ro45_portalrobot_interfaces__rosidl_typesupport_fastrtps_cExport-noconfig.cmake
[2.347s] -- Up-to-date: /home/juntj/Robitic_Project3/ros2_workspace/install/ro45_portalrobot_interfaces/share/ro45_portalrobot_interfaces/cmake/ro45_portalrobot_interfaces__rosidl_typesupport_introspection_cExport.cmake
[2.347s] -- Up-to-date: /home/juntj/Robitic_Project3/ros2_workspace/install/ro45_portalrobot_interfaces/share/ro45_portalrobot_interfaces/cmake/ro45_portalrobot_interfaces__rosidl_typesupport_introspection_cExport-noconfig.cmake
[2.347s] -- Up-to-date: /home/juntj/Robitic_Project3/ros2_workspace/install/ro45_portalrobot_interfaces/share/ro45_portalrobot_interfaces/cmake/ro45_portalrobot_interfaces__rosidl_typesupport_cExport.cmake
[2.347s] -- Up-to-date: /home/juntj/Robitic_Project3/ros2_workspace/install/ro45_portalrobot_interfaces/share/ro45_portalrobot_interfaces/cmake/ro45_portalrobot_interfaces__rosidl_typesupport_cExport-noconfig.cmake
[2.347s] -- Up-to-date: /home/juntj/Robitic_Project3/ros2_workspace/install/ro45_portalrobot_interfaces/share/ro45_portalrobot_interfaces/cmake/export_ro45_portalrobot_interfaces__rosidl_generator_cppExport.cmake
[2.347s] -- Up-to-date: /home/juntj/Robitic_Project3/ros2_workspace/install/ro45_portalrobot_interfaces/share/ro45_portalrobot_interfaces/cmake/export_ro45_portalrobot_interfaces__rosidl_typesupport_fastrtps_cppExport.cmake
[2.347s] -- Up-to-date: /home/juntj/Robitic_Project3/ros2_workspace/install/ro45_portalrobot_interfaces/share/ro45_portalrobot_interfaces/cmake/export_ro45_portalrobot_interfaces__rosidl_typesupport_fastrtps_cppExport-noconfig.cmake
[2.348s] -- Up-to-date: /home/juntj/Robitic_Project3/ros2_workspace/install/ro45_portalrobot_interfaces/share/ro45_portalrobot_interfaces/cmake/ro45_portalrobot_interfaces__rosidl_typesupport_introspection_cppExport.cmake
[2.348s] -- Up-to-date: /home/juntj/Robitic_Project3/ros2_workspace/install/ro45_portalrobot_interfaces/share/ro45_portalrobot_interfaces/cmake/ro45_portalrobot_interfaces__rosidl_typesupport_introspection_cppExport-noconfig.cmake
[2.348s] -- Up-to-date: /home/juntj/Robitic_Project3/ros2_workspace/install/ro45_portalrobot_interfaces/share/ro45_portalrobot_interfaces/cmake/ro45_portalrobot_interfaces__rosidl_typesupport_cppExport.cmake
[2.348s] -- Up-to-date: /home/juntj/Robitic_Project3/ros2_workspace/install/ro45_portalrobot_interfaces/share/ro45_portalrobot_interfaces/cmake/ro45_portalrobot_interfaces__rosidl_typesupport_cppExport-noconfig.cmake
[2.348s] -- Up-to-date: /home/juntj/Robitic_Project3/ros2_workspace/install/ro45_portalrobot_interfaces/share/ro45_portalrobot_interfaces/cmake/export_ro45_portalrobot_interfaces__rosidl_generator_pyExport.cmake
[2.348s] -- Up-to-date: /home/juntj/Robitic_Project3/ros2_workspace/install/ro45_portalrobot_interfaces/share/ro45_portalrobot_interfaces/cmake/export_ro45_portalrobot_interfaces__rosidl_generator_pyExport-noconfig.cmake
[2.352s] Invoked command in '/home/juntj/Robitic_Project3/ros2_workspace/build/ro45_portalrobot_interfaces' returned '0': CMAKE_PREFIX_PATH=${CMAKE_PREFIX_PATH}:/home/juntj/Robitic_Project3/ros2_workspace/install/classification:/home/juntj/Robitic_Project3/ros2_workspace/install/Tracker:/home/juntj/Robitic_Project3/ros2_workspace/install/Scale_detection:/home/juntj/Robitic_Project3/ros2_workspace/install/Object_detection:/home/juntj/Robitic_Project3/ros2_workspace/install/Classification:/home/juntj/ros2_ws/install/launch_testing_examples:/home/juntj/ros2_ws/install/examples_rclpy_pointcloud_publisher:/home/juntj/ros2_ws/install/examples_rclpy_minimal_subscriber:/home/juntj/ros2_ws/install/examples_rclpy_minimal_service:/home/juntj/ros2_ws/install/examples_rclpy_minimal_publisher:/home/juntj/ros2_ws/install/examples_rclpy_minimal_client:/home/juntj/ros2_ws/install/examples_rclpy_minimal_action_server:/home/juntj/ros2_ws/install/examples_rclpy_minimal_action_client:/home/juntj/ros2_ws/install/examples_rclpy_guard_conditions:/home/juntj/ros2_ws/install/examples_rclpy_executors:/opt/ros/humble /usr/bin/cmake --install /home/juntj/Robitic_Project3/ros2_workspace/build/ro45_portalrobot_interfaces
