running develop
running egg_info
writing ../../build/Scale_detection/Scale_detection.egg-info/PKG-INFO
writing dependency_links to ../../build/Scale_detection/Scale_detection.egg-info/dependency_links.txt
writing entry points to ../../build/Scale_detection/Scale_detection.egg-info/entry_points.txt
writing requirements to ../../build/Scale_detection/Scale_detection.egg-info/requires.txt
writing top-level names to ../../build/Scale_detection/Scale_detection.egg-info/top_level.txt
reading manifest file '../../build/Scale_detection/Scale_detection.egg-info/SOURCES.txt'
writing manifest file '../../build/Scale_detection/Scale_detection.egg-info/SOURCES.txt'
running build
running build_py
running install
running install_lib
creating /home/juntj/Robitic_Project3/ros2_workspace/install/Scale_detection/lib/python3.10/site-packages/Scale_detection
copying /home/juntj/Robitic_Project3/ros2_workspace/build/Scale_detection/build/lib/Scale_detection/scale_detection.py -> /home/juntj/Robitic_Project3/ros2_workspace/install/Scale_detection/lib/python3.10/site-packages/Scale_detection
copying /home/juntj/Robitic_Project3/ros2_workspace/build/Scale_detection/build/lib/Scale_detection/__init__.py -> /home/juntj/Robitic_Project3/ros2_workspace/install/Scale_detection/lib/python3.10/site-packages/Scale_detection
byte-compiling /home/juntj/Robitic_Project3/ros2_workspace/install/Scale_detection/lib/python3.10/site-packages/Scale_detection/scale_detection.py to scale_detection.cpython-310.pyc
byte-compiling /home/juntj/Robitic_Project3/ros2_workspace/install/Scale_detection/lib/python3.10/site-packages/Scale_detection/__init__.py to __init__.cpython-310.pyc
running install_data
running install_egg_info
Copying ../../build/Scale_detection/Scale_detection.egg-info to /home/juntj/Robitic_Project3/ros2_workspace/install/Scale_detection/lib/python3.10/site-packages/Scale_detection-0.0.0-py3.10.egg-info
running install_scripts
writing list of installed files to '/home/juntj/Robitic_Project3/ros2_workspace/build/Scale_detection/install.log'
