[0.445s] DEBUG:colcon:Command line arguments: ['/usr/bin/colcon', 'list', '-p', '--base-paths', '/home/juntj/Robitic_Project3/ros2_workspace']
[0.445s] DEBUG:colcon:Parsed command line arguments: Namespace(log_base=None, log_level=None, verb_name='list', build_base='build', ignore_user_meta=False, metas=['./colcon.meta'], base_paths=['/home/juntj/Robitic_Project3/ros2_workspace'], packages_ignore=None, packages_ignore_regex=None, paths=None, packages_up_to=None, packages_up_to_regex=None, packages_above=None, packages_above_and_dependencies=None, packages_above_depth=None, packages_select_by_dep=None, packages_skip_by_dep=None, packages_skip_up_to=None, packages_select_build_failed=False, packages_skip_build_finished=False, packages_select_test_failures=False, packages_skip_test_passed=False, packages_select=None, packages_skip=None, packages_select_regex=None, packages_skip_regex=None, packages_start=None, packages_end=None, allow_overriding=[], topological_order=False, names_only=False, paths_only=True, topological_graph=False, topological_graph_dot=False, topological_graph_density=False, topological_graph_legend=False, topological_graph_dot_cluster=False, topological_graph_dot_include_skipped=False, verb_parser=<colcon_defaults.argument_parser.defaults.DefaultArgumentsDecorator object at 0x7ff055108220>, verb_extension=<colcon_package_information.verb.list.ListVerb object at 0x7ff05520faf0>, main=<bound method ListVerb.main of <colcon_package_information.verb.list.ListVerb object at 0x7ff05520faf0>>)
[0.503s] Level 1:colcon.colcon_core.package_discovery:discover_packages(colcon_meta) check parameters
[0.503s] Level 1:colcon.colcon_core.package_discovery:discover_packages(recursive) check parameters
[0.503s] Level 1:colcon.colcon_core.package_discovery:discover_packages(ignore) check parameters
[0.503s] Level 1:colcon.colcon_core.package_discovery:discover_packages(path) check parameters
[0.503s] Level 1:colcon.colcon_core.package_discovery:discover_packages(recursive) discover
[0.504s] INFO:colcon.colcon_core.package_discovery:Crawling recursively for packages in '/home/juntj/Robitic_Project3/ros2_workspace'
[0.504s] Level 1:colcon.colcon_core.package_identification:_identify(/home/juntj/Robitic_Project3/ros2_workspace) by extensions ['ignore', 'ignore_ament_install']
[0.504s] Level 1:colcon.colcon_core.package_identification:_identify(/home/juntj/Robitic_Project3/ros2_workspace) by extension 'ignore'
[0.504s] Level 1:colcon.colcon_core.package_identification:_identify(/home/juntj/Robitic_Project3/ros2_workspace) by extension 'ignore_ament_install'
[0.504s] Level 1:colcon.colcon_core.package_identification:_identify(/home/juntj/Robitic_Project3/ros2_workspace) by extensions ['colcon_pkg']
[0.504s] Level 1:colcon.colcon_core.package_identification:_identify(/home/juntj/Robitic_Project3/ros2_workspace) by extension 'colcon_pkg'
[0.504s] Level 1:colcon.colcon_core.package_identification:_identify(/home/juntj/Robitic_Project3/ros2_workspace) by extensions ['colcon_meta']
[0.504s] Level 1:colcon.colcon_core.package_identification:_identify(/home/juntj/Robitic_Project3/ros2_workspace) by extension 'colcon_meta'
[0.504s] Level 1:colcon.colcon_core.package_identification:_identify(/home/juntj/Robitic_Project3/ros2_workspace) by extensions ['ros']
[0.504s] Level 1:colcon.colcon_core.package_identification:_identify(/home/juntj/Robitic_Project3/ros2_workspace) by extension 'ros'
[0.522s] DEBUG:colcon.colcon_core.package_identification:Failed to parse potential ROS package manifest in'/home/juntj/Robitic_Project3/ros2_workspace': Error(s) in package '/home/juntj/Robitic_Project3/ros2_workspace/package.xml':
The manifest contains invalid XML:
no element found: line 2, column 0
[0.522s] Level 1:colcon.colcon_core.package_identification:_identify(/home/juntj/Robitic_Project3/ros2_workspace) by extensions ['cmake', 'python']
[0.522s] Level 1:colcon.colcon_core.package_identification:_identify(/home/juntj/Robitic_Project3/ros2_workspace) by extension 'cmake'
[0.522s] Level 1:colcon.colcon_core.package_identification:_identify(/home/juntj/Robitic_Project3/ros2_workspace) by extension 'python'
[0.522s] Level 1:colcon.colcon_core.package_identification:_identify(/home/juntj/Robitic_Project3/ros2_workspace) by extensions ['python_setup_py']
[0.522s] Level 1:colcon.colcon_core.package_identification:_identify(/home/juntj/Robitic_Project3/ros2_workspace) by extension 'python_setup_py'
[0.523s] Level 1:colcon.colcon_core.package_identification:_identify(/home/juntj/Robitic_Project3/ros2_workspace/build) by extensions ['ignore', 'ignore_ament_install']
[0.523s] Level 1:colcon.colcon_core.package_identification:_identify(/home/juntj/Robitic_Project3/ros2_workspace/build) by extension 'ignore'
[0.523s] Level 1:colcon.colcon_core.package_identification:_identify(/home/juntj/Robitic_Project3/ros2_workspace/build) ignored
[0.523s] Level 1:colcon.colcon_core.package_identification:_identify(/home/juntj/Robitic_Project3/ros2_workspace/install) by extensions ['ignore', 'ignore_ament_install']
[0.523s] Level 1:colcon.colcon_core.package_identification:_identify(/home/juntj/Robitic_Project3/ros2_workspace/install) by extension 'ignore'
[0.523s] Level 1:colcon.colcon_core.package_identification:_identify(/home/juntj/Robitic_Project3/ros2_workspace/install) ignored
[0.524s] Level 1:colcon.colcon_core.package_identification:_identify(/home/juntj/Robitic_Project3/ros2_workspace/log) by extensions ['ignore', 'ignore_ament_install']
[0.524s] Level 1:colcon.colcon_core.package_identification:_identify(/home/juntj/Robitic_Project3/ros2_workspace/log) by extension 'ignore'
[0.524s] Level 1:colcon.colcon_core.package_identification:_identify(/home/juntj/Robitic_Project3/ros2_workspace/log) ignored
[0.524s] Level 1:colcon.colcon_core.package_identification:_identify(/home/juntj/Robitic_Project3/ros2_workspace/src) by extensions ['ignore', 'ignore_ament_install']
[0.524s] Level 1:colcon.colcon_core.package_identification:_identify(/home/juntj/Robitic_Project3/ros2_workspace/src) by extension 'ignore'
[0.524s] Level 1:colcon.colcon_core.package_identification:_identify(/home/juntj/Robitic_Project3/ros2_workspace/src) by extension 'ignore_ament_install'
[0.524s] Level 1:colcon.colcon_core.package_identification:_identify(/home/juntj/Robitic_Project3/ros2_workspace/src) by extensions ['colcon_pkg']
[0.524s] Level 1:colcon.colcon_core.package_identification:_identify(/home/juntj/Robitic_Project3/ros2_workspace/src) by extension 'colcon_pkg'
[0.524s] Level 1:colcon.colcon_core.package_identification:_identify(/home/juntj/Robitic_Project3/ros2_workspace/src) by extensions ['colcon_meta']
[0.524s] Level 1:colcon.colcon_core.package_identification:_identify(/home/juntj/Robitic_Project3/ros2_workspace/src) by extension 'colcon_meta'
[0.524s] Level 1:colcon.colcon_core.package_identification:_identify(/home/juntj/Robitic_Project3/ros2_workspace/src) by extensions ['ros']
[0.524s] Level 1:colcon.colcon_core.package_identification:_identify(/home/juntj/Robitic_Project3/ros2_workspace/src) by extension 'ros'
[0.524s] Level 1:colcon.colcon_core.package_identification:_identify(/home/juntj/Robitic_Project3/ros2_workspace/src) by extensions ['cmake', 'python']
[0.524s] Level 1:colcon.colcon_core.package_identification:_identify(/home/juntj/Robitic_Project3/ros2_workspace/src) by extension 'cmake'
[0.524s] Level 1:colcon.colcon_core.package_identification:_identify(/home/juntj/Robitic_Project3/ros2_workspace/src) by extension 'python'
[0.524s] Level 1:colcon.colcon_core.package_identification:_identify(/home/juntj/Robitic_Project3/ros2_workspace/src) by extensions ['python_setup_py']
[0.524s] Level 1:colcon.colcon_core.package_identification:_identify(/home/juntj/Robitic_Project3/ros2_workspace/src) by extension 'python_setup_py'
[0.524s] Level 1:colcon.colcon_core.package_identification:_identify(/home/juntj/Robitic_Project3/ros2_workspace/src/Classification) by extensions ['ignore', 'ignore_ament_install']
[0.525s] Level 1:colcon.colcon_core.package_identification:_identify(/home/juntj/Robitic_Project3/ros2_workspace/src/Classification) by extension 'ignore'
[0.525s] Level 1:colcon.colcon_core.package_identification:_identify(/home/juntj/Robitic_Project3/ros2_workspace/src/Classification) by extension 'ignore_ament_install'
[0.525s] Level 1:colcon.colcon_core.package_identification:_identify(/home/juntj/Robitic_Project3/ros2_workspace/src/Classification) by extensions ['colcon_pkg']
[0.525s] Level 1:colcon.colcon_core.package_identification:_identify(/home/juntj/Robitic_Project3/ros2_workspace/src/Classification) by extension 'colcon_pkg'
[0.525s] Level 1:colcon.colcon_core.package_identification:_identify(/home/juntj/Robitic_Project3/ros2_workspace/src/Classification) by extensions ['colcon_meta']
[0.525s] Level 1:colcon.colcon_core.package_identification:_identify(/home/juntj/Robitic_Project3/ros2_workspace/src/Classification) by extension 'colcon_meta'
[0.525s] Level 1:colcon.colcon_core.package_identification:_identify(/home/juntj/Robitic_Project3/ros2_workspace/src/Classification) by extensions ['ros']
[0.525s] Level 1:colcon.colcon_core.package_identification:_identify(/home/juntj/Robitic_Project3/ros2_workspace/src/Classification) by extension 'ros'
[0.527s] DEBUG:colcon.colcon_core.package_identification:Package '/home/juntj/Robitic_Project3/ros2_workspace/src/Classification' with type 'ros.ament_python' and name 'Classification'
[0.527s] Level 1:colcon.colcon_core.package_identification:_identify(/home/juntj/Robitic_Project3/ros2_workspace/src/Object_detection) by extensions ['ignore', 'ignore_ament_install']
[0.528s] Level 1:colcon.colcon_core.package_identification:_identify(/home/juntj/Robitic_Project3/ros2_workspace/src/Object_detection) by extension 'ignore'
[0.528s] Level 1:colcon.colcon_core.package_identification:_identify(/home/juntj/Robitic_Project3/ros2_workspace/src/Object_detection) by extension 'ignore_ament_install'
[0.528s] Level 1:colcon.colcon_core.package_identification:_identify(/home/juntj/Robitic_Project3/ros2_workspace/src/Object_detection) by extensions ['colcon_pkg']
[0.528s] Level 1:colcon.colcon_core.package_identification:_identify(/home/juntj/Robitic_Project3/ros2_workspace/src/Object_detection) by extension 'colcon_pkg'
[0.528s] Level 1:colcon.colcon_core.package_identification:_identify(/home/juntj/Robitic_Project3/ros2_workspace/src/Object_detection) by extensions ['colcon_meta']
[0.528s] Level 1:colcon.colcon_core.package_identification:_identify(/home/juntj/Robitic_Project3/ros2_workspace/src/Object_detection) by extension 'colcon_meta'
[0.528s] Level 1:colcon.colcon_core.package_identification:_identify(/home/juntj/Robitic_Project3/ros2_workspace/src/Object_detection) by extensions ['ros']
[0.528s] Level 1:colcon.colcon_core.package_identification:_identify(/home/juntj/Robitic_Project3/ros2_workspace/src/Object_detection) by extension 'ros'
[0.529s] DEBUG:colcon.colcon_core.package_identification:Package '/home/juntj/Robitic_Project3/ros2_workspace/src/Object_detection' with type 'ros.ament_python' and name 'Object_detection'
[0.529s] Level 1:colcon.colcon_core.package_identification:_identify(/home/juntj/Robitic_Project3/ros2_workspace/src/Position_Controller) by extensions ['ignore', 'ignore_ament_install']
[0.529s] Level 1:colcon.colcon_core.package_identification:_identify(/home/juntj/Robitic_Project3/ros2_workspace/src/Position_Controller) by extension 'ignore'
[0.529s] Level 1:colcon.colcon_core.package_identification:_identify(/home/juntj/Robitic_Project3/ros2_workspace/src/Position_Controller) by extension 'ignore_ament_install'
[0.529s] Level 1:colcon.colcon_core.package_identification:_identify(/home/juntj/Robitic_Project3/ros2_workspace/src/Position_Controller) by extensions ['colcon_pkg']
[0.529s] Level 1:colcon.colcon_core.package_identification:_identify(/home/juntj/Robitic_Project3/ros2_workspace/src/Position_Controller) by extension 'colcon_pkg'
[0.529s] Level 1:colcon.colcon_core.package_identification:_identify(/home/juntj/Robitic_Project3/ros2_workspace/src/Position_Controller) by extensions ['colcon_meta']
[0.529s] Level 1:colcon.colcon_core.package_identification:_identify(/home/juntj/Robitic_Project3/ros2_workspace/src/Position_Controller) by extension 'colcon_meta'
[0.529s] Level 1:colcon.colcon_core.package_identification:_identify(/home/juntj/Robitic_Project3/ros2_workspace/src/Position_Controller) by extensions ['ros']
[0.529s] Level 1:colcon.colcon_core.package_identification:_identify(/home/juntj/Robitic_Project3/ros2_workspace/src/Position_Controller) by extension 'ros'
[0.530s] DEBUG:colcon.colcon_core.package_identification:Package '/home/juntj/Robitic_Project3/ros2_workspace/src/Position_Controller' with type 'ros.ament_python' and name 'Position_Controller'
[0.530s] Level 1:colcon.colcon_core.package_identification:_identify(/home/juntj/Robitic_Project3/ros2_workspace/src/Scale_detection) by extensions ['ignore', 'ignore_ament_install']
[0.530s] Level 1:colcon.colcon_core.package_identification:_identify(/home/juntj/Robitic_Project3/ros2_workspace/src/Scale_detection) by extension 'ignore'
[0.530s] Level 1:colcon.colcon_core.package_identification:_identify(/home/juntj/Robitic_Project3/ros2_workspace/src/Scale_detection) by extension 'ignore_ament_install'
[0.530s] Level 1:colcon.colcon_core.package_identification:_identify(/home/juntj/Robitic_Project3/ros2_workspace/src/Scale_detection) by extensions ['colcon_pkg']
[0.531s] Level 1:colcon.colcon_core.package_identification:_identify(/home/juntj/Robitic_Project3/ros2_workspace/src/Scale_detection) by extension 'colcon_pkg'
[0.531s] Level 1:colcon.colcon_core.package_identification:_identify(/home/juntj/Robitic_Project3/ros2_workspace/src/Scale_detection) by extensions ['colcon_meta']
[0.531s] Level 1:colcon.colcon_core.package_identification:_identify(/home/juntj/Robitic_Project3/ros2_workspace/src/Scale_detection) by extension 'colcon_meta'
[0.531s] Level 1:colcon.colcon_core.package_identification:_identify(/home/juntj/Robitic_Project3/ros2_workspace/src/Scale_detection) by extensions ['ros']
[0.531s] Level 1:colcon.colcon_core.package_identification:_identify(/home/juntj/Robitic_Project3/ros2_workspace/src/Scale_detection) by extension 'ros'
[0.531s] DEBUG:colcon.colcon_core.package_identification:Package '/home/juntj/Robitic_Project3/ros2_workspace/src/Scale_detection' with type 'ros.ament_python' and name 'Scale_detection'
[0.531s] Level 1:colcon.colcon_core.package_identification:_identify(/home/juntj/Robitic_Project3/ros2_workspace/src/Tracker) by extensions ['ignore', 'ignore_ament_install']
[0.532s] Level 1:colcon.colcon_core.package_identification:_identify(/home/juntj/Robitic_Project3/ros2_workspace/src/Tracker) by extension 'ignore'
[0.532s] Level 1:colcon.colcon_core.package_identification:_identify(/home/juntj/Robitic_Project3/ros2_workspace/src/Tracker) by extension 'ignore_ament_install'
[0.532s] Level 1:colcon.colcon_core.package_identification:_identify(/home/juntj/Robitic_Project3/ros2_workspace/src/Tracker) by extensions ['colcon_pkg']
[0.532s] Level 1:colcon.colcon_core.package_identification:_identify(/home/juntj/Robitic_Project3/ros2_workspace/src/Tracker) by extension 'colcon_pkg'
[0.532s] Level 1:colcon.colcon_core.package_identification:_identify(/home/juntj/Robitic_Project3/ros2_workspace/src/Tracker) by extensions ['colcon_meta']
[0.532s] Level 1:colcon.colcon_core.package_identification:_identify(/home/juntj/Robitic_Project3/ros2_workspace/src/Tracker) by extension 'colcon_meta'
[0.532s] Level 1:colcon.colcon_core.package_identification:_identify(/home/juntj/Robitic_Project3/ros2_workspace/src/Tracker) by extensions ['ros']
[0.532s] Level 1:colcon.colcon_core.package_identification:_identify(/home/juntj/Robitic_Project3/ros2_workspace/src/Tracker) by extension 'ros'
[0.533s] DEBUG:colcon.colcon_core.package_identification:Package '/home/juntj/Robitic_Project3/ros2_workspace/src/Tracker' with type 'ros.ament_python' and name 'Tracker'
[0.533s] Level 1:colcon.colcon_core.package_identification:_identify(/home/juntj/Robitic_Project3/ros2_workspace/src/classification) by extensions ['ignore', 'ignore_ament_install']
[0.534s] Level 1:colcon.colcon_core.package_identification:_identify(/home/juntj/Robitic_Project3/ros2_workspace/src/classification) by extension 'ignore'
[0.534s] Level 1:colcon.colcon_core.package_identification:_identify(/home/juntj/Robitic_Project3/ros2_workspace/src/classification) by extension 'ignore_ament_install'
[0.534s] Level 1:colcon.colcon_core.package_identification:_identify(/home/juntj/Robitic_Project3/ros2_workspace/src/classification) by extensions ['colcon_pkg']
[0.534s] Level 1:colcon.colcon_core.package_identification:_identify(/home/juntj/Robitic_Project3/ros2_workspace/src/classification) by extension 'colcon_pkg'
[0.534s] Level 1:colcon.colcon_core.package_identification:_identify(/home/juntj/Robitic_Project3/ros2_workspace/src/classification) by extensions ['colcon_meta']
[0.534s] Level 1:colcon.colcon_core.package_identification:_identify(/home/juntj/Robitic_Project3/ros2_workspace/src/classification) by extension 'colcon_meta'
[0.534s] Level 1:colcon.colcon_core.package_identification:_identify(/home/juntj/Robitic_Project3/ros2_workspace/src/classification) by extensions ['ros']
[0.534s] Level 1:colcon.colcon_core.package_identification:_identify(/home/juntj/Robitic_Project3/ros2_workspace/src/classification) by extension 'ros'
[0.535s] DEBUG:colcon.colcon_core.package_identification:Package '/home/juntj/Robitic_Project3/ros2_workspace/src/classification' with type 'ros.ament_python' and name 'classification'
[0.535s] Level 1:colcon.colcon_core.package_identification:_identify(/home/juntj/Robitic_Project3/ros2_workspace/src/ro45_portalrobot_interfaces) by extensions ['ignore', 'ignore_ament_install']
[0.535s] Level 1:colcon.colcon_core.package_identification:_identify(/home/juntj/Robitic_Project3/ros2_workspace/src/ro45_portalrobot_interfaces) by extension 'ignore'
[0.535s] Level 1:colcon.colcon_core.package_identification:_identify(/home/juntj/Robitic_Project3/ros2_workspace/src/ro45_portalrobot_interfaces) by extension 'ignore_ament_install'
[0.535s] Level 1:colcon.colcon_core.package_identification:_identify(/home/juntj/Robitic_Project3/ros2_workspace/src/ro45_portalrobot_interfaces) by extensions ['colcon_pkg']
[0.535s] Level 1:colcon.colcon_core.package_identification:_identify(/home/juntj/Robitic_Project3/ros2_workspace/src/ro45_portalrobot_interfaces) by extension 'colcon_pkg'
[0.535s] Level 1:colcon.colcon_core.package_identification:_identify(/home/juntj/Robitic_Project3/ros2_workspace/src/ro45_portalrobot_interfaces) by extensions ['colcon_meta']
[0.535s] Level 1:colcon.colcon_core.package_identification:_identify(/home/juntj/Robitic_Project3/ros2_workspace/src/ro45_portalrobot_interfaces) by extension 'colcon_meta'
[0.535s] Level 1:colcon.colcon_core.package_identification:_identify(/home/juntj/Robitic_Project3/ros2_workspace/src/ro45_portalrobot_interfaces) by extensions ['ros']
[0.535s] Level 1:colcon.colcon_core.package_identification:_identify(/home/juntj/Robitic_Project3/ros2_workspace/src/ro45_portalrobot_interfaces) by extension 'ros'
[0.536s] DEBUG:colcon.colcon_core.package_identification:Package '/home/juntj/Robitic_Project3/ros2_workspace/src/ro45_portalrobot_interfaces' with type 'ros.ament_cmake' and name 'ro45_portalrobot_interfaces'
[0.536s] Level 1:colcon.colcon_core.package_discovery:discover_packages(recursive) using defaults
