[1.260s] DEBUG:colcon:Command line arguments: ['/usr/bin/colcon', 'build', '--packages-select', 'Objekt_erkennen']
[1.260s] DEBUG:colcon:Parsed command line arguments: Namespace(log_base=None, log_level=None, verb_name='build', build_base='build', install_base='install', merge_install=False, symlink_install=False, test_result_base=None, continue_on_error=False, executor='parallel', parallel_workers=8, event_handlers=None, ignore_user_meta=False, metas=['./colcon.meta'], base_paths=['.'], packages_ignore=None, packages_ignore_regex=None, paths=None, packages_up_to=None, packages_up_to_regex=None, packages_above=None, packages_above_and_dependencies=None, packages_above_depth=None, packages_select_by_dep=None, packages_skip_by_dep=None, packages_skip_up_to=None, packages_select_build_failed=False, packages_skip_build_finished=False, packages_select_test_failures=False, packages_skip_test_passed=False, packages_select=['Objekt_erkennen'], packages_skip=None, packages_select_regex=None, packages_skip_regex=None, packages_start=None, packages_end=None, allow_overriding=[], cmake_args=None, cmake_target=None, cmake_target_skip_unavailable=False, cmake_clean_cache=False, cmake_clean_first=False, cmake_force_configure=False, ament_cmake_args=None, catkin_cmake_args=None, catkin_skip_building_tests=False, verb_parser=<colcon_defaults.argument_parser.defaults.DefaultArgumentsDecorator object at 0x7f3d69a62c80>, verb_extension=<colcon_core.verb.build.BuildVerb object at 0x7f3d69a62710>, main=<bound method BuildVerb.main of <colcon_core.verb.build.BuildVerb object at 0x7f3d69a62710>>)
[1.326s] Level 1:colcon.colcon_core.package_discovery:discover_packages(colcon_meta) check parameters
[1.326s] Level 1:colcon.colcon_core.package_discovery:discover_packages(recursive) check parameters
[1.326s] Level 1:colcon.colcon_core.package_discovery:discover_packages(ignore) check parameters
[1.326s] Level 1:colcon.colcon_core.package_discovery:discover_packages(path) check parameters
[1.326s] Level 1:colcon.colcon_core.package_discovery:discover_packages(colcon_meta) discover
[1.326s] Level 1:colcon.colcon_core.package_discovery:discover_packages(recursive) discover
[1.326s] INFO:colcon.colcon_core.package_discovery:Crawling recursively for packages in '/home/fab/ros2_ws/src'
[1.326s] Level 1:colcon.colcon_core.package_identification:_identify(.) by extensions ['ignore', 'ignore_ament_install']
[1.327s] Level 1:colcon.colcon_core.package_identification:_identify(.) by extension 'ignore'
[1.327s] Level 1:colcon.colcon_core.package_identification:_identify(.) by extension 'ignore_ament_install'
[1.327s] Level 1:colcon.colcon_core.package_identification:_identify(.) by extensions ['colcon_pkg']
[1.327s] Level 1:colcon.colcon_core.package_identification:_identify(.) by extension 'colcon_pkg'
[1.327s] Level 1:colcon.colcon_core.package_identification:_identify(.) by extensions ['colcon_meta']
[1.327s] Level 1:colcon.colcon_core.package_identification:_identify(.) by extension 'colcon_meta'
[1.327s] Level 1:colcon.colcon_core.package_identification:_identify(.) by extensions ['ros']
[1.327s] Level 1:colcon.colcon_core.package_identification:_identify(.) by extension 'ros'
[1.376s] Level 1:colcon.colcon_core.package_identification:_identify(.) by extensions ['cmake', 'python']
[1.376s] Level 1:colcon.colcon_core.package_identification:_identify(.) by extension 'cmake'
[1.376s] Level 1:colcon.colcon_core.package_identification:_identify(.) by extension 'python'
[1.376s] Level 1:colcon.colcon_core.package_identification:_identify(.) by extensions ['python_setup_py']
[1.376s] Level 1:colcon.colcon_core.package_identification:_identify(.) by extension 'python_setup_py'
[1.377s] Level 1:colcon.colcon_core.package_identification:_identify(Objekt_erkennen) by extensions ['ignore', 'ignore_ament_install']
[1.377s] Level 1:colcon.colcon_core.package_identification:_identify(Objekt_erkennen) by extension 'ignore'
[1.377s] Level 1:colcon.colcon_core.package_identification:_identify(Objekt_erkennen) by extension 'ignore_ament_install'
[1.377s] Level 1:colcon.colcon_core.package_identification:_identify(Objekt_erkennen) by extensions ['colcon_pkg']
[1.377s] Level 1:colcon.colcon_core.package_identification:_identify(Objekt_erkennen) by extension 'colcon_pkg'
[1.377s] Level 1:colcon.colcon_core.package_identification:_identify(Objekt_erkennen) by extensions ['colcon_meta']
[1.377s] Level 1:colcon.colcon_core.package_identification:_identify(Objekt_erkennen) by extension 'colcon_meta'
[1.377s] Level 1:colcon.colcon_core.package_identification:_identify(Objekt_erkennen) by extensions ['ros']
[1.377s] Level 1:colcon.colcon_core.package_identification:_identify(Objekt_erkennen) by extension 'ros'
[1.384s] DEBUG:colcon.colcon_core.package_identification:Package 'Objekt_erkennen' with type 'ros.ament_python' and name 'Objekt_erkennen'
[1.385s] Level 1:colcon.colcon_core.package_identification:_identify(build) by extensions ['ignore', 'ignore_ament_install']
[1.385s] Level 1:colcon.colcon_core.package_identification:_identify(build) by extension 'ignore'
[1.385s] Level 1:colcon.colcon_core.package_identification:_identify(build) ignored
[1.385s] Level 1:colcon.colcon_core.package_identification:_identify(install) by extensions ['ignore', 'ignore_ament_install']
[1.385s] Level 1:colcon.colcon_core.package_identification:_identify(install) by extension 'ignore'
[1.385s] Level 1:colcon.colcon_core.package_identification:_identify(install) ignored
[1.385s] Level 1:colcon.colcon_core.package_identification:_identify(log) by extensions ['ignore', 'ignore_ament_install']
[1.385s] Level 1:colcon.colcon_core.package_identification:_identify(log) by extension 'ignore'
[1.385s] Level 1:colcon.colcon_core.package_identification:_identify(log) ignored
[1.385s] Level 1:colcon.colcon_core.package_identification:_identify(my_package) by extensions ['ignore', 'ignore_ament_install']
[1.385s] Level 1:colcon.colcon_core.package_identification:_identify(my_package) by extension 'ignore'
[1.385s] Level 1:colcon.colcon_core.package_identification:_identify(my_package) by extension 'ignore_ament_install'
[1.386s] Level 1:colcon.colcon_core.package_identification:_identify(my_package) by extensions ['colcon_pkg']
[1.386s] Level 1:colcon.colcon_core.package_identification:_identify(my_package) by extension 'colcon_pkg'
[1.386s] Level 1:colcon.colcon_core.package_identification:_identify(my_package) by extensions ['colcon_meta']
[1.386s] Level 1:colcon.colcon_core.package_identification:_identify(my_package) by extension 'colcon_meta'
[1.386s] Level 1:colcon.colcon_core.package_identification:_identify(my_package) by extensions ['ros']
[1.386s] Level 1:colcon.colcon_core.package_identification:_identify(my_package) by extension 'ros'
[1.389s] DEBUG:colcon.colcon_core.package_identification:Package 'my_package' with type 'ros.ament_python' and name 'my_package'
[1.389s] Level 1:colcon.colcon_core.package_identification:_identify(py_srvcli) by extensions ['ignore', 'ignore_ament_install']
[1.389s] Level 1:colcon.colcon_core.package_identification:_identify(py_srvcli) by extension 'ignore'
[1.389s] Level 1:colcon.colcon_core.package_identification:_identify(py_srvcli) by extension 'ignore_ament_install'
[1.389s] Level 1:colcon.colcon_core.package_identification:_identify(py_srvcli) by extensions ['colcon_pkg']
[1.389s] Level 1:colcon.colcon_core.package_identification:_identify(py_srvcli) by extension 'colcon_pkg'
[1.389s] Level 1:colcon.colcon_core.package_identification:_identify(py_srvcli) by extensions ['colcon_meta']
[1.389s] Level 1:colcon.colcon_core.package_identification:_identify(py_srvcli) by extension 'colcon_meta'
[1.389s] Level 1:colcon.colcon_core.package_identification:_identify(py_srvcli) by extensions ['ros']
[1.389s] Level 1:colcon.colcon_core.package_identification:_identify(py_srvcli) by extension 'ros'
[1.391s] DEBUG:colcon.colcon_core.package_identification:Package 'py_srvcli' with type 'ros.ament_python' and name 'py_srvcli'
[1.391s] Level 1:colcon.colcon_core.package_discovery:discover_packages(recursive) using defaults
[1.391s] Level 1:colcon.colcon_core.package_discovery:discover_packages(ignore) discover
[1.391s] Level 1:colcon.colcon_core.package_discovery:discover_packages(ignore) using defaults
[1.391s] Level 1:colcon.colcon_core.package_discovery:discover_packages(path) discover
[1.391s] Level 1:colcon.colcon_core.package_discovery:discover_packages(path) using defaults
[1.466s] INFO:colcon.colcon_core.package_selection:Skipping not selected package 'my_package' in 'my_package'
[1.466s] INFO:colcon.colcon_core.package_selection:Skipping not selected package 'py_srvcli' in 'py_srvcli'
[1.467s] Level 1:colcon.colcon_core.package_discovery:discover_packages(prefix_path) check parameters
[1.467s] Level 1:colcon.colcon_core.package_discovery:discover_packages(prefix_path) discover
[1.471s] DEBUG:colcon.colcon_installed_package_information.package_discovery:Found 1 installed packages in /home/fab/ros2_ws/src/install
[1.473s] DEBUG:colcon.colcon_installed_package_information.package_discovery:Found 270 installed packages in /opt/ros/humble
[1.477s] Level 1:colcon.colcon_core.package_discovery:discover_packages(prefix_path) using defaults
[1.583s] Level 5:colcon.colcon_core.verb:set package 'Objekt_erkennen' build argument 'cmake_args' from command line to 'None'
[1.583s] Level 5:colcon.colcon_core.verb:set package 'Objekt_erkennen' build argument 'cmake_target' from command line to 'None'
[1.583s] Level 5:colcon.colcon_core.verb:set package 'Objekt_erkennen' build argument 'cmake_target_skip_unavailable' from command line to 'False'
[1.583s] Level 5:colcon.colcon_core.verb:set package 'Objekt_erkennen' build argument 'cmake_clean_cache' from command line to 'False'
[1.583s] Level 5:colcon.colcon_core.verb:set package 'Objekt_erkennen' build argument 'cmake_clean_first' from command line to 'False'
[1.583s] Level 5:colcon.colcon_core.verb:set package 'Objekt_erkennen' build argument 'cmake_force_configure' from command line to 'False'
[1.583s] Level 5:colcon.colcon_core.verb:set package 'Objekt_erkennen' build argument 'ament_cmake_args' from command line to 'None'
[1.583s] Level 5:colcon.colcon_core.verb:set package 'Objekt_erkennen' build argument 'catkin_cmake_args' from command line to 'None'
[1.583s] Level 5:colcon.colcon_core.verb:set package 'Objekt_erkennen' build argument 'catkin_skip_building_tests' from command line to 'False'
[1.583s] DEBUG:colcon.colcon_core.verb:Building package 'Objekt_erkennen' with the following arguments: {'ament_cmake_args': None, 'build_base': '/home/fab/ros2_ws/src/build/Objekt_erkennen', 'catkin_cmake_args': None, 'catkin_skip_building_tests': False, 'cmake_args': None, 'cmake_clean_cache': False, 'cmake_clean_first': False, 'cmake_force_configure': False, 'cmake_target': None, 'cmake_target_skip_unavailable': False, 'install_base': '/home/fab/ros2_ws/src/install/Objekt_erkennen', 'merge_install': False, 'path': '/home/fab/ros2_ws/src/Objekt_erkennen', 'symlink_install': False, 'test_result_base': None}
[1.584s] INFO:colcon.colcon_core.executor:Executing jobs using 'parallel' executor
[1.591s] DEBUG:colcon.colcon_parallel_executor.executor.parallel:run_until_complete
[1.592s] INFO:colcon.colcon_ros.task.ament_python.build:Building ROS package in '/home/fab/ros2_ws/src/Objekt_erkennen' with build type 'ament_python'
[1.592s] Level 1:colcon.colcon_core.shell:create_environment_hook('Objekt_erkennen', 'ament_prefix_path')
[1.601s] INFO:colcon.colcon_core.plugin_system:Skipping extension 'colcon_core.shell.bat': Not used on non-Windows systems
[1.601s] INFO:colcon.colcon_core.shell:Creating environment hook '/home/fab/ros2_ws/src/install/Objekt_erkennen/share/Objekt_erkennen/hook/ament_prefix_path.ps1'
[1.603s] INFO:colcon.colcon_core.shell:Creating environment descriptor '/home/fab/ros2_ws/src/install/Objekt_erkennen/share/Objekt_erkennen/hook/ament_prefix_path.dsv'
[1.603s] INFO:colcon.colcon_core.shell:Creating environment hook '/home/fab/ros2_ws/src/install/Objekt_erkennen/share/Objekt_erkennen/hook/ament_prefix_path.sh'
[1.606s] INFO:colcon.colcon_core.shell:Skip shell extension 'powershell' for command environment: Not usable outside of PowerShell
[1.606s] DEBUG:colcon.colcon_core.shell:Skip shell extension 'dsv' for command environment
[2.074s] INFO:colcon.colcon_core.task.python.build:Building Python package in '/home/fab/ros2_ws/src/Objekt_erkennen'
[2.075s] INFO:colcon.colcon_core.shell:Skip shell extension 'powershell' for command environment: Not usable outside of PowerShell
[2.075s] DEBUG:colcon.colcon_core.shell:Skip shell extension 'dsv' for command environment
[2.867s] DEBUG:colcon.colcon_core.event_handler.log_command:Invoking command in '/home/fab/ros2_ws/src/Objekt_erkennen': PYTHONPATH=/home/fab/ros2_ws/src/build/Objekt_erkennen/prefix_override:/home/fab/ros2_ws/src/install/Objekt_erkennen/lib/python3.10/site-packages:${PYTHONPATH} /usr/bin/python3 setup.py egg_info --egg-base ../build/Objekt_erkennen build --build-base /home/fab/ros2_ws/src/build/Objekt_erkennen/build install --record /home/fab/ros2_ws/src/build/Objekt_erkennen/install.log --single-version-externally-managed
[3.241s] DEBUG:colcon.colcon_core.event_handler.log_command:Invoked command in '/home/fab/ros2_ws/src/Objekt_erkennen' returned '0': PYTHONPATH=/home/fab/ros2_ws/src/build/Objekt_erkennen/prefix_override:/home/fab/ros2_ws/src/install/Objekt_erkennen/lib/python3.10/site-packages:${PYTHONPATH} /usr/bin/python3 setup.py egg_info --egg-base ../build/Objekt_erkennen build --build-base /home/fab/ros2_ws/src/build/Objekt_erkennen/build install --record /home/fab/ros2_ws/src/build/Objekt_erkennen/install.log --single-version-externally-managed
[3.248s] Level 1:colcon.colcon_core.environment:checking '/home/fab/ros2_ws/src/install/Objekt_erkennen' for CMake module files
[3.248s] Level 1:colcon.colcon_core.environment:checking '/home/fab/ros2_ws/src/install/Objekt_erkennen' for CMake config files
[3.249s] Level 1:colcon.colcon_core.environment:checking '/home/fab/ros2_ws/src/install/Objekt_erkennen/lib'
[3.249s] Level 1:colcon.colcon_core.environment:checking '/home/fab/ros2_ws/src/install/Objekt_erkennen/bin'
[3.249s] Level 1:colcon.colcon_core.environment:checking '/home/fab/ros2_ws/src/install/Objekt_erkennen/lib/pkgconfig/Objekt_erkennen.pc'
[3.250s] Level 1:colcon.colcon_core.environment:checking '/home/fab/ros2_ws/src/install/Objekt_erkennen/lib/python3.10/site-packages'
[3.250s] Level 1:colcon.colcon_core.shell:create_environment_hook('Objekt_erkennen', 'pythonpath')
[3.251s] INFO:colcon.colcon_core.shell:Creating environment hook '/home/fab/ros2_ws/src/install/Objekt_erkennen/share/Objekt_erkennen/hook/pythonpath.ps1'
[3.251s] INFO:colcon.colcon_core.shell:Creating environment descriptor '/home/fab/ros2_ws/src/install/Objekt_erkennen/share/Objekt_erkennen/hook/pythonpath.dsv'
[3.252s] INFO:colcon.colcon_core.shell:Creating environment hook '/home/fab/ros2_ws/src/install/Objekt_erkennen/share/Objekt_erkennen/hook/pythonpath.sh'
[3.253s] Level 1:colcon.colcon_core.environment:checking '/home/fab/ros2_ws/src/install/Objekt_erkennen/bin'
[3.253s] Level 1:colcon.colcon_core.environment:create_environment_scripts_only(Objekt_erkennen)
[3.254s] INFO:colcon.colcon_core.shell:Creating package script '/home/fab/ros2_ws/src/install/Objekt_erkennen/share/Objekt_erkennen/package.ps1'
[3.255s] INFO:colcon.colcon_core.shell:Creating package descriptor '/home/fab/ros2_ws/src/install/Objekt_erkennen/share/Objekt_erkennen/package.dsv'
[3.256s] INFO:colcon.colcon_core.shell:Creating package script '/home/fab/ros2_ws/src/install/Objekt_erkennen/share/Objekt_erkennen/package.sh'
[3.257s] INFO:colcon.colcon_core.shell:Creating package script '/home/fab/ros2_ws/src/install/Objekt_erkennen/share/Objekt_erkennen/package.bash'
[3.258s] INFO:colcon.colcon_core.shell:Creating package script '/home/fab/ros2_ws/src/install/Objekt_erkennen/share/Objekt_erkennen/package.zsh'
[3.259s] Level 1:colcon.colcon_core.environment:create_file_with_runtime_dependencies(/home/fab/ros2_ws/src/install/Objekt_erkennen/share/colcon-core/packages/Objekt_erkennen)
[3.259s] DEBUG:colcon.colcon_parallel_executor.executor.parallel:closing loop
[3.260s] DEBUG:colcon.colcon_parallel_executor.executor.parallel:loop closed
[3.260s] DEBUG:colcon.colcon_parallel_executor.executor.parallel:run_until_complete finished with '0'
[3.260s] DEBUG:colcon.colcon_core.event_reactor:joining thread
[3.371s] INFO:colcon.colcon_core.plugin_system:Skipping extension 'colcon_notification.desktop_notification.notify_send': Could not find 'notify-send'
[3.371s] INFO:colcon.colcon_core.plugin_system:Skipping extension 'colcon_notification.desktop_notification.terminal_notifier': Not used on non-Darwin systems
[3.372s] INFO:colcon.colcon_core.plugin_system:Skipping extension 'colcon_notification.desktop_notification.win32': Not used on non-Windows systems
[3.372s] INFO:colcon.colcon_notification.desktop_notification:Sending desktop notification using 'notify2'
[3.394s] DEBUG:colcon.colcon_notification.desktop_notification.notify2:Failed to initialize notify2: org.freedesktop.DBus.Error.ServiceUnknown: The name org.freedesktop.Notifications was not provided by any .service files
[3.394s] DEBUG:colcon.colcon_core.event_reactor:joined thread
[3.397s] INFO:colcon.colcon_core.shell:Creating prefix script '/home/fab/ros2_ws/src/install/local_setup.ps1'
[3.398s] INFO:colcon.colcon_core.shell:Creating prefix util module '/home/fab/ros2_ws/src/install/_local_setup_util_ps1.py'
[3.401s] INFO:colcon.colcon_core.shell:Creating prefix chain script '/home/fab/ros2_ws/src/install/setup.ps1'
[3.403s] INFO:colcon.colcon_core.shell:Creating prefix script '/home/fab/ros2_ws/src/install/local_setup.sh'
[3.404s] INFO:colcon.colcon_core.shell:Creating prefix util module '/home/fab/ros2_ws/src/install/_local_setup_util_sh.py'
[3.405s] INFO:colcon.colcon_core.shell:Creating prefix chain script '/home/fab/ros2_ws/src/install/setup.sh'
[3.407s] INFO:colcon.colcon_core.shell:Creating prefix script '/home/fab/ros2_ws/src/install/local_setup.bash'
[3.408s] INFO:colcon.colcon_core.shell:Creating prefix chain script '/home/fab/ros2_ws/src/install/setup.bash'
[3.410s] INFO:colcon.colcon_core.shell:Creating prefix script '/home/fab/ros2_ws/src/install/local_setup.zsh'
[3.412s] INFO:colcon.colcon_core.shell:Creating prefix chain script '/home/fab/ros2_ws/src/install/setup.zsh'
