[0.304s] DEBUG:colcon:Command line arguments: ['/usr/bin/colcon', 'build']
[0.304s] DEBUG:colcon:Parsed command line arguments: Namespace(log_base=None, log_level=None, verb_name='build', build_base='build', install_base='install', merge_install=False, symlink_install=False, test_result_base=None, continue_on_error=False, executor='parallel', parallel_workers=16, event_handlers=None, ignore_user_meta=False, metas=['./colcon.meta'], base_paths=['.'], packages_ignore=None, packages_ignore_regex=None, paths=None, packages_up_to=None, packages_up_to_regex=None, packages_above=None, packages_above_and_dependencies=None, packages_above_depth=None, packages_select_by_dep=None, packages_skip_by_dep=None, packages_skip_up_to=None, packages_select_build_failed=False, packages_skip_build_finished=False, packages_select_test_failures=False, packages_skip_test_passed=False, packages_select=None, packages_skip=None, packages_select_regex=None, packages_skip_regex=None, packages_start=None, packages_end=None, allow_overriding=[], cmake_args=None, cmake_target=None, cmake_target_skip_unavailable=False, cmake_clean_cache=False, cmake_clean_first=False, cmake_force_configure=False, ament_cmake_args=None, catkin_cmake_args=None, catkin_skip_building_tests=False, verb_parser=<colcon_defaults.argument_parser.defaults.DefaultArgumentsDecorator object at 0x7ff4614ea2c0>, verb_extension=<colcon_core.verb.build.BuildVerb object at 0x7ff4614e9d50>, main=<bound method BuildVerb.main of <colcon_core.verb.build.BuildVerb object at 0x7ff4614e9d50>>)
[0.324s] Level 1:colcon.colcon_core.package_discovery:discover_packages(colcon_meta) check parameters
[0.324s] Level 1:colcon.colcon_core.package_discovery:discover_packages(recursive) check parameters
[0.324s] Level 1:colcon.colcon_core.package_discovery:discover_packages(ignore) check parameters
[0.324s] Level 1:colcon.colcon_core.package_discovery:discover_packages(path) check parameters
[0.324s] Level 1:colcon.colcon_core.package_discovery:discover_packages(colcon_meta) discover
[0.324s] Level 1:colcon.colcon_core.package_discovery:discover_packages(recursive) discover
[0.324s] INFO:colcon.colcon_core.package_discovery:Crawling recursively for packages in '/home/juntj/Robitic_Project3/ros2_workspace'
[0.324s] Level 1:colcon.colcon_core.package_identification:_identify(.) by extensions ['ignore', 'ignore_ament_install']
[0.324s] Level 1:colcon.colcon_core.package_identification:_identify(.) by extension 'ignore'
[0.324s] Level 1:colcon.colcon_core.package_identification:_identify(.) by extension 'ignore_ament_install'
[0.325s] Level 1:colcon.colcon_core.package_identification:_identify(.) by extensions ['colcon_pkg']
[0.325s] Level 1:colcon.colcon_core.package_identification:_identify(.) by extension 'colcon_pkg'
[0.325s] Level 1:colcon.colcon_core.package_identification:_identify(.) by extensions ['colcon_meta']
[0.325s] Level 1:colcon.colcon_core.package_identification:_identify(.) by extension 'colcon_meta'
[0.325s] Level 1:colcon.colcon_core.package_identification:_identify(.) by extensions ['ros']
[0.325s] Level 1:colcon.colcon_core.package_identification:_identify(.) by extension 'ros'
[0.335s] DEBUG:colcon.colcon_core.package_identification:Failed to parse potential ROS package manifest in'.': Error(s) in package './package.xml':
The manifest contains invalid XML:
no element found: line 2, column 0
[0.335s] Level 1:colcon.colcon_core.package_identification:_identify(.) by extensions ['cmake', 'python']
[0.335s] Level 1:colcon.colcon_core.package_identification:_identify(.) by extension 'cmake'
[0.335s] Level 1:colcon.colcon_core.package_identification:_identify(.) by extension 'python'
[0.335s] Level 1:colcon.colcon_core.package_identification:_identify(.) by extensions ['python_setup_py']
[0.335s] Level 1:colcon.colcon_core.package_identification:_identify(.) by extension 'python_setup_py'
[0.335s] Level 1:colcon.colcon_core.package_identification:_identify(build) by extensions ['ignore', 'ignore_ament_install']
[0.335s] Level 1:colcon.colcon_core.package_identification:_identify(build) by extension 'ignore'
[0.336s] Level 1:colcon.colcon_core.package_identification:_identify(build) ignored
[0.336s] Level 1:colcon.colcon_core.package_identification:_identify(install) by extensions ['ignore', 'ignore_ament_install']
[0.336s] Level 1:colcon.colcon_core.package_identification:_identify(install) by extension 'ignore'
[0.336s] Level 1:colcon.colcon_core.package_identification:_identify(install) ignored
[0.336s] Level 1:colcon.colcon_core.package_identification:_identify(log) by extensions ['ignore', 'ignore_ament_install']
[0.336s] Level 1:colcon.colcon_core.package_identification:_identify(log) by extension 'ignore'
[0.336s] Level 1:colcon.colcon_core.package_identification:_identify(log) ignored
[0.336s] Level 1:colcon.colcon_core.package_identification:_identify(src) by extensions ['ignore', 'ignore_ament_install']
[0.336s] Level 1:colcon.colcon_core.package_identification:_identify(src) by extension 'ignore'
[0.336s] Level 1:colcon.colcon_core.package_identification:_identify(src) by extension 'ignore_ament_install'
[0.336s] Level 1:colcon.colcon_core.package_identification:_identify(src) by extensions ['colcon_pkg']
[0.336s] Level 1:colcon.colcon_core.package_identification:_identify(src) by extension 'colcon_pkg'
[0.336s] Level 1:colcon.colcon_core.package_identification:_identify(src) by extensions ['colcon_meta']
[0.336s] Level 1:colcon.colcon_core.package_identification:_identify(src) by extension 'colcon_meta'
[0.336s] Level 1:colcon.colcon_core.package_identification:_identify(src) by extensions ['ros']
[0.336s] Level 1:colcon.colcon_core.package_identification:_identify(src) by extension 'ros'
[0.336s] Level 1:colcon.colcon_core.package_identification:_identify(src) by extensions ['cmake', 'python']
[0.336s] Level 1:colcon.colcon_core.package_identification:_identify(src) by extension 'cmake'
[0.336s] Level 1:colcon.colcon_core.package_identification:_identify(src) by extension 'python'
[0.336s] Level 1:colcon.colcon_core.package_identification:_identify(src) by extensions ['python_setup_py']
[0.336s] Level 1:colcon.colcon_core.package_identification:_identify(src) by extension 'python_setup_py'
[0.336s] Level 1:colcon.colcon_core.package_identification:_identify(src/Classification) by extensions ['ignore', 'ignore_ament_install']
[0.336s] Level 1:colcon.colcon_core.package_identification:_identify(src/Classification) by extension 'ignore'
[0.336s] Level 1:colcon.colcon_core.package_identification:_identify(src/Classification) by extension 'ignore_ament_install'
[0.336s] Level 1:colcon.colcon_core.package_identification:_identify(src/Classification) by extensions ['colcon_pkg']
[0.337s] Level 1:colcon.colcon_core.package_identification:_identify(src/Classification) by extension 'colcon_pkg'
[0.337s] Level 1:colcon.colcon_core.package_identification:_identify(src/Classification) by extensions ['colcon_meta']
[0.337s] Level 1:colcon.colcon_core.package_identification:_identify(src/Classification) by extension 'colcon_meta'
[0.337s] Level 1:colcon.colcon_core.package_identification:_identify(src/Classification) by extensions ['ros']
[0.337s] Level 1:colcon.colcon_core.package_identification:_identify(src/Classification) by extension 'ros'
[0.338s] DEBUG:colcon.colcon_core.package_identification:Package 'src/Classification' with type 'ros.ament_python' and name 'Classification'
[0.338s] Level 1:colcon.colcon_core.package_identification:_identify(src/Object_detection) by extensions ['ignore', 'ignore_ament_install']
[0.338s] Level 1:colcon.colcon_core.package_identification:_identify(src/Object_detection) by extension 'ignore'
[0.338s] Level 1:colcon.colcon_core.package_identification:_identify(src/Object_detection) by extension 'ignore_ament_install'
[0.338s] Level 1:colcon.colcon_core.package_identification:_identify(src/Object_detection) by extensions ['colcon_pkg']
[0.338s] Level 1:colcon.colcon_core.package_identification:_identify(src/Object_detection) by extension 'colcon_pkg'
[0.338s] Level 1:colcon.colcon_core.package_identification:_identify(src/Object_detection) by extensions ['colcon_meta']
[0.338s] Level 1:colcon.colcon_core.package_identification:_identify(src/Object_detection) by extension 'colcon_meta'
[0.338s] Level 1:colcon.colcon_core.package_identification:_identify(src/Object_detection) by extensions ['ros']
[0.338s] Level 1:colcon.colcon_core.package_identification:_identify(src/Object_detection) by extension 'ros'
[0.339s] DEBUG:colcon.colcon_core.package_identification:Package 'src/Object_detection' with type 'ros.ament_python' and name 'Object_detection'
[0.339s] Level 1:colcon.colcon_core.package_identification:_identify(src/Position_Controller) by extensions ['ignore', 'ignore_ament_install']
[0.339s] Level 1:colcon.colcon_core.package_identification:_identify(src/Position_Controller) by extension 'ignore'
[0.339s] Level 1:colcon.colcon_core.package_identification:_identify(src/Position_Controller) by extension 'ignore_ament_install'
[0.339s] Level 1:colcon.colcon_core.package_identification:_identify(src/Position_Controller) by extensions ['colcon_pkg']
[0.339s] Level 1:colcon.colcon_core.package_identification:_identify(src/Position_Controller) by extension 'colcon_pkg'
[0.339s] Level 1:colcon.colcon_core.package_identification:_identify(src/Position_Controller) by extensions ['colcon_meta']
[0.339s] Level 1:colcon.colcon_core.package_identification:_identify(src/Position_Controller) by extension 'colcon_meta'
[0.339s] Level 1:colcon.colcon_core.package_identification:_identify(src/Position_Controller) by extensions ['ros']
[0.339s] Level 1:colcon.colcon_core.package_identification:_identify(src/Position_Controller) by extension 'ros'
[0.339s] DEBUG:colcon.colcon_core.package_identification:Package 'src/Position_Controller' with type 'ros.ament_python' and name 'Position_Controller'
[0.339s] Level 1:colcon.colcon_core.package_identification:_identify(src/Scale_detection) by extensions ['ignore', 'ignore_ament_install']
[0.339s] Level 1:colcon.colcon_core.package_identification:_identify(src/Scale_detection) by extension 'ignore'
[0.339s] Level 1:colcon.colcon_core.package_identification:_identify(src/Scale_detection) by extension 'ignore_ament_install'
[0.339s] Level 1:colcon.colcon_core.package_identification:_identify(src/Scale_detection) by extensions ['colcon_pkg']
[0.339s] Level 1:colcon.colcon_core.package_identification:_identify(src/Scale_detection) by extension 'colcon_pkg'
[0.340s] Level 1:colcon.colcon_core.package_identification:_identify(src/Scale_detection) by extensions ['colcon_meta']
[0.340s] Level 1:colcon.colcon_core.package_identification:_identify(src/Scale_detection) by extension 'colcon_meta'
[0.340s] Level 1:colcon.colcon_core.package_identification:_identify(src/Scale_detection) by extensions ['ros']
[0.340s] Level 1:colcon.colcon_core.package_identification:_identify(src/Scale_detection) by extension 'ros'
[0.340s] DEBUG:colcon.colcon_core.package_identification:Package 'src/Scale_detection' with type 'ros.ament_python' and name 'Scale_detection'
[0.340s] Level 1:colcon.colcon_core.package_identification:_identify(src/Tracker) by extensions ['ignore', 'ignore_ament_install']
[0.340s] Level 1:colcon.colcon_core.package_identification:_identify(src/Tracker) by extension 'ignore'
[0.340s] Level 1:colcon.colcon_core.package_identification:_identify(src/Tracker) by extension 'ignore_ament_install'
[0.340s] Level 1:colcon.colcon_core.package_identification:_identify(src/Tracker) by extensions ['colcon_pkg']
[0.340s] Level 1:colcon.colcon_core.package_identification:_identify(src/Tracker) by extension 'colcon_pkg'
[0.340s] Level 1:colcon.colcon_core.package_identification:_identify(src/Tracker) by extensions ['colcon_meta']
[0.340s] Level 1:colcon.colcon_core.package_identification:_identify(src/Tracker) by extension 'colcon_meta'
[0.340s] Level 1:colcon.colcon_core.package_identification:_identify(src/Tracker) by extensions ['ros']
[0.340s] Level 1:colcon.colcon_core.package_identification:_identify(src/Tracker) by extension 'ros'
[0.341s] DEBUG:colcon.colcon_core.package_identification:Package 'src/Tracker' with type 'ros.ament_python' and name 'Tracker'
[0.341s] Level 1:colcon.colcon_core.package_identification:_identify(src/classification) by extensions ['ignore', 'ignore_ament_install']
[0.341s] Level 1:colcon.colcon_core.package_identification:_identify(src/classification) by extension 'ignore'
[0.341s] Level 1:colcon.colcon_core.package_identification:_identify(src/classification) by extension 'ignore_ament_install'
[0.341s] Level 1:colcon.colcon_core.package_identification:_identify(src/classification) by extensions ['colcon_pkg']
[0.341s] Level 1:colcon.colcon_core.package_identification:_identify(src/classification) by extension 'colcon_pkg'
[0.341s] Level 1:colcon.colcon_core.package_identification:_identify(src/classification) by extensions ['colcon_meta']
[0.341s] Level 1:colcon.colcon_core.package_identification:_identify(src/classification) by extension 'colcon_meta'
[0.341s] Level 1:colcon.colcon_core.package_identification:_identify(src/classification) by extensions ['ros']
[0.341s] Level 1:colcon.colcon_core.package_identification:_identify(src/classification) by extension 'ros'
[0.341s] DEBUG:colcon.colcon_core.package_identification:Package 'src/classification' with type 'ros.ament_python' and name 'classification'
[0.341s] Level 1:colcon.colcon_core.package_identification:_identify(src/ro45_portalrobot_interfaces) by extensions ['ignore', 'ignore_ament_install']
[0.341s] Level 1:colcon.colcon_core.package_identification:_identify(src/ro45_portalrobot_interfaces) by extension 'ignore'
[0.341s] Level 1:colcon.colcon_core.package_identification:_identify(src/ro45_portalrobot_interfaces) by extension 'ignore_ament_install'
[0.341s] Level 1:colcon.colcon_core.package_identification:_identify(src/ro45_portalrobot_interfaces) by extensions ['colcon_pkg']
[0.341s] Level 1:colcon.colcon_core.package_identification:_identify(src/ro45_portalrobot_interfaces) by extension 'colcon_pkg'
[0.341s] Level 1:colcon.colcon_core.package_identification:_identify(src/ro45_portalrobot_interfaces) by extensions ['colcon_meta']
[0.341s] Level 1:colcon.colcon_core.package_identification:_identify(src/ro45_portalrobot_interfaces) by extension 'colcon_meta'
[0.341s] Level 1:colcon.colcon_core.package_identification:_identify(src/ro45_portalrobot_interfaces) by extensions ['ros']
[0.341s] Level 1:colcon.colcon_core.package_identification:_identify(src/ro45_portalrobot_interfaces) by extension 'ros'
[0.342s] DEBUG:colcon.colcon_core.package_identification:Package 'src/ro45_portalrobot_interfaces' with type 'ros.ament_cmake' and name 'ro45_portalrobot_interfaces'
[0.342s] Level 1:colcon.colcon_core.package_discovery:discover_packages(recursive) using defaults
[0.342s] Level 1:colcon.colcon_core.package_discovery:discover_packages(ignore) discover
[0.342s] Level 1:colcon.colcon_core.package_discovery:discover_packages(ignore) using defaults
[0.342s] Level 1:colcon.colcon_core.package_discovery:discover_packages(path) discover
[0.342s] Level 1:colcon.colcon_core.package_discovery:discover_packages(path) using defaults
[0.364s] Level 1:colcon.colcon_core.package_discovery:discover_packages(prefix_path) check parameters
[0.364s] Level 1:colcon.colcon_core.package_discovery:discover_packages(prefix_path) discover
[0.369s] DEBUG:colcon.colcon_installed_package_information.package_discovery:Found 23 installed packages in /home/juntj/ros2_ws/install
[0.370s] DEBUG:colcon.colcon_installed_package_information.package_discovery:Found 270 installed packages in /opt/ros/humble
[0.372s] Level 1:colcon.colcon_core.package_discovery:discover_packages(prefix_path) using defaults
[0.416s] Level 5:colcon.colcon_core.verb:set package 'Classification' build argument 'cmake_args' from command line to 'None'
[0.416s] Level 5:colcon.colcon_core.verb:set package 'Classification' build argument 'cmake_target' from command line to 'None'
[0.416s] Level 5:colcon.colcon_core.verb:set package 'Classification' build argument 'cmake_target_skip_unavailable' from command line to 'False'
[0.416s] Level 5:colcon.colcon_core.verb:set package 'Classification' build argument 'cmake_clean_cache' from command line to 'False'
[0.416s] Level 5:colcon.colcon_core.verb:set package 'Classification' build argument 'cmake_clean_first' from command line to 'False'
[0.416s] Level 5:colcon.colcon_core.verb:set package 'Classification' build argument 'cmake_force_configure' from command line to 'False'
[0.416s] Level 5:colcon.colcon_core.verb:set package 'Classification' build argument 'ament_cmake_args' from command line to 'None'
[0.416s] Level 5:colcon.colcon_core.verb:set package 'Classification' build argument 'catkin_cmake_args' from command line to 'None'
[0.416s] Level 5:colcon.colcon_core.verb:set package 'Classification' build argument 'catkin_skip_building_tests' from command line to 'False'
[0.416s] DEBUG:colcon.colcon_core.verb:Building package 'Classification' with the following arguments: {'ament_cmake_args': None, 'build_base': '/home/juntj/Robitic_Project3/ros2_workspace/build/Classification', 'catkin_cmake_args': None, 'catkin_skip_building_tests': False, 'cmake_args': None, 'cmake_clean_cache': False, 'cmake_clean_first': False, 'cmake_force_configure': False, 'cmake_target': None, 'cmake_target_skip_unavailable': False, 'install_base': '/home/juntj/Robitic_Project3/ros2_workspace/install/Classification', 'merge_install': False, 'path': '/home/juntj/Robitic_Project3/ros2_workspace/src/Classification', 'symlink_install': False, 'test_result_base': None}
[0.417s] Level 5:colcon.colcon_core.verb:set package 'Object_detection' build argument 'cmake_args' from command line to 'None'
[0.417s] Level 5:colcon.colcon_core.verb:set package 'Object_detection' build argument 'cmake_target' from command line to 'None'
[0.417s] Level 5:colcon.colcon_core.verb:set package 'Object_detection' build argument 'cmake_target_skip_unavailable' from command line to 'False'
[0.417s] Level 5:colcon.colcon_core.verb:set package 'Object_detection' build argument 'cmake_clean_cache' from command line to 'False'
[0.417s] Level 5:colcon.colcon_core.verb:set package 'Object_detection' build argument 'cmake_clean_first' from command line to 'False'
[0.417s] Level 5:colcon.colcon_core.verb:set package 'Object_detection' build argument 'cmake_force_configure' from command line to 'False'
[0.417s] Level 5:colcon.colcon_core.verb:set package 'Object_detection' build argument 'ament_cmake_args' from command line to 'None'
[0.417s] Level 5:colcon.colcon_core.verb:set package 'Object_detection' build argument 'catkin_cmake_args' from command line to 'None'
[0.417s] Level 5:colcon.colcon_core.verb:set package 'Object_detection' build argument 'catkin_skip_building_tests' from command line to 'False'
[0.417s] DEBUG:colcon.colcon_core.verb:Building package 'Object_detection' with the following arguments: {'ament_cmake_args': None, 'build_base': '/home/juntj/Robitic_Project3/ros2_workspace/build/Object_detection', 'catkin_cmake_args': None, 'catkin_skip_building_tests': False, 'cmake_args': None, 'cmake_clean_cache': False, 'cmake_clean_first': False, 'cmake_force_configure': False, 'cmake_target': None, 'cmake_target_skip_unavailable': False, 'install_base': '/home/juntj/Robitic_Project3/ros2_workspace/install/Object_detection', 'merge_install': False, 'path': '/home/juntj/Robitic_Project3/ros2_workspace/src/Object_detection', 'symlink_install': False, 'test_result_base': None}
[0.418s] Level 5:colcon.colcon_core.verb:set package 'Position_Controller' build argument 'cmake_args' from command line to 'None'
[0.418s] Level 5:colcon.colcon_core.verb:set package 'Position_Controller' build argument 'cmake_target' from command line to 'None'
[0.418s] Level 5:colcon.colcon_core.verb:set package 'Position_Controller' build argument 'cmake_target_skip_unavailable' from command line to 'False'
[0.418s] Level 5:colcon.colcon_core.verb:set package 'Position_Controller' build argument 'cmake_clean_cache' from command line to 'False'
[0.418s] Level 5:colcon.colcon_core.verb:set package 'Position_Controller' build argument 'cmake_clean_first' from command line to 'False'
[0.418s] Level 5:colcon.colcon_core.verb:set package 'Position_Controller' build argument 'cmake_force_configure' from command line to 'False'
[0.418s] Level 5:colcon.colcon_core.verb:set package 'Position_Controller' build argument 'ament_cmake_args' from command line to 'None'
[0.418s] Level 5:colcon.colcon_core.verb:set package 'Position_Controller' build argument 'catkin_cmake_args' from command line to 'None'
[0.418s] Level 5:colcon.colcon_core.verb:set package 'Position_Controller' build argument 'catkin_skip_building_tests' from command line to 'False'
[0.418s] DEBUG:colcon.colcon_core.verb:Building package 'Position_Controller' with the following arguments: {'ament_cmake_args': None, 'build_base': '/home/juntj/Robitic_Project3/ros2_workspace/build/Position_Controller', 'catkin_cmake_args': None, 'catkin_skip_building_tests': False, 'cmake_args': None, 'cmake_clean_cache': False, 'cmake_clean_first': False, 'cmake_force_configure': False, 'cmake_target': None, 'cmake_target_skip_unavailable': False, 'install_base': '/home/juntj/Robitic_Project3/ros2_workspace/install/Position_Controller', 'merge_install': False, 'path': '/home/juntj/Robitic_Project3/ros2_workspace/src/Position_Controller', 'symlink_install': False, 'test_result_base': None}
[0.419s] Level 5:colcon.colcon_core.verb:set package 'Scale_detection' build argument 'cmake_args' from command line to 'None'
[0.419s] Level 5:colcon.colcon_core.verb:set package 'Scale_detection' build argument 'cmake_target' from command line to 'None'
[0.419s] Level 5:colcon.colcon_core.verb:set package 'Scale_detection' build argument 'cmake_target_skip_unavailable' from command line to 'False'
[0.419s] Level 5:colcon.colcon_core.verb:set package 'Scale_detection' build argument 'cmake_clean_cache' from command line to 'False'
[0.419s] Level 5:colcon.colcon_core.verb:set package 'Scale_detection' build argument 'cmake_clean_first' from command line to 'False'
[0.419s] Level 5:colcon.colcon_core.verb:set package 'Scale_detection' build argument 'cmake_force_configure' from command line to 'False'
[0.419s] Level 5:colcon.colcon_core.verb:set package 'Scale_detection' build argument 'ament_cmake_args' from command line to 'None'
[0.419s] Level 5:colcon.colcon_core.verb:set package 'Scale_detection' build argument 'catkin_cmake_args' from command line to 'None'
[0.419s] Level 5:colcon.colcon_core.verb:set package 'Scale_detection' build argument 'catkin_skip_building_tests' from command line to 'False'
[0.419s] DEBUG:colcon.colcon_core.verb:Building package 'Scale_detection' with the following arguments: {'ament_cmake_args': None, 'build_base': '/home/juntj/Robitic_Project3/ros2_workspace/build/Scale_detection', 'catkin_cmake_args': None, 'catkin_skip_building_tests': False, 'cmake_args': None, 'cmake_clean_cache': False, 'cmake_clean_first': False, 'cmake_force_configure': False, 'cmake_target': None, 'cmake_target_skip_unavailable': False, 'install_base': '/home/juntj/Robitic_Project3/ros2_workspace/install/Scale_detection', 'merge_install': False, 'path': '/home/juntj/Robitic_Project3/ros2_workspace/src/Scale_detection', 'symlink_install': False, 'test_result_base': None}
[0.420s] Level 5:colcon.colcon_core.verb:set package 'Tracker' build argument 'cmake_args' from command line to 'None'
[0.420s] Level 5:colcon.colcon_core.verb:set package 'Tracker' build argument 'cmake_target' from command line to 'None'
[0.420s] Level 5:colcon.colcon_core.verb:set package 'Tracker' build argument 'cmake_target_skip_unavailable' from command line to 'False'
[0.420s] Level 5:colcon.colcon_core.verb:set package 'Tracker' build argument 'cmake_clean_cache' from command line to 'False'
[0.420s] Level 5:colcon.colcon_core.verb:set package 'Tracker' build argument 'cmake_clean_first' from command line to 'False'
[0.420s] Level 5:colcon.colcon_core.verb:set package 'Tracker' build argument 'cmake_force_configure' from command line to 'False'
[0.420s] Level 5:colcon.colcon_core.verb:set package 'Tracker' build argument 'ament_cmake_args' from command line to 'None'
[0.420s] Level 5:colcon.colcon_core.verb:set package 'Tracker' build argument 'catkin_cmake_args' from command line to 'None'
[0.420s] Level 5:colcon.colcon_core.verb:set package 'Tracker' build argument 'catkin_skip_building_tests' from command line to 'False'
[0.420s] DEBUG:colcon.colcon_core.verb:Building package 'Tracker' with the following arguments: {'ament_cmake_args': None, 'build_base': '/home/juntj/Robitic_Project3/ros2_workspace/build/Tracker', 'catkin_cmake_args': None, 'catkin_skip_building_tests': False, 'cmake_args': None, 'cmake_clean_cache': False, 'cmake_clean_first': False, 'cmake_force_configure': False, 'cmake_target': None, 'cmake_target_skip_unavailable': False, 'install_base': '/home/juntj/Robitic_Project3/ros2_workspace/install/Tracker', 'merge_install': False, 'path': '/home/juntj/Robitic_Project3/ros2_workspace/src/Tracker', 'symlink_install': False, 'test_result_base': None}
[0.420s] Level 5:colcon.colcon_core.verb:set package 'classification' build argument 'cmake_args' from command line to 'None'
[0.420s] Level 5:colcon.colcon_core.verb:set package 'classification' build argument 'cmake_target' from command line to 'None'
[0.420s] Level 5:colcon.colcon_core.verb:set package 'classification' build argument 'cmake_target_skip_unavailable' from command line to 'False'
[0.420s] Level 5:colcon.colcon_core.verb:set package 'classification' build argument 'cmake_clean_cache' from command line to 'False'
[0.420s] Level 5:colcon.colcon_core.verb:set package 'classification' build argument 'cmake_clean_first' from command line to 'False'
[0.420s] Level 5:colcon.colcon_core.verb:set package 'classification' build argument 'cmake_force_configure' from command line to 'False'
[0.420s] Level 5:colcon.colcon_core.verb:set package 'classification' build argument 'ament_cmake_args' from command line to 'None'
[0.421s] Level 5:colcon.colcon_core.verb:set package 'classification' build argument 'catkin_cmake_args' from command line to 'None'
[0.421s] Level 5:colcon.colcon_core.verb:set package 'classification' build argument 'catkin_skip_building_tests' from command line to 'False'
[0.421s] DEBUG:colcon.colcon_core.verb:Building package 'classification' with the following arguments: {'ament_cmake_args': None, 'build_base': '/home/juntj/Robitic_Project3/ros2_workspace/build/classification', 'catkin_cmake_args': None, 'catkin_skip_building_tests': False, 'cmake_args': None, 'cmake_clean_cache': False, 'cmake_clean_first': False, 'cmake_force_configure': False, 'cmake_target': None, 'cmake_target_skip_unavailable': False, 'install_base': '/home/juntj/Robitic_Project3/ros2_workspace/install/classification', 'merge_install': False, 'path': '/home/juntj/Robitic_Project3/ros2_workspace/src/classification', 'symlink_install': False, 'test_result_base': None}
[0.421s] Level 5:colcon.colcon_core.verb:set package 'ro45_portalrobot_interfaces' build argument 'cmake_args' from command line to 'None'
[0.421s] Level 5:colcon.colcon_core.verb:set package 'ro45_portalrobot_interfaces' build argument 'cmake_target' from command line to 'None'
[0.421s] Level 5:colcon.colcon_core.verb:set package 'ro45_portalrobot_interfaces' build argument 'cmake_target_skip_unavailable' from command line to 'False'
[0.421s] Level 5:colcon.colcon_core.verb:set package 'ro45_portalrobot_interfaces' build argument 'cmake_clean_cache' from command line to 'False'
[0.421s] Level 5:colcon.colcon_core.verb:set package 'ro45_portalrobot_interfaces' build argument 'cmake_clean_first' from command line to 'False'
[0.421s] Level 5:colcon.colcon_core.verb:set package 'ro45_portalrobot_interfaces' build argument 'cmake_force_configure' from command line to 'False'
[0.421s] Level 5:colcon.colcon_core.verb:set package 'ro45_portalrobot_interfaces' build argument 'ament_cmake_args' from command line to 'None'
[0.421s] Level 5:colcon.colcon_core.verb:set package 'ro45_portalrobot_interfaces' build argument 'catkin_cmake_args' from command line to 'None'
[0.421s] Level 5:colcon.colcon_core.verb:set package 'ro45_portalrobot_interfaces' build argument 'catkin_skip_building_tests' from command line to 'False'
[0.421s] DEBUG:colcon.colcon_core.verb:Building package 'ro45_portalrobot_interfaces' with the following arguments: {'ament_cmake_args': None, 'build_base': '/home/juntj/Robitic_Project3/ros2_workspace/build/ro45_portalrobot_interfaces', 'catkin_cmake_args': None, 'catkin_skip_building_tests': False, 'cmake_args': None, 'cmake_clean_cache': False, 'cmake_clean_first': False, 'cmake_force_configure': False, 'cmake_target': None, 'cmake_target_skip_unavailable': False, 'install_base': '/home/juntj/Robitic_Project3/ros2_workspace/install/ro45_portalrobot_interfaces', 'merge_install': False, 'path': '/home/juntj/Robitic_Project3/ros2_workspace/src/ro45_portalrobot_interfaces', 'symlink_install': False, 'test_result_base': None}
[0.422s] INFO:colcon.colcon_core.executor:Executing jobs using 'parallel' executor
[0.425s] DEBUG:colcon.colcon_parallel_executor.executor.parallel:run_until_complete
[0.425s] INFO:colcon.colcon_ros.task.ament_python.build:Building ROS package in '/home/juntj/Robitic_Project3/ros2_workspace/src/Classification' with build type 'ament_python'
[0.425s] Level 1:colcon.colcon_core.shell:create_environment_hook('Classification', 'ament_prefix_path')
[0.430s] INFO:colcon.colcon_core.plugin_system:Skipping extension 'colcon_core.shell.bat': Not used on non-Windows systems
[0.430s] INFO:colcon.colcon_core.shell:Creating environment hook '/home/juntj/Robitic_Project3/ros2_workspace/install/Classification/share/Classification/hook/ament_prefix_path.ps1'
[0.431s] INFO:colcon.colcon_core.shell:Creating environment descriptor '/home/juntj/Robitic_Project3/ros2_workspace/install/Classification/share/Classification/hook/ament_prefix_path.dsv'
[0.431s] INFO:colcon.colcon_core.shell:Creating environment hook '/home/juntj/Robitic_Project3/ros2_workspace/install/Classification/share/Classification/hook/ament_prefix_path.sh'
[0.433s] INFO:colcon.colcon_core.shell:Skip shell extension 'powershell' for command environment: Not usable outside of PowerShell
[0.433s] DEBUG:colcon.colcon_core.shell:Skip shell extension 'dsv' for command environment
[0.437s] INFO:colcon.colcon_ros.task.ament_python.build:Building ROS package in '/home/juntj/Robitic_Project3/ros2_workspace/src/Object_detection' with build type 'ament_python'
[0.438s] Level 1:colcon.colcon_core.shell:create_environment_hook('Object_detection', 'ament_prefix_path')
[0.439s] INFO:colcon.colcon_core.shell:Creating environment hook '/home/juntj/Robitic_Project3/ros2_workspace/install/Object_detection/share/Object_detection/hook/ament_prefix_path.ps1'
[0.440s] INFO:colcon.colcon_core.shell:Creating environment descriptor '/home/juntj/Robitic_Project3/ros2_workspace/install/Object_detection/share/Object_detection/hook/ament_prefix_path.dsv'
[0.440s] INFO:colcon.colcon_core.shell:Creating environment hook '/home/juntj/Robitic_Project3/ros2_workspace/install/Object_detection/share/Object_detection/hook/ament_prefix_path.sh'
[0.442s] INFO:colcon.colcon_core.shell:Skip shell extension 'powershell' for command environment: Not usable outside of PowerShell
[0.442s] DEBUG:colcon.colcon_core.shell:Skip shell extension 'dsv' for command environment
[0.447s] INFO:colcon.colcon_ros.task.ament_python.build:Building ROS package in '/home/juntj/Robitic_Project3/ros2_workspace/src/Position_Controller' with build type 'ament_python'
[0.447s] Level 1:colcon.colcon_core.shell:create_environment_hook('Position_Controller', 'ament_prefix_path')
[0.448s] INFO:colcon.colcon_core.shell:Creating environment hook '/home/juntj/Robitic_Project3/ros2_workspace/install/Position_Controller/share/Position_Controller/hook/ament_prefix_path.ps1'
[0.449s] INFO:colcon.colcon_core.shell:Creating environment descriptor '/home/juntj/Robitic_Project3/ros2_workspace/install/Position_Controller/share/Position_Controller/hook/ament_prefix_path.dsv'
[0.449s] INFO:colcon.colcon_core.shell:Creating environment hook '/home/juntj/Robitic_Project3/ros2_workspace/install/Position_Controller/share/Position_Controller/hook/ament_prefix_path.sh'
[0.451s] INFO:colcon.colcon_core.shell:Skip shell extension 'powershell' for command environment: Not usable outside of PowerShell
[0.451s] DEBUG:colcon.colcon_core.shell:Skip shell extension 'dsv' for command environment
[0.457s] INFO:colcon.colcon_ros.task.ament_python.build:Building ROS package in '/home/juntj/Robitic_Project3/ros2_workspace/src/Scale_detection' with build type 'ament_python'
[0.457s] Level 1:colcon.colcon_core.shell:create_environment_hook('Scale_detection', 'ament_prefix_path')
[0.458s] INFO:colcon.colcon_core.shell:Creating environment hook '/home/juntj/Robitic_Project3/ros2_workspace/install/Scale_detection/share/Scale_detection/hook/ament_prefix_path.ps1'
[0.459s] INFO:colcon.colcon_core.shell:Creating environment descriptor '/home/juntj/Robitic_Project3/ros2_workspace/install/Scale_detection/share/Scale_detection/hook/ament_prefix_path.dsv'
[0.459s] INFO:colcon.colcon_core.shell:Creating environment hook '/home/juntj/Robitic_Project3/ros2_workspace/install/Scale_detection/share/Scale_detection/hook/ament_prefix_path.sh'
[0.461s] INFO:colcon.colcon_core.shell:Skip shell extension 'powershell' for command environment: Not usable outside of PowerShell
[0.461s] DEBUG:colcon.colcon_core.shell:Skip shell extension 'dsv' for command environment
[0.466s] INFO:colcon.colcon_ros.task.ament_python.build:Building ROS package in '/home/juntj/Robitic_Project3/ros2_workspace/src/Tracker' with build type 'ament_python'
[0.466s] Level 1:colcon.colcon_core.shell:create_environment_hook('Tracker', 'ament_prefix_path')
[0.467s] INFO:colcon.colcon_core.shell:Creating environment hook '/home/juntj/Robitic_Project3/ros2_workspace/install/Tracker/share/Tracker/hook/ament_prefix_path.ps1'
[0.468s] INFO:colcon.colcon_core.shell:Creating environment descriptor '/home/juntj/Robitic_Project3/ros2_workspace/install/Tracker/share/Tracker/hook/ament_prefix_path.dsv'
[0.468s] INFO:colcon.colcon_core.shell:Creating environment hook '/home/juntj/Robitic_Project3/ros2_workspace/install/Tracker/share/Tracker/hook/ament_prefix_path.sh'
[0.470s] INFO:colcon.colcon_core.shell:Skip shell extension 'powershell' for command environment: Not usable outside of PowerShell
[0.470s] DEBUG:colcon.colcon_core.shell:Skip shell extension 'dsv' for command environment
[0.475s] INFO:colcon.colcon_ros.task.ament_python.build:Building ROS package in '/home/juntj/Robitic_Project3/ros2_workspace/src/classification' with build type 'ament_python'
[0.475s] Level 1:colcon.colcon_core.shell:create_environment_hook('classification', 'ament_prefix_path')
[0.476s] INFO:colcon.colcon_core.shell:Creating environment hook '/home/juntj/Robitic_Project3/ros2_workspace/install/classification/share/classification/hook/ament_prefix_path.ps1'
[0.477s] INFO:colcon.colcon_core.shell:Creating environment descriptor '/home/juntj/Robitic_Project3/ros2_workspace/install/classification/share/classification/hook/ament_prefix_path.dsv'
[0.477s] INFO:colcon.colcon_core.shell:Creating environment hook '/home/juntj/Robitic_Project3/ros2_workspace/install/classification/share/classification/hook/ament_prefix_path.sh'
[0.479s] INFO:colcon.colcon_core.shell:Skip shell extension 'powershell' for command environment: Not usable outside of PowerShell
[0.479s] DEBUG:colcon.colcon_core.shell:Skip shell extension 'dsv' for command environment
[0.483s] INFO:colcon.colcon_ros.task.ament_cmake.build:Building ROS package in '/home/juntj/Robitic_Project3/ros2_workspace/src/ro45_portalrobot_interfaces' with build type 'ament_cmake'
[0.483s] INFO:colcon.colcon_cmake.task.cmake.build:Building CMake package in '/home/juntj/Robitic_Project3/ros2_workspace/src/ro45_portalrobot_interfaces'
[0.484s] INFO:colcon.colcon_core.shell:Skip shell extension 'powershell' for command environment: Not usable outside of PowerShell
[0.485s] DEBUG:colcon.colcon_core.shell:Skip shell extension 'dsv' for command environment
[0.745s] INFO:colcon.colcon_core.task.python.build:Building Python package in '/home/juntj/Robitic_Project3/ros2_workspace/src/Classification'
[0.747s] INFO:colcon.colcon_core.shell:Skip shell extension 'powershell' for command environment: Not usable outside of PowerShell
[0.747s] DEBUG:colcon.colcon_core.shell:Skip shell extension 'dsv' for command environment
[1.048s] INFO:colcon.colcon_core.task.python.build:Building Python package in '/home/juntj/Robitic_Project3/ros2_workspace/src/Object_detection'
[1.049s] INFO:colcon.colcon_core.shell:Skip shell extension 'powershell' for command environment: Not usable outside of PowerShell
[1.049s] DEBUG:colcon.colcon_core.shell:Skip shell extension 'dsv' for command environment
[1.333s] INFO:colcon.colcon_core.task.python.build:Building Python package in '/home/juntj/Robitic_Project3/ros2_workspace/src/Position_Controller'
[1.336s] INFO:colcon.colcon_core.shell:Skip shell extension 'powershell' for command environment: Not usable outside of PowerShell
[1.336s] DEBUG:colcon.colcon_core.shell:Skip shell extension 'dsv' for command environment
[1.624s] INFO:colcon.colcon_core.task.python.build:Building Python package in '/home/juntj/Robitic_Project3/ros2_workspace/src/Scale_detection'
[1.627s] INFO:colcon.colcon_core.shell:Skip shell extension 'powershell' for command environment: Not usable outside of PowerShell
[1.627s] DEBUG:colcon.colcon_core.shell:Skip shell extension 'dsv' for command environment
[1.909s] INFO:colcon.colcon_core.task.python.build:Building Python package in '/home/juntj/Robitic_Project3/ros2_workspace/src/Tracker'
[1.911s] INFO:colcon.colcon_core.shell:Skip shell extension 'powershell' for command environment: Not usable outside of PowerShell
[1.911s] DEBUG:colcon.colcon_core.shell:Skip shell extension 'dsv' for command environment
[2.187s] INFO:colcon.colcon_core.task.python.build:Building Python package in '/home/juntj/Robitic_Project3/ros2_workspace/src/classification'
[2.190s] INFO:colcon.colcon_core.shell:Skip shell extension 'powershell' for command environment: Not usable outside of PowerShell
[2.190s] DEBUG:colcon.colcon_core.shell:Skip shell extension 'dsv' for command environment
[2.210s] DEBUG:colcon.colcon_core.event_handler.log_command:Invoking command in '/home/juntj/Robitic_Project3/ros2_workspace/build/ro45_portalrobot_interfaces': CMAKE_PREFIX_PATH=${CMAKE_PREFIX_PATH}:/home/juntj/ros2_ws/install/launch_testing_examples:/home/juntj/ros2_ws/install/examples_rclpy_pointcloud_publisher:/home/juntj/ros2_ws/install/examples_rclpy_minimal_subscriber:/home/juntj/ros2_ws/install/examples_rclpy_minimal_service:/home/juntj/ros2_ws/install/examples_rclpy_minimal_publisher:/home/juntj/ros2_ws/install/examples_rclpy_minimal_client:/home/juntj/ros2_ws/install/examples_rclpy_minimal_action_server:/home/juntj/ros2_ws/install/examples_rclpy_minimal_action_client:/home/juntj/ros2_ws/install/examples_rclpy_guard_conditions:/home/juntj/ros2_ws/install/examples_rclpy_executors:/opt/ros/humble /usr/bin/cmake --build /home/juntj/Robitic_Project3/ros2_workspace/build/ro45_portalrobot_interfaces -- -j16 -l16
[2.708s] DEBUG:colcon.colcon_core.event_handler.log_command:Invoking command in '/home/juntj/Robitic_Project3/ros2_workspace/build/Position_Controller': PYTHONPATH=/home/juntj/Robitic_Project3/ros2_workspace/build/Position_Controller/prefix_override:/home/juntj/Robitic_Project3/ros2_workspace/install/Position_Controller/lib/python3.10/site-packages:${PYTHONPATH} /usr/bin/python3 setup.py develop --uninstall --editable --build-directory /home/juntj/Robitic_Project3/ros2_workspace/build/Position_Controller/build
[2.709s] DEBUG:colcon.colcon_core.event_handler.log_command:Invoked command in '/home/juntj/Robitic_Project3/ros2_workspace/build/ro45_portalrobot_interfaces' returned '0': CMAKE_PREFIX_PATH=${CMAKE_PREFIX_PATH}:/home/juntj/ros2_ws/install/launch_testing_examples:/home/juntj/ros2_ws/install/examples_rclpy_pointcloud_publisher:/home/juntj/ros2_ws/install/examples_rclpy_minimal_subscriber:/home/juntj/ros2_ws/install/examples_rclpy_minimal_service:/home/juntj/ros2_ws/install/examples_rclpy_minimal_publisher:/home/juntj/ros2_ws/install/examples_rclpy_minimal_client:/home/juntj/ros2_ws/install/examples_rclpy_minimal_action_server:/home/juntj/ros2_ws/install/examples_rclpy_minimal_action_client:/home/juntj/ros2_ws/install/examples_rclpy_guard_conditions:/home/juntj/ros2_ws/install/examples_rclpy_executors:/opt/ros/humble /usr/bin/cmake --build /home/juntj/Robitic_Project3/ros2_workspace/build/ro45_portalrobot_interfaces -- -j16 -l16
[2.710s] DEBUG:colcon.colcon_core.event_handler.log_command:Invoking command in '/home/juntj/Robitic_Project3/ros2_workspace/build/Classification': PYTHONPATH=/home/juntj/Robitic_Project3/ros2_workspace/build/Classification/prefix_override:/home/juntj/Robitic_Project3/ros2_workspace/install/Classification/lib/python3.10/site-packages:${PYTHONPATH} /usr/bin/python3 setup.py develop --uninstall --editable --build-directory /home/juntj/Robitic_Project3/ros2_workspace/build/Classification/build
[2.716s] DEBUG:colcon.colcon_core.event_handler.log_command:Invoking command in '/home/juntj/Robitic_Project3/ros2_workspace/build/Object_detection': PYTHONPATH=/home/juntj/Robitic_Project3/ros2_workspace/build/Object_detection/prefix_override:/home/juntj/Robitic_Project3/ros2_workspace/install/Object_detection/lib/python3.10/site-packages:${PYTHONPATH} /usr/bin/python3 setup.py develop --uninstall --editable --build-directory /home/juntj/Robitic_Project3/ros2_workspace/build/Object_detection/build
[2.720s] DEBUG:colcon.colcon_core.event_handler.log_command:Invoking command in '/home/juntj/Robitic_Project3/ros2_workspace/build/Tracker': PYTHONPATH=/home/juntj/Robitic_Project3/ros2_workspace/build/Tracker/prefix_override:/home/juntj/Robitic_Project3/ros2_workspace/install/Tracker/lib/python3.10/site-packages:${PYTHONPATH} /usr/bin/python3 setup.py develop --uninstall --editable --build-directory /home/juntj/Robitic_Project3/ros2_workspace/build/Tracker/build
[2.724s] DEBUG:colcon.colcon_core.event_handler.log_command:Invoking command in '/home/juntj/Robitic_Project3/ros2_workspace/build/Scale_detection': PYTHONPATH=/home/juntj/Robitic_Project3/ros2_workspace/build/Scale_detection/prefix_override:/home/juntj/Robitic_Project3/ros2_workspace/install/Scale_detection/lib/python3.10/site-packages:${PYTHONPATH} /usr/bin/python3 setup.py develop --uninstall --editable --build-directory /home/juntj/Robitic_Project3/ros2_workspace/build/Scale_detection/build
[2.727s] DEBUG:colcon.colcon_core.event_handler.log_command:Invoking command in '/home/juntj/Robitic_Project3/ros2_workspace/build/classification': PYTHONPATH=/home/juntj/Robitic_Project3/ros2_workspace/build/classification/prefix_override:/home/juntj/Robitic_Project3/ros2_workspace/install/classification/lib/python3.10/site-packages:${PYTHONPATH} /usr/bin/python3 setup.py develop --uninstall --editable --build-directory /home/juntj/Robitic_Project3/ros2_workspace/build/classification/build
[2.801s] DEBUG:colcon.colcon_core.event_handler.log_command:Invoking command in '/home/juntj/Robitic_Project3/ros2_workspace/build/ro45_portalrobot_interfaces': CMAKE_PREFIX_PATH=${CMAKE_PREFIX_PATH}:/home/juntj/ros2_ws/install/launch_testing_examples:/home/juntj/ros2_ws/install/examples_rclpy_pointcloud_publisher:/home/juntj/ros2_ws/install/examples_rclpy_minimal_subscriber:/home/juntj/ros2_ws/install/examples_rclpy_minimal_service:/home/juntj/ros2_ws/install/examples_rclpy_minimal_publisher:/home/juntj/ros2_ws/install/examples_rclpy_minimal_client:/home/juntj/ros2_ws/install/examples_rclpy_minimal_action_server:/home/juntj/ros2_ws/install/examples_rclpy_minimal_action_client:/home/juntj/ros2_ws/install/examples_rclpy_guard_conditions:/home/juntj/ros2_ws/install/examples_rclpy_executors:/opt/ros/humble /usr/bin/cmake --install /home/juntj/Robitic_Project3/ros2_workspace/build/ro45_portalrobot_interfaces
[2.878s] Level 1:colcon.colcon_core.environment:create_environment_scripts_only(ro45_portalrobot_interfaces)
[2.879s] DEBUG:colcon.colcon_core.event_handler.log_command:Invoked command in '/home/juntj/Robitic_Project3/ros2_workspace/build/ro45_portalrobot_interfaces' returned '0': CMAKE_PREFIX_PATH=${CMAKE_PREFIX_PATH}:/home/juntj/ros2_ws/install/launch_testing_examples:/home/juntj/ros2_ws/install/examples_rclpy_pointcloud_publisher:/home/juntj/ros2_ws/install/examples_rclpy_minimal_subscriber:/home/juntj/ros2_ws/install/examples_rclpy_minimal_service:/home/juntj/ros2_ws/install/examples_rclpy_minimal_publisher:/home/juntj/ros2_ws/install/examples_rclpy_minimal_client:/home/juntj/ros2_ws/install/examples_rclpy_minimal_action_server:/home/juntj/ros2_ws/install/examples_rclpy_minimal_action_client:/home/juntj/ros2_ws/install/examples_rclpy_guard_conditions:/home/juntj/ros2_ws/install/examples_rclpy_executors:/opt/ros/humble /usr/bin/cmake --install /home/juntj/Robitic_Project3/ros2_workspace/build/ro45_portalrobot_interfaces
[2.884s] Level 1:colcon.colcon_core.environment:checking '/home/juntj/Robitic_Project3/ros2_workspace/install/ro45_portalrobot_interfaces' for CMake module files
[2.884s] Level 1:colcon.colcon_core.environment:checking '/home/juntj/Robitic_Project3/ros2_workspace/install/ro45_portalrobot_interfaces' for CMake config files
[2.885s] Level 1:colcon.colcon_core.shell:create_environment_hook('ro45_portalrobot_interfaces', 'cmake_prefix_path')
[2.886s] INFO:colcon.colcon_core.shell:Creating environment hook '/home/juntj/Robitic_Project3/ros2_workspace/install/ro45_portalrobot_interfaces/share/ro45_portalrobot_interfaces/hook/cmake_prefix_path.ps1'
[2.887s] INFO:colcon.colcon_core.shell:Creating environment descriptor '/home/juntj/Robitic_Project3/ros2_workspace/install/ro45_portalrobot_interfaces/share/ro45_portalrobot_interfaces/hook/cmake_prefix_path.dsv'
[2.887s] INFO:colcon.colcon_core.shell:Creating environment hook '/home/juntj/Robitic_Project3/ros2_workspace/install/ro45_portalrobot_interfaces/share/ro45_portalrobot_interfaces/hook/cmake_prefix_path.sh'
[2.889s] Level 1:colcon.colcon_core.environment:checking '/home/juntj/Robitic_Project3/ros2_workspace/install/ro45_portalrobot_interfaces/lib'
[2.889s] Level 1:colcon.colcon_core.shell:create_environment_hook('ro45_portalrobot_interfaces', 'ld_library_path_lib')
[2.890s] INFO:colcon.colcon_core.shell:Creating environment hook '/home/juntj/Robitic_Project3/ros2_workspace/install/ro45_portalrobot_interfaces/share/ro45_portalrobot_interfaces/hook/ld_library_path_lib.ps1'
[2.891s] INFO:colcon.colcon_core.shell:Creating environment descriptor '/home/juntj/Robitic_Project3/ros2_workspace/install/ro45_portalrobot_interfaces/share/ro45_portalrobot_interfaces/hook/ld_library_path_lib.dsv'
[2.891s] INFO:colcon.colcon_core.shell:Creating environment hook '/home/juntj/Robitic_Project3/ros2_workspace/install/ro45_portalrobot_interfaces/share/ro45_portalrobot_interfaces/hook/ld_library_path_lib.sh'
[2.891s] Level 1:colcon.colcon_core.environment:checking '/home/juntj/Robitic_Project3/ros2_workspace/install/ro45_portalrobot_interfaces/bin'
[2.892s] Level 1:colcon.colcon_core.environment:checking '/home/juntj/Robitic_Project3/ros2_workspace/install/ro45_portalrobot_interfaces/lib/pkgconfig/ro45_portalrobot_interfaces.pc'
[2.892s] Level 1:colcon.colcon_core.environment:checking '/home/juntj/Robitic_Project3/ros2_workspace/install/ro45_portalrobot_interfaces/lib/python3.10/site-packages'
[2.892s] Level 1:colcon.colcon_core.environment:checking '/home/juntj/Robitic_Project3/ros2_workspace/install/ro45_portalrobot_interfaces/bin'
[2.893s] INFO:colcon.colcon_core.shell:Creating package script '/home/juntj/Robitic_Project3/ros2_workspace/install/ro45_portalrobot_interfaces/share/ro45_portalrobot_interfaces/package.ps1'
[2.894s] INFO:colcon.colcon_core.shell:Creating package descriptor '/home/juntj/Robitic_Project3/ros2_workspace/install/ro45_portalrobot_interfaces/share/ro45_portalrobot_interfaces/package.dsv'
[2.895s] INFO:colcon.colcon_core.shell:Creating package script '/home/juntj/Robitic_Project3/ros2_workspace/install/ro45_portalrobot_interfaces/share/ro45_portalrobot_interfaces/package.sh'
[2.896s] INFO:colcon.colcon_core.shell:Creating package script '/home/juntj/Robitic_Project3/ros2_workspace/install/ro45_portalrobot_interfaces/share/ro45_portalrobot_interfaces/package.bash'
[2.896s] INFO:colcon.colcon_core.shell:Creating package script '/home/juntj/Robitic_Project3/ros2_workspace/install/ro45_portalrobot_interfaces/share/ro45_portalrobot_interfaces/package.zsh'
[2.897s] Level 1:colcon.colcon_core.environment:create_file_with_runtime_dependencies(/home/juntj/Robitic_Project3/ros2_workspace/install/ro45_portalrobot_interfaces/share/colcon-core/packages/ro45_portalrobot_interfaces)
[2.983s] Level 1:colcon.colcon_core.environment:create_environment_scripts_only(ro45_portalrobot_interfaces)
[2.986s] Level 1:colcon.colcon_core.environment:checking '/home/juntj/Robitic_Project3/ros2_workspace/install/ro45_portalrobot_interfaces' for CMake module files
[2.987s] Level 1:colcon.colcon_core.environment:checking '/home/juntj/Robitic_Project3/ros2_workspace/install/ro45_portalrobot_interfaces' for CMake config files
[2.989s] Level 1:colcon.colcon_core.shell:create_environment_hook('ro45_portalrobot_interfaces', 'cmake_prefix_path')
[2.991s] INFO:colcon.colcon_core.shell:Creating environment hook '/home/juntj/Robitic_Project3/ros2_workspace/install/ro45_portalrobot_interfaces/share/ro45_portalrobot_interfaces/hook/cmake_prefix_path.ps1'
[2.991s] INFO:colcon.colcon_core.shell:Creating environment descriptor '/home/juntj/Robitic_Project3/ros2_workspace/install/ro45_portalrobot_interfaces/share/ro45_portalrobot_interfaces/hook/cmake_prefix_path.dsv'
[2.992s] INFO:colcon.colcon_core.shell:Creating environment hook '/home/juntj/Robitic_Project3/ros2_workspace/install/ro45_portalrobot_interfaces/share/ro45_portalrobot_interfaces/hook/cmake_prefix_path.sh'
[2.993s] Level 1:colcon.colcon_core.environment:checking '/home/juntj/Robitic_Project3/ros2_workspace/install/ro45_portalrobot_interfaces/lib'
[2.993s] Level 1:colcon.colcon_core.shell:create_environment_hook('ro45_portalrobot_interfaces', 'ld_library_path_lib')
[2.995s] INFO:colcon.colcon_core.shell:Creating environment hook '/home/juntj/Robitic_Project3/ros2_workspace/install/ro45_portalrobot_interfaces/share/ro45_portalrobot_interfaces/hook/ld_library_path_lib.ps1'
[2.996s] INFO:colcon.colcon_core.shell:Creating environment descriptor '/home/juntj/Robitic_Project3/ros2_workspace/install/ro45_portalrobot_interfaces/share/ro45_portalrobot_interfaces/hook/ld_library_path_lib.dsv'
[2.997s] INFO:colcon.colcon_core.shell:Creating environment hook '/home/juntj/Robitic_Project3/ros2_workspace/install/ro45_portalrobot_interfaces/share/ro45_portalrobot_interfaces/hook/ld_library_path_lib.sh'
[2.997s] Level 1:colcon.colcon_core.environment:checking '/home/juntj/Robitic_Project3/ros2_workspace/install/ro45_portalrobot_interfaces/bin'
[2.997s] Level 1:colcon.colcon_core.environment:checking '/home/juntj/Robitic_Project3/ros2_workspace/install/ro45_portalrobot_interfaces/lib/pkgconfig/ro45_portalrobot_interfaces.pc'
[2.998s] Level 1:colcon.colcon_core.environment:checking '/home/juntj/Robitic_Project3/ros2_workspace/install/ro45_portalrobot_interfaces/lib/python3.10/site-packages'
[2.998s] Level 1:colcon.colcon_core.environment:checking '/home/juntj/Robitic_Project3/ros2_workspace/install/ro45_portalrobot_interfaces/bin'
[3.000s] INFO:colcon.colcon_core.shell:Creating package script '/home/juntj/Robitic_Project3/ros2_workspace/install/ro45_portalrobot_interfaces/share/ro45_portalrobot_interfaces/package.ps1'
[3.001s] INFO:colcon.colcon_core.shell:Creating package descriptor '/home/juntj/Robitic_Project3/ros2_workspace/install/ro45_portalrobot_interfaces/share/ro45_portalrobot_interfaces/package.dsv'
[3.002s] INFO:colcon.colcon_core.shell:Creating package script '/home/juntj/Robitic_Project3/ros2_workspace/install/ro45_portalrobot_interfaces/share/ro45_portalrobot_interfaces/package.sh'
[3.003s] INFO:colcon.colcon_core.shell:Creating package script '/home/juntj/Robitic_Project3/ros2_workspace/install/ro45_portalrobot_interfaces/share/ro45_portalrobot_interfaces/package.bash'
[3.003s] INFO:colcon.colcon_core.shell:Creating package script '/home/juntj/Robitic_Project3/ros2_workspace/install/ro45_portalrobot_interfaces/share/ro45_portalrobot_interfaces/package.zsh'
[3.004s] Level 1:colcon.colcon_core.environment:create_file_with_runtime_dependencies(/home/juntj/Robitic_Project3/ros2_workspace/install/ro45_portalrobot_interfaces/share/colcon-core/packages/ro45_portalrobot_interfaces)
[3.290s] DEBUG:colcon.colcon_core.event_handler.log_command:Invoked command in '/home/juntj/Robitic_Project3/ros2_workspace/build/Position_Controller' returned '0': PYTHONPATH=/home/juntj/Robitic_Project3/ros2_workspace/build/Position_Controller/prefix_override:/home/juntj/Robitic_Project3/ros2_workspace/install/Position_Controller/lib/python3.10/site-packages:${PYTHONPATH} /usr/bin/python3 setup.py develop --uninstall --editable --build-directory /home/juntj/Robitic_Project3/ros2_workspace/build/Position_Controller/build
[3.292s] DEBUG:colcon.colcon_core.event_handler.log_command:Invoking command in '/home/juntj/Robitic_Project3/ros2_workspace/src/Position_Controller': PYTHONPATH=/home/juntj/Robitic_Project3/ros2_workspace/build/Position_Controller/prefix_override:/home/juntj/Robitic_Project3/ros2_workspace/install/Position_Controller/lib/python3.10/site-packages:${PYTHONPATH} /usr/bin/python3 setup.py egg_info --egg-base ../../build/Position_Controller build --build-base /home/juntj/Robitic_Project3/ros2_workspace/build/Position_Controller/build install --record /home/juntj/Robitic_Project3/ros2_workspace/build/Position_Controller/install.log --single-version-externally-managed
[3.312s] DEBUG:colcon.colcon_core.event_handler.log_command:Invoked command in '/home/juntj/Robitic_Project3/ros2_workspace/build/Tracker' returned '0': PYTHONPATH=/home/juntj/Robitic_Project3/ros2_workspace/build/Tracker/prefix_override:/home/juntj/Robitic_Project3/ros2_workspace/install/Tracker/lib/python3.10/site-packages:${PYTHONPATH} /usr/bin/python3 setup.py develop --uninstall --editable --build-directory /home/juntj/Robitic_Project3/ros2_workspace/build/Tracker/build
[3.313s] DEBUG:colcon.colcon_core.event_handler.log_command:Invoking command in '/home/juntj/Robitic_Project3/ros2_workspace/src/Tracker': PYTHONPATH=/home/juntj/Robitic_Project3/ros2_workspace/build/Tracker/prefix_override:/home/juntj/Robitic_Project3/ros2_workspace/install/Tracker/lib/python3.10/site-packages:${PYTHONPATH} /usr/bin/python3 setup.py egg_info --egg-base ../../build/Tracker build --build-base /home/juntj/Robitic_Project3/ros2_workspace/build/Tracker/build install --record /home/juntj/Robitic_Project3/ros2_workspace/build/Tracker/install.log --single-version-externally-managed
[3.315s] DEBUG:colcon.colcon_core.event_handler.log_command:Invoked command in '/home/juntj/Robitic_Project3/ros2_workspace/build/Classification' returned '0': PYTHONPATH=/home/juntj/Robitic_Project3/ros2_workspace/build/Classification/prefix_override:/home/juntj/Robitic_Project3/ros2_workspace/install/Classification/lib/python3.10/site-packages:${PYTHONPATH} /usr/bin/python3 setup.py develop --uninstall --editable --build-directory /home/juntj/Robitic_Project3/ros2_workspace/build/Classification/build
[3.316s] DEBUG:colcon.colcon_core.event_handler.log_command:Invoking command in '/home/juntj/Robitic_Project3/ros2_workspace/src/Classification': PYTHONPATH=/home/juntj/Robitic_Project3/ros2_workspace/build/Classification/prefix_override:/home/juntj/Robitic_Project3/ros2_workspace/install/Classification/lib/python3.10/site-packages:${PYTHONPATH} /usr/bin/python3 setup.py egg_info --egg-base ../../build/Classification build --build-base /home/juntj/Robitic_Project3/ros2_workspace/build/Classification/build install --record /home/juntj/Robitic_Project3/ros2_workspace/build/Classification/install.log --single-version-externally-managed
[3.319s] DEBUG:colcon.colcon_core.event_handler.log_command:Invoked command in '/home/juntj/Robitic_Project3/ros2_workspace/build/Object_detection' returned '0': PYTHONPATH=/home/juntj/Robitic_Project3/ros2_workspace/build/Object_detection/prefix_override:/home/juntj/Robitic_Project3/ros2_workspace/install/Object_detection/lib/python3.10/site-packages:${PYTHONPATH} /usr/bin/python3 setup.py develop --uninstall --editable --build-directory /home/juntj/Robitic_Project3/ros2_workspace/build/Object_detection/build
[3.320s] DEBUG:colcon.colcon_core.event_handler.log_command:Invoking command in '/home/juntj/Robitic_Project3/ros2_workspace/src/Object_detection': PYTHONPATH=/home/juntj/Robitic_Project3/ros2_workspace/build/Object_detection/prefix_override:/home/juntj/Robitic_Project3/ros2_workspace/install/Object_detection/lib/python3.10/site-packages:${PYTHONPATH} /usr/bin/python3 setup.py egg_info --egg-base ../../build/Object_detection build --build-base /home/juntj/Robitic_Project3/ros2_workspace/build/Object_detection/build install --record /home/juntj/Robitic_Project3/ros2_workspace/build/Object_detection/install.log --single-version-externally-managed
[3.320s] DEBUG:colcon.colcon_core.event_handler.log_command:Invoked command in '/home/juntj/Robitic_Project3/ros2_workspace/build/classification' returned '0': PYTHONPATH=/home/juntj/Robitic_Project3/ros2_workspace/build/classification/prefix_override:/home/juntj/Robitic_Project3/ros2_workspace/install/classification/lib/python3.10/site-packages:${PYTHONPATH} /usr/bin/python3 setup.py develop --uninstall --editable --build-directory /home/juntj/Robitic_Project3/ros2_workspace/build/classification/build
[3.322s] DEBUG:colcon.colcon_core.event_handler.log_command:Invoking command in '/home/juntj/Robitic_Project3/ros2_workspace/src/classification': PYTHONPATH=/home/juntj/Robitic_Project3/ros2_workspace/build/classification/prefix_override:/home/juntj/Robitic_Project3/ros2_workspace/install/classification/lib/python3.10/site-packages:${PYTHONPATH} /usr/bin/python3 setup.py egg_info --egg-base ../../build/classification build --build-base /home/juntj/Robitic_Project3/ros2_workspace/build/classification/build install --record /home/juntj/Robitic_Project3/ros2_workspace/build/classification/install.log --single-version-externally-managed
[3.324s] DEBUG:colcon.colcon_core.event_handler.log_command:Invoked command in '/home/juntj/Robitic_Project3/ros2_workspace/build/Scale_detection' returned '0': PYTHONPATH=/home/juntj/Robitic_Project3/ros2_workspace/build/Scale_detection/prefix_override:/home/juntj/Robitic_Project3/ros2_workspace/install/Scale_detection/lib/python3.10/site-packages:${PYTHONPATH} /usr/bin/python3 setup.py develop --uninstall --editable --build-directory /home/juntj/Robitic_Project3/ros2_workspace/build/Scale_detection/build
[3.324s] DEBUG:colcon.colcon_core.event_handler.log_command:Invoking command in '/home/juntj/Robitic_Project3/ros2_workspace/src/Scale_detection': PYTHONPATH=/home/juntj/Robitic_Project3/ros2_workspace/build/Scale_detection/prefix_override:/home/juntj/Robitic_Project3/ros2_workspace/install/Scale_detection/lib/python3.10/site-packages:${PYTHONPATH} /usr/bin/python3 setup.py egg_info --egg-base ../../build/Scale_detection build --build-base /home/juntj/Robitic_Project3/ros2_workspace/build/Scale_detection/build install --record /home/juntj/Robitic_Project3/ros2_workspace/build/Scale_detection/install.log --single-version-externally-managed
[3.669s] Level 1:colcon.colcon_core.environment:checking '/home/juntj/Robitic_Project3/ros2_workspace/install/Position_Controller' for CMake module files
[3.670s] DEBUG:colcon.colcon_core.event_handler.log_command:Invoked command in '/home/juntj/Robitic_Project3/ros2_workspace/src/Position_Controller' returned '0': PYTHONPATH=/home/juntj/Robitic_Project3/ros2_workspace/build/Position_Controller/prefix_override:/home/juntj/Robitic_Project3/ros2_workspace/install/Position_Controller/lib/python3.10/site-packages:${PYTHONPATH} /usr/bin/python3 setup.py egg_info --egg-base ../../build/Position_Controller build --build-base /home/juntj/Robitic_Project3/ros2_workspace/build/Position_Controller/build install --record /home/juntj/Robitic_Project3/ros2_workspace/build/Position_Controller/install.log --single-version-externally-managed
[3.670s] Level 1:colcon.colcon_core.environment:checking '/home/juntj/Robitic_Project3/ros2_workspace/install/Position_Controller' for CMake config files
[3.671s] Level 1:colcon.colcon_core.environment:checking '/home/juntj/Robitic_Project3/ros2_workspace/install/Position_Controller/lib'
[3.671s] Level 1:colcon.colcon_core.environment:checking '/home/juntj/Robitic_Project3/ros2_workspace/install/Position_Controller/bin'
[3.671s] Level 1:colcon.colcon_core.environment:checking '/home/juntj/Robitic_Project3/ros2_workspace/install/Position_Controller/lib/pkgconfig/Position_Controller.pc'
[3.672s] Level 1:colcon.colcon_core.environment:checking '/home/juntj/Robitic_Project3/ros2_workspace/install/Position_Controller/lib/python3.10/site-packages'
[3.672s] Level 1:colcon.colcon_core.shell:create_environment_hook('Position_Controller', 'pythonpath')
[3.674s] INFO:colcon.colcon_core.shell:Creating environment hook '/home/juntj/Robitic_Project3/ros2_workspace/install/Position_Controller/share/Position_Controller/hook/pythonpath.ps1'
[3.675s] INFO:colcon.colcon_core.shell:Creating environment descriptor '/home/juntj/Robitic_Project3/ros2_workspace/install/Position_Controller/share/Position_Controller/hook/pythonpath.dsv'
[3.676s] INFO:colcon.colcon_core.shell:Creating environment hook '/home/juntj/Robitic_Project3/ros2_workspace/install/Position_Controller/share/Position_Controller/hook/pythonpath.sh'
[3.677s] Level 1:colcon.colcon_core.environment:checking '/home/juntj/Robitic_Project3/ros2_workspace/install/Position_Controller/bin'
[3.677s] Level 1:colcon.colcon_core.environment:create_environment_scripts_only(Position_Controller)
[3.679s] INFO:colcon.colcon_core.shell:Creating package script '/home/juntj/Robitic_Project3/ros2_workspace/install/Position_Controller/share/Position_Controller/package.ps1'
[3.680s] INFO:colcon.colcon_core.shell:Creating package descriptor '/home/juntj/Robitic_Project3/ros2_workspace/install/Position_Controller/share/Position_Controller/package.dsv'
[3.681s] INFO:colcon.colcon_core.shell:Creating package script '/home/juntj/Robitic_Project3/ros2_workspace/install/Position_Controller/share/Position_Controller/package.sh'
[3.682s] INFO:colcon.colcon_core.shell:Creating package script '/home/juntj/Robitic_Project3/ros2_workspace/install/Position_Controller/share/Position_Controller/package.bash'
[3.682s] INFO:colcon.colcon_core.shell:Creating package script '/home/juntj/Robitic_Project3/ros2_workspace/install/Position_Controller/share/Position_Controller/package.zsh'
[3.683s] Level 1:colcon.colcon_core.environment:create_file_with_runtime_dependencies(/home/juntj/Robitic_Project3/ros2_workspace/install/Position_Controller/share/colcon-core/packages/Position_Controller)
[3.690s] Level 1:colcon.colcon_core.environment:checking '/home/juntj/Robitic_Project3/ros2_workspace/install/Tracker' for CMake module files
[3.691s] DEBUG:colcon.colcon_core.event_handler.log_command:Invoked command in '/home/juntj/Robitic_Project3/ros2_workspace/src/Tracker' returned '0': PYTHONPATH=/home/juntj/Robitic_Project3/ros2_workspace/build/Tracker/prefix_override:/home/juntj/Robitic_Project3/ros2_workspace/install/Tracker/lib/python3.10/site-packages:${PYTHONPATH} /usr/bin/python3 setup.py egg_info --egg-base ../../build/Tracker build --build-base /home/juntj/Robitic_Project3/ros2_workspace/build/Tracker/build install --record /home/juntj/Robitic_Project3/ros2_workspace/build/Tracker/install.log --single-version-externally-managed
[3.692s] Level 1:colcon.colcon_core.environment:checking '/home/juntj/Robitic_Project3/ros2_workspace/install/Tracker' for CMake config files
[3.692s] Level 1:colcon.colcon_core.environment:checking '/home/juntj/Robitic_Project3/ros2_workspace/install/Tracker/lib'
[3.693s] Level 1:colcon.colcon_core.environment:checking '/home/juntj/Robitic_Project3/ros2_workspace/install/Tracker/bin'
[3.693s] Level 1:colcon.colcon_core.environment:checking '/home/juntj/Robitic_Project3/ros2_workspace/install/Tracker/lib/pkgconfig/Tracker.pc'
[3.693s] Level 1:colcon.colcon_core.environment:checking '/home/juntj/Robitic_Project3/ros2_workspace/install/Tracker/lib/python3.10/site-packages'
[3.693s] Level 1:colcon.colcon_core.shell:create_environment_hook('Tracker', 'pythonpath')
[3.695s] INFO:colcon.colcon_core.shell:Creating environment hook '/home/juntj/Robitic_Project3/ros2_workspace/install/Tracker/share/Tracker/hook/pythonpath.ps1'
[3.696s] INFO:colcon.colcon_core.shell:Creating environment descriptor '/home/juntj/Robitic_Project3/ros2_workspace/install/Tracker/share/Tracker/hook/pythonpath.dsv'
[3.697s] INFO:colcon.colcon_core.shell:Creating environment hook '/home/juntj/Robitic_Project3/ros2_workspace/install/Tracker/share/Tracker/hook/pythonpath.sh'
[3.698s] Level 1:colcon.colcon_core.environment:checking '/home/juntj/Robitic_Project3/ros2_workspace/install/Tracker/bin'
[3.698s] Level 1:colcon.colcon_core.environment:create_environment_scripts_only(Tracker)
[3.700s] INFO:colcon.colcon_core.shell:Creating package script '/home/juntj/Robitic_Project3/ros2_workspace/install/Tracker/share/Tracker/package.ps1'
[3.701s] INFO:colcon.colcon_core.shell:Creating package descriptor '/home/juntj/Robitic_Project3/ros2_workspace/install/Tracker/share/Tracker/package.dsv'
[3.702s] INFO:colcon.colcon_core.shell:Creating package script '/home/juntj/Robitic_Project3/ros2_workspace/install/Tracker/share/Tracker/package.sh'
[3.702s] INFO:colcon.colcon_core.shell:Creating package script '/home/juntj/Robitic_Project3/ros2_workspace/install/Tracker/share/Tracker/package.bash'
[3.703s] INFO:colcon.colcon_core.shell:Creating package script '/home/juntj/Robitic_Project3/ros2_workspace/install/Tracker/share/Tracker/package.zsh'
[3.703s] Level 1:colcon.colcon_core.environment:create_file_with_runtime_dependencies(/home/juntj/Robitic_Project3/ros2_workspace/install/Tracker/share/colcon-core/packages/Tracker)
[3.707s] Level 1:colcon.colcon_core.environment:checking '/home/juntj/Robitic_Project3/ros2_workspace/install/Object_detection' for CMake module files
[3.708s] Level 1:colcon.colcon_core.environment:checking '/home/juntj/Robitic_Project3/ros2_workspace/install/Object_detection' for CMake config files
[3.709s] DEBUG:colcon.colcon_core.event_handler.log_command:Invoked command in '/home/juntj/Robitic_Project3/ros2_workspace/src/Object_detection' returned '0': PYTHONPATH=/home/juntj/Robitic_Project3/ros2_workspace/build/Object_detection/prefix_override:/home/juntj/Robitic_Project3/ros2_workspace/install/Object_detection/lib/python3.10/site-packages:${PYTHONPATH} /usr/bin/python3 setup.py egg_info --egg-base ../../build/Object_detection build --build-base /home/juntj/Robitic_Project3/ros2_workspace/build/Object_detection/build install --record /home/juntj/Robitic_Project3/ros2_workspace/build/Object_detection/install.log --single-version-externally-managed
[3.709s] Level 1:colcon.colcon_core.environment:checking '/home/juntj/Robitic_Project3/ros2_workspace/install/Object_detection/lib'
[3.709s] Level 1:colcon.colcon_core.environment:checking '/home/juntj/Robitic_Project3/ros2_workspace/install/Object_detection/bin'
[3.709s] Level 1:colcon.colcon_core.environment:checking '/home/juntj/Robitic_Project3/ros2_workspace/install/Object_detection/lib/pkgconfig/Object_detection.pc'
[3.709s] Level 1:colcon.colcon_core.environment:checking '/home/juntj/Robitic_Project3/ros2_workspace/install/Object_detection/lib/python3.10/site-packages'
[3.709s] Level 1:colcon.colcon_core.shell:create_environment_hook('Object_detection', 'pythonpath')
[3.711s] INFO:colcon.colcon_core.shell:Creating environment hook '/home/juntj/Robitic_Project3/ros2_workspace/install/Object_detection/share/Object_detection/hook/pythonpath.ps1'
[3.711s] INFO:colcon.colcon_core.shell:Creating environment descriptor '/home/juntj/Robitic_Project3/ros2_workspace/install/Object_detection/share/Object_detection/hook/pythonpath.dsv'
[3.711s] INFO:colcon.colcon_core.shell:Creating environment hook '/home/juntj/Robitic_Project3/ros2_workspace/install/Object_detection/share/Object_detection/hook/pythonpath.sh'
[3.712s] Level 1:colcon.colcon_core.environment:checking '/home/juntj/Robitic_Project3/ros2_workspace/install/Object_detection/bin'
[3.712s] Level 1:colcon.colcon_core.environment:create_environment_scripts_only(Object_detection)
[3.713s] INFO:colcon.colcon_core.shell:Creating package script '/home/juntj/Robitic_Project3/ros2_workspace/install/Object_detection/share/Object_detection/package.ps1'
[3.713s] INFO:colcon.colcon_core.shell:Creating package descriptor '/home/juntj/Robitic_Project3/ros2_workspace/install/Object_detection/share/Object_detection/package.dsv'
[3.713s] INFO:colcon.colcon_core.shell:Creating package script '/home/juntj/Robitic_Project3/ros2_workspace/install/Object_detection/share/Object_detection/package.sh'
[3.714s] INFO:colcon.colcon_core.shell:Creating package script '/home/juntj/Robitic_Project3/ros2_workspace/install/Object_detection/share/Object_detection/package.bash'
[3.714s] INFO:colcon.colcon_core.shell:Creating package script '/home/juntj/Robitic_Project3/ros2_workspace/install/Object_detection/share/Object_detection/package.zsh'
[3.714s] Level 1:colcon.colcon_core.environment:create_file_with_runtime_dependencies(/home/juntj/Robitic_Project3/ros2_workspace/install/Object_detection/share/colcon-core/packages/Object_detection)
[3.716s] Level 1:colcon.colcon_core.environment:checking '/home/juntj/Robitic_Project3/ros2_workspace/install/classification' for CMake module files
[3.716s] Level 1:colcon.colcon_core.environment:checking '/home/juntj/Robitic_Project3/ros2_workspace/install/classification' for CMake config files
[3.717s] DEBUG:colcon.colcon_core.event_handler.log_command:Invoked command in '/home/juntj/Robitic_Project3/ros2_workspace/src/classification' returned '0': PYTHONPATH=/home/juntj/Robitic_Project3/ros2_workspace/build/classification/prefix_override:/home/juntj/Robitic_Project3/ros2_workspace/install/classification/lib/python3.10/site-packages:${PYTHONPATH} /usr/bin/python3 setup.py egg_info --egg-base ../../build/classification build --build-base /home/juntj/Robitic_Project3/ros2_workspace/build/classification/build install --record /home/juntj/Robitic_Project3/ros2_workspace/build/classification/install.log --single-version-externally-managed
[3.717s] Level 1:colcon.colcon_core.environment:checking '/home/juntj/Robitic_Project3/ros2_workspace/install/classification/lib'
[3.718s] Level 1:colcon.colcon_core.environment:checking '/home/juntj/Robitic_Project3/ros2_workspace/install/classification/bin'
[3.718s] Level 1:colcon.colcon_core.environment:checking '/home/juntj/Robitic_Project3/ros2_workspace/install/classification/lib/pkgconfig/classification.pc'
[3.718s] Level 1:colcon.colcon_core.environment:checking '/home/juntj/Robitic_Project3/ros2_workspace/install/classification/lib/python3.10/site-packages'
[3.718s] Level 1:colcon.colcon_core.shell:create_environment_hook('classification', 'pythonpath')
[3.719s] INFO:colcon.colcon_core.shell:Creating environment hook '/home/juntj/Robitic_Project3/ros2_workspace/install/classification/share/classification/hook/pythonpath.ps1'
[3.719s] INFO:colcon.colcon_core.shell:Creating environment descriptor '/home/juntj/Robitic_Project3/ros2_workspace/install/classification/share/classification/hook/pythonpath.dsv'
[3.719s] INFO:colcon.colcon_core.shell:Creating environment hook '/home/juntj/Robitic_Project3/ros2_workspace/install/classification/share/classification/hook/pythonpath.sh'
[3.720s] Level 1:colcon.colcon_core.environment:checking '/home/juntj/Robitic_Project3/ros2_workspace/install/classification/bin'
[3.720s] Level 1:colcon.colcon_core.environment:create_environment_scripts_only(classification)
[3.721s] INFO:colcon.colcon_core.shell:Creating package script '/home/juntj/Robitic_Project3/ros2_workspace/install/classification/share/classification/package.ps1'
[3.721s] INFO:colcon.colcon_core.shell:Creating package descriptor '/home/juntj/Robitic_Project3/ros2_workspace/install/classification/share/classification/package.dsv'
[3.722s] INFO:colcon.colcon_core.shell:Creating package script '/home/juntj/Robitic_Project3/ros2_workspace/install/classification/share/classification/package.sh'
[3.722s] INFO:colcon.colcon_core.shell:Creating package script '/home/juntj/Robitic_Project3/ros2_workspace/install/classification/share/classification/package.bash'
[3.722s] INFO:colcon.colcon_core.shell:Creating package script '/home/juntj/Robitic_Project3/ros2_workspace/install/classification/share/classification/package.zsh'
[3.722s] Level 1:colcon.colcon_core.environment:create_file_with_runtime_dependencies(/home/juntj/Robitic_Project3/ros2_workspace/install/classification/share/colcon-core/packages/classification)
[3.724s] Level 1:colcon.colcon_core.environment:checking '/home/juntj/Robitic_Project3/ros2_workspace/install/Classification' for CMake module files
[3.724s] Level 1:colcon.colcon_core.environment:checking '/home/juntj/Robitic_Project3/ros2_workspace/install/Classification' for CMake config files
[3.725s] Level 1:colcon.colcon_core.environment:checking '/home/juntj/Robitic_Project3/ros2_workspace/install/Classification/lib'
[3.725s] Level 1:colcon.colcon_core.environment:checking '/home/juntj/Robitic_Project3/ros2_workspace/install/Classification/bin'
[3.725s] Level 1:colcon.colcon_core.environment:checking '/home/juntj/Robitic_Project3/ros2_workspace/install/Classification/lib/pkgconfig/Classification.pc'
[3.725s] Level 1:colcon.colcon_core.environment:checking '/home/juntj/Robitic_Project3/ros2_workspace/install/Classification/lib/python3.10/site-packages'
[3.725s] Level 1:colcon.colcon_core.shell:create_environment_hook('Classification', 'pythonpath')
[3.726s] INFO:colcon.colcon_core.shell:Creating environment hook '/home/juntj/Robitic_Project3/ros2_workspace/install/Classification/share/Classification/hook/pythonpath.ps1'
[3.727s] DEBUG:colcon.colcon_core.event_handler.log_command:Invoked command in '/home/juntj/Robitic_Project3/ros2_workspace/src/Classification' returned '0': PYTHONPATH=/home/juntj/Robitic_Project3/ros2_workspace/build/Classification/prefix_override:/home/juntj/Robitic_Project3/ros2_workspace/install/Classification/lib/python3.10/site-packages:${PYTHONPATH} /usr/bin/python3 setup.py egg_info --egg-base ../../build/Classification build --build-base /home/juntj/Robitic_Project3/ros2_workspace/build/Classification/build install --record /home/juntj/Robitic_Project3/ros2_workspace/build/Classification/install.log --single-version-externally-managed
[3.727s] INFO:colcon.colcon_core.shell:Creating environment descriptor '/home/juntj/Robitic_Project3/ros2_workspace/install/Classification/share/Classification/hook/pythonpath.dsv'
[3.727s] INFO:colcon.colcon_core.shell:Creating environment hook '/home/juntj/Robitic_Project3/ros2_workspace/install/Classification/share/Classification/hook/pythonpath.sh'
[3.728s] Level 1:colcon.colcon_core.environment:checking '/home/juntj/Robitic_Project3/ros2_workspace/install/Classification/bin'
[3.728s] Level 1:colcon.colcon_core.environment:create_environment_scripts_only(Classification)
[3.729s] INFO:colcon.colcon_core.shell:Creating package script '/home/juntj/Robitic_Project3/ros2_workspace/install/Classification/share/Classification/package.ps1'
[3.729s] INFO:colcon.colcon_core.shell:Creating package descriptor '/home/juntj/Robitic_Project3/ros2_workspace/install/Classification/share/Classification/package.dsv'
[3.730s] INFO:colcon.colcon_core.shell:Creating package script '/home/juntj/Robitic_Project3/ros2_workspace/install/Classification/share/Classification/package.sh'
[3.730s] INFO:colcon.colcon_core.shell:Creating package script '/home/juntj/Robitic_Project3/ros2_workspace/install/Classification/share/Classification/package.bash'
[3.730s] INFO:colcon.colcon_core.shell:Creating package script '/home/juntj/Robitic_Project3/ros2_workspace/install/Classification/share/Classification/package.zsh'
[3.730s] Level 1:colcon.colcon_core.environment:create_file_with_runtime_dependencies(/home/juntj/Robitic_Project3/ros2_workspace/install/Classification/share/colcon-core/packages/Classification)
[3.732s] Level 1:colcon.colcon_core.environment:checking '/home/juntj/Robitic_Project3/ros2_workspace/install/Scale_detection' for CMake module files
[3.733s] Level 1:colcon.colcon_core.environment:checking '/home/juntj/Robitic_Project3/ros2_workspace/install/Scale_detection' for CMake config files
[3.733s] DEBUG:colcon.colcon_core.event_handler.log_command:Invoked command in '/home/juntj/Robitic_Project3/ros2_workspace/src/Scale_detection' returned '0': PYTHONPATH=/home/juntj/Robitic_Project3/ros2_workspace/build/Scale_detection/prefix_override:/home/juntj/Robitic_Project3/ros2_workspace/install/Scale_detection/lib/python3.10/site-packages:${PYTHONPATH} /usr/bin/python3 setup.py egg_info --egg-base ../../build/Scale_detection build --build-base /home/juntj/Robitic_Project3/ros2_workspace/build/Scale_detection/build install --record /home/juntj/Robitic_Project3/ros2_workspace/build/Scale_detection/install.log --single-version-externally-managed
[3.734s] Level 1:colcon.colcon_core.environment:checking '/home/juntj/Robitic_Project3/ros2_workspace/install/Scale_detection/lib'
[3.734s] Level 1:colcon.colcon_core.environment:checking '/home/juntj/Robitic_Project3/ros2_workspace/install/Scale_detection/bin'
[3.734s] Level 1:colcon.colcon_core.environment:checking '/home/juntj/Robitic_Project3/ros2_workspace/install/Scale_detection/lib/pkgconfig/Scale_detection.pc'
[3.734s] Level 1:colcon.colcon_core.environment:checking '/home/juntj/Robitic_Project3/ros2_workspace/install/Scale_detection/lib/python3.10/site-packages'
[3.734s] Level 1:colcon.colcon_core.shell:create_environment_hook('Scale_detection', 'pythonpath')
[3.735s] INFO:colcon.colcon_core.shell:Creating environment hook '/home/juntj/Robitic_Project3/ros2_workspace/install/Scale_detection/share/Scale_detection/hook/pythonpath.ps1'
[3.735s] INFO:colcon.colcon_core.shell:Creating environment descriptor '/home/juntj/Robitic_Project3/ros2_workspace/install/Scale_detection/share/Scale_detection/hook/pythonpath.dsv'
[3.735s] INFO:colcon.colcon_core.shell:Creating environment hook '/home/juntj/Robitic_Project3/ros2_workspace/install/Scale_detection/share/Scale_detection/hook/pythonpath.sh'
[3.736s] Level 1:colcon.colcon_core.environment:checking '/home/juntj/Robitic_Project3/ros2_workspace/install/Scale_detection/bin'
[3.736s] Level 1:colcon.colcon_core.environment:create_environment_scripts_only(Scale_detection)
[3.737s] INFO:colcon.colcon_core.shell:Creating package script '/home/juntj/Robitic_Project3/ros2_workspace/install/Scale_detection/share/Scale_detection/package.ps1'
[3.738s] INFO:colcon.colcon_core.shell:Creating package descriptor '/home/juntj/Robitic_Project3/ros2_workspace/install/Scale_detection/share/Scale_detection/package.dsv'
[3.738s] INFO:colcon.colcon_core.shell:Creating package script '/home/juntj/Robitic_Project3/ros2_workspace/install/Scale_detection/share/Scale_detection/package.sh'
[3.738s] INFO:colcon.colcon_core.shell:Creating package script '/home/juntj/Robitic_Project3/ros2_workspace/install/Scale_detection/share/Scale_detection/package.bash'
[3.738s] INFO:colcon.colcon_core.shell:Creating package script '/home/juntj/Robitic_Project3/ros2_workspace/install/Scale_detection/share/Scale_detection/package.zsh'
[3.739s] Level 1:colcon.colcon_core.environment:create_file_with_runtime_dependencies(/home/juntj/Robitic_Project3/ros2_workspace/install/Scale_detection/share/colcon-core/packages/Scale_detection)
[3.739s] DEBUG:colcon.colcon_parallel_executor.executor.parallel:closing loop
[3.739s] DEBUG:colcon.colcon_parallel_executor.executor.parallel:loop closed
[3.739s] DEBUG:colcon.colcon_parallel_executor.executor.parallel:run_until_complete finished with '0'
[3.739s] DEBUG:colcon.colcon_core.event_reactor:joining thread
[3.748s] INFO:colcon.colcon_core.plugin_system:Skipping extension 'colcon_notification.desktop_notification.terminal_notifier': Not used on non-Darwin systems
[3.748s] INFO:colcon.colcon_core.plugin_system:Skipping extension 'colcon_notification.desktop_notification.win32': Not used on non-Windows systems
[3.748s] INFO:colcon.colcon_notification.desktop_notification:Sending desktop notification using 'notify2'
[3.760s] DEBUG:colcon.colcon_core.event_reactor:joined thread
[3.761s] INFO:colcon.colcon_core.shell:Creating prefix script '/home/juntj/Robitic_Project3/ros2_workspace/install/local_setup.ps1'
[3.762s] INFO:colcon.colcon_core.shell:Creating prefix util module '/home/juntj/Robitic_Project3/ros2_workspace/install/_local_setup_util_ps1.py'
[3.763s] INFO:colcon.colcon_core.shell:Creating prefix chain script '/home/juntj/Robitic_Project3/ros2_workspace/install/setup.ps1'
[3.765s] INFO:colcon.colcon_core.shell:Creating prefix script '/home/juntj/Robitic_Project3/ros2_workspace/install/local_setup.sh'
[3.765s] INFO:colcon.colcon_core.shell:Creating prefix util module '/home/juntj/Robitic_Project3/ros2_workspace/install/_local_setup_util_sh.py'
[3.765s] INFO:colcon.colcon_core.shell:Creating prefix chain script '/home/juntj/Robitic_Project3/ros2_workspace/install/setup.sh'
[3.767s] INFO:colcon.colcon_core.shell:Creating prefix script '/home/juntj/Robitic_Project3/ros2_workspace/install/local_setup.bash'
[3.767s] INFO:colcon.colcon_core.shell:Creating prefix chain script '/home/juntj/Robitic_Project3/ros2_workspace/install/setup.bash'
[3.769s] INFO:colcon.colcon_core.shell:Creating prefix script '/home/juntj/Robitic_Project3/ros2_workspace/install/local_setup.zsh'
[3.769s] INFO:colcon.colcon_core.shell:Creating prefix chain script '/home/juntj/Robitic_Project3/ros2_workspace/install/setup.zsh'
