[1.670s] Invoking command in '/home/juntj/Robitic_Project3/ros2_workspace/build/ro45_portalrobot_interfaces': CMAKE_PREFIX_PATH=${CMAKE_PREFIX_PATH}:/home/juntj/ros2_ws/install/launch_testing_examples:/home/juntj/ros2_ws/install/examples_rclpy_pointcloud_publisher:/home/juntj/ros2_ws/install/examples_rclpy_minimal_subscriber:/home/juntj/ros2_ws/install/examples_rclpy_minimal_service:/home/juntj/ros2_ws/install/examples_rclpy_minimal_publisher:/home/juntj/ros2_ws/install/examples_rclpy_minimal_client:/home/juntj/ros2_ws/install/examples_rclpy_minimal_action_server:/home/juntj/ros2_ws/install/examples_rclpy_minimal_action_client:/home/juntj/ros2_ws/install/examples_rclpy_guard_conditions:/home/juntj/ros2_ws/install/examples_rclpy_executors:/opt/ros/humble /usr/bin/cmake --build /home/juntj/Robitic_Project3/ros2_workspace/build/ro45_portalrobot_interfaces -- -j16 -l16
[1.751s] [  7%] Built target ro45_portalrobot_interfaces__cpp
[1.751s] [ 12%] Built target ro45_portalrobot_interfaces__rosidl_generator_c
[1.769s] [ 12%] Built target ament_cmake_python_symlink_ro45_portalrobot_interfaces
[1.794s] [ 25%] Built target ro45_portalrobot_interfaces__rosidl_typesupport_introspection_c
[1.794s] [ 35%] Built target ro45_portalrobot_interfaces__rosidl_typesupport_fastrtps_c
[1.797s] [ 43%] Built target ro45_portalrobot_interfaces__rosidl_typesupport_fastrtps_cpp
[1.798s] [ 61%] Built target ro45_portalrobot_interfaces__rosidl_typesupport_introspection_cpp
[1.798s] [ 64%] Built target ro45_portalrobot_interfaces__rosidl_typesupport_c
[1.801s] [ 74%] Built target ro45_portalrobot_interfaces__rosidl_typesupport_cpp
[1.830s] [ 74%] Built target ro45_portalrobot_interfaces
[1.861s] [ 76%] Built target ro45_portalrobot_interfaces__py
[1.895s] [ 84%] Built target ro45_portalrobot_interfaces__rosidl_generator_py
[1.924s] [ 89%] Built target ro45_portalrobot_interfaces__rosidl_typesupport_introspection_c__pyext
[1.925s] [ 94%] Built target ro45_portalrobot_interfaces__rosidl_typesupport_fastrtps_c__pyext
[1.927s] [100%] Built target ro45_portalrobot_interfaces__rosidl_typesupport_c__pyext
[2.142s] running egg_info
[2.142s] writing ro45_portalrobot_interfaces.egg-info/PKG-INFO
[2.143s] writing dependency_links to ro45_portalrobot_interfaces.egg-info/dependency_links.txt
[2.143s] writing top-level names to ro45_portalrobot_interfaces.egg-info/top_level.txt
[2.146s] reading manifest file 'ro45_portalrobot_interfaces.egg-info/SOURCES.txt'
[2.147s] writing manifest file 'ro45_portalrobot_interfaces.egg-info/SOURCES.txt'
[2.209s] [100%] Built target ament_cmake_python_build_ro45_portalrobot_interfaces_egg
[2.225s] Invoked command in '/home/juntj/Robitic_Project3/ros2_workspace/build/ro45_portalrobot_interfaces' returned '0': CMAKE_PREFIX_PATH=${CMAKE_PREFIX_PATH}:/home/juntj/ros2_ws/install/launch_testing_examples:/home/juntj/ros2_ws/install/examples_rclpy_pointcloud_publisher:/home/juntj/ros2_ws/install/examples_rclpy_minimal_subscriber:/home/juntj/ros2_ws/install/examples_rclpy_minimal_service:/home/juntj/ros2_ws/install/examples_rclpy_minimal_publisher:/home/juntj/ros2_ws/install/examples_rclpy_minimal_client:/home/juntj/ros2_ws/install/examples_rclpy_minimal_action_server:/home/juntj/ros2_ws/install/examples_rclpy_minimal_action_client:/home/juntj/ros2_ws/install/examples_rclpy_guard_conditions:/home/juntj/ros2_ws/install/examples_rclpy_executors:/opt/ros/humble /usr/bin/cmake --build /home/juntj/Robitic_Project3/ros2_workspace/build/ro45_portalrobot_interfaces -- -j16 -l16
[2.320s] Invoking command in '/home/juntj/Robitic_Project3/ros2_workspace/build/ro45_portalrobot_interfaces': CMAKE_PREFIX_PATH=${CMAKE_PREFIX_PATH}:/home/juntj/ros2_ws/install/launch_testing_examples:/home/juntj/ros2_ws/install/examples_rclpy_pointcloud_publisher:/home/juntj/ros2_ws/install/examples_rclpy_minimal_subscriber:/home/juntj/ros2_ws/install/examples_rclpy_minimal_service:/home/juntj/ros2_ws/install/examples_rclpy_minimal_publisher:/home/juntj/ros2_ws/install/examples_rclpy_minimal_client:/home/juntj/ros2_ws/install/examples_rclpy_minimal_action_server:/home/juntj/ros2_ws/install/examples_rclpy_minimal_action_client:/home/juntj/ros2_ws/install/examples_rclpy_guard_conditions:/home/juntj/ros2_ws/install/examples_rclpy_executors:/opt/ros/humble /usr/bin/cmake --install /home/juntj/Robitic_Project3/ros2_workspace/build/ro45_portalrobot_interfaces
[2.328s] -- Install configuration: ""
[2.328s] -- Execute custom install script
[2.329s] -- Up-to-date symlink: /home/juntj/Robitic_Project3/ros2_workspace/install/ro45_portalrobot_interfaces/share/ament_index/resource_index/rosidl_interfaces/ro45_portalrobot_interfaces
[2.329s] -- Up-to-date symlink: /home/juntj/Robitic_Project3/ros2_workspace/install/ro45_portalrobot_interfaces/include/ro45_portalrobot_interfaces/ro45_portalrobot_interfaces/msg/detail/robot_cmd__functions.h
[2.329s] -- Up-to-date symlink: /home/juntj/Robitic_Project3/ros2_workspace/install/ro45_portalrobot_interfaces/include/ro45_portalrobot_interfaces/ro45_portalrobot_interfaces/msg/detail/robot_cmd__struct.h
[2.329s] -- Up-to-date symlink: /home/juntj/Robitic_Project3/ros2_workspace/install/ro45_portalrobot_interfaces/include/ro45_portalrobot_interfaces/ro45_portalrobot_interfaces/msg/detail/robot_cmd__type_support.h
[2.329s] -- Up-to-date symlink: /home/juntj/Robitic_Project3/ros2_workspace/install/ro45_portalrobot_interfaces/include/ro45_portalrobot_interfaces/ro45_portalrobot_interfaces/msg/detail/robot_pos__functions.h
[2.329s] -- Up-to-date symlink: /home/juntj/Robitic_Project3/ros2_workspace/install/ro45_portalrobot_interfaces/include/ro45_portalrobot_interfaces/ro45_portalrobot_interfaces/msg/detail/robot_pos__struct.h
[2.330s] -- Up-to-date symlink: /home/juntj/Robitic_Project3/ros2_workspace/install/ro45_portalrobot_interfaces/include/ro45_portalrobot_interfaces/ro45_portalrobot_interfaces/msg/detail/robot_pos__type_support.h
[2.330s] -- Up-to-date symlink: /home/juntj/Robitic_Project3/ros2_workspace/install/ro45_portalrobot_interfaces/include/ro45_portalrobot_interfaces/ro45_portalrobot_interfaces/msg/robot_cmd.h
[2.330s] -- Up-to-date symlink: /home/juntj/Robitic_Project3/ros2_workspace/install/ro45_portalrobot_interfaces/include/ro45_portalrobot_interfaces/ro45_portalrobot_interfaces/msg/robot_pos.h
[2.330s] -- Up-to-date symlink: /home/juntj/Robitic_Project3/ros2_workspace/install/ro45_portalrobot_interfaces/include/ro45_portalrobot_interfaces/ro45_portalrobot_interfaces/msg/rosidl_generator_c__visibility_control.h
[2.330s] -- Up-to-date symlink: /home/juntj/Robitic_Project3/ros2_workspace/install/ro45_portalrobot_interfaces/share/ro45_portalrobot_interfaces/environment/library_path.sh
[2.330s] -- Up-to-date symlink: /home/juntj/Robitic_Project3/ros2_workspace/install/ro45_portalrobot_interfaces/share/ro45_portalrobot_interfaces/environment/library_path.dsv
[2.330s] -- Up-to-date symlink: /home/juntj/Robitic_Project3/ros2_workspace/install/ro45_portalrobot_interfaces/include/ro45_portalrobot_interfaces/ro45_portalrobot_interfaces/msg/detail/robot_cmd__rosidl_typesupport_fastrtps_c.h
[2.331s] -- Up-to-date symlink: /home/juntj/Robitic_Project3/ros2_workspace/install/ro45_portalrobot_interfaces/include/ro45_portalrobot_interfaces/ro45_portalrobot_interfaces/msg/detail/robot_pos__rosidl_typesupport_fastrtps_c.h
[2.331s] -- Up-to-date symlink: /home/juntj/Robitic_Project3/ros2_workspace/install/ro45_portalrobot_interfaces/include/ro45_portalrobot_interfaces/ro45_portalrobot_interfaces/msg/rosidl_typesupport_fastrtps_c__visibility_control.h
[2.331s] -- Up-to-date symlink: /home/juntj/Robitic_Project3/ros2_workspace/install/ro45_portalrobot_interfaces/include/ro45_portalrobot_interfaces/ro45_portalrobot_interfaces/msg/detail/robot_cmd__rosidl_typesupport_introspection_c.h
[2.331s] -- Up-to-date symlink: /home/juntj/Robitic_Project3/ros2_workspace/install/ro45_portalrobot_interfaces/include/ro45_portalrobot_interfaces/ro45_portalrobot_interfaces/msg/detail/robot_pos__rosidl_typesupport_introspection_c.h
[2.331s] -- Up-to-date symlink: /home/juntj/Robitic_Project3/ros2_workspace/install/ro45_portalrobot_interfaces/include/ro45_portalrobot_interfaces/ro45_portalrobot_interfaces/msg/rosidl_typesupport_introspection_c__visibility_control.h
[2.331s] -- Up-to-date symlink: /home/juntj/Robitic_Project3/ros2_workspace/install/ro45_portalrobot_interfaces/include/ro45_portalrobot_interfaces/ro45_portalrobot_interfaces/msg/detail/robot_cmd__builder.hpp
[2.332s] -- Up-to-date symlink: /home/juntj/Robitic_Project3/ros2_workspace/install/ro45_portalrobot_interfaces/include/ro45_portalrobot_interfaces/ro45_portalrobot_interfaces/msg/detail/robot_cmd__struct.hpp
[2.332s] -- Up-to-date symlink: /home/juntj/Robitic_Project3/ros2_workspace/install/ro45_portalrobot_interfaces/include/ro45_portalrobot_interfaces/ro45_portalrobot_interfaces/msg/detail/robot_cmd__traits.hpp
[2.332s] -- Up-to-date symlink: /home/juntj/Robitic_Project3/ros2_workspace/install/ro45_portalrobot_interfaces/include/ro45_portalrobot_interfaces/ro45_portalrobot_interfaces/msg/detail/robot_pos__builder.hpp
[2.332s] -- Up-to-date symlink: /home/juntj/Robitic_Project3/ros2_workspace/install/ro45_portalrobot_interfaces/include/ro45_portalrobot_interfaces/ro45_portalrobot_interfaces/msg/detail/robot_pos__struct.hpp
[2.332s] -- Up-to-date symlink: /home/juntj/Robitic_Project3/ros2_workspace/install/ro45_portalrobot_interfaces/include/ro45_portalrobot_interfaces/ro45_portalrobot_interfaces/msg/detail/robot_pos__traits.hpp
[2.332s] -- Up-to-date symlink: /home/juntj/Robitic_Project3/ros2_workspace/install/ro45_portalrobot_interfaces/include/ro45_portalrobot_interfaces/ro45_portalrobot_interfaces/msg/robot_cmd.hpp
[2.332s] -- Up-to-date symlink: /home/juntj/Robitic_Project3/ros2_workspace/install/ro45_portalrobot_interfaces/include/ro45_portalrobot_interfaces/ro45_portalrobot_interfaces/msg/robot_pos.hpp
[2.333s] -- Up-to-date symlink: /home/juntj/Robitic_Project3/ros2_workspace/install/ro45_portalrobot_interfaces/include/ro45_portalrobot_interfaces/ro45_portalrobot_interfaces/msg/detail/robot_cmd__rosidl_typesupport_fastrtps_cpp.hpp
[2.333s] -- Up-to-date symlink: /home/juntj/Robitic_Project3/ros2_workspace/install/ro45_portalrobot_interfaces/include/ro45_portalrobot_interfaces/ro45_portalrobot_interfaces/msg/detail/robot_pos__rosidl_typesupport_fastrtps_cpp.hpp
[2.333s] -- Up-to-date symlink: /home/juntj/Robitic_Project3/ros2_workspace/install/ro45_portalrobot_interfaces/include/ro45_portalrobot_interfaces/ro45_portalrobot_interfaces/msg/rosidl_typesupport_fastrtps_cpp__visibility_control.h
[2.333s] -- Up-to-date symlink: /home/juntj/Robitic_Project3/ros2_workspace/install/ro45_portalrobot_interfaces/include/ro45_portalrobot_interfaces/ro45_portalrobot_interfaces/msg/detail/robot_cmd__rosidl_typesupport_introspection_cpp.hpp
[2.333s] -- Up-to-date symlink: /home/juntj/Robitic_Project3/ros2_workspace/install/ro45_portalrobot_interfaces/include/ro45_portalrobot_interfaces/ro45_portalrobot_interfaces/msg/detail/robot_pos__rosidl_typesupport_introspection_cpp.hpp
[2.333s] -- Up-to-date symlink: /home/juntj/Robitic_Project3/ros2_workspace/install/ro45_portalrobot_interfaces/share/ro45_portalrobot_interfaces/environment/pythonpath.sh
[2.333s] -- Up-to-date symlink: /home/juntj/Robitic_Project3/ros2_workspace/install/ro45_portalrobot_interfaces/share/ro45_portalrobot_interfaces/environment/pythonpath.dsv
[2.334s] -- Up-to-date symlink: /home/juntj/Robitic_Project3/ros2_workspace/install/ro45_portalrobot_interfaces/local/lib/python3.10/dist-packages/ro45_portalrobot_interfaces-1.0.0-py3.10.egg-info/PKG-INFO
[2.334s] -- Up-to-date symlink: /home/juntj/Robitic_Project3/ros2_workspace/install/ro45_portalrobot_interfaces/local/lib/python3.10/dist-packages/ro45_portalrobot_interfaces-1.0.0-py3.10.egg-info/SOURCES.txt
[2.334s] -- Up-to-date symlink: /home/juntj/Robitic_Project3/ros2_workspace/install/ro45_portalrobot_interfaces/local/lib/python3.10/dist-packages/ro45_portalrobot_interfaces-1.0.0-py3.10.egg-info/dependency_links.txt
[2.334s] -- Up-to-date symlink: /home/juntj/Robitic_Project3/ros2_workspace/install/ro45_portalrobot_interfaces/local/lib/python3.10/dist-packages/ro45_portalrobot_interfaces-1.0.0-py3.10.egg-info/top_level.txt
[2.334s] -- Up-to-date symlink: /home/juntj/Robitic_Project3/ros2_workspace/install/ro45_portalrobot_interfaces/local/lib/python3.10/dist-packages/ro45_portalrobot_interfaces/__init__.py
[2.335s] -- Up-to-date symlink: /home/juntj/Robitic_Project3/ros2_workspace/install/ro45_portalrobot_interfaces/local/lib/python3.10/dist-packages/ro45_portalrobot_interfaces/_ro45_portalrobot_interfaces_s.ep.rosidl_typesupport_c.c
[2.335s] -- Up-to-date symlink: /home/juntj/Robitic_Project3/ros2_workspace/install/ro45_portalrobot_interfaces/local/lib/python3.10/dist-packages/ro45_portalrobot_interfaces/_ro45_portalrobot_interfaces_s.ep.rosidl_typesupport_fastrtps_c.c
[2.335s] -- Up-to-date symlink: /home/juntj/Robitic_Project3/ros2_workspace/install/ro45_portalrobot_interfaces/local/lib/python3.10/dist-packages/ro45_portalrobot_interfaces/_ro45_portalrobot_interfaces_s.ep.rosidl_typesupport_introspection_c.c
[2.335s] -- Up-to-date symlink: /home/juntj/Robitic_Project3/ros2_workspace/install/ro45_portalrobot_interfaces/local/lib/python3.10/dist-packages/ro45_portalrobot_interfaces/libro45_portalrobot_interfaces__rosidl_generator_py.so
[2.335s] -- Up-to-date symlink: /home/juntj/Robitic_Project3/ros2_workspace/install/ro45_portalrobot_interfaces/local/lib/python3.10/dist-packages/ro45_portalrobot_interfaces/msg/__init__.py
[2.335s] -- Up-to-date symlink: /home/juntj/Robitic_Project3/ros2_workspace/install/ro45_portalrobot_interfaces/local/lib/python3.10/dist-packages/ro45_portalrobot_interfaces/msg/_robot_cmd.py
[2.335s] -- Up-to-date symlink: /home/juntj/Robitic_Project3/ros2_workspace/install/ro45_portalrobot_interfaces/local/lib/python3.10/dist-packages/ro45_portalrobot_interfaces/msg/_robot_cmd_s.c
[2.335s] -- Up-to-date symlink: /home/juntj/Robitic_Project3/ros2_workspace/install/ro45_portalrobot_interfaces/local/lib/python3.10/dist-packages/ro45_portalrobot_interfaces/msg/_robot_pos.py
[2.335s] -- Up-to-date symlink: /home/juntj/Robitic_Project3/ros2_workspace/install/ro45_portalrobot_interfaces/local/lib/python3.10/dist-packages/ro45_portalrobot_interfaces/msg/_robot_pos_s.c
[2.335s] -- Up-to-date symlink: /home/juntj/Robitic_Project3/ros2_workspace/install/ro45_portalrobot_interfaces/local/lib/python3.10/dist-packages/ro45_portalrobot_interfaces/ro45_portalrobot_interfaces_s__rosidl_typesupport_c.cpython-310-x86_64-linux-gnu.so
[2.336s] -- Up-to-date symlink: /home/juntj/Robitic_Project3/ros2_workspace/install/ro45_portalrobot_interfaces/local/lib/python3.10/dist-packages/ro45_portalrobot_interfaces/ro45_portalrobot_interfaces_s__rosidl_typesupport_fastrtps_c.cpython-310-x86_64-linux-gnu.so
[2.336s] -- Up-to-date symlink: /home/juntj/Robitic_Project3/ros2_workspace/install/ro45_portalrobot_interfaces/local/lib/python3.10/dist-packages/ro45_portalrobot_interfaces/ro45_portalrobot_interfaces_s__rosidl_typesupport_introspection_c.cpython-310-x86_64-linux-gnu.so
[2.336s] -- Up-to-date symlink: /home/juntj/Robitic_Project3/ros2_workspace/install/ro45_portalrobot_interfaces/local/lib/python3.10/dist-packages/ro45_portalrobot_interfaces/ro45_portalrobot_interfaces_s__rosidl_typesupport_fastrtps_c.cpython-310-x86_64-linux-gnu.so
[2.336s] -- Up-to-date symlink: /home/juntj/Robitic_Project3/ros2_workspace/install/ro45_portalrobot_interfaces/local/lib/python3.10/dist-packages/ro45_portalrobot_interfaces/ro45_portalrobot_interfaces_s__rosidl_typesupport_introspection_c.cpython-310-x86_64-linux-gnu.so
[2.336s] -- Up-to-date symlink: /home/juntj/Robitic_Project3/ros2_workspace/install/ro45_portalrobot_interfaces/local/lib/python3.10/dist-packages/ro45_portalrobot_interfaces/ro45_portalrobot_interfaces_s__rosidl_typesupport_c.cpython-310-x86_64-linux-gnu.so
[2.336s] -- Up-to-date symlink: /home/juntj/Robitic_Project3/ros2_workspace/install/ro45_portalrobot_interfaces/share/ro45_portalrobot_interfaces/msg/RobotCmd.idl
[2.336s] -- Up-to-date symlink: /home/juntj/Robitic_Project3/ros2_workspace/install/ro45_portalrobot_interfaces/share/ro45_portalrobot_interfaces/msg/RobotPos.idl
[2.337s] -- Up-to-date symlink: /home/juntj/Robitic_Project3/ros2_workspace/install/ro45_portalrobot_interfaces/share/ro45_portalrobot_interfaces/msg/RobotCmd.msg
[2.337s] -- Up-to-date symlink: /home/juntj/Robitic_Project3/ros2_workspace/install/ro45_portalrobot_interfaces/share/ro45_portalrobot_interfaces/msg/RobotPos.msg
[2.337s] -- Up-to-date symlink: /home/juntj/Robitic_Project3/ros2_workspace/install/ro45_portalrobot_interfaces/share/ament_index/resource_index/package_run_dependencies/ro45_portalrobot_interfaces
[2.337s] -- Up-to-date symlink: /home/juntj/Robitic_Project3/ros2_workspace/install/ro45_portalrobot_interfaces/share/ament_index/resource_index/parent_prefix_path/ro45_portalrobot_interfaces
[2.337s] -- Up-to-date symlink: /home/juntj/Robitic_Project3/ros2_workspace/install/ro45_portalrobot_interfaces/share/ro45_portalrobot_interfaces/environment/ament_prefix_path.sh
[2.337s] -- Up-to-date symlink: /home/juntj/Robitic_Project3/ros2_workspace/install/ro45_portalrobot_interfaces/share/ro45_portalrobot_interfaces/environment/ament_prefix_path.dsv
[2.338s] -- Up-to-date symlink: /home/juntj/Robitic_Project3/ros2_workspace/install/ro45_portalrobot_interfaces/share/ro45_portalrobot_interfaces/environment/path.sh
[2.338s] -- Up-to-date symlink: /home/juntj/Robitic_Project3/ros2_workspace/install/ro45_portalrobot_interfaces/share/ro45_portalrobot_interfaces/environment/path.dsv
[2.338s] -- Up-to-date symlink: /home/juntj/Robitic_Project3/ros2_workspace/install/ro45_portalrobot_interfaces/share/ro45_portalrobot_interfaces/local_setup.bash
[2.338s] -- Up-to-date symlink: /home/juntj/Robitic_Project3/ros2_workspace/install/ro45_portalrobot_interfaces/share/ro45_portalrobot_interfaces/local_setup.sh
[2.338s] -- Up-to-date symlink: /home/juntj/Robitic_Project3/ros2_workspace/install/ro45_portalrobot_interfaces/share/ro45_portalrobot_interfaces/local_setup.zsh
[2.338s] -- Up-to-date symlink: /home/juntj/Robitic_Project3/ros2_workspace/install/ro45_portalrobot_interfaces/share/ro45_portalrobot_interfaces/local_setup.dsv
[2.338s] -- Symlinking: /home/juntj/Robitic_Project3/ros2_workspace/install/ro45_portalrobot_interfaces/share/ro45_portalrobot_interfaces/package.dsv
[2.353s] -- Up-to-date symlink: /home/juntj/Robitic_Project3/ros2_workspace/install/ro45_portalrobot_interfaces/share/ament_index/resource_index/packages/ro45_portalrobot_interfaces
[2.353s] -- Up-to-date symlink: /home/juntj/Robitic_Project3/ros2_workspace/install/ro45_portalrobot_interfaces/share/ro45_portalrobot_interfaces/cmake/rosidl_cmake-extras.cmake
[2.353s] -- Up-to-date symlink: /home/juntj/Robitic_Project3/ros2_workspace/install/ro45_portalrobot_interfaces/share/ro45_portalrobot_interfaces/cmake/ament_cmake_export_include_directories-extras.cmake
[2.353s] -- Up-to-date symlink: /home/juntj/Robitic_Project3/ros2_workspace/install/ro45_portalrobot_interfaces/share/ro45_portalrobot_interfaces/cmake/ament_cmake_export_libraries-extras.cmake
[2.353s] -- Up-to-date symlink: /home/juntj/Robitic_Project3/ros2_workspace/install/ro45_portalrobot_interfaces/share/ro45_portalrobot_interfaces/cmake/ament_cmake_export_targets-extras.cmake
[2.353s] -- Up-to-date symlink: /home/juntj/Robitic_Project3/ros2_workspace/install/ro45_portalrobot_interfaces/share/ro45_portalrobot_interfaces/cmake/rosidl_cmake_export_typesupport_targets-extras.cmake
[2.353s] -- Up-to-date symlink: /home/juntj/Robitic_Project3/ros2_workspace/install/ro45_portalrobot_interfaces/share/ro45_portalrobot_interfaces/cmake/ament_cmake_export_dependencies-extras.cmake
[2.353s] -- Up-to-date symlink: /home/juntj/Robitic_Project3/ros2_workspace/install/ro45_portalrobot_interfaces/share/ro45_portalrobot_interfaces/cmake/rosidl_cmake_export_typesupport_libraries-extras.cmake
[2.353s] -- Up-to-date symlink: /home/juntj/Robitic_Project3/ros2_workspace/install/ro45_portalrobot_interfaces/share/ro45_portalrobot_interfaces/cmake/ro45_portalrobot_interfacesConfig.cmake
[2.354s] -- Up-to-date symlink: /home/juntj/Robitic_Project3/ros2_workspace/install/ro45_portalrobot_interfaces/share/ro45_portalrobot_interfaces/cmake/ro45_portalrobot_interfacesConfig-version.cmake
[2.354s] -- Up-to-date symlink: /home/juntj/Robitic_Project3/ros2_workspace/install/ro45_portalrobot_interfaces/share/ro45_portalrobot_interfaces/package.xml
[2.354s] -- Up-to-date: /home/juntj/Robitic_Project3/ros2_workspace/install/ro45_portalrobot_interfaces/lib/libro45_portalrobot_interfaces__rosidl_generator_c.so
[2.354s] -- Up-to-date: /home/juntj/Robitic_Project3/ros2_workspace/install/ro45_portalrobot_interfaces/lib/libro45_portalrobot_interfaces__rosidl_typesupport_fastrtps_c.so
[2.354s] -- Up-to-date: /home/juntj/Robitic_Project3/ros2_workspace/install/ro45_portalrobot_interfaces/lib/libro45_portalrobot_interfaces__rosidl_typesupport_introspection_c.so
[2.355s] -- Up-to-date: /home/juntj/Robitic_Project3/ros2_workspace/install/ro45_portalrobot_interfaces/lib/libro45_portalrobot_interfaces__rosidl_typesupport_c.so
[2.355s] -- Up-to-date: /home/juntj/Robitic_Project3/ros2_workspace/install/ro45_portalrobot_interfaces/lib/libro45_portalrobot_interfaces__rosidl_typesupport_fastrtps_cpp.so
[2.355s] -- Up-to-date: /home/juntj/Robitic_Project3/ros2_workspace/install/ro45_portalrobot_interfaces/lib/libro45_portalrobot_interfaces__rosidl_typesupport_introspection_cpp.so
[2.355s] -- Up-to-date: /home/juntj/Robitic_Project3/ros2_workspace/install/ro45_portalrobot_interfaces/lib/libro45_portalrobot_interfaces__rosidl_typesupport_cpp.so
[2.397s] Listing '/home/juntj/Robitic_Project3/ros2_workspace/install/ro45_portalrobot_interfaces/local/lib/python3.10/dist-packages/ro45_portalrobot_interfaces'...
[2.397s] Listing '/home/juntj/Robitic_Project3/ros2_workspace/install/ro45_portalrobot_interfaces/local/lib/python3.10/dist-packages/ro45_portalrobot_interfaces/msg'...
[2.403s] -- Up-to-date: /home/juntj/Robitic_Project3/ros2_workspace/install/ro45_portalrobot_interfaces/lib/libro45_portalrobot_interfaces__rosidl_generator_py.so
[2.404s] -- Up-to-date: /home/juntj/Robitic_Project3/ros2_workspace/install/ro45_portalrobot_interfaces/share/ro45_portalrobot_interfaces/cmake/export_ro45_portalrobot_interfaces__rosidl_generator_cExport.cmake
[2.404s] -- Up-to-date: /home/juntj/Robitic_Project3/ros2_workspace/install/ro45_portalrobot_interfaces/share/ro45_portalrobot_interfaces/cmake/export_ro45_portalrobot_interfaces__rosidl_generator_cExport-noconfig.cmake
[2.404s] -- Up-to-date: /home/juntj/Robitic_Project3/ros2_workspace/install/ro45_portalrobot_interfaces/share/ro45_portalrobot_interfaces/cmake/export_ro45_portalrobot_interfaces__rosidl_typesupport_fastrtps_cExport.cmake
[2.404s] -- Up-to-date: /home/juntj/Robitic_Project3/ros2_workspace/install/ro45_portalrobot_interfaces/share/ro45_portalrobot_interfaces/cmake/export_ro45_portalrobot_interfaces__rosidl_typesupport_fastrtps_cExport-noconfig.cmake
[2.404s] -- Up-to-date: /home/juntj/Robitic_Project3/ros2_workspace/install/ro45_portalrobot_interfaces/share/ro45_portalrobot_interfaces/cmake/ro45_portalrobot_interfaces__rosidl_typesupport_introspection_cExport.cmake
[2.405s] -- Up-to-date: /home/juntj/Robitic_Project3/ros2_workspace/install/ro45_portalrobot_interfaces/share/ro45_portalrobot_interfaces/cmake/ro45_portalrobot_interfaces__rosidl_typesupport_introspection_cExport-noconfig.cmake
[2.405s] -- Up-to-date: /home/juntj/Robitic_Project3/ros2_workspace/install/ro45_portalrobot_interfaces/share/ro45_portalrobot_interfaces/cmake/ro45_portalrobot_interfaces__rosidl_typesupport_cExport.cmake
[2.405s] -- Up-to-date: /home/juntj/Robitic_Project3/ros2_workspace/install/ro45_portalrobot_interfaces/share/ro45_portalrobot_interfaces/cmake/ro45_portalrobot_interfaces__rosidl_typesupport_cExport-noconfig.cmake
[2.405s] -- Up-to-date: /home/juntj/Robitic_Project3/ros2_workspace/install/ro45_portalrobot_interfaces/share/ro45_portalrobot_interfaces/cmake/export_ro45_portalrobot_interfaces__rosidl_generator_cppExport.cmake
[2.405s] -- Up-to-date: /home/juntj/Robitic_Project3/ros2_workspace/install/ro45_portalrobot_interfaces/share/ro45_portalrobot_interfaces/cmake/export_ro45_portalrobot_interfaces__rosidl_typesupport_fastrtps_cppExport.cmake
[2.405s] -- Up-to-date: /home/juntj/Robitic_Project3/ros2_workspace/install/ro45_portalrobot_interfaces/share/ro45_portalrobot_interfaces/cmake/export_ro45_portalrobot_interfaces__rosidl_typesupport_fastrtps_cppExport-noconfig.cmake
[2.405s] -- Up-to-date: /home/juntj/Robitic_Project3/ros2_workspace/install/ro45_portalrobot_interfaces/share/ro45_portalrobot_interfaces/cmake/ro45_portalrobot_interfaces__rosidl_typesupport_introspection_cppExport.cmake
[2.405s] -- Up-to-date: /home/juntj/Robitic_Project3/ros2_workspace/install/ro45_portalrobot_interfaces/share/ro45_portalrobot_interfaces/cmake/ro45_portalrobot_interfaces__rosidl_typesupport_introspection_cppExport-noconfig.cmake
[2.406s] -- Up-to-date: /home/juntj/Robitic_Project3/ros2_workspace/install/ro45_portalrobot_interfaces/share/ro45_portalrobot_interfaces/cmake/ro45_portalrobot_interfaces__rosidl_typesupport_cppExport.cmake
[2.406s] -- Up-to-date: /home/juntj/Robitic_Project3/ros2_workspace/install/ro45_portalrobot_interfaces/share/ro45_portalrobot_interfaces/cmake/ro45_portalrobot_interfaces__rosidl_typesupport_cppExport-noconfig.cmake
[2.406s] -- Up-to-date: /home/juntj/Robitic_Project3/ros2_workspace/install/ro45_portalrobot_interfaces/share/ro45_portalrobot_interfaces/cmake/export_ro45_portalrobot_interfaces__rosidl_generator_pyExport.cmake
[2.406s] -- Up-to-date: /home/juntj/Robitic_Project3/ros2_workspace/install/ro45_portalrobot_interfaces/share/ro45_portalrobot_interfaces/cmake/export_ro45_portalrobot_interfaces__rosidl_generator_pyExport-noconfig.cmake
[2.408s] Invoked command in '/home/juntj/Robitic_Project3/ros2_workspace/build/ro45_portalrobot_interfaces' returned '0': CMAKE_PREFIX_PATH=${CMAKE_PREFIX_PATH}:/home/juntj/ros2_ws/install/launch_testing_examples:/home/juntj/ros2_ws/install/examples_rclpy_pointcloud_publisher:/home/juntj/ros2_ws/install/examples_rclpy_minimal_subscriber:/home/juntj/ros2_ws/install/examples_rclpy_minimal_service:/home/juntj/ros2_ws/install/examples_rclpy_minimal_publisher:/home/juntj/ros2_ws/install/examples_rclpy_minimal_client:/home/juntj/ros2_ws/install/examples_rclpy_minimal_action_server:/home/juntj/ros2_ws/install/examples_rclpy_minimal_action_client:/home/juntj/ros2_ws/install/examples_rclpy_guard_conditions:/home/juntj/ros2_ws/install/examples_rclpy_executors:/opt/ros/humble /usr/bin/cmake --install /home/juntj/Robitic_Project3/ros2_workspace/build/ro45_portalrobot_interfaces
