[2.315s] Invoking command in '/home/juntj/Robitic_Project3/ros2_workspace/build/classification': PYTHONPATH=/home/juntj/Robitic_Project3/ros2_workspace/build/classification/prefix_override:/home/juntj/Robitic_Project3/ros2_workspace/install/classification/lib/python3.10/site-packages:${PYTHONPATH} /usr/bin/python3 setup.py develop --uninstall --editable --build-directory /home/juntj/Robitic_Project3/ros2_workspace/build/classification/build
[2.635s] running develop
[2.911s] Invoked command in '/home/juntj/Robitic_Project3/ros2_workspace/build/classification' returned '0': PYTHONPATH=/home/juntj/Robitic_Project3/ros2_workspace/build/classification/prefix_override:/home/juntj/Robitic_Project3/ros2_workspace/install/classification/lib/python3.10/site-packages:${PYTHONPATH} /usr/bin/python3 setup.py develop --uninstall --editable --build-directory /home/juntj/Robitic_Project3/ros2_workspace/build/classification/build
[2.914s] Invoking command in '/home/juntj/Robitic_Project3/ros2_workspace/src/classification': PYTHONPATH=/home/juntj/Robitic_Project3/ros2_workspace/build/classification/prefix_override:/home/juntj/Robitic_Project3/ros2_workspace/install/classification/lib/python3.10/site-packages:${PYTHONPATH} /usr/bin/python3 setup.py egg_info --egg-base ../../build/classification build --build-base /home/juntj/Robitic_Project3/ros2_workspace/build/classification/build install --record /home/juntj/Robitic_Project3/ros2_workspace/build/classification/install.log --single-version-externally-managed
[3.183s] running egg_info
[3.184s] writing ../../build/classification/classification.egg-info/PKG-INFO
[3.184s] writing dependency_links to ../../build/classification/classification.egg-info/dependency_links.txt
[3.184s] writing entry points to ../../build/classification/classification.egg-info/entry_points.txt
[3.184s] writing requirements to ../../build/classification/classification.egg-info/requires.txt
[3.184s] writing top-level names to ../../build/classification/classification.egg-info/top_level.txt
[3.187s] reading manifest file '../../build/classification/classification.egg-info/SOURCES.txt'
[3.188s] writing manifest file '../../build/classification/classification.egg-info/SOURCES.txt'
[3.188s] running build
[3.188s] running build_py
[3.188s] running install
[3.189s] running install_lib
[3.190s] running install_data
[3.191s] running install_egg_info
[3.193s] removing '/home/juntj/Robitic_Project3/ros2_workspace/install/classification/lib/python3.10/site-packages/classification-0.0.0-py3.10.egg-info' (and everything under it)
[3.193s] Copying ../../build/classification/classification.egg-info to /home/juntj/Robitic_Project3/ros2_workspace/install/classification/lib/python3.10/site-packages/classification-0.0.0-py3.10.egg-info
[3.194s] running install_scripts
[3.218s] writing list of installed files to '/home/juntj/Robitic_Project3/ros2_workspace/build/classification/install.log'
[3.280s] Invoked command in '/home/juntj/Robitic_Project3/ros2_workspace/src/classification' returned '0': PYTHONPATH=/home/juntj/Robitic_Project3/ros2_workspace/build/classification/prefix_override:/home/juntj/Robitic_Project3/ros2_workspace/install/classification/lib/python3.10/site-packages:${PYTHONPATH} /usr/bin/python3 setup.py egg_info --egg-base ../../build/classification build --build-base /home/juntj/Robitic_Project3/ros2_workspace/build/classification/build install --record /home/juntj/Robitic_Project3/ros2_workspace/build/classification/install.log --single-version-externally-managed
