[2.213s] Invoking command in '/home/juntj/Robitic_Project3/ros2_workspace/build/classification': PYTHONPATH=/home/juntj/Robitic_Project3/ros2_workspace/build/classification/prefix_override:/home/juntj/Robitic_Project3/ros2_workspace/install/classification/lib/python3.10/site-packages:${PYTHONPATH} /usr/bin/python3 setup.py develop --uninstall --editable --build-directory /home/juntj/Robitic_Project3/ros2_workspace/build/classification/build
[2.530s] running develop
[2.804s] Invoked command in '/home/juntj/Robitic_Project3/ros2_workspace/build/classification' returned '0': PYTHONPATH=/home/juntj/Robitic_Project3/ros2_workspace/build/classification/prefix_override:/home/juntj/Robitic_Project3/ros2_workspace/install/classification/lib/python3.10/site-packages:${PYTHONPATH} /usr/bin/python3 setup.py develop --uninstall --editable --build-directory /home/juntj/Robitic_Project3/ros2_workspace/build/classification/build
[2.806s] Invoking command in '/home/juntj/Robitic_Project3/ros2_workspace/src/classification': PYTHONPATH=/home/juntj/Robitic_Project3/ros2_workspace/build/classification/prefix_override:/home/juntj/Robitic_Project3/ros2_workspace/install/classification/lib/python3.10/site-packages:${PYTHONPATH} /usr/bin/python3 setup.py egg_info --egg-base ../../build/classification build --build-base /home/juntj/Robitic_Project3/ros2_workspace/build/classification/build install --record /home/juntj/Robitic_Project3/ros2_workspace/build/classification/install.log --single-version-externally-managed
[3.073s] running egg_info
[3.074s] writing ../../build/classification/classification.egg-info/PKG-INFO
[3.074s] writing dependency_links to ../../build/classification/classification.egg-info/dependency_links.txt
[3.074s] writing entry points to ../../build/classification/classification.egg-info/entry_points.txt
[3.074s] writing requirements to ../../build/classification/classification.egg-info/requires.txt
[3.074s] writing top-level names to ../../build/classification/classification.egg-info/top_level.txt
[3.077s] reading manifest file '../../build/classification/classification.egg-info/SOURCES.txt'
[3.077s] writing manifest file '../../build/classification/classification.egg-info/SOURCES.txt'
[3.077s] running build
[3.077s] running build_py
[3.078s] running install
[3.078s] running install_lib
[3.080s] running install_data
[3.081s] running install_egg_info
[3.082s] removing '/home/juntj/Robitic_Project3/ros2_workspace/install/classification/lib/python3.10/site-packages/classification-0.0.0-py3.10.egg-info' (and everything under it)
[3.082s] Copying ../../build/classification/classification.egg-info to /home/juntj/Robitic_Project3/ros2_workspace/install/classification/lib/python3.10/site-packages/classification-0.0.0-py3.10.egg-info
[3.083s] running install_scripts
[3.105s] writing list of installed files to '/home/juntj/Robitic_Project3/ros2_workspace/build/classification/install.log'
[3.178s] Invoked command in '/home/juntj/Robitic_Project3/ros2_workspace/src/classification' returned '0': PYTHONPATH=/home/juntj/Robitic_Project3/ros2_workspace/build/classification/prefix_override:/home/juntj/Robitic_Project3/ros2_workspace/install/classification/lib/python3.10/site-packages:${PYTHONPATH} /usr/bin/python3 setup.py egg_info --egg-base ../../build/classification build --build-base /home/juntj/Robitic_Project3/ros2_workspace/build/classification/build install --record /home/juntj/Robitic_Project3/ros2_workspace/build/classification/install.log --single-version-externally-managed
