running egg_info
creating ../../build/position_Controller/position_Controller.egg-info
writing ../../build/position_Controller/position_Controller.egg-info/PKG-INFO
writing dependency_links to ../../build/position_Controller/position_Controller.egg-info/dependency_links.txt
writing entry points to ../../build/position_Controller/position_Controller.egg-info/entry_points.txt
writing requirements to ../../build/position_Controller/position_Controller.egg-info/requires.txt
writing top-level names to ../../build/position_Controller/position_Controller.egg-info/top_level.txt
writing manifest file '../../build/position_Controller/position_Controller.egg-info/SOURCES.txt'
reading manifest file '../../build/position_Controller/position_Controller.egg-info/SOURCES.txt'
writing manifest file '../../build/position_Controller/position_Controller.egg-info/SOURCES.txt'
running build
running build_py
creating /home/juntj/Robitic_Project3/ros2_workspace/build/position_Controller/build
creating /home/juntj/Robitic_Project3/ros2_workspace/build/position_Controller/build/lib
creating /home/juntj/Robitic_Project3/ros2_workspace/build/position_Controller/build/lib/position_Controller
copying position_Controller/positionController.py -> /home/juntj/Robitic_Project3/ros2_workspace/build/position_Controller/build/lib/position_Controller
copying position_Controller/__init__.py -> /home/juntj/Robitic_Project3/ros2_workspace/build/position_Controller/build/lib/position_Controller
running install
running install_lib
creating /home/juntj/Robitic_Project3/ros2_workspace/install/position_Controller/lib/python3.10/site-packages/position_Controller
copying /home/juntj/Robitic_Project3/ros2_workspace/build/position_Controller/build/lib/position_Controller/positionController.py -> /home/juntj/Robitic_Project3/ros2_workspace/install/position_Controller/lib/python3.10/site-packages/position_Controller
copying /home/juntj/Robitic_Project3/ros2_workspace/build/position_Controller/build/lib/position_Controller/__init__.py -> /home/juntj/Robitic_Project3/ros2_workspace/install/position_Controller/lib/python3.10/site-packages/position_Controller
byte-compiling /home/juntj/Robitic_Project3/ros2_workspace/install/position_Controller/lib/python3.10/site-packages/position_Controller/positionController.py to positionController.cpython-310.pyc
byte-compiling /home/juntj/Robitic_Project3/ros2_workspace/install/position_Controller/lib/python3.10/site-packages/position_Controller/__init__.py to __init__.cpython-310.pyc
running install_data
creating /home/juntj/Robitic_Project3/ros2_workspace/install/position_Controller/share/ament_index
creating /home/juntj/Robitic_Project3/ros2_workspace/install/position_Controller/share/ament_index/resource_index
creating /home/juntj/Robitic_Project3/ros2_workspace/install/position_Controller/share/ament_index/resource_index/packages
