[1.802s] Invoking command in '/home/juntj/Robitic_Project3/ros2_workspace/build/Object_detection': PYTHONPATH=/home/juntj/Robitic_Project3/ros2_workspace/build/Object_detection/prefix_override:/home/juntj/Robitic_Project3/ros2_workspace/install/Object_detection/lib/python3.10/site-packages:${PYTHONPATH} /usr/bin/python3 setup.py develop --uninstall --editable --build-directory /home/juntj/Robitic_Project3/ros2_workspace/build/Object_detection/build
[2.081s] running develop
[2.376s] Invoked command in '/home/juntj/Robitic_Project3/ros2_workspace/build/Object_detection' returned '0': PYTHONPATH=/home/juntj/Robitic_Project3/ros2_workspace/build/Object_detection/prefix_override:/home/juntj/Robitic_Project3/ros2_workspace/install/Object_detection/lib/python3.10/site-packages:${PYTHONPATH} /usr/bin/python3 setup.py develop --uninstall --editable --build-directory /home/juntj/Robitic_Project3/ros2_workspace/build/Object_detection/build
[2.378s] Invoking command in '/home/juntj/Robitic_Project3/ros2_workspace/src/Object_detection': PYTHONPATH=/home/juntj/Robitic_Project3/ros2_workspace/build/Object_detection/prefix_override:/home/juntj/Robitic_Project3/ros2_workspace/install/Object_detection/lib/python3.10/site-packages:${PYTHONPATH} /usr/bin/python3 setup.py egg_info --egg-base ../../build/Object_detection build --build-base /home/juntj/Robitic_Project3/ros2_workspace/build/Object_detection/build install --record /home/juntj/Robitic_Project3/ros2_workspace/build/Object_detection/install.log --single-version-externally-managed
[2.638s] running egg_info
[2.639s] writing ../../build/Object_detection/Object_detection.egg-info/PKG-INFO
[2.639s] writing dependency_links to ../../build/Object_detection/Object_detection.egg-info/dependency_links.txt
[2.639s] writing entry points to ../../build/Object_detection/Object_detection.egg-info/entry_points.txt
[2.640s] writing requirements to ../../build/Object_detection/Object_detection.egg-info/requires.txt
[2.640s] writing top-level names to ../../build/Object_detection/Object_detection.egg-info/top_level.txt
[2.643s] reading manifest file '../../build/Object_detection/Object_detection.egg-info/SOURCES.txt'
[2.644s] writing manifest file '../../build/Object_detection/Object_detection.egg-info/SOURCES.txt'
[2.644s] running build
[2.644s] running build_py
[2.644s] running install
[2.644s] running install_lib
[2.646s] running install_data
[2.647s] running install_egg_info
[2.648s] removing '/home/juntj/Robitic_Project3/ros2_workspace/install/Object_detection/lib/python3.10/site-packages/Object_detection-0.0.0-py3.10.egg-info' (and everything under it)
[2.648s] Copying ../../build/Object_detection/Object_detection.egg-info to /home/juntj/Robitic_Project3/ros2_workspace/install/Object_detection/lib/python3.10/site-packages/Object_detection-0.0.0-py3.10.egg-info
[2.649s] running install_scripts
[2.669s] writing list of installed files to '/home/juntj/Robitic_Project3/ros2_workspace/build/Object_detection/install.log'
[2.747s] Invoked command in '/home/juntj/Robitic_Project3/ros2_workspace/src/Object_detection' returned '0': PYTHONPATH=/home/juntj/Robitic_Project3/ros2_workspace/build/Object_detection/prefix_override:/home/juntj/Robitic_Project3/ros2_workspace/install/Object_detection/lib/python3.10/site-packages:${PYTHONPATH} /usr/bin/python3 setup.py egg_info --egg-base ../../build/Object_detection build --build-base /home/juntj/Robitic_Project3/ros2_workspace/build/Object_detection/build install --record /home/juntj/Robitic_Project3/ros2_workspace/build/Object_detection/install.log --single-version-externally-managed
