[2.054s] Invoking command in '/home/juntj/Robitic_Project3/ros2_workspace/build/Tracker': PYTHONPATH=/home/juntj/Robitic_Project3/ros2_workspace/build/Tracker/prefix_override:/home/juntj/Robitic_Project3/ros2_workspace/install/Tracker/lib/python3.10/site-packages:${PYTHONPATH} /usr/bin/python3 setup.py develop --uninstall --editable --build-directory /home/juntj/Robitic_Project3/ros2_workspace/build/Tracker/build
[2.435s] running develop
[2.838s] Invoked command in '/home/juntj/Robitic_Project3/ros2_workspace/build/Tracker' returned '0': PYTHONPATH=/home/juntj/Robitic_Project3/ros2_workspace/build/Tracker/prefix_override:/home/juntj/Robitic_Project3/ros2_workspace/install/Tracker/lib/python3.10/site-packages:${PYTHONPATH} /usr/bin/python3 setup.py develop --uninstall --editable --build-directory /home/juntj/Robitic_Project3/ros2_workspace/build/Tracker/build
[2.841s] Invoking command in '/home/juntj/Robitic_Project3/ros2_workspace/src/Tracker': PYTHONPATH=/home/juntj/Robitic_Project3/ros2_workspace/build/Tracker/prefix_override:/home/juntj/Robitic_Project3/ros2_workspace/install/Tracker/lib/python3.10/site-packages:${PYTHONPATH} /usr/bin/python3 setup.py egg_info --egg-base ../../build/Tracker build --build-base /home/juntj/Robitic_Project3/ros2_workspace/build/Tracker/build install --record /home/juntj/Robitic_Project3/ros2_workspace/build/Tracker/install.log --single-version-externally-managed
[3.165s] running egg_info
[3.166s] writing ../../build/Tracker/Tracker.egg-info/PKG-INFO
[3.166s] writing dependency_links to ../../build/Tracker/Tracker.egg-info/dependency_links.txt
[3.166s] writing entry points to ../../build/Tracker/Tracker.egg-info/entry_points.txt
[3.167s] writing requirements to ../../build/Tracker/Tracker.egg-info/requires.txt
[3.167s] writing top-level names to ../../build/Tracker/Tracker.egg-info/top_level.txt
[3.170s] reading manifest file '../../build/Tracker/Tracker.egg-info/SOURCES.txt'
[3.171s] writing manifest file '../../build/Tracker/Tracker.egg-info/SOURCES.txt'
[3.171s] running build
[3.171s] running build_py
[3.171s] running install
[3.171s] running install_lib
[3.172s] creating /home/juntj/Robitic_Project3/ros2_workspace/install/Tracker/lib/python3.10/site-packages/Tracker
[3.172s] copying /home/juntj/Robitic_Project3/ros2_workspace/build/Tracker/build/lib/Tracker/tracker.py -> /home/juntj/Robitic_Project3/ros2_workspace/install/Tracker/lib/python3.10/site-packages/Tracker
[3.172s] copying /home/juntj/Robitic_Project3/ros2_workspace/build/Tracker/build/lib/Tracker/__init__.py -> /home/juntj/Robitic_Project3/ros2_workspace/install/Tracker/lib/python3.10/site-packages/Tracker
[3.173s] byte-compiling /home/juntj/Robitic_Project3/ros2_workspace/install/Tracker/lib/python3.10/site-packages/Tracker/tracker.py to tracker.cpython-310.pyc
[3.174s] byte-compiling /home/juntj/Robitic_Project3/ros2_workspace/install/Tracker/lib/python3.10/site-packages/Tracker/__init__.py to __init__.cpython-310.pyc
[3.175s] running install_data
[3.175s] running install_egg_info
[3.178s] Copying ../../build/Tracker/Tracker.egg-info to /home/juntj/Robitic_Project3/ros2_workspace/install/Tracker/lib/python3.10/site-packages/Tracker-0.0.0-py3.10.egg-info
[3.178s] running install_scripts
[3.205s] writing list of installed files to '/home/juntj/Robitic_Project3/ros2_workspace/build/Tracker/install.log'
