[3.132s] DEBUG:colcon:Command line arguments: ['/usr/bin/colcon', 'build', '--packages-select', 'Objekt_erkennen']
[3.132s] DEBUG:colcon:Parsed command line arguments: Namespace(log_base=None, log_level=None, verb_name='build', build_base='build', install_base='install', merge_install=False, symlink_install=False, test_result_base=None, continue_on_error=False, executor='parallel', parallel_workers=8, event_handlers=None, ignore_user_meta=False, metas=['./colcon.meta'], base_paths=['.'], packages_ignore=None, packages_ignore_regex=None, paths=None, packages_up_to=None, packages_up_to_regex=None, packages_above=None, packages_above_and_dependencies=None, packages_above_depth=None, packages_select_by_dep=None, packages_skip_by_dep=None, packages_skip_up_to=None, packages_select_build_failed=False, packages_skip_build_finished=False, packages_select_test_failures=False, packages_skip_test_passed=False, packages_select=['Objekt_erkennen'], packages_skip=None, packages_select_regex=None, packages_skip_regex=None, packages_start=None, packages_end=None, allow_overriding=[], cmake_args=None, cmake_target=None, cmake_target_skip_unavailable=False, cmake_clean_cache=False, cmake_clean_first=False, cmake_force_configure=False, ament_cmake_args=None, catkin_cmake_args=None, catkin_skip_building_tests=False, verb_parser=<colcon_defaults.argument_parser.defaults.DefaultArgumentsDecorator object at 0x7f53bdacecb0>, verb_extension=<colcon_core.verb.build.BuildVerb object at 0x7f53bdace740>, main=<bound method BuildVerb.main of <colcon_core.verb.build.BuildVerb object at 0x7f53bdace740>>)
[3.211s] Level 1:colcon.colcon_core.package_discovery:discover_packages(colcon_meta) check parameters
[3.211s] Level 1:colcon.colcon_core.package_discovery:discover_packages(recursive) check parameters
[3.211s] Level 1:colcon.colcon_core.package_discovery:discover_packages(ignore) check parameters
[3.211s] Level 1:colcon.colcon_core.package_discovery:discover_packages(path) check parameters
[3.212s] Level 1:colcon.colcon_core.package_discovery:discover_packages(colcon_meta) discover
[3.212s] Level 1:colcon.colcon_core.package_discovery:discover_packages(recursive) discover
[3.212s] INFO:colcon.colcon_core.package_discovery:Crawling recursively for packages in '/home/fab/ros2_ws/src'
[3.212s] Level 1:colcon.colcon_core.package_identification:_identify(.) by extensions ['ignore', 'ignore_ament_install']
[3.213s] Level 1:colcon.colcon_core.package_identification:_identify(.) by extension 'ignore'
[3.213s] Level 1:colcon.colcon_core.package_identification:_identify(.) by extension 'ignore_ament_install'
[3.213s] Level 1:colcon.colcon_core.package_identification:_identify(.) by extensions ['colcon_pkg']
[3.213s] Level 1:colcon.colcon_core.package_identification:_identify(.) by extension 'colcon_pkg'
[3.213s] Level 1:colcon.colcon_core.package_identification:_identify(.) by extensions ['colcon_meta']
[3.213s] Level 1:colcon.colcon_core.package_identification:_identify(.) by extension 'colcon_meta'
[3.213s] Level 1:colcon.colcon_core.package_identification:_identify(.) by extensions ['ros']
[3.213s] Level 1:colcon.colcon_core.package_identification:_identify(.) by extension 'ros'
[3.270s] Level 1:colcon.colcon_core.package_identification:_identify(.) by extensions ['cmake', 'python']
[3.270s] Level 1:colcon.colcon_core.package_identification:_identify(.) by extension 'cmake'
[3.270s] Level 1:colcon.colcon_core.package_identification:_identify(.) by extension 'python'
[3.270s] Level 1:colcon.colcon_core.package_identification:_identify(.) by extensions ['python_setup_py']
[3.270s] Level 1:colcon.colcon_core.package_identification:_identify(.) by extension 'python_setup_py'
[3.270s] Level 1:colcon.colcon_core.package_identification:_identify(Objekt_erkennen) by extensions ['ignore', 'ignore_ament_install']
[3.270s] Level 1:colcon.colcon_core.package_identification:_identify(Objekt_erkennen) by extension 'ignore'
[3.270s] Level 1:colcon.colcon_core.package_identification:_identify(Objekt_erkennen) by extension 'ignore_ament_install'
[3.271s] Level 1:colcon.colcon_core.package_identification:_identify(Objekt_erkennen) by extensions ['colcon_pkg']
[3.271s] Level 1:colcon.colcon_core.package_identification:_identify(Objekt_erkennen) by extension 'colcon_pkg'
[3.271s] Level 1:colcon.colcon_core.package_identification:_identify(Objekt_erkennen) by extensions ['colcon_meta']
[3.271s] Level 1:colcon.colcon_core.package_identification:_identify(Objekt_erkennen) by extension 'colcon_meta'
[3.271s] Level 1:colcon.colcon_core.package_identification:_identify(Objekt_erkennen) by extensions ['ros']
[3.271s] Level 1:colcon.colcon_core.package_identification:_identify(Objekt_erkennen) by extension 'ros'
[3.276s] DEBUG:colcon.colcon_core.package_identification:Package 'Objekt_erkennen' with type 'ros.ament_python' and name 'Objekt_erkennen'
[3.276s] Level 1:colcon.colcon_core.package_identification:_identify(build) by extensions ['ignore', 'ignore_ament_install']
[3.276s] Level 1:colcon.colcon_core.package_identification:_identify(build) by extension 'ignore'
[3.276s] Level 1:colcon.colcon_core.package_identification:_identify(build) ignored
[3.276s] Level 1:colcon.colcon_core.package_identification:_identify(install) by extensions ['ignore', 'ignore_ament_install']
[3.276s] Level 1:colcon.colcon_core.package_identification:_identify(install) by extension 'ignore'
[3.276s] Level 1:colcon.colcon_core.package_identification:_identify(install) ignored
[3.277s] Level 1:colcon.colcon_core.package_identification:_identify(log) by extensions ['ignore', 'ignore_ament_install']
[3.277s] Level 1:colcon.colcon_core.package_identification:_identify(log) by extension 'ignore'
[3.277s] Level 1:colcon.colcon_core.package_identification:_identify(log) ignored
[3.277s] Level 1:colcon.colcon_core.package_identification:_identify(my_package) by extensions ['ignore', 'ignore_ament_install']
[3.277s] Level 1:colcon.colcon_core.package_identification:_identify(my_package) by extension 'ignore'
[3.277s] Level 1:colcon.colcon_core.package_identification:_identify(my_package) by extension 'ignore_ament_install'
[3.277s] Level 1:colcon.colcon_core.package_identification:_identify(my_package) by extensions ['colcon_pkg']
[3.277s] Level 1:colcon.colcon_core.package_identification:_identify(my_package) by extension 'colcon_pkg'
[3.277s] Level 1:colcon.colcon_core.package_identification:_identify(my_package) by extensions ['colcon_meta']
[3.277s] Level 1:colcon.colcon_core.package_identification:_identify(my_package) by extension 'colcon_meta'
[3.277s] Level 1:colcon.colcon_core.package_identification:_identify(my_package) by extensions ['ros']
[3.278s] Level 1:colcon.colcon_core.package_identification:_identify(my_package) by extension 'ros'
[3.280s] DEBUG:colcon.colcon_core.package_identification:Package 'my_package' with type 'ros.ament_python' and name 'my_package'
[3.280s] Level 1:colcon.colcon_core.package_identification:_identify(py_srvcli) by extensions ['ignore', 'ignore_ament_install']
[3.281s] Level 1:colcon.colcon_core.package_identification:_identify(py_srvcli) by extension 'ignore'
[3.281s] Level 1:colcon.colcon_core.package_identification:_identify(py_srvcli) by extension 'ignore_ament_install'
[3.281s] Level 1:colcon.colcon_core.package_identification:_identify(py_srvcli) by extensions ['colcon_pkg']
[3.281s] Level 1:colcon.colcon_core.package_identification:_identify(py_srvcli) by extension 'colcon_pkg'
[3.281s] Level 1:colcon.colcon_core.package_identification:_identify(py_srvcli) by extensions ['colcon_meta']
[3.281s] Level 1:colcon.colcon_core.package_identification:_identify(py_srvcli) by extension 'colcon_meta'
[3.281s] Level 1:colcon.colcon_core.package_identification:_identify(py_srvcli) by extensions ['ros']
[3.281s] Level 1:colcon.colcon_core.package_identification:_identify(py_srvcli) by extension 'ros'
[3.282s] DEBUG:colcon.colcon_core.package_identification:Package 'py_srvcli' with type 'ros.ament_python' and name 'py_srvcli'
[3.282s] Level 1:colcon.colcon_core.package_discovery:discover_packages(recursive) using defaults
[3.282s] Level 1:colcon.colcon_core.package_discovery:discover_packages(ignore) discover
[3.282s] Level 1:colcon.colcon_core.package_discovery:discover_packages(ignore) using defaults
[3.282s] Level 1:colcon.colcon_core.package_discovery:discover_packages(path) discover
[3.282s] Level 1:colcon.colcon_core.package_discovery:discover_packages(path) using defaults
[3.334s] INFO:colcon.colcon_core.package_selection:Skipping not selected package 'my_package' in 'my_package'
[3.334s] INFO:colcon.colcon_core.package_selection:Skipping not selected package 'py_srvcli' in 'py_srvcli'
[3.336s] Level 1:colcon.colcon_core.package_discovery:discover_packages(prefix_path) check parameters
[3.336s] Level 1:colcon.colcon_core.package_discovery:discover_packages(prefix_path) discover
[3.341s] DEBUG:colcon.colcon_installed_package_information.package_discovery:Found 1 installed packages in /home/fab/ros2_ws/src/install
[3.344s] DEBUG:colcon.colcon_installed_package_information.package_discovery:Found 270 installed packages in /opt/ros/humble
[3.347s] Level 1:colcon.colcon_core.package_discovery:discover_packages(prefix_path) using defaults
[3.476s] Level 5:colcon.colcon_core.verb:set package 'Objekt_erkennen' build argument 'cmake_args' from command line to 'None'
[3.476s] Level 5:colcon.colcon_core.verb:set package 'Objekt_erkennen' build argument 'cmake_target' from command line to 'None'
[3.476s] Level 5:colcon.colcon_core.verb:set package 'Objekt_erkennen' build argument 'cmake_target_skip_unavailable' from command line to 'False'
[3.476s] Level 5:colcon.colcon_core.verb:set package 'Objekt_erkennen' build argument 'cmake_clean_cache' from command line to 'False'
[3.476s] Level 5:colcon.colcon_core.verb:set package 'Objekt_erkennen' build argument 'cmake_clean_first' from command line to 'False'
[3.476s] Level 5:colcon.colcon_core.verb:set package 'Objekt_erkennen' build argument 'cmake_force_configure' from command line to 'False'
[3.476s] Level 5:colcon.colcon_core.verb:set package 'Objekt_erkennen' build argument 'ament_cmake_args' from command line to 'None'
[3.476s] Level 5:colcon.colcon_core.verb:set package 'Objekt_erkennen' build argument 'catkin_cmake_args' from command line to 'None'
[3.476s] Level 5:colcon.colcon_core.verb:set package 'Objekt_erkennen' build argument 'catkin_skip_building_tests' from command line to 'False'
[3.476s] DEBUG:colcon.colcon_core.verb:Building package 'Objekt_erkennen' with the following arguments: {'ament_cmake_args': None, 'build_base': '/home/fab/ros2_ws/src/build/Objekt_erkennen', 'catkin_cmake_args': None, 'catkin_skip_building_tests': False, 'cmake_args': None, 'cmake_clean_cache': False, 'cmake_clean_first': False, 'cmake_force_configure': False, 'cmake_target': None, 'cmake_target_skip_unavailable': False, 'install_base': '/home/fab/ros2_ws/src/install/Objekt_erkennen', 'merge_install': False, 'path': '/home/fab/ros2_ws/src/Objekt_erkennen', 'symlink_install': False, 'test_result_base': None}
[3.477s] INFO:colcon.colcon_core.executor:Executing jobs using 'parallel' executor
[3.485s] DEBUG:colcon.colcon_parallel_executor.executor.parallel:run_until_complete
[3.486s] INFO:colcon.colcon_ros.task.ament_python.build:Building ROS package in '/home/fab/ros2_ws/src/Objekt_erkennen' with build type 'ament_python'
[3.487s] Level 1:colcon.colcon_core.shell:create_environment_hook('Objekt_erkennen', 'ament_prefix_path')
[3.497s] INFO:colcon.colcon_core.plugin_system:Skipping extension 'colcon_core.shell.bat': Not used on non-Windows systems
[3.497s] INFO:colcon.colcon_core.shell:Creating environment hook '/home/fab/ros2_ws/src/install/Objekt_erkennen/share/Objekt_erkennen/hook/ament_prefix_path.ps1'
[3.500s] INFO:colcon.colcon_core.shell:Creating environment descriptor '/home/fab/ros2_ws/src/install/Objekt_erkennen/share/Objekt_erkennen/hook/ament_prefix_path.dsv'
[3.502s] INFO:colcon.colcon_core.shell:Creating environment hook '/home/fab/ros2_ws/src/install/Objekt_erkennen/share/Objekt_erkennen/hook/ament_prefix_path.sh'
[3.506s] INFO:colcon.colcon_core.shell:Skip shell extension 'powershell' for command environment: Not usable outside of PowerShell
[3.506s] DEBUG:colcon.colcon_core.shell:Skip shell extension 'dsv' for command environment
[3.976s] INFO:colcon.colcon_core.task.python.build:Building Python package in '/home/fab/ros2_ws/src/Objekt_erkennen'
[3.977s] INFO:colcon.colcon_core.shell:Skip shell extension 'powershell' for command environment: Not usable outside of PowerShell
[3.977s] DEBUG:colcon.colcon_core.shell:Skip shell extension 'dsv' for command environment
[4.751s] DEBUG:colcon.colcon_core.event_handler.log_command:Invoking command in '/home/fab/ros2_ws/src/Objekt_erkennen': PYTHONPATH=/home/fab/ros2_ws/src/build/Objekt_erkennen/prefix_override:/home/fab/ros2_ws/src/install/Objekt_erkennen/lib/python3.10/site-packages:${PYTHONPATH} /usr/bin/python3 setup.py egg_info --egg-base ../build/Objekt_erkennen build --build-base /home/fab/ros2_ws/src/build/Objekt_erkennen/build install --record /home/fab/ros2_ws/src/build/Objekt_erkennen/install.log --single-version-externally-managed
[5.145s] DEBUG:colcon.colcon_core.event_handler.log_command:Invoked command in '/home/fab/ros2_ws/src/Objekt_erkennen' returned '0': PYTHONPATH=/home/fab/ros2_ws/src/build/Objekt_erkennen/prefix_override:/home/fab/ros2_ws/src/install/Objekt_erkennen/lib/python3.10/site-packages:${PYTHONPATH} /usr/bin/python3 setup.py egg_info --egg-base ../build/Objekt_erkennen build --build-base /home/fab/ros2_ws/src/build/Objekt_erkennen/build install --record /home/fab/ros2_ws/src/build/Objekt_erkennen/install.log --single-version-externally-managed
[5.152s] Level 1:colcon.colcon_core.environment:checking '/home/fab/ros2_ws/src/install/Objekt_erkennen' for CMake module files
[5.153s] Level 1:colcon.colcon_core.environment:checking '/home/fab/ros2_ws/src/install/Objekt_erkennen' for CMake config files
[5.154s] Level 1:colcon.colcon_core.environment:checking '/home/fab/ros2_ws/src/install/Objekt_erkennen/lib'
[5.155s] Level 1:colcon.colcon_core.environment:checking '/home/fab/ros2_ws/src/install/Objekt_erkennen/bin'
[5.155s] Level 1:colcon.colcon_core.environment:checking '/home/fab/ros2_ws/src/install/Objekt_erkennen/lib/pkgconfig/Objekt_erkennen.pc'
[5.155s] Level 1:colcon.colcon_core.environment:checking '/home/fab/ros2_ws/src/install/Objekt_erkennen/lib/python3.10/site-packages'
[5.155s] Level 1:colcon.colcon_core.shell:create_environment_hook('Objekt_erkennen', 'pythonpath')
[5.157s] INFO:colcon.colcon_core.shell:Creating environment hook '/home/fab/ros2_ws/src/install/Objekt_erkennen/share/Objekt_erkennen/hook/pythonpath.ps1'
[5.158s] INFO:colcon.colcon_core.shell:Creating environment descriptor '/home/fab/ros2_ws/src/install/Objekt_erkennen/share/Objekt_erkennen/hook/pythonpath.dsv'
[5.159s] INFO:colcon.colcon_core.shell:Creating environment hook '/home/fab/ros2_ws/src/install/Objekt_erkennen/share/Objekt_erkennen/hook/pythonpath.sh'
[5.160s] Level 1:colcon.colcon_core.environment:checking '/home/fab/ros2_ws/src/install/Objekt_erkennen/bin'
[5.160s] Level 1:colcon.colcon_core.environment:create_environment_scripts_only(Objekt_erkennen)
[5.161s] INFO:colcon.colcon_core.shell:Creating package script '/home/fab/ros2_ws/src/install/Objekt_erkennen/share/Objekt_erkennen/package.ps1'
[5.163s] INFO:colcon.colcon_core.shell:Creating package descriptor '/home/fab/ros2_ws/src/install/Objekt_erkennen/share/Objekt_erkennen/package.dsv'
[5.164s] INFO:colcon.colcon_core.shell:Creating package script '/home/fab/ros2_ws/src/install/Objekt_erkennen/share/Objekt_erkennen/package.sh'
[5.165s] INFO:colcon.colcon_core.shell:Creating package script '/home/fab/ros2_ws/src/install/Objekt_erkennen/share/Objekt_erkennen/package.bash'
[5.167s] INFO:colcon.colcon_core.shell:Creating package script '/home/fab/ros2_ws/src/install/Objekt_erkennen/share/Objekt_erkennen/package.zsh'
[5.168s] Level 1:colcon.colcon_core.environment:create_file_with_runtime_dependencies(/home/fab/ros2_ws/src/install/Objekt_erkennen/share/colcon-core/packages/Objekt_erkennen)
[5.168s] DEBUG:colcon.colcon_parallel_executor.executor.parallel:closing loop
[5.169s] DEBUG:colcon.colcon_parallel_executor.executor.parallel:loop closed
[5.169s] DEBUG:colcon.colcon_parallel_executor.executor.parallel:run_until_complete finished with '0'
[5.169s] DEBUG:colcon.colcon_core.event_reactor:joining thread
[5.348s] INFO:colcon.colcon_core.plugin_system:Skipping extension 'colcon_notification.desktop_notification.notify_send': Could not find 'notify-send'
[5.348s] INFO:colcon.colcon_core.plugin_system:Skipping extension 'colcon_notification.desktop_notification.terminal_notifier': Not used on non-Darwin systems
[5.348s] INFO:colcon.colcon_core.plugin_system:Skipping extension 'colcon_notification.desktop_notification.win32': Not used on non-Windows systems
[5.348s] INFO:colcon.colcon_notification.desktop_notification:Sending desktop notification using 'notify2'
[5.377s] DEBUG:colcon.colcon_notification.desktop_notification.notify2:Failed to initialize notify2: org.freedesktop.DBus.Error.ServiceUnknown: The name org.freedesktop.Notifications was not provided by any .service files
[5.377s] DEBUG:colcon.colcon_core.event_reactor:joined thread
[5.379s] INFO:colcon.colcon_core.shell:Creating prefix script '/home/fab/ros2_ws/src/install/local_setup.ps1'
[5.381s] INFO:colcon.colcon_core.shell:Creating prefix util module '/home/fab/ros2_ws/src/install/_local_setup_util_ps1.py'
[5.384s] INFO:colcon.colcon_core.shell:Creating prefix chain script '/home/fab/ros2_ws/src/install/setup.ps1'
[5.385s] INFO:colcon.colcon_core.shell:Creating prefix script '/home/fab/ros2_ws/src/install/local_setup.sh'
[5.390s] INFO:colcon.colcon_core.shell:Creating prefix util module '/home/fab/ros2_ws/src/install/_local_setup_util_sh.py'
[5.391s] INFO:colcon.colcon_core.shell:Creating prefix chain script '/home/fab/ros2_ws/src/install/setup.sh'
[5.393s] INFO:colcon.colcon_core.shell:Creating prefix script '/home/fab/ros2_ws/src/install/local_setup.bash'
[5.394s] INFO:colcon.colcon_core.shell:Creating prefix chain script '/home/fab/ros2_ws/src/install/setup.bash'
[5.395s] INFO:colcon.colcon_core.shell:Creating prefix script '/home/fab/ros2_ws/src/install/local_setup.zsh'
[5.397s] INFO:colcon.colcon_core.shell:Creating prefix chain script '/home/fab/ros2_ws/src/install/setup.zsh'
