[0.318s] DEBUG:colcon:Command line arguments: ['/usr/bin/colcon', 'build']
[0.318s] DEBUG:colcon:Parsed command line arguments: Namespace(log_base=None, log_level=None, verb_name='build', build_base='build', install_base='install', merge_install=False, symlink_install=False, test_result_base=None, continue_on_error=False, executor='parallel', parallel_workers=16, event_handlers=None, ignore_user_meta=False, metas=['./colcon.meta'], base_paths=['.'], packages_ignore=None, packages_ignore_regex=None, paths=None, packages_up_to=None, packages_up_to_regex=None, packages_above=None, packages_above_and_dependencies=None, packages_above_depth=None, packages_select_by_dep=None, packages_skip_by_dep=None, packages_skip_up_to=None, packages_select_build_failed=False, packages_skip_build_finished=False, packages_select_test_failures=False, packages_skip_test_passed=False, packages_select=None, packages_skip=None, packages_select_regex=None, packages_skip_regex=None, packages_start=None, packages_end=None, allow_overriding=[], cmake_args=None, cmake_target=None, cmake_target_skip_unavailable=False, cmake_clean_cache=False, cmake_clean_first=False, cmake_force_configure=False, ament_cmake_args=None, catkin_cmake_args=None, catkin_skip_building_tests=False, verb_parser=<colcon_defaults.argument_parser.defaults.DefaultArgumentsDecorator object at 0x7fbafebc6e00>, verb_extension=<colcon_core.verb.build.BuildVerb object at 0x7fbafebc6890>, main=<bound method BuildVerb.main of <colcon_core.verb.build.BuildVerb object at 0x7fbafebc6890>>)
[0.338s] Level 1:colcon.colcon_core.package_discovery:discover_packages(colcon_meta) check parameters
[0.338s] Level 1:colcon.colcon_core.package_discovery:discover_packages(recursive) check parameters
[0.338s] Level 1:colcon.colcon_core.package_discovery:discover_packages(ignore) check parameters
[0.338s] Level 1:colcon.colcon_core.package_discovery:discover_packages(path) check parameters
[0.338s] Level 1:colcon.colcon_core.package_discovery:discover_packages(colcon_meta) discover
[0.338s] Level 1:colcon.colcon_core.package_discovery:discover_packages(recursive) discover
[0.338s] INFO:colcon.colcon_core.package_discovery:Crawling recursively for packages in '/home/juntj/Robitic_Project3/ros2_workspace'
[0.338s] Level 1:colcon.colcon_core.package_identification:_identify(.) by extensions ['ignore', 'ignore_ament_install']
[0.339s] Level 1:colcon.colcon_core.package_identification:_identify(.) by extension 'ignore'
[0.339s] Level 1:colcon.colcon_core.package_identification:_identify(.) by extension 'ignore_ament_install'
[0.339s] Level 1:colcon.colcon_core.package_identification:_identify(.) by extensions ['colcon_pkg']
[0.339s] Level 1:colcon.colcon_core.package_identification:_identify(.) by extension 'colcon_pkg'
[0.339s] Level 1:colcon.colcon_core.package_identification:_identify(.) by extensions ['colcon_meta']
[0.339s] Level 1:colcon.colcon_core.package_identification:_identify(.) by extension 'colcon_meta'
[0.339s] Level 1:colcon.colcon_core.package_identification:_identify(.) by extensions ['ros']
[0.339s] Level 1:colcon.colcon_core.package_identification:_identify(.) by extension 'ros'
[0.350s] DEBUG:colcon.colcon_core.package_identification:Failed to parse potential ROS package manifest in'.': Error(s) in package './package.xml':
The manifest contains invalid XML:
no element found: line 2, column 0
[0.350s] Level 1:colcon.colcon_core.package_identification:_identify(.) by extensions ['cmake', 'python']
[0.350s] Level 1:colcon.colcon_core.package_identification:_identify(.) by extension 'cmake'
[0.350s] Level 1:colcon.colcon_core.package_identification:_identify(.) by extension 'python'
[0.350s] Level 1:colcon.colcon_core.package_identification:_identify(.) by extensions ['python_setup_py']
[0.350s] Level 1:colcon.colcon_core.package_identification:_identify(.) by extension 'python_setup_py'
[0.350s] Level 1:colcon.colcon_core.package_identification:_identify(build) by extensions ['ignore', 'ignore_ament_install']
[0.350s] Level 1:colcon.colcon_core.package_identification:_identify(build) by extension 'ignore'
[0.350s] Level 1:colcon.colcon_core.package_identification:_identify(build) ignored
[0.350s] Level 1:colcon.colcon_core.package_identification:_identify(install) by extensions ['ignore', 'ignore_ament_install']
[0.350s] Level 1:colcon.colcon_core.package_identification:_identify(install) by extension 'ignore'
[0.350s] Level 1:colcon.colcon_core.package_identification:_identify(install) ignored
[0.350s] Level 1:colcon.colcon_core.package_identification:_identify(log) by extensions ['ignore', 'ignore_ament_install']
[0.350s] Level 1:colcon.colcon_core.package_identification:_identify(log) by extension 'ignore'
[0.351s] Level 1:colcon.colcon_core.package_identification:_identify(log) ignored
[0.351s] Level 1:colcon.colcon_core.package_identification:_identify(src) by extensions ['ignore', 'ignore_ament_install']
[0.351s] Level 1:colcon.colcon_core.package_identification:_identify(src) by extension 'ignore'
[0.351s] Level 1:colcon.colcon_core.package_identification:_identify(src) by extension 'ignore_ament_install'
[0.351s] Level 1:colcon.colcon_core.package_identification:_identify(src) by extensions ['colcon_pkg']
[0.351s] Level 1:colcon.colcon_core.package_identification:_identify(src) by extension 'colcon_pkg'
[0.351s] Level 1:colcon.colcon_core.package_identification:_identify(src) by extensions ['colcon_meta']
[0.351s] Level 1:colcon.colcon_core.package_identification:_identify(src) by extension 'colcon_meta'
[0.351s] Level 1:colcon.colcon_core.package_identification:_identify(src) by extensions ['ros']
[0.351s] Level 1:colcon.colcon_core.package_identification:_identify(src) by extension 'ros'
[0.351s] Level 1:colcon.colcon_core.package_identification:_identify(src) by extensions ['cmake', 'python']
[0.351s] Level 1:colcon.colcon_core.package_identification:_identify(src) by extension 'cmake'
[0.351s] Level 1:colcon.colcon_core.package_identification:_identify(src) by extension 'python'
[0.351s] Level 1:colcon.colcon_core.package_identification:_identify(src) by extensions ['python_setup_py']
[0.351s] Level 1:colcon.colcon_core.package_identification:_identify(src) by extension 'python_setup_py'
[0.351s] Level 1:colcon.colcon_core.package_identification:_identify(src/Classification) by extensions ['ignore', 'ignore_ament_install']
[0.351s] Level 1:colcon.colcon_core.package_identification:_identify(src/Classification) by extension 'ignore'
[0.351s] Level 1:colcon.colcon_core.package_identification:_identify(src/Classification) by extension 'ignore_ament_install'
[0.351s] Level 1:colcon.colcon_core.package_identification:_identify(src/Classification) by extensions ['colcon_pkg']
[0.351s] Level 1:colcon.colcon_core.package_identification:_identify(src/Classification) by extension 'colcon_pkg'
[0.351s] Level 1:colcon.colcon_core.package_identification:_identify(src/Classification) by extensions ['colcon_meta']
[0.351s] Level 1:colcon.colcon_core.package_identification:_identify(src/Classification) by extension 'colcon_meta'
[0.351s] Level 1:colcon.colcon_core.package_identification:_identify(src/Classification) by extensions ['ros']
[0.351s] Level 1:colcon.colcon_core.package_identification:_identify(src/Classification) by extension 'ros'
[0.353s] DEBUG:colcon.colcon_core.package_identification:Package 'src/Classification' with type 'ros.ament_python' and name 'Classification'
[0.353s] Level 1:colcon.colcon_core.package_identification:_identify(src/Object_detection) by extensions ['ignore', 'ignore_ament_install']
[0.353s] Level 1:colcon.colcon_core.package_identification:_identify(src/Object_detection) by extension 'ignore'
[0.353s] Level 1:colcon.colcon_core.package_identification:_identify(src/Object_detection) by extension 'ignore_ament_install'
[0.353s] Level 1:colcon.colcon_core.package_identification:_identify(src/Object_detection) by extensions ['colcon_pkg']
[0.353s] Level 1:colcon.colcon_core.package_identification:_identify(src/Object_detection) by extension 'colcon_pkg'
[0.353s] Level 1:colcon.colcon_core.package_identification:_identify(src/Object_detection) by extensions ['colcon_meta']
[0.353s] Level 1:colcon.colcon_core.package_identification:_identify(src/Object_detection) by extension 'colcon_meta'
[0.353s] Level 1:colcon.colcon_core.package_identification:_identify(src/Object_detection) by extensions ['ros']
[0.353s] Level 1:colcon.colcon_core.package_identification:_identify(src/Object_detection) by extension 'ros'
[0.353s] DEBUG:colcon.colcon_core.package_identification:Package 'src/Object_detection' with type 'ros.ament_python' and name 'Object_detection'
[0.353s] Level 1:colcon.colcon_core.package_identification:_identify(src/Position_Controller) by extensions ['ignore', 'ignore_ament_install']
[0.354s] Level 1:colcon.colcon_core.package_identification:_identify(src/Position_Controller) by extension 'ignore'
[0.354s] Level 1:colcon.colcon_core.package_identification:_identify(src/Position_Controller) by extension 'ignore_ament_install'
[0.354s] Level 1:colcon.colcon_core.package_identification:_identify(src/Position_Controller) by extensions ['colcon_pkg']
[0.354s] Level 1:colcon.colcon_core.package_identification:_identify(src/Position_Controller) by extension 'colcon_pkg'
[0.354s] Level 1:colcon.colcon_core.package_identification:_identify(src/Position_Controller) by extensions ['colcon_meta']
[0.354s] Level 1:colcon.colcon_core.package_identification:_identify(src/Position_Controller) by extension 'colcon_meta'
[0.354s] Level 1:colcon.colcon_core.package_identification:_identify(src/Position_Controller) by extensions ['ros']
[0.354s] Level 1:colcon.colcon_core.package_identification:_identify(src/Position_Controller) by extension 'ros'
[0.354s] DEBUG:colcon.colcon_core.package_identification:Failed to parse potential ROS package manifest in'src/Position_Controller': Error(s) in package 'src/Position_Controller/package.xml':
The manifest contains invalid XML:
mismatched tag: line 10, column 17
[0.354s] Level 1:colcon.colcon_core.package_identification:_identify(src/Position_Controller) by extensions ['cmake', 'python']
[0.354s] Level 1:colcon.colcon_core.package_identification:_identify(src/Position_Controller) by extension 'cmake'
[0.354s] Level 1:colcon.colcon_core.package_identification:_identify(src/Position_Controller) by extension 'python'
[0.354s] DEBUG:colcon.colcon_core.package_identification:Python package in 'src/Position_Controller' passes arguments to the setup() function which requires a different identification extension than 'python'
[0.354s] Level 1:colcon.colcon_core.package_identification:_identify(src/Position_Controller) by extensions ['python_setup_py']
[0.354s] Level 1:colcon.colcon_core.package_identification:_identify(src/Position_Controller) by extension 'python_setup_py'
[0.613s] DEBUG:colcon.colcon_core.package_identification:Package 'src/Position_Controller' with type 'python' and name 'Position_Controller'
[0.613s] Level 1:colcon.colcon_core.package_identification:_identify(src/Scale_detection) by extensions ['ignore', 'ignore_ament_install']
[0.613s] Level 1:colcon.colcon_core.package_identification:_identify(src/Scale_detection) by extension 'ignore'
[0.613s] Level 1:colcon.colcon_core.package_identification:_identify(src/Scale_detection) by extension 'ignore_ament_install'
[0.613s] Level 1:colcon.colcon_core.package_identification:_identify(src/Scale_detection) by extensions ['colcon_pkg']
[0.613s] Level 1:colcon.colcon_core.package_identification:_identify(src/Scale_detection) by extension 'colcon_pkg'
[0.614s] Level 1:colcon.colcon_core.package_identification:_identify(src/Scale_detection) by extensions ['colcon_meta']
[0.614s] Level 1:colcon.colcon_core.package_identification:_identify(src/Scale_detection) by extension 'colcon_meta'
[0.614s] Level 1:colcon.colcon_core.package_identification:_identify(src/Scale_detection) by extensions ['ros']
[0.614s] Level 1:colcon.colcon_core.package_identification:_identify(src/Scale_detection) by extension 'ros'
[0.615s] DEBUG:colcon.colcon_core.package_identification:Package 'src/Scale_detection' with type 'ros.ament_python' and name 'Scale_detection'
[0.615s] Level 1:colcon.colcon_core.package_identification:_identify(src/Tracker) by extensions ['ignore', 'ignore_ament_install']
[0.615s] Level 1:colcon.colcon_core.package_identification:_identify(src/Tracker) by extension 'ignore'
[0.615s] Level 1:colcon.colcon_core.package_identification:_identify(src/Tracker) by extension 'ignore_ament_install'
[0.615s] Level 1:colcon.colcon_core.package_identification:_identify(src/Tracker) by extensions ['colcon_pkg']
[0.616s] Level 1:colcon.colcon_core.package_identification:_identify(src/Tracker) by extension 'colcon_pkg'
[0.616s] Level 1:colcon.colcon_core.package_identification:_identify(src/Tracker) by extensions ['colcon_meta']
[0.616s] Level 1:colcon.colcon_core.package_identification:_identify(src/Tracker) by extension 'colcon_meta'
[0.616s] Level 1:colcon.colcon_core.package_identification:_identify(src/Tracker) by extensions ['ros']
[0.616s] Level 1:colcon.colcon_core.package_identification:_identify(src/Tracker) by extension 'ros'
[0.616s] DEBUG:colcon.colcon_core.package_identification:Package 'src/Tracker' with type 'ros.ament_python' and name 'Tracker'
[0.616s] Level 1:colcon.colcon_core.package_identification:_identify(src/classification) by extensions ['ignore', 'ignore_ament_install']
[0.616s] Level 1:colcon.colcon_core.package_identification:_identify(src/classification) by extension 'ignore'
[0.616s] Level 1:colcon.colcon_core.package_identification:_identify(src/classification) by extension 'ignore_ament_install'
[0.616s] Level 1:colcon.colcon_core.package_identification:_identify(src/classification) by extensions ['colcon_pkg']
[0.616s] Level 1:colcon.colcon_core.package_identification:_identify(src/classification) by extension 'colcon_pkg'
[0.616s] Level 1:colcon.colcon_core.package_identification:_identify(src/classification) by extensions ['colcon_meta']
[0.616s] Level 1:colcon.colcon_core.package_identification:_identify(src/classification) by extension 'colcon_meta'
[0.616s] Level 1:colcon.colcon_core.package_identification:_identify(src/classification) by extensions ['ros']
[0.616s] Level 1:colcon.colcon_core.package_identification:_identify(src/classification) by extension 'ros'
[0.617s] DEBUG:colcon.colcon_core.package_identification:Package 'src/classification' with type 'ros.ament_python' and name 'classification'
[0.617s] Level 1:colcon.colcon_core.package_identification:_identify(src/ro45_portalrobot_interfaces) by extensions ['ignore', 'ignore_ament_install']
[0.617s] Level 1:colcon.colcon_core.package_identification:_identify(src/ro45_portalrobot_interfaces) by extension 'ignore'
[0.617s] Level 1:colcon.colcon_core.package_identification:_identify(src/ro45_portalrobot_interfaces) by extension 'ignore_ament_install'
[0.617s] Level 1:colcon.colcon_core.package_identification:_identify(src/ro45_portalrobot_interfaces) by extensions ['colcon_pkg']
[0.617s] Level 1:colcon.colcon_core.package_identification:_identify(src/ro45_portalrobot_interfaces) by extension 'colcon_pkg'
[0.617s] Level 1:colcon.colcon_core.package_identification:_identify(src/ro45_portalrobot_interfaces) by extensions ['colcon_meta']
[0.617s] Level 1:colcon.colcon_core.package_identification:_identify(src/ro45_portalrobot_interfaces) by extension 'colcon_meta'
[0.617s] Level 1:colcon.colcon_core.package_identification:_identify(src/ro45_portalrobot_interfaces) by extensions ['ros']
[0.617s] Level 1:colcon.colcon_core.package_identification:_identify(src/ro45_portalrobot_interfaces) by extension 'ros'
[0.617s] DEBUG:colcon.colcon_core.package_identification:Package 'src/ro45_portalrobot_interfaces' with type 'ros.ament_cmake' and name 'ro45_portalrobot_interfaces'
[0.617s] Level 1:colcon.colcon_core.package_discovery:discover_packages(recursive) using defaults
[0.617s] Level 1:colcon.colcon_core.package_discovery:discover_packages(ignore) discover
[0.617s] Level 1:colcon.colcon_core.package_discovery:discover_packages(ignore) using defaults
[0.617s] Level 1:colcon.colcon_core.package_discovery:discover_packages(path) discover
[0.617s] Level 1:colcon.colcon_core.package_discovery:discover_packages(path) using defaults
[0.640s] Level 1:colcon.colcon_core.package_discovery:discover_packages(prefix_path) check parameters
[0.640s] Level 1:colcon.colcon_core.package_discovery:discover_packages(prefix_path) discover
[0.643s] DEBUG:colcon.colcon_installed_package_information.package_discovery:Found 24 installed packages in /home/juntj/ros2_ws/install
[0.644s] DEBUG:colcon.colcon_installed_package_information.package_discovery:Found 7 installed packages in /home/juntj/Robitic_Project3/ros2_workspace/install
[0.645s] DEBUG:colcon.colcon_installed_package_information.package_discovery:Found 270 installed packages in /opt/ros/humble
[0.647s] Level 1:colcon.colcon_core.package_discovery:discover_packages(prefix_path) using defaults
[0.692s] Level 5:colcon.colcon_core.verb:set package 'Classification' build argument 'cmake_args' from command line to 'None'
[0.692s] Level 5:colcon.colcon_core.verb:set package 'Classification' build argument 'cmake_target' from command line to 'None'
[0.692s] Level 5:colcon.colcon_core.verb:set package 'Classification' build argument 'cmake_target_skip_unavailable' from command line to 'False'
[0.692s] Level 5:colcon.colcon_core.verb:set package 'Classification' build argument 'cmake_clean_cache' from command line to 'False'
[0.692s] Level 5:colcon.colcon_core.verb:set package 'Classification' build argument 'cmake_clean_first' from command line to 'False'
[0.692s] Level 5:colcon.colcon_core.verb:set package 'Classification' build argument 'cmake_force_configure' from command line to 'False'
[0.692s] Level 5:colcon.colcon_core.verb:set package 'Classification' build argument 'ament_cmake_args' from command line to 'None'
[0.692s] Level 5:colcon.colcon_core.verb:set package 'Classification' build argument 'catkin_cmake_args' from command line to 'None'
[0.692s] Level 5:colcon.colcon_core.verb:set package 'Classification' build argument 'catkin_skip_building_tests' from command line to 'False'
[0.692s] DEBUG:colcon.colcon_core.verb:Building package 'Classification' with the following arguments: {'ament_cmake_args': None, 'build_base': '/home/juntj/Robitic_Project3/ros2_workspace/build/Classification', 'catkin_cmake_args': None, 'catkin_skip_building_tests': False, 'cmake_args': None, 'cmake_clean_cache': False, 'cmake_clean_first': False, 'cmake_force_configure': False, 'cmake_target': None, 'cmake_target_skip_unavailable': False, 'install_base': '/home/juntj/Robitic_Project3/ros2_workspace/install/Classification', 'merge_install': False, 'path': '/home/juntj/Robitic_Project3/ros2_workspace/src/Classification', 'symlink_install': False, 'test_result_base': None}
[0.693s] Level 5:colcon.colcon_core.verb:set package 'Object_detection' build argument 'cmake_args' from command line to 'None'
[0.693s] Level 5:colcon.colcon_core.verb:set package 'Object_detection' build argument 'cmake_target' from command line to 'None'
[0.693s] Level 5:colcon.colcon_core.verb:set package 'Object_detection' build argument 'cmake_target_skip_unavailable' from command line to 'False'
[0.693s] Level 5:colcon.colcon_core.verb:set package 'Object_detection' build argument 'cmake_clean_cache' from command line to 'False'
[0.693s] Level 5:colcon.colcon_core.verb:set package 'Object_detection' build argument 'cmake_clean_first' from command line to 'False'
[0.693s] Level 5:colcon.colcon_core.verb:set package 'Object_detection' build argument 'cmake_force_configure' from command line to 'False'
[0.693s] Level 5:colcon.colcon_core.verb:set package 'Object_detection' build argument 'ament_cmake_args' from command line to 'None'
[0.693s] Level 5:colcon.colcon_core.verb:set package 'Object_detection' build argument 'catkin_cmake_args' from command line to 'None'
[0.693s] Level 5:colcon.colcon_core.verb:set package 'Object_detection' build argument 'catkin_skip_building_tests' from command line to 'False'
[0.693s] DEBUG:colcon.colcon_core.verb:Building package 'Object_detection' with the following arguments: {'ament_cmake_args': None, 'build_base': '/home/juntj/Robitic_Project3/ros2_workspace/build/Object_detection', 'catkin_cmake_args': None, 'catkin_skip_building_tests': False, 'cmake_args': None, 'cmake_clean_cache': False, 'cmake_clean_first': False, 'cmake_force_configure': False, 'cmake_target': None, 'cmake_target_skip_unavailable': False, 'install_base': '/home/juntj/Robitic_Project3/ros2_workspace/install/Object_detection', 'merge_install': False, 'path': '/home/juntj/Robitic_Project3/ros2_workspace/src/Object_detection', 'symlink_install': False, 'test_result_base': None}
[0.694s] Level 5:colcon.colcon_core.verb:set package 'Position_Controller' build argument 'cmake_args' from command line to 'None'
[0.694s] Level 5:colcon.colcon_core.verb:set package 'Position_Controller' build argument 'cmake_target' from command line to 'None'
[0.694s] Level 5:colcon.colcon_core.verb:set package 'Position_Controller' build argument 'cmake_target_skip_unavailable' from command line to 'False'
[0.694s] Level 5:colcon.colcon_core.verb:set package 'Position_Controller' build argument 'cmake_clean_cache' from command line to 'False'
[0.694s] Level 5:colcon.colcon_core.verb:set package 'Position_Controller' build argument 'cmake_clean_first' from command line to 'False'
[0.694s] Level 5:colcon.colcon_core.verb:set package 'Position_Controller' build argument 'cmake_force_configure' from command line to 'False'
[0.694s] Level 5:colcon.colcon_core.verb:set package 'Position_Controller' build argument 'ament_cmake_args' from command line to 'None'
[0.694s] Level 5:colcon.colcon_core.verb:set package 'Position_Controller' build argument 'catkin_cmake_args' from command line to 'None'
[0.694s] Level 5:colcon.colcon_core.verb:set package 'Position_Controller' build argument 'catkin_skip_building_tests' from command line to 'False'
[0.694s] DEBUG:colcon.colcon_core.verb:Building package 'Position_Controller' with the following arguments: {'ament_cmake_args': None, 'build_base': '/home/juntj/Robitic_Project3/ros2_workspace/build/Position_Controller', 'catkin_cmake_args': None, 'catkin_skip_building_tests': False, 'cmake_args': None, 'cmake_clean_cache': False, 'cmake_clean_first': False, 'cmake_force_configure': False, 'cmake_target': None, 'cmake_target_skip_unavailable': False, 'install_base': '/home/juntj/Robitic_Project3/ros2_workspace/install/Position_Controller', 'merge_install': False, 'path': '/home/juntj/Robitic_Project3/ros2_workspace/src/Position_Controller', 'symlink_install': False, 'test_result_base': None}
[0.695s] Level 5:colcon.colcon_core.verb:set package 'Scale_detection' build argument 'cmake_args' from command line to 'None'
[0.695s] Level 5:colcon.colcon_core.verb:set package 'Scale_detection' build argument 'cmake_target' from command line to 'None'
[0.695s] Level 5:colcon.colcon_core.verb:set package 'Scale_detection' build argument 'cmake_target_skip_unavailable' from command line to 'False'
[0.695s] Level 5:colcon.colcon_core.verb:set package 'Scale_detection' build argument 'cmake_clean_cache' from command line to 'False'
[0.695s] Level 5:colcon.colcon_core.verb:set package 'Scale_detection' build argument 'cmake_clean_first' from command line to 'False'
[0.695s] Level 5:colcon.colcon_core.verb:set package 'Scale_detection' build argument 'cmake_force_configure' from command line to 'False'
[0.695s] Level 5:colcon.colcon_core.verb:set package 'Scale_detection' build argument 'ament_cmake_args' from command line to 'None'
[0.695s] Level 5:colcon.colcon_core.verb:set package 'Scale_detection' build argument 'catkin_cmake_args' from command line to 'None'
[0.695s] Level 5:colcon.colcon_core.verb:set package 'Scale_detection' build argument 'catkin_skip_building_tests' from command line to 'False'
[0.695s] DEBUG:colcon.colcon_core.verb:Building package 'Scale_detection' with the following arguments: {'ament_cmake_args': None, 'build_base': '/home/juntj/Robitic_Project3/ros2_workspace/build/Scale_detection', 'catkin_cmake_args': None, 'catkin_skip_building_tests': False, 'cmake_args': None, 'cmake_clean_cache': False, 'cmake_clean_first': False, 'cmake_force_configure': False, 'cmake_target': None, 'cmake_target_skip_unavailable': False, 'install_base': '/home/juntj/Robitic_Project3/ros2_workspace/install/Scale_detection', 'merge_install': False, 'path': '/home/juntj/Robitic_Project3/ros2_workspace/src/Scale_detection', 'symlink_install': False, 'test_result_base': None}
[0.695s] Level 5:colcon.colcon_core.verb:set package 'Tracker' build argument 'cmake_args' from command line to 'None'
[0.696s] Level 5:colcon.colcon_core.verb:set package 'Tracker' build argument 'cmake_target' from command line to 'None'
[0.696s] Level 5:colcon.colcon_core.verb:set package 'Tracker' build argument 'cmake_target_skip_unavailable' from command line to 'False'
[0.696s] Level 5:colcon.colcon_core.verb:set package 'Tracker' build argument 'cmake_clean_cache' from command line to 'False'
[0.696s] Level 5:colcon.colcon_core.verb:set package 'Tracker' build argument 'cmake_clean_first' from command line to 'False'
[0.696s] Level 5:colcon.colcon_core.verb:set package 'Tracker' build argument 'cmake_force_configure' from command line to 'False'
[0.696s] Level 5:colcon.colcon_core.verb:set package 'Tracker' build argument 'ament_cmake_args' from command line to 'None'
[0.696s] Level 5:colcon.colcon_core.verb:set package 'Tracker' build argument 'catkin_cmake_args' from command line to 'None'
[0.696s] Level 5:colcon.colcon_core.verb:set package 'Tracker' build argument 'catkin_skip_building_tests' from command line to 'False'
[0.696s] DEBUG:colcon.colcon_core.verb:Building package 'Tracker' with the following arguments: {'ament_cmake_args': None, 'build_base': '/home/juntj/Robitic_Project3/ros2_workspace/build/Tracker', 'catkin_cmake_args': None, 'catkin_skip_building_tests': False, 'cmake_args': None, 'cmake_clean_cache': False, 'cmake_clean_first': False, 'cmake_force_configure': False, 'cmake_target': None, 'cmake_target_skip_unavailable': False, 'install_base': '/home/juntj/Robitic_Project3/ros2_workspace/install/Tracker', 'merge_install': False, 'path': '/home/juntj/Robitic_Project3/ros2_workspace/src/Tracker', 'symlink_install': False, 'test_result_base': None}
[0.696s] Level 5:colcon.colcon_core.verb:set package 'classification' build argument 'cmake_args' from command line to 'None'
[0.696s] Level 5:colcon.colcon_core.verb:set package 'classification' build argument 'cmake_target' from command line to 'None'
[0.696s] Level 5:colcon.colcon_core.verb:set package 'classification' build argument 'cmake_target_skip_unavailable' from command line to 'False'
[0.696s] Level 5:colcon.colcon_core.verb:set package 'classification' build argument 'cmake_clean_cache' from command line to 'False'
[0.696s] Level 5:colcon.colcon_core.verb:set package 'classification' build argument 'cmake_clean_first' from command line to 'False'
[0.696s] Level 5:colcon.colcon_core.verb:set package 'classification' build argument 'cmake_force_configure' from command line to 'False'
[0.696s] Level 5:colcon.colcon_core.verb:set package 'classification' build argument 'ament_cmake_args' from command line to 'None'
[0.696s] Level 5:colcon.colcon_core.verb:set package 'classification' build argument 'catkin_cmake_args' from command line to 'None'
[0.697s] Level 5:colcon.colcon_core.verb:set package 'classification' build argument 'catkin_skip_building_tests' from command line to 'False'
[0.697s] DEBUG:colcon.colcon_core.verb:Building package 'classification' with the following arguments: {'ament_cmake_args': None, 'build_base': '/home/juntj/Robitic_Project3/ros2_workspace/build/classification', 'catkin_cmake_args': None, 'catkin_skip_building_tests': False, 'cmake_args': None, 'cmake_clean_cache': False, 'cmake_clean_first': False, 'cmake_force_configure': False, 'cmake_target': None, 'cmake_target_skip_unavailable': False, 'install_base': '/home/juntj/Robitic_Project3/ros2_workspace/install/classification', 'merge_install': False, 'path': '/home/juntj/Robitic_Project3/ros2_workspace/src/classification', 'symlink_install': False, 'test_result_base': None}
[0.697s] Level 5:colcon.colcon_core.verb:set package 'ro45_portalrobot_interfaces' build argument 'cmake_args' from command line to 'None'
[0.697s] Level 5:colcon.colcon_core.verb:set package 'ro45_portalrobot_interfaces' build argument 'cmake_target' from command line to 'None'
[0.697s] Level 5:colcon.colcon_core.verb:set package 'ro45_portalrobot_interfaces' build argument 'cmake_target_skip_unavailable' from command line to 'False'
[0.697s] Level 5:colcon.colcon_core.verb:set package 'ro45_portalrobot_interfaces' build argument 'cmake_clean_cache' from command line to 'False'
[0.697s] Level 5:colcon.colcon_core.verb:set package 'ro45_portalrobot_interfaces' build argument 'cmake_clean_first' from command line to 'False'
[0.697s] Level 5:colcon.colcon_core.verb:set package 'ro45_portalrobot_interfaces' build argument 'cmake_force_configure' from command line to 'False'
[0.697s] Level 5:colcon.colcon_core.verb:set package 'ro45_portalrobot_interfaces' build argument 'ament_cmake_args' from command line to 'None'
[0.697s] Level 5:colcon.colcon_core.verb:set package 'ro45_portalrobot_interfaces' build argument 'catkin_cmake_args' from command line to 'None'
[0.697s] Level 5:colcon.colcon_core.verb:set package 'ro45_portalrobot_interfaces' build argument 'catkin_skip_building_tests' from command line to 'False'
[0.697s] DEBUG:colcon.colcon_core.verb:Building package 'ro45_portalrobot_interfaces' with the following arguments: {'ament_cmake_args': None, 'build_base': '/home/juntj/Robitic_Project3/ros2_workspace/build/ro45_portalrobot_interfaces', 'catkin_cmake_args': None, 'catkin_skip_building_tests': False, 'cmake_args': None, 'cmake_clean_cache': False, 'cmake_clean_first': False, 'cmake_force_configure': False, 'cmake_target': None, 'cmake_target_skip_unavailable': False, 'install_base': '/home/juntj/Robitic_Project3/ros2_workspace/install/ro45_portalrobot_interfaces', 'merge_install': False, 'path': '/home/juntj/Robitic_Project3/ros2_workspace/src/ro45_portalrobot_interfaces', 'symlink_install': False, 'test_result_base': None}
[0.698s] INFO:colcon.colcon_core.executor:Executing jobs using 'parallel' executor
[0.701s] DEBUG:colcon.colcon_parallel_executor.executor.parallel:run_until_complete
[0.701s] INFO:colcon.colcon_ros.task.ament_python.build:Building ROS package in '/home/juntj/Robitic_Project3/ros2_workspace/src/Classification' with build type 'ament_python'
[0.701s] Level 1:colcon.colcon_core.shell:create_environment_hook('Classification', 'ament_prefix_path')
[0.706s] INFO:colcon.colcon_core.plugin_system:Skipping extension 'colcon_core.shell.bat': Not used on non-Windows systems
[0.706s] INFO:colcon.colcon_core.shell:Creating environment hook '/home/juntj/Robitic_Project3/ros2_workspace/install/Classification/share/Classification/hook/ament_prefix_path.ps1'
[0.707s] INFO:colcon.colcon_core.shell:Creating environment descriptor '/home/juntj/Robitic_Project3/ros2_workspace/install/Classification/share/Classification/hook/ament_prefix_path.dsv'
[0.707s] INFO:colcon.colcon_core.shell:Creating environment hook '/home/juntj/Robitic_Project3/ros2_workspace/install/Classification/share/Classification/hook/ament_prefix_path.sh'
[0.709s] INFO:colcon.colcon_core.shell:Skip shell extension 'powershell' for command environment: Not usable outside of PowerShell
[0.709s] DEBUG:colcon.colcon_core.shell:Skip shell extension 'dsv' for command environment
[0.714s] INFO:colcon.colcon_ros.task.ament_python.build:Building ROS package in '/home/juntj/Robitic_Project3/ros2_workspace/src/Object_detection' with build type 'ament_python'
[0.715s] Level 1:colcon.colcon_core.shell:create_environment_hook('Object_detection', 'ament_prefix_path')
[0.716s] INFO:colcon.colcon_core.shell:Creating environment hook '/home/juntj/Robitic_Project3/ros2_workspace/install/Object_detection/share/Object_detection/hook/ament_prefix_path.ps1'
[0.717s] INFO:colcon.colcon_core.shell:Creating environment descriptor '/home/juntj/Robitic_Project3/ros2_workspace/install/Object_detection/share/Object_detection/hook/ament_prefix_path.dsv'
[0.717s] INFO:colcon.colcon_core.shell:Creating environment hook '/home/juntj/Robitic_Project3/ros2_workspace/install/Object_detection/share/Object_detection/hook/ament_prefix_path.sh'
[0.718s] INFO:colcon.colcon_core.shell:Skip shell extension 'powershell' for command environment: Not usable outside of PowerShell
[0.718s] DEBUG:colcon.colcon_core.shell:Skip shell extension 'dsv' for command environment
[0.724s] INFO:colcon.colcon_core.task.python.build:Building Python package in '/home/juntj/Robitic_Project3/ros2_workspace/src/Position_Controller'
[0.725s] INFO:colcon.colcon_core.shell:Skip shell extension 'powershell' for command environment: Not usable outside of PowerShell
[0.726s] DEBUG:colcon.colcon_core.shell:Skip shell extension 'dsv' for command environment
[0.733s] INFO:colcon.colcon_ros.task.ament_python.build:Building ROS package in '/home/juntj/Robitic_Project3/ros2_workspace/src/Scale_detection' with build type 'ament_python'
[0.733s] Level 1:colcon.colcon_core.shell:create_environment_hook('Scale_detection', 'ament_prefix_path')
[0.735s] INFO:colcon.colcon_core.shell:Creating environment hook '/home/juntj/Robitic_Project3/ros2_workspace/install/Scale_detection/share/Scale_detection/hook/ament_prefix_path.ps1'
[0.736s] INFO:colcon.colcon_core.shell:Creating environment descriptor '/home/juntj/Robitic_Project3/ros2_workspace/install/Scale_detection/share/Scale_detection/hook/ament_prefix_path.dsv'
[0.736s] INFO:colcon.colcon_core.shell:Creating environment hook '/home/juntj/Robitic_Project3/ros2_workspace/install/Scale_detection/share/Scale_detection/hook/ament_prefix_path.sh'
[0.737s] INFO:colcon.colcon_core.shell:Skip shell extension 'powershell' for command environment: Not usable outside of PowerShell
[0.737s] DEBUG:colcon.colcon_core.shell:Skip shell extension 'dsv' for command environment
[0.743s] INFO:colcon.colcon_ros.task.ament_python.build:Building ROS package in '/home/juntj/Robitic_Project3/ros2_workspace/src/Tracker' with build type 'ament_python'
[0.743s] Level 1:colcon.colcon_core.shell:create_environment_hook('Tracker', 'ament_prefix_path')
[0.745s] INFO:colcon.colcon_core.shell:Creating environment hook '/home/juntj/Robitic_Project3/ros2_workspace/install/Tracker/share/Tracker/hook/ament_prefix_path.ps1'
[0.745s] INFO:colcon.colcon_core.shell:Creating environment descriptor '/home/juntj/Robitic_Project3/ros2_workspace/install/Tracker/share/Tracker/hook/ament_prefix_path.dsv'
[0.746s] INFO:colcon.colcon_core.shell:Creating environment hook '/home/juntj/Robitic_Project3/ros2_workspace/install/Tracker/share/Tracker/hook/ament_prefix_path.sh'
[0.747s] INFO:colcon.colcon_core.shell:Skip shell extension 'powershell' for command environment: Not usable outside of PowerShell
[0.747s] DEBUG:colcon.colcon_core.shell:Skip shell extension 'dsv' for command environment
[0.753s] INFO:colcon.colcon_ros.task.ament_python.build:Building ROS package in '/home/juntj/Robitic_Project3/ros2_workspace/src/classification' with build type 'ament_python'
[0.753s] Level 1:colcon.colcon_core.shell:create_environment_hook('classification', 'ament_prefix_path')
[0.755s] INFO:colcon.colcon_core.shell:Creating environment hook '/home/juntj/Robitic_Project3/ros2_workspace/install/classification/share/classification/hook/ament_prefix_path.ps1'
[0.755s] INFO:colcon.colcon_core.shell:Creating environment descriptor '/home/juntj/Robitic_Project3/ros2_workspace/install/classification/share/classification/hook/ament_prefix_path.dsv'
[0.756s] INFO:colcon.colcon_core.shell:Creating environment hook '/home/juntj/Robitic_Project3/ros2_workspace/install/classification/share/classification/hook/ament_prefix_path.sh'
[0.757s] INFO:colcon.colcon_core.shell:Skip shell extension 'powershell' for command environment: Not usable outside of PowerShell
[0.757s] DEBUG:colcon.colcon_core.shell:Skip shell extension 'dsv' for command environment
[0.763s] INFO:colcon.colcon_ros.task.ament_cmake.build:Building ROS package in '/home/juntj/Robitic_Project3/ros2_workspace/src/ro45_portalrobot_interfaces' with build type 'ament_cmake'
[0.763s] INFO:colcon.colcon_cmake.task.cmake.build:Building CMake package in '/home/juntj/Robitic_Project3/ros2_workspace/src/ro45_portalrobot_interfaces'
[0.764s] INFO:colcon.colcon_core.shell:Skip shell extension 'powershell' for command environment: Not usable outside of PowerShell
[0.764s] DEBUG:colcon.colcon_core.shell:Skip shell extension 'dsv' for command environment
[1.051s] INFO:colcon.colcon_core.task.python.build:Building Python package in '/home/juntj/Robitic_Project3/ros2_workspace/src/Classification'
[1.053s] INFO:colcon.colcon_core.shell:Skip shell extension 'powershell' for command environment: Not usable outside of PowerShell
[1.053s] DEBUG:colcon.colcon_core.shell:Skip shell extension 'dsv' for command environment
[1.322s] INFO:colcon.colcon_core.task.python.build:Building Python package in '/home/juntj/Robitic_Project3/ros2_workspace/src/Object_detection'
[1.325s] INFO:colcon.colcon_core.shell:Skip shell extension 'powershell' for command environment: Not usable outside of PowerShell
[1.325s] DEBUG:colcon.colcon_core.shell:Skip shell extension 'dsv' for command environment
[1.881s] INFO:colcon.colcon_core.task.python.build:Building Python package in '/home/juntj/Robitic_Project3/ros2_workspace/src/Scale_detection'
[1.884s] INFO:colcon.colcon_core.shell:Skip shell extension 'powershell' for command environment: Not usable outside of PowerShell
[1.884s] DEBUG:colcon.colcon_core.shell:Skip shell extension 'dsv' for command environment
[2.175s] INFO:colcon.colcon_core.task.python.build:Building Python package in '/home/juntj/Robitic_Project3/ros2_workspace/src/Tracker'
[2.177s] INFO:colcon.colcon_core.shell:Skip shell extension 'powershell' for command environment: Not usable outside of PowerShell
[2.177s] DEBUG:colcon.colcon_core.shell:Skip shell extension 'dsv' for command environment
[2.436s] INFO:colcon.colcon_core.task.python.build:Building Python package in '/home/juntj/Robitic_Project3/ros2_workspace/src/classification'
[2.439s] INFO:colcon.colcon_core.shell:Skip shell extension 'powershell' for command environment: Not usable outside of PowerShell
[2.439s] DEBUG:colcon.colcon_core.shell:Skip shell extension 'dsv' for command environment
[2.462s] DEBUG:colcon.colcon_core.event_handler.log_command:Invoking command in '/home/juntj/Robitic_Project3/ros2_workspace/build/ro45_portalrobot_interfaces': CMAKE_PREFIX_PATH=${CMAKE_PREFIX_PATH}:/home/juntj/Robitic_Project3/ros2_workspace/install/classification:/home/juntj/Robitic_Project3/ros2_workspace/install/Tracker:/home/juntj/Robitic_Project3/ros2_workspace/install/Scale_detection:/home/juntj/Robitic_Project3/ros2_workspace/install/Object_detection:/home/juntj/Robitic_Project3/ros2_workspace/install/Classification:/home/juntj/ros2_ws/install/launch_testing_examples:/home/juntj/ros2_ws/install/examples_rclpy_pointcloud_publisher:/home/juntj/ros2_ws/install/examples_rclpy_minimal_subscriber:/home/juntj/ros2_ws/install/examples_rclpy_minimal_service:/home/juntj/ros2_ws/install/examples_rclpy_minimal_publisher:/home/juntj/ros2_ws/install/examples_rclpy_minimal_client:/home/juntj/ros2_ws/install/examples_rclpy_minimal_action_server:/home/juntj/ros2_ws/install/examples_rclpy_minimal_action_client:/home/juntj/ros2_ws/install/examples_rclpy_guard_conditions:/home/juntj/ros2_ws/install/examples_rclpy_executors:/opt/ros/humble /usr/bin/cmake --build /home/juntj/Robitic_Project3/ros2_workspace/build/ro45_portalrobot_interfaces -- -j16 -l16
[2.473s] DEBUG:colcon.colcon_core.event_handler.log_command:Invoking command in '/home/juntj/Robitic_Project3/ros2_workspace/build/Position_Controller': PYTHONPATH=/home/juntj/Robitic_Project3/ros2_workspace/build/Position_Controller/prefix_override:/home/juntj/Robitic_Project3/ros2_workspace/install/Position_Controller/lib/python3.10/site-packages:${PYTHONPATH} /usr/bin/python3 setup.py develop --uninstall --editable --build-directory /home/juntj/Robitic_Project3/ros2_workspace/build/Position_Controller/build
[2.933s] DEBUG:colcon.colcon_core.event_handler.log_command:Invoked command in '/home/juntj/Robitic_Project3/ros2_workspace/build/ro45_portalrobot_interfaces' returned '0': CMAKE_PREFIX_PATH=${CMAKE_PREFIX_PATH}:/home/juntj/Robitic_Project3/ros2_workspace/install/classification:/home/juntj/Robitic_Project3/ros2_workspace/install/Tracker:/home/juntj/Robitic_Project3/ros2_workspace/install/Scale_detection:/home/juntj/Robitic_Project3/ros2_workspace/install/Object_detection:/home/juntj/Robitic_Project3/ros2_workspace/install/Classification:/home/juntj/ros2_ws/install/launch_testing_examples:/home/juntj/ros2_ws/install/examples_rclpy_pointcloud_publisher:/home/juntj/ros2_ws/install/examples_rclpy_minimal_subscriber:/home/juntj/ros2_ws/install/examples_rclpy_minimal_service:/home/juntj/ros2_ws/install/examples_rclpy_minimal_publisher:/home/juntj/ros2_ws/install/examples_rclpy_minimal_client:/home/juntj/ros2_ws/install/examples_rclpy_minimal_action_server:/home/juntj/ros2_ws/install/examples_rclpy_minimal_action_client:/home/juntj/ros2_ws/install/examples_rclpy_guard_conditions:/home/juntj/ros2_ws/install/examples_rclpy_executors:/opt/ros/humble /usr/bin/cmake --build /home/juntj/Robitic_Project3/ros2_workspace/build/ro45_portalrobot_interfaces -- -j16 -l16
[2.939s] DEBUG:colcon.colcon_core.event_handler.log_command:Invoking command in '/home/juntj/Robitic_Project3/ros2_workspace/build/Object_detection': PYTHONPATH=/home/juntj/Robitic_Project3/ros2_workspace/build/Object_detection/prefix_override:/home/juntj/Robitic_Project3/ros2_workspace/install/Object_detection/lib/python3.10/site-packages:${PYTHONPATH} /usr/bin/python3 setup.py develop --uninstall --editable --build-directory /home/juntj/Robitic_Project3/ros2_workspace/build/Object_detection/build
[2.949s] DEBUG:colcon.colcon_core.event_handler.log_command:Invoking command in '/home/juntj/Robitic_Project3/ros2_workspace/build/Classification': PYTHONPATH=/home/juntj/Robitic_Project3/ros2_workspace/build/Classification/prefix_override:/home/juntj/Robitic_Project3/ros2_workspace/install/Classification/lib/python3.10/site-packages:${PYTHONPATH} /usr/bin/python3 setup.py develop --uninstall --editable --build-directory /home/juntj/Robitic_Project3/ros2_workspace/build/Classification/build
[2.955s] DEBUG:colcon.colcon_core.event_handler.log_command:Invoking command in '/home/juntj/Robitic_Project3/ros2_workspace/build/Scale_detection': PYTHONPATH=/home/juntj/Robitic_Project3/ros2_workspace/build/Scale_detection/prefix_override:/home/juntj/Robitic_Project3/ros2_workspace/install/Scale_detection/lib/python3.10/site-packages:${PYTHONPATH} /usr/bin/python3 setup.py develop --uninstall --editable --build-directory /home/juntj/Robitic_Project3/ros2_workspace/build/Scale_detection/build
[2.964s] DEBUG:colcon.colcon_core.event_handler.log_command:Invoking command in '/home/juntj/Robitic_Project3/ros2_workspace/build/Tracker': PYTHONPATH=/home/juntj/Robitic_Project3/ros2_workspace/build/Tracker/prefix_override:/home/juntj/Robitic_Project3/ros2_workspace/install/Tracker/lib/python3.10/site-packages:${PYTHONPATH} /usr/bin/python3 setup.py develop --uninstall --editable --build-directory /home/juntj/Robitic_Project3/ros2_workspace/build/Tracker/build
[2.968s] DEBUG:colcon.colcon_core.event_handler.log_command:Invoking command in '/home/juntj/Robitic_Project3/ros2_workspace/build/classification': PYTHONPATH=/home/juntj/Robitic_Project3/ros2_workspace/build/classification/prefix_override:/home/juntj/Robitic_Project3/ros2_workspace/install/classification/lib/python3.10/site-packages:${PYTHONPATH} /usr/bin/python3 setup.py develop --uninstall --editable --build-directory /home/juntj/Robitic_Project3/ros2_workspace/build/classification/build
[3.035s] DEBUG:colcon.colcon_core.event_handler.log_command:Invoking command in '/home/juntj/Robitic_Project3/ros2_workspace/build/ro45_portalrobot_interfaces': CMAKE_PREFIX_PATH=${CMAKE_PREFIX_PATH}:/home/juntj/Robitic_Project3/ros2_workspace/install/classification:/home/juntj/Robitic_Project3/ros2_workspace/install/Tracker:/home/juntj/Robitic_Project3/ros2_workspace/install/Scale_detection:/home/juntj/Robitic_Project3/ros2_workspace/install/Object_detection:/home/juntj/Robitic_Project3/ros2_workspace/install/Classification:/home/juntj/ros2_ws/install/launch_testing_examples:/home/juntj/ros2_ws/install/examples_rclpy_pointcloud_publisher:/home/juntj/ros2_ws/install/examples_rclpy_minimal_subscriber:/home/juntj/ros2_ws/install/examples_rclpy_minimal_service:/home/juntj/ros2_ws/install/examples_rclpy_minimal_publisher:/home/juntj/ros2_ws/install/examples_rclpy_minimal_client:/home/juntj/ros2_ws/install/examples_rclpy_minimal_action_server:/home/juntj/ros2_ws/install/examples_rclpy_minimal_action_client:/home/juntj/ros2_ws/install/examples_rclpy_guard_conditions:/home/juntj/ros2_ws/install/examples_rclpy_executors:/opt/ros/humble /usr/bin/cmake --install /home/juntj/Robitic_Project3/ros2_workspace/build/ro45_portalrobot_interfaces
[3.082s] DEBUG:colcon.colcon_core.event_handler.log_command:Invoked command in '/home/juntj/Robitic_Project3/ros2_workspace/build/Position_Controller' returned '0': PYTHONPATH=/home/juntj/Robitic_Project3/ros2_workspace/build/Position_Controller/prefix_override:/home/juntj/Robitic_Project3/ros2_workspace/install/Position_Controller/lib/python3.10/site-packages:${PYTHONPATH} /usr/bin/python3 setup.py develop --uninstall --editable --build-directory /home/juntj/Robitic_Project3/ros2_workspace/build/Position_Controller/build
[3.083s] DEBUG:colcon.colcon_core.event_handler.log_command:Invoking command in '/home/juntj/Robitic_Project3/ros2_workspace/src/Position_Controller': PYTHONPATH=/home/juntj/Robitic_Project3/ros2_workspace/build/Position_Controller/prefix_override:/home/juntj/Robitic_Project3/ros2_workspace/install/Position_Controller/lib/python3.10/site-packages:${PYTHONPATH} /usr/bin/python3 setup.py egg_info --egg-base ../../build/Position_Controller build --build-base /home/juntj/Robitic_Project3/ros2_workspace/build/Position_Controller/build install --record /home/juntj/Robitic_Project3/ros2_workspace/build/Position_Controller/install.log --single-version-externally-managed
[3.116s] Level 1:colcon.colcon_core.environment:create_environment_scripts_only(ro45_portalrobot_interfaces)
[3.118s] DEBUG:colcon.colcon_core.event_handler.log_command:Invoked command in '/home/juntj/Robitic_Project3/ros2_workspace/build/ro45_portalrobot_interfaces' returned '0': CMAKE_PREFIX_PATH=${CMAKE_PREFIX_PATH}:/home/juntj/Robitic_Project3/ros2_workspace/install/classification:/home/juntj/Robitic_Project3/ros2_workspace/install/Tracker:/home/juntj/Robitic_Project3/ros2_workspace/install/Scale_detection:/home/juntj/Robitic_Project3/ros2_workspace/install/Object_detection:/home/juntj/Robitic_Project3/ros2_workspace/install/Classification:/home/juntj/ros2_ws/install/launch_testing_examples:/home/juntj/ros2_ws/install/examples_rclpy_pointcloud_publisher:/home/juntj/ros2_ws/install/examples_rclpy_minimal_subscriber:/home/juntj/ros2_ws/install/examples_rclpy_minimal_service:/home/juntj/ros2_ws/install/examples_rclpy_minimal_publisher:/home/juntj/ros2_ws/install/examples_rclpy_minimal_client:/home/juntj/ros2_ws/install/examples_rclpy_minimal_action_server:/home/juntj/ros2_ws/install/examples_rclpy_minimal_action_client:/home/juntj/ros2_ws/install/examples_rclpy_guard_conditions:/home/juntj/ros2_ws/install/examples_rclpy_executors:/opt/ros/humble /usr/bin/cmake --install /home/juntj/Robitic_Project3/ros2_workspace/build/ro45_portalrobot_interfaces
[3.124s] Level 1:colcon.colcon_core.environment:checking '/home/juntj/Robitic_Project3/ros2_workspace/install/ro45_portalrobot_interfaces' for CMake module files
[3.125s] Level 1:colcon.colcon_core.environment:checking '/home/juntj/Robitic_Project3/ros2_workspace/install/ro45_portalrobot_interfaces' for CMake config files
[3.127s] Level 1:colcon.colcon_core.shell:create_environment_hook('ro45_portalrobot_interfaces', 'cmake_prefix_path')
[3.129s] INFO:colcon.colcon_core.shell:Creating environment hook '/home/juntj/Robitic_Project3/ros2_workspace/install/ro45_portalrobot_interfaces/share/ro45_portalrobot_interfaces/hook/cmake_prefix_path.ps1'
[3.130s] INFO:colcon.colcon_core.shell:Creating environment descriptor '/home/juntj/Robitic_Project3/ros2_workspace/install/ro45_portalrobot_interfaces/share/ro45_portalrobot_interfaces/hook/cmake_prefix_path.dsv'
[3.130s] INFO:colcon.colcon_core.shell:Creating environment hook '/home/juntj/Robitic_Project3/ros2_workspace/install/ro45_portalrobot_interfaces/share/ro45_portalrobot_interfaces/hook/cmake_prefix_path.sh'
[3.131s] Level 1:colcon.colcon_core.environment:checking '/home/juntj/Robitic_Project3/ros2_workspace/install/ro45_portalrobot_interfaces/lib'
[3.132s] Level 1:colcon.colcon_core.shell:create_environment_hook('ro45_portalrobot_interfaces', 'ld_library_path_lib')
[3.134s] INFO:colcon.colcon_core.shell:Creating environment hook '/home/juntj/Robitic_Project3/ros2_workspace/install/ro45_portalrobot_interfaces/share/ro45_portalrobot_interfaces/hook/ld_library_path_lib.ps1'
[3.134s] INFO:colcon.colcon_core.shell:Creating environment descriptor '/home/juntj/Robitic_Project3/ros2_workspace/install/ro45_portalrobot_interfaces/share/ro45_portalrobot_interfaces/hook/ld_library_path_lib.dsv'
[3.135s] INFO:colcon.colcon_core.shell:Creating environment hook '/home/juntj/Robitic_Project3/ros2_workspace/install/ro45_portalrobot_interfaces/share/ro45_portalrobot_interfaces/hook/ld_library_path_lib.sh'
[3.136s] Level 1:colcon.colcon_core.environment:checking '/home/juntj/Robitic_Project3/ros2_workspace/install/ro45_portalrobot_interfaces/bin'
[3.136s] Level 1:colcon.colcon_core.environment:checking '/home/juntj/Robitic_Project3/ros2_workspace/install/ro45_portalrobot_interfaces/lib/pkgconfig/ro45_portalrobot_interfaces.pc'
[3.136s] Level 1:colcon.colcon_core.environment:checking '/home/juntj/Robitic_Project3/ros2_workspace/install/ro45_portalrobot_interfaces/lib/python3.10/site-packages'
[3.136s] Level 1:colcon.colcon_core.environment:checking '/home/juntj/Robitic_Project3/ros2_workspace/install/ro45_portalrobot_interfaces/bin'
[3.139s] INFO:colcon.colcon_core.shell:Creating package script '/home/juntj/Robitic_Project3/ros2_workspace/install/ro45_portalrobot_interfaces/share/ro45_portalrobot_interfaces/package.ps1'
[3.140s] INFO:colcon.colcon_core.shell:Creating package descriptor '/home/juntj/Robitic_Project3/ros2_workspace/install/ro45_portalrobot_interfaces/share/ro45_portalrobot_interfaces/package.dsv'
[3.141s] INFO:colcon.colcon_core.shell:Creating package script '/home/juntj/Robitic_Project3/ros2_workspace/install/ro45_portalrobot_interfaces/share/ro45_portalrobot_interfaces/package.sh'
[3.142s] INFO:colcon.colcon_core.shell:Creating package script '/home/juntj/Robitic_Project3/ros2_workspace/install/ro45_portalrobot_interfaces/share/ro45_portalrobot_interfaces/package.bash'
[3.143s] INFO:colcon.colcon_core.shell:Creating package script '/home/juntj/Robitic_Project3/ros2_workspace/install/ro45_portalrobot_interfaces/share/ro45_portalrobot_interfaces/package.zsh'
[3.144s] Level 1:colcon.colcon_core.environment:create_file_with_runtime_dependencies(/home/juntj/Robitic_Project3/ros2_workspace/install/ro45_portalrobot_interfaces/share/colcon-core/packages/ro45_portalrobot_interfaces)
[3.233s] Level 1:colcon.colcon_core.environment:create_environment_scripts_only(ro45_portalrobot_interfaces)
[3.236s] Level 1:colcon.colcon_core.environment:checking '/home/juntj/Robitic_Project3/ros2_workspace/install/ro45_portalrobot_interfaces' for CMake module files
[3.237s] Level 1:colcon.colcon_core.environment:checking '/home/juntj/Robitic_Project3/ros2_workspace/install/ro45_portalrobot_interfaces' for CMake config files
[3.238s] Level 1:colcon.colcon_core.shell:create_environment_hook('ro45_portalrobot_interfaces', 'cmake_prefix_path')
[3.241s] INFO:colcon.colcon_core.shell:Creating environment hook '/home/juntj/Robitic_Project3/ros2_workspace/install/ro45_portalrobot_interfaces/share/ro45_portalrobot_interfaces/hook/cmake_prefix_path.ps1'
[3.241s] INFO:colcon.colcon_core.shell:Creating environment descriptor '/home/juntj/Robitic_Project3/ros2_workspace/install/ro45_portalrobot_interfaces/share/ro45_portalrobot_interfaces/hook/cmake_prefix_path.dsv'
[3.242s] INFO:colcon.colcon_core.shell:Creating environment hook '/home/juntj/Robitic_Project3/ros2_workspace/install/ro45_portalrobot_interfaces/share/ro45_portalrobot_interfaces/hook/cmake_prefix_path.sh'
[3.243s] Level 1:colcon.colcon_core.environment:checking '/home/juntj/Robitic_Project3/ros2_workspace/install/ro45_portalrobot_interfaces/lib'
[3.243s] Level 1:colcon.colcon_core.shell:create_environment_hook('ro45_portalrobot_interfaces', 'ld_library_path_lib')
[3.245s] INFO:colcon.colcon_core.shell:Creating environment hook '/home/juntj/Robitic_Project3/ros2_workspace/install/ro45_portalrobot_interfaces/share/ro45_portalrobot_interfaces/hook/ld_library_path_lib.ps1'
[3.246s] INFO:colcon.colcon_core.shell:Creating environment descriptor '/home/juntj/Robitic_Project3/ros2_workspace/install/ro45_portalrobot_interfaces/share/ro45_portalrobot_interfaces/hook/ld_library_path_lib.dsv'
[3.246s] INFO:colcon.colcon_core.shell:Creating environment hook '/home/juntj/Robitic_Project3/ros2_workspace/install/ro45_portalrobot_interfaces/share/ro45_portalrobot_interfaces/hook/ld_library_path_lib.sh'
[3.247s] Level 1:colcon.colcon_core.environment:checking '/home/juntj/Robitic_Project3/ros2_workspace/install/ro45_portalrobot_interfaces/bin'
[3.247s] Level 1:colcon.colcon_core.environment:checking '/home/juntj/Robitic_Project3/ros2_workspace/install/ro45_portalrobot_interfaces/lib/pkgconfig/ro45_portalrobot_interfaces.pc'
[3.247s] Level 1:colcon.colcon_core.environment:checking '/home/juntj/Robitic_Project3/ros2_workspace/install/ro45_portalrobot_interfaces/lib/python3.10/site-packages'
[3.248s] Level 1:colcon.colcon_core.environment:checking '/home/juntj/Robitic_Project3/ros2_workspace/install/ro45_portalrobot_interfaces/bin'
[3.250s] INFO:colcon.colcon_core.shell:Creating package script '/home/juntj/Robitic_Project3/ros2_workspace/install/ro45_portalrobot_interfaces/share/ro45_portalrobot_interfaces/package.ps1'
[3.251s] INFO:colcon.colcon_core.shell:Creating package descriptor '/home/juntj/Robitic_Project3/ros2_workspace/install/ro45_portalrobot_interfaces/share/ro45_portalrobot_interfaces/package.dsv'
[3.252s] INFO:colcon.colcon_core.shell:Creating package script '/home/juntj/Robitic_Project3/ros2_workspace/install/ro45_portalrobot_interfaces/share/ro45_portalrobot_interfaces/package.sh'
[3.253s] INFO:colcon.colcon_core.shell:Creating package script '/home/juntj/Robitic_Project3/ros2_workspace/install/ro45_portalrobot_interfaces/share/ro45_portalrobot_interfaces/package.bash'
[3.254s] INFO:colcon.colcon_core.shell:Creating package script '/home/juntj/Robitic_Project3/ros2_workspace/install/ro45_portalrobot_interfaces/share/ro45_portalrobot_interfaces/package.zsh'
[3.254s] Level 1:colcon.colcon_core.environment:create_file_with_runtime_dependencies(/home/juntj/Robitic_Project3/ros2_workspace/install/ro45_portalrobot_interfaces/share/colcon-core/packages/ro45_portalrobot_interfaces)
[3.447s] Level 1:colcon.colcon_core.environment:checking '/home/juntj/Robitic_Project3/ros2_workspace/install/Position_Controller' for CMake module files
[3.448s] DEBUG:colcon.colcon_core.event_handler.log_command:Invoked command in '/home/juntj/Robitic_Project3/ros2_workspace/src/Position_Controller' returned '0': PYTHONPATH=/home/juntj/Robitic_Project3/ros2_workspace/build/Position_Controller/prefix_override:/home/juntj/Robitic_Project3/ros2_workspace/install/Position_Controller/lib/python3.10/site-packages:${PYTHONPATH} /usr/bin/python3 setup.py egg_info --egg-base ../../build/Position_Controller build --build-base /home/juntj/Robitic_Project3/ros2_workspace/build/Position_Controller/build install --record /home/juntj/Robitic_Project3/ros2_workspace/build/Position_Controller/install.log --single-version-externally-managed
[3.449s] Level 1:colcon.colcon_core.environment:checking '/home/juntj/Robitic_Project3/ros2_workspace/install/Position_Controller' for CMake config files
[3.450s] Level 1:colcon.colcon_core.environment:checking '/home/juntj/Robitic_Project3/ros2_workspace/install/Position_Controller/lib'
[3.450s] Level 1:colcon.colcon_core.environment:checking '/home/juntj/Robitic_Project3/ros2_workspace/install/Position_Controller/bin'
[3.450s] Level 1:colcon.colcon_core.environment:checking '/home/juntj/Robitic_Project3/ros2_workspace/install/Position_Controller/lib/pkgconfig/Position_Controller.pc'
[3.450s] Level 1:colcon.colcon_core.environment:checking '/home/juntj/Robitic_Project3/ros2_workspace/install/Position_Controller/lib/python3.10/site-packages'
[3.450s] Level 1:colcon.colcon_core.shell:create_environment_hook('Position_Controller', 'pythonpath')
[3.453s] INFO:colcon.colcon_core.shell:Creating environment hook '/home/juntj/Robitic_Project3/ros2_workspace/install/Position_Controller/share/Position_Controller/hook/pythonpath.ps1'
[3.453s] INFO:colcon.colcon_core.shell:Creating environment descriptor '/home/juntj/Robitic_Project3/ros2_workspace/install/Position_Controller/share/Position_Controller/hook/pythonpath.dsv'
[3.454s] INFO:colcon.colcon_core.shell:Creating environment hook '/home/juntj/Robitic_Project3/ros2_workspace/install/Position_Controller/share/Position_Controller/hook/pythonpath.sh'
[3.455s] Level 1:colcon.colcon_core.environment:checking '/home/juntj/Robitic_Project3/ros2_workspace/install/Position_Controller/bin'
[3.455s] Level 1:colcon.colcon_core.environment:create_environment_scripts_only(Position_Controller)
[3.457s] INFO:colcon.colcon_core.shell:Creating package script '/home/juntj/Robitic_Project3/ros2_workspace/install/Position_Controller/share/Position_Controller/package.ps1'
[3.458s] INFO:colcon.colcon_core.shell:Creating package descriptor '/home/juntj/Robitic_Project3/ros2_workspace/install/Position_Controller/share/Position_Controller/package.dsv'
[3.458s] INFO:colcon.colcon_core.shell:Creating package script '/home/juntj/Robitic_Project3/ros2_workspace/install/Position_Controller/share/Position_Controller/package.sh'
[3.459s] INFO:colcon.colcon_core.shell:Creating package script '/home/juntj/Robitic_Project3/ros2_workspace/install/Position_Controller/share/Position_Controller/package.bash'
[3.459s] INFO:colcon.colcon_core.shell:Creating package script '/home/juntj/Robitic_Project3/ros2_workspace/install/Position_Controller/share/Position_Controller/package.zsh'
[3.460s] Level 1:colcon.colcon_core.environment:create_file_with_runtime_dependencies(/home/juntj/Robitic_Project3/ros2_workspace/install/Position_Controller/share/colcon-core/packages/Position_Controller)
[3.534s] DEBUG:colcon.colcon_core.event_handler.log_command:Invoked command in '/home/juntj/Robitic_Project3/ros2_workspace/build/Classification' returned '0': PYTHONPATH=/home/juntj/Robitic_Project3/ros2_workspace/build/Classification/prefix_override:/home/juntj/Robitic_Project3/ros2_workspace/install/Classification/lib/python3.10/site-packages:${PYTHONPATH} /usr/bin/python3 setup.py develop --uninstall --editable --build-directory /home/juntj/Robitic_Project3/ros2_workspace/build/Classification/build
[3.535s] DEBUG:colcon.colcon_core.event_handler.log_command:Invoking command in '/home/juntj/Robitic_Project3/ros2_workspace/src/Classification': PYTHONPATH=/home/juntj/Robitic_Project3/ros2_workspace/build/Classification/prefix_override:/home/juntj/Robitic_Project3/ros2_workspace/install/Classification/lib/python3.10/site-packages:${PYTHONPATH} /usr/bin/python3 setup.py egg_info --egg-base ../../build/Classification build --build-base /home/juntj/Robitic_Project3/ros2_workspace/build/Classification/build install --record /home/juntj/Robitic_Project3/ros2_workspace/build/Classification/install.log --single-version-externally-managed
[3.536s] DEBUG:colcon.colcon_core.event_handler.log_command:Invoked command in '/home/juntj/Robitic_Project3/ros2_workspace/build/Object_detection' returned '0': PYTHONPATH=/home/juntj/Robitic_Project3/ros2_workspace/build/Object_detection/prefix_override:/home/juntj/Robitic_Project3/ros2_workspace/install/Object_detection/lib/python3.10/site-packages:${PYTHONPATH} /usr/bin/python3 setup.py develop --uninstall --editable --build-directory /home/juntj/Robitic_Project3/ros2_workspace/build/Object_detection/build
[3.538s] DEBUG:colcon.colcon_core.event_handler.log_command:Invoking command in '/home/juntj/Robitic_Project3/ros2_workspace/src/Object_detection': PYTHONPATH=/home/juntj/Robitic_Project3/ros2_workspace/build/Object_detection/prefix_override:/home/juntj/Robitic_Project3/ros2_workspace/install/Object_detection/lib/python3.10/site-packages:${PYTHONPATH} /usr/bin/python3 setup.py egg_info --egg-base ../../build/Object_detection build --build-base /home/juntj/Robitic_Project3/ros2_workspace/build/Object_detection/build install --record /home/juntj/Robitic_Project3/ros2_workspace/build/Object_detection/install.log --single-version-externally-managed
[3.555s] DEBUG:colcon.colcon_core.event_handler.log_command:Invoked command in '/home/juntj/Robitic_Project3/ros2_workspace/build/Tracker' returned '0': PYTHONPATH=/home/juntj/Robitic_Project3/ros2_workspace/build/Tracker/prefix_override:/home/juntj/Robitic_Project3/ros2_workspace/install/Tracker/lib/python3.10/site-packages:${PYTHONPATH} /usr/bin/python3 setup.py develop --uninstall --editable --build-directory /home/juntj/Robitic_Project3/ros2_workspace/build/Tracker/build
[3.558s] DEBUG:colcon.colcon_core.event_handler.log_command:Invoking command in '/home/juntj/Robitic_Project3/ros2_workspace/src/Tracker': PYTHONPATH=/home/juntj/Robitic_Project3/ros2_workspace/build/Tracker/prefix_override:/home/juntj/Robitic_Project3/ros2_workspace/install/Tracker/lib/python3.10/site-packages:${PYTHONPATH} /usr/bin/python3 setup.py egg_info --egg-base ../../build/Tracker build --build-base /home/juntj/Robitic_Project3/ros2_workspace/build/Tracker/build install --record /home/juntj/Robitic_Project3/ros2_workspace/build/Tracker/install.log --single-version-externally-managed
[3.559s] DEBUG:colcon.colcon_core.event_handler.log_command:Invoked command in '/home/juntj/Robitic_Project3/ros2_workspace/build/classification' returned '0': PYTHONPATH=/home/juntj/Robitic_Project3/ros2_workspace/build/classification/prefix_override:/home/juntj/Robitic_Project3/ros2_workspace/install/classification/lib/python3.10/site-packages:${PYTHONPATH} /usr/bin/python3 setup.py develop --uninstall --editable --build-directory /home/juntj/Robitic_Project3/ros2_workspace/build/classification/build
[3.561s] DEBUG:colcon.colcon_core.event_handler.log_command:Invoking command in '/home/juntj/Robitic_Project3/ros2_workspace/src/classification': PYTHONPATH=/home/juntj/Robitic_Project3/ros2_workspace/build/classification/prefix_override:/home/juntj/Robitic_Project3/ros2_workspace/install/classification/lib/python3.10/site-packages:${PYTHONPATH} /usr/bin/python3 setup.py egg_info --egg-base ../../build/classification build --build-base /home/juntj/Robitic_Project3/ros2_workspace/build/classification/build install --record /home/juntj/Robitic_Project3/ros2_workspace/build/classification/install.log --single-version-externally-managed
[3.577s] DEBUG:colcon.colcon_core.event_handler.log_command:Invoked command in '/home/juntj/Robitic_Project3/ros2_workspace/build/Scale_detection' returned '0': PYTHONPATH=/home/juntj/Robitic_Project3/ros2_workspace/build/Scale_detection/prefix_override:/home/juntj/Robitic_Project3/ros2_workspace/install/Scale_detection/lib/python3.10/site-packages:${PYTHONPATH} /usr/bin/python3 setup.py develop --uninstall --editable --build-directory /home/juntj/Robitic_Project3/ros2_workspace/build/Scale_detection/build
[3.579s] DEBUG:colcon.colcon_core.event_handler.log_command:Invoking command in '/home/juntj/Robitic_Project3/ros2_workspace/src/Scale_detection': PYTHONPATH=/home/juntj/Robitic_Project3/ros2_workspace/build/Scale_detection/prefix_override:/home/juntj/Robitic_Project3/ros2_workspace/install/Scale_detection/lib/python3.10/site-packages:${PYTHONPATH} /usr/bin/python3 setup.py egg_info --egg-base ../../build/Scale_detection build --build-base /home/juntj/Robitic_Project3/ros2_workspace/build/Scale_detection/build install --record /home/juntj/Robitic_Project3/ros2_workspace/build/Scale_detection/install.log --single-version-externally-managed
[3.887s] Level 1:colcon.colcon_core.environment:checking '/home/juntj/Robitic_Project3/ros2_workspace/install/Object_detection' for CMake module files
[3.888s] DEBUG:colcon.colcon_core.event_handler.log_command:Invoked command in '/home/juntj/Robitic_Project3/ros2_workspace/src/Object_detection' returned '0': PYTHONPATH=/home/juntj/Robitic_Project3/ros2_workspace/build/Object_detection/prefix_override:/home/juntj/Robitic_Project3/ros2_workspace/install/Object_detection/lib/python3.10/site-packages:${PYTHONPATH} /usr/bin/python3 setup.py egg_info --egg-base ../../build/Object_detection build --build-base /home/juntj/Robitic_Project3/ros2_workspace/build/Object_detection/build install --record /home/juntj/Robitic_Project3/ros2_workspace/build/Object_detection/install.log --single-version-externally-managed
[3.889s] Level 1:colcon.colcon_core.environment:checking '/home/juntj/Robitic_Project3/ros2_workspace/install/Object_detection' for CMake config files
[3.889s] Level 1:colcon.colcon_core.environment:checking '/home/juntj/Robitic_Project3/ros2_workspace/install/Object_detection/lib'
[3.890s] Level 1:colcon.colcon_core.environment:checking '/home/juntj/Robitic_Project3/ros2_workspace/install/Object_detection/bin'
[3.890s] Level 1:colcon.colcon_core.environment:checking '/home/juntj/Robitic_Project3/ros2_workspace/install/Object_detection/lib/pkgconfig/Object_detection.pc'
[3.890s] Level 1:colcon.colcon_core.environment:checking '/home/juntj/Robitic_Project3/ros2_workspace/install/Object_detection/lib/python3.10/site-packages'
[3.890s] Level 1:colcon.colcon_core.shell:create_environment_hook('Object_detection', 'pythonpath')
[3.892s] INFO:colcon.colcon_core.shell:Creating environment hook '/home/juntj/Robitic_Project3/ros2_workspace/install/Object_detection/share/Object_detection/hook/pythonpath.ps1'
[3.893s] INFO:colcon.colcon_core.shell:Creating environment descriptor '/home/juntj/Robitic_Project3/ros2_workspace/install/Object_detection/share/Object_detection/hook/pythonpath.dsv'
[3.894s] INFO:colcon.colcon_core.shell:Creating environment hook '/home/juntj/Robitic_Project3/ros2_workspace/install/Object_detection/share/Object_detection/hook/pythonpath.sh'
[3.895s] Level 1:colcon.colcon_core.environment:checking '/home/juntj/Robitic_Project3/ros2_workspace/install/Object_detection/bin'
[3.895s] Level 1:colcon.colcon_core.environment:create_environment_scripts_only(Object_detection)
[3.897s] INFO:colcon.colcon_core.shell:Creating package script '/home/juntj/Robitic_Project3/ros2_workspace/install/Object_detection/share/Object_detection/package.ps1'
[3.898s] INFO:colcon.colcon_core.shell:Creating package descriptor '/home/juntj/Robitic_Project3/ros2_workspace/install/Object_detection/share/Object_detection/package.dsv'
[3.899s] INFO:colcon.colcon_core.shell:Creating package script '/home/juntj/Robitic_Project3/ros2_workspace/install/Object_detection/share/Object_detection/package.sh'
[3.899s] INFO:colcon.colcon_core.shell:Creating package script '/home/juntj/Robitic_Project3/ros2_workspace/install/Object_detection/share/Object_detection/package.bash'
[3.900s] INFO:colcon.colcon_core.shell:Creating package script '/home/juntj/Robitic_Project3/ros2_workspace/install/Object_detection/share/Object_detection/package.zsh'
[3.900s] Level 1:colcon.colcon_core.environment:create_file_with_runtime_dependencies(/home/juntj/Robitic_Project3/ros2_workspace/install/Object_detection/share/colcon-core/packages/Object_detection)
[3.905s] Level 1:colcon.colcon_core.environment:checking '/home/juntj/Robitic_Project3/ros2_workspace/install/Classification' for CMake module files
[3.906s] DEBUG:colcon.colcon_core.event_handler.log_command:Invoked command in '/home/juntj/Robitic_Project3/ros2_workspace/src/Classification' returned '0': PYTHONPATH=/home/juntj/Robitic_Project3/ros2_workspace/build/Classification/prefix_override:/home/juntj/Robitic_Project3/ros2_workspace/install/Classification/lib/python3.10/site-packages:${PYTHONPATH} /usr/bin/python3 setup.py egg_info --egg-base ../../build/Classification build --build-base /home/juntj/Robitic_Project3/ros2_workspace/build/Classification/build install --record /home/juntj/Robitic_Project3/ros2_workspace/build/Classification/install.log --single-version-externally-managed
[3.907s] Level 1:colcon.colcon_core.environment:checking '/home/juntj/Robitic_Project3/ros2_workspace/install/Classification' for CMake config files
[3.907s] Level 1:colcon.colcon_core.environment:checking '/home/juntj/Robitic_Project3/ros2_workspace/install/Classification/lib'
[3.908s] Level 1:colcon.colcon_core.environment:checking '/home/juntj/Robitic_Project3/ros2_workspace/install/Classification/bin'
[3.908s] Level 1:colcon.colcon_core.environment:checking '/home/juntj/Robitic_Project3/ros2_workspace/install/Classification/lib/pkgconfig/Classification.pc'
[3.908s] Level 1:colcon.colcon_core.environment:checking '/home/juntj/Robitic_Project3/ros2_workspace/install/Classification/lib/python3.10/site-packages'
[3.908s] Level 1:colcon.colcon_core.shell:create_environment_hook('Classification', 'pythonpath')
[3.910s] INFO:colcon.colcon_core.shell:Creating environment hook '/home/juntj/Robitic_Project3/ros2_workspace/install/Classification/share/Classification/hook/pythonpath.ps1'
[3.912s] INFO:colcon.colcon_core.shell:Creating environment descriptor '/home/juntj/Robitic_Project3/ros2_workspace/install/Classification/share/Classification/hook/pythonpath.dsv'
[3.912s] INFO:colcon.colcon_core.shell:Creating environment hook '/home/juntj/Robitic_Project3/ros2_workspace/install/Classification/share/Classification/hook/pythonpath.sh'
[3.913s] Level 1:colcon.colcon_core.environment:checking '/home/juntj/Robitic_Project3/ros2_workspace/install/Classification/bin'
[3.913s] Level 1:colcon.colcon_core.environment:create_environment_scripts_only(Classification)
[3.916s] INFO:colcon.colcon_core.shell:Creating package script '/home/juntj/Robitic_Project3/ros2_workspace/install/Classification/share/Classification/package.ps1'
[3.916s] INFO:colcon.colcon_core.shell:Creating package descriptor '/home/juntj/Robitic_Project3/ros2_workspace/install/Classification/share/Classification/package.dsv'
[3.917s] INFO:colcon.colcon_core.shell:Creating package script '/home/juntj/Robitic_Project3/ros2_workspace/install/Classification/share/Classification/package.sh'
[3.918s] INFO:colcon.colcon_core.shell:Creating package script '/home/juntj/Robitic_Project3/ros2_workspace/install/Classification/share/Classification/package.bash'
[3.918s] INFO:colcon.colcon_core.shell:Creating package script '/home/juntj/Robitic_Project3/ros2_workspace/install/Classification/share/Classification/package.zsh'
[3.919s] Level 1:colcon.colcon_core.environment:create_file_with_runtime_dependencies(/home/juntj/Robitic_Project3/ros2_workspace/install/Classification/share/colcon-core/packages/Classification)
[3.924s] Level 1:colcon.colcon_core.environment:checking '/home/juntj/Robitic_Project3/ros2_workspace/install/Tracker' for CMake module files
[3.925s] DEBUG:colcon.colcon_core.event_handler.log_command:Invoked command in '/home/juntj/Robitic_Project3/ros2_workspace/src/Tracker' returned '0': PYTHONPATH=/home/juntj/Robitic_Project3/ros2_workspace/build/Tracker/prefix_override:/home/juntj/Robitic_Project3/ros2_workspace/install/Tracker/lib/python3.10/site-packages:${PYTHONPATH} /usr/bin/python3 setup.py egg_info --egg-base ../../build/Tracker build --build-base /home/juntj/Robitic_Project3/ros2_workspace/build/Tracker/build install --record /home/juntj/Robitic_Project3/ros2_workspace/build/Tracker/install.log --single-version-externally-managed
[3.925s] Level 1:colcon.colcon_core.environment:checking '/home/juntj/Robitic_Project3/ros2_workspace/install/Tracker' for CMake config files
[3.926s] Level 1:colcon.colcon_core.environment:checking '/home/juntj/Robitic_Project3/ros2_workspace/install/Tracker/lib'
[3.926s] Level 1:colcon.colcon_core.environment:checking '/home/juntj/Robitic_Project3/ros2_workspace/install/Tracker/bin'
[3.926s] Level 1:colcon.colcon_core.environment:checking '/home/juntj/Robitic_Project3/ros2_workspace/install/Tracker/lib/pkgconfig/Tracker.pc'
[3.926s] Level 1:colcon.colcon_core.environment:checking '/home/juntj/Robitic_Project3/ros2_workspace/install/Tracker/lib/python3.10/site-packages'
[3.926s] Level 1:colcon.colcon_core.shell:create_environment_hook('Tracker', 'pythonpath')
[3.927s] INFO:colcon.colcon_core.shell:Creating environment hook '/home/juntj/Robitic_Project3/ros2_workspace/install/Tracker/share/Tracker/hook/pythonpath.ps1'
[3.927s] INFO:colcon.colcon_core.shell:Creating environment descriptor '/home/juntj/Robitic_Project3/ros2_workspace/install/Tracker/share/Tracker/hook/pythonpath.dsv'
[3.928s] INFO:colcon.colcon_core.shell:Creating environment hook '/home/juntj/Robitic_Project3/ros2_workspace/install/Tracker/share/Tracker/hook/pythonpath.sh'
[3.928s] Level 1:colcon.colcon_core.environment:checking '/home/juntj/Robitic_Project3/ros2_workspace/install/Tracker/bin'
[3.928s] Level 1:colcon.colcon_core.environment:create_environment_scripts_only(Tracker)
[3.929s] INFO:colcon.colcon_core.shell:Creating package script '/home/juntj/Robitic_Project3/ros2_workspace/install/Tracker/share/Tracker/package.ps1'
[3.929s] INFO:colcon.colcon_core.shell:Creating package descriptor '/home/juntj/Robitic_Project3/ros2_workspace/install/Tracker/share/Tracker/package.dsv'
[3.930s] INFO:colcon.colcon_core.shell:Creating package script '/home/juntj/Robitic_Project3/ros2_workspace/install/Tracker/share/Tracker/package.sh'
[3.930s] INFO:colcon.colcon_core.shell:Creating package script '/home/juntj/Robitic_Project3/ros2_workspace/install/Tracker/share/Tracker/package.bash'
[3.930s] INFO:colcon.colcon_core.shell:Creating package script '/home/juntj/Robitic_Project3/ros2_workspace/install/Tracker/share/Tracker/package.zsh'
[3.930s] Level 1:colcon.colcon_core.environment:create_file_with_runtime_dependencies(/home/juntj/Robitic_Project3/ros2_workspace/install/Tracker/share/colcon-core/packages/Tracker)
[3.932s] Level 1:colcon.colcon_core.environment:checking '/home/juntj/Robitic_Project3/ros2_workspace/install/classification' for CMake module files
[3.933s] Level 1:colcon.colcon_core.environment:checking '/home/juntj/Robitic_Project3/ros2_workspace/install/classification' for CMake config files
[3.933s] DEBUG:colcon.colcon_core.event_handler.log_command:Invoked command in '/home/juntj/Robitic_Project3/ros2_workspace/src/classification' returned '0': PYTHONPATH=/home/juntj/Robitic_Project3/ros2_workspace/build/classification/prefix_override:/home/juntj/Robitic_Project3/ros2_workspace/install/classification/lib/python3.10/site-packages:${PYTHONPATH} /usr/bin/python3 setup.py egg_info --egg-base ../../build/classification build --build-base /home/juntj/Robitic_Project3/ros2_workspace/build/classification/build install --record /home/juntj/Robitic_Project3/ros2_workspace/build/classification/install.log --single-version-externally-managed
[3.933s] Level 1:colcon.colcon_core.environment:checking '/home/juntj/Robitic_Project3/ros2_workspace/install/classification/lib'
[3.933s] Level 1:colcon.colcon_core.environment:checking '/home/juntj/Robitic_Project3/ros2_workspace/install/classification/bin'
[3.933s] Level 1:colcon.colcon_core.environment:checking '/home/juntj/Robitic_Project3/ros2_workspace/install/classification/lib/pkgconfig/classification.pc'
[3.934s] Level 1:colcon.colcon_core.environment:checking '/home/juntj/Robitic_Project3/ros2_workspace/install/classification/lib/python3.10/site-packages'
[3.934s] Level 1:colcon.colcon_core.shell:create_environment_hook('classification', 'pythonpath')
[3.935s] INFO:colcon.colcon_core.shell:Creating environment hook '/home/juntj/Robitic_Project3/ros2_workspace/install/classification/share/classification/hook/pythonpath.ps1'
[3.935s] INFO:colcon.colcon_core.shell:Creating environment descriptor '/home/juntj/Robitic_Project3/ros2_workspace/install/classification/share/classification/hook/pythonpath.dsv'
[3.935s] INFO:colcon.colcon_core.shell:Creating environment hook '/home/juntj/Robitic_Project3/ros2_workspace/install/classification/share/classification/hook/pythonpath.sh'
[3.936s] Level 1:colcon.colcon_core.environment:checking '/home/juntj/Robitic_Project3/ros2_workspace/install/classification/bin'
[3.936s] Level 1:colcon.colcon_core.environment:create_environment_scripts_only(classification)
[3.937s] INFO:colcon.colcon_core.shell:Creating package script '/home/juntj/Robitic_Project3/ros2_workspace/install/classification/share/classification/package.ps1'
[3.937s] INFO:colcon.colcon_core.shell:Creating package descriptor '/home/juntj/Robitic_Project3/ros2_workspace/install/classification/share/classification/package.dsv'
[3.938s] INFO:colcon.colcon_core.shell:Creating package script '/home/juntj/Robitic_Project3/ros2_workspace/install/classification/share/classification/package.sh'
[3.938s] INFO:colcon.colcon_core.shell:Creating package script '/home/juntj/Robitic_Project3/ros2_workspace/install/classification/share/classification/package.bash'
[3.938s] INFO:colcon.colcon_core.shell:Creating package script '/home/juntj/Robitic_Project3/ros2_workspace/install/classification/share/classification/package.zsh'
[3.938s] Level 1:colcon.colcon_core.environment:create_file_with_runtime_dependencies(/home/juntj/Robitic_Project3/ros2_workspace/install/classification/share/colcon-core/packages/classification)
[3.941s] Level 1:colcon.colcon_core.environment:checking '/home/juntj/Robitic_Project3/ros2_workspace/install/Scale_detection' for CMake module files
[3.941s] DEBUG:colcon.colcon_core.event_handler.log_command:Invoked command in '/home/juntj/Robitic_Project3/ros2_workspace/src/Scale_detection' returned '0': PYTHONPATH=/home/juntj/Robitic_Project3/ros2_workspace/build/Scale_detection/prefix_override:/home/juntj/Robitic_Project3/ros2_workspace/install/Scale_detection/lib/python3.10/site-packages:${PYTHONPATH} /usr/bin/python3 setup.py egg_info --egg-base ../../build/Scale_detection build --build-base /home/juntj/Robitic_Project3/ros2_workspace/build/Scale_detection/build install --record /home/juntj/Robitic_Project3/ros2_workspace/build/Scale_detection/install.log --single-version-externally-managed
[3.941s] Level 1:colcon.colcon_core.environment:checking '/home/juntj/Robitic_Project3/ros2_workspace/install/Scale_detection' for CMake config files
[3.942s] Level 1:colcon.colcon_core.environment:checking '/home/juntj/Robitic_Project3/ros2_workspace/install/Scale_detection/lib'
[3.942s] Level 1:colcon.colcon_core.environment:checking '/home/juntj/Robitic_Project3/ros2_workspace/install/Scale_detection/bin'
[3.942s] Level 1:colcon.colcon_core.environment:checking '/home/juntj/Robitic_Project3/ros2_workspace/install/Scale_detection/lib/pkgconfig/Scale_detection.pc'
[3.942s] Level 1:colcon.colcon_core.environment:checking '/home/juntj/Robitic_Project3/ros2_workspace/install/Scale_detection/lib/python3.10/site-packages'
[3.942s] Level 1:colcon.colcon_core.shell:create_environment_hook('Scale_detection', 'pythonpath')
[3.943s] INFO:colcon.colcon_core.shell:Creating environment hook '/home/juntj/Robitic_Project3/ros2_workspace/install/Scale_detection/share/Scale_detection/hook/pythonpath.ps1'
[3.943s] INFO:colcon.colcon_core.shell:Creating environment descriptor '/home/juntj/Robitic_Project3/ros2_workspace/install/Scale_detection/share/Scale_detection/hook/pythonpath.dsv'
[3.943s] INFO:colcon.colcon_core.shell:Creating environment hook '/home/juntj/Robitic_Project3/ros2_workspace/install/Scale_detection/share/Scale_detection/hook/pythonpath.sh'
[3.944s] Level 1:colcon.colcon_core.environment:checking '/home/juntj/Robitic_Project3/ros2_workspace/install/Scale_detection/bin'
[3.944s] Level 1:colcon.colcon_core.environment:create_environment_scripts_only(Scale_detection)
[3.945s] INFO:colcon.colcon_core.shell:Creating package script '/home/juntj/Robitic_Project3/ros2_workspace/install/Scale_detection/share/Scale_detection/package.ps1'
[3.945s] INFO:colcon.colcon_core.shell:Creating package descriptor '/home/juntj/Robitic_Project3/ros2_workspace/install/Scale_detection/share/Scale_detection/package.dsv'
[3.946s] INFO:colcon.colcon_core.shell:Creating package script '/home/juntj/Robitic_Project3/ros2_workspace/install/Scale_detection/share/Scale_detection/package.sh'
[3.946s] INFO:colcon.colcon_core.shell:Creating package script '/home/juntj/Robitic_Project3/ros2_workspace/install/Scale_detection/share/Scale_detection/package.bash'
[3.946s] INFO:colcon.colcon_core.shell:Creating package script '/home/juntj/Robitic_Project3/ros2_workspace/install/Scale_detection/share/Scale_detection/package.zsh'
[3.946s] Level 1:colcon.colcon_core.environment:create_file_with_runtime_dependencies(/home/juntj/Robitic_Project3/ros2_workspace/install/Scale_detection/share/colcon-core/packages/Scale_detection)
[3.946s] DEBUG:colcon.colcon_parallel_executor.executor.parallel:closing loop
[3.947s] DEBUG:colcon.colcon_parallel_executor.executor.parallel:loop closed
[3.947s] DEBUG:colcon.colcon_parallel_executor.executor.parallel:run_until_complete finished with '0'
[3.947s] DEBUG:colcon.colcon_core.event_reactor:joining thread
[3.952s] INFO:colcon.colcon_core.plugin_system:Skipping extension 'colcon_notification.desktop_notification.terminal_notifier': Not used on non-Darwin systems
[3.952s] INFO:colcon.colcon_core.plugin_system:Skipping extension 'colcon_notification.desktop_notification.win32': Not used on non-Windows systems
[3.952s] INFO:colcon.colcon_notification.desktop_notification:Sending desktop notification using 'notify2'
[3.967s] DEBUG:colcon.colcon_core.event_reactor:joined thread
[3.970s] INFO:colcon.colcon_core.shell:Creating prefix script '/home/juntj/Robitic_Project3/ros2_workspace/install/local_setup.ps1'
[3.971s] INFO:colcon.colcon_core.shell:Creating prefix util module '/home/juntj/Robitic_Project3/ros2_workspace/install/_local_setup_util_ps1.py'
[3.972s] INFO:colcon.colcon_core.shell:Creating prefix chain script '/home/juntj/Robitic_Project3/ros2_workspace/install/setup.ps1'
[3.974s] INFO:colcon.colcon_core.shell:Creating prefix script '/home/juntj/Robitic_Project3/ros2_workspace/install/local_setup.sh'
[3.974s] INFO:colcon.colcon_core.shell:Creating prefix util module '/home/juntj/Robitic_Project3/ros2_workspace/install/_local_setup_util_sh.py'
[3.974s] INFO:colcon.colcon_core.shell:Creating prefix chain script '/home/juntj/Robitic_Project3/ros2_workspace/install/setup.sh'
[3.976s] INFO:colcon.colcon_core.shell:Creating prefix script '/home/juntj/Robitic_Project3/ros2_workspace/install/local_setup.bash'
[3.977s] INFO:colcon.colcon_core.shell:Creating prefix chain script '/home/juntj/Robitic_Project3/ros2_workspace/install/setup.bash'
[3.980s] INFO:colcon.colcon_core.shell:Creating prefix script '/home/juntj/Robitic_Project3/ros2_workspace/install/local_setup.zsh'
[3.981s] INFO:colcon.colcon_core.shell:Creating prefix chain script '/home/juntj/Robitic_Project3/ros2_workspace/install/setup.zsh'
