[0.302s] DEBUG:colcon:Command line arguments: ['/usr/bin/colcon', 'build']
[0.302s] DEBUG:colcon:Parsed command line arguments: Namespace(log_base=None, log_level=None, verb_name='build', build_base='build', install_base='install', merge_install=False, symlink_install=False, test_result_base=None, continue_on_error=False, executor='parallel', parallel_workers=16, event_handlers=None, ignore_user_meta=False, metas=['./colcon.meta'], base_paths=['.'], packages_ignore=None, packages_ignore_regex=None, paths=None, packages_up_to=None, packages_up_to_regex=None, packages_above=None, packages_above_and_dependencies=None, packages_above_depth=None, packages_select_by_dep=None, packages_skip_by_dep=None, packages_skip_up_to=None, packages_select_build_failed=False, packages_skip_build_finished=False, packages_select_test_failures=False, packages_skip_test_passed=False, packages_select=None, packages_skip=None, packages_select_regex=None, packages_skip_regex=None, packages_start=None, packages_end=None, allow_overriding=[], cmake_args=None, cmake_target=None, cmake_target_skip_unavailable=False, cmake_clean_cache=False, cmake_clean_first=False, cmake_force_configure=False, ament_cmake_args=None, catkin_cmake_args=None, catkin_skip_building_tests=False, verb_parser=<colcon_defaults.argument_parser.defaults.DefaultArgumentsDecorator object at 0x7fa0dd6ea3b0>, verb_extension=<colcon_core.verb.build.BuildVerb object at 0x7fa0dd6e9e40>, main=<bound method BuildVerb.main of <colcon_core.verb.build.BuildVerb object at 0x7fa0dd6e9e40>>)
[0.322s] Level 1:colcon.colcon_core.package_discovery:discover_packages(colcon_meta) check parameters
[0.322s] Level 1:colcon.colcon_core.package_discovery:discover_packages(recursive) check parameters
[0.322s] Level 1:colcon.colcon_core.package_discovery:discover_packages(ignore) check parameters
[0.322s] Level 1:colcon.colcon_core.package_discovery:discover_packages(path) check parameters
[0.322s] Level 1:colcon.colcon_core.package_discovery:discover_packages(colcon_meta) discover
[0.322s] Level 1:colcon.colcon_core.package_discovery:discover_packages(recursive) discover
[0.322s] INFO:colcon.colcon_core.package_discovery:Crawling recursively for packages in '/home/juntj/Robitic_Project3/ros2_workspace'
[0.322s] Level 1:colcon.colcon_core.package_identification:_identify(.) by extensions ['ignore', 'ignore_ament_install']
[0.322s] Level 1:colcon.colcon_core.package_identification:_identify(.) by extension 'ignore'
[0.323s] Level 1:colcon.colcon_core.package_identification:_identify(.) by extension 'ignore_ament_install'
[0.323s] Level 1:colcon.colcon_core.package_identification:_identify(.) by extensions ['colcon_pkg']
[0.323s] Level 1:colcon.colcon_core.package_identification:_identify(.) by extension 'colcon_pkg'
[0.323s] Level 1:colcon.colcon_core.package_identification:_identify(.) by extensions ['colcon_meta']
[0.323s] Level 1:colcon.colcon_core.package_identification:_identify(.) by extension 'colcon_meta'
[0.323s] Level 1:colcon.colcon_core.package_identification:_identify(.) by extensions ['ros']
[0.323s] Level 1:colcon.colcon_core.package_identification:_identify(.) by extension 'ros'
[0.333s] DEBUG:colcon.colcon_core.package_identification:Failed to parse potential ROS package manifest in'.': Error(s) in package './package.xml':
The manifest contains invalid XML:
no element found: line 2, column 0
[0.333s] Level 1:colcon.colcon_core.package_identification:_identify(.) by extensions ['cmake', 'python']
[0.333s] Level 1:colcon.colcon_core.package_identification:_identify(.) by extension 'cmake'
[0.333s] Level 1:colcon.colcon_core.package_identification:_identify(.) by extension 'python'
[0.333s] Level 1:colcon.colcon_core.package_identification:_identify(.) by extensions ['python_setup_py']
[0.333s] Level 1:colcon.colcon_core.package_identification:_identify(.) by extension 'python_setup_py'
[0.333s] Level 1:colcon.colcon_core.package_identification:_identify(build) by extensions ['ignore', 'ignore_ament_install']
[0.333s] Level 1:colcon.colcon_core.package_identification:_identify(build) by extension 'ignore'
[0.333s] Level 1:colcon.colcon_core.package_identification:_identify(build) ignored
[0.334s] Level 1:colcon.colcon_core.package_identification:_identify(install) by extensions ['ignore', 'ignore_ament_install']
[0.334s] Level 1:colcon.colcon_core.package_identification:_identify(install) by extension 'ignore'
[0.334s] Level 1:colcon.colcon_core.package_identification:_identify(install) ignored
[0.334s] Level 1:colcon.colcon_core.package_identification:_identify(log) by extensions ['ignore', 'ignore_ament_install']
[0.334s] Level 1:colcon.colcon_core.package_identification:_identify(log) by extension 'ignore'
[0.334s] Level 1:colcon.colcon_core.package_identification:_identify(log) ignored
[0.334s] Level 1:colcon.colcon_core.package_identification:_identify(src) by extensions ['ignore', 'ignore_ament_install']
[0.334s] Level 1:colcon.colcon_core.package_identification:_identify(src) by extension 'ignore'
[0.334s] Level 1:colcon.colcon_core.package_identification:_identify(src) by extension 'ignore_ament_install'
[0.334s] Level 1:colcon.colcon_core.package_identification:_identify(src) by extensions ['colcon_pkg']
[0.334s] Level 1:colcon.colcon_core.package_identification:_identify(src) by extension 'colcon_pkg'
[0.334s] Level 1:colcon.colcon_core.package_identification:_identify(src) by extensions ['colcon_meta']
[0.334s] Level 1:colcon.colcon_core.package_identification:_identify(src) by extension 'colcon_meta'
[0.334s] Level 1:colcon.colcon_core.package_identification:_identify(src) by extensions ['ros']
[0.334s] Level 1:colcon.colcon_core.package_identification:_identify(src) by extension 'ros'
[0.334s] Level 1:colcon.colcon_core.package_identification:_identify(src) by extensions ['cmake', 'python']
[0.334s] Level 1:colcon.colcon_core.package_identification:_identify(src) by extension 'cmake'
[0.334s] Level 1:colcon.colcon_core.package_identification:_identify(src) by extension 'python'
[0.334s] Level 1:colcon.colcon_core.package_identification:_identify(src) by extensions ['python_setup_py']
[0.334s] Level 1:colcon.colcon_core.package_identification:_identify(src) by extension 'python_setup_py'
[0.334s] Level 1:colcon.colcon_core.package_identification:_identify(src/Classification) by extensions ['ignore', 'ignore_ament_install']
[0.334s] Level 1:colcon.colcon_core.package_identification:_identify(src/Classification) by extension 'ignore'
[0.334s] Level 1:colcon.colcon_core.package_identification:_identify(src/Classification) by extension 'ignore_ament_install'
[0.334s] Level 1:colcon.colcon_core.package_identification:_identify(src/Classification) by extensions ['colcon_pkg']
[0.334s] Level 1:colcon.colcon_core.package_identification:_identify(src/Classification) by extension 'colcon_pkg'
[0.335s] Level 1:colcon.colcon_core.package_identification:_identify(src/Classification) by extensions ['colcon_meta']
[0.335s] Level 1:colcon.colcon_core.package_identification:_identify(src/Classification) by extension 'colcon_meta'
[0.335s] Level 1:colcon.colcon_core.package_identification:_identify(src/Classification) by extensions ['ros']
[0.335s] Level 1:colcon.colcon_core.package_identification:_identify(src/Classification) by extension 'ros'
[0.336s] DEBUG:colcon.colcon_core.package_identification:Package 'src/Classification' with type 'ros.ament_python' and name 'Classification'
[0.336s] Level 1:colcon.colcon_core.package_identification:_identify(src/Object_detection) by extensions ['ignore', 'ignore_ament_install']
[0.336s] Level 1:colcon.colcon_core.package_identification:_identify(src/Object_detection) by extension 'ignore'
[0.336s] Level 1:colcon.colcon_core.package_identification:_identify(src/Object_detection) by extension 'ignore_ament_install'
[0.336s] Level 1:colcon.colcon_core.package_identification:_identify(src/Object_detection) by extensions ['colcon_pkg']
[0.336s] Level 1:colcon.colcon_core.package_identification:_identify(src/Object_detection) by extension 'colcon_pkg'
[0.336s] Level 1:colcon.colcon_core.package_identification:_identify(src/Object_detection) by extensions ['colcon_meta']
[0.336s] Level 1:colcon.colcon_core.package_identification:_identify(src/Object_detection) by extension 'colcon_meta'
[0.336s] Level 1:colcon.colcon_core.package_identification:_identify(src/Object_detection) by extensions ['ros']
[0.336s] Level 1:colcon.colcon_core.package_identification:_identify(src/Object_detection) by extension 'ros'
[0.337s] DEBUG:colcon.colcon_core.package_identification:Package 'src/Object_detection' with type 'ros.ament_python' and name 'Object_detection'
[0.337s] Level 1:colcon.colcon_core.package_identification:_identify(src/Scale_detection) by extensions ['ignore', 'ignore_ament_install']
[0.337s] Level 1:colcon.colcon_core.package_identification:_identify(src/Scale_detection) by extension 'ignore'
[0.337s] Level 1:colcon.colcon_core.package_identification:_identify(src/Scale_detection) by extension 'ignore_ament_install'
[0.337s] Level 1:colcon.colcon_core.package_identification:_identify(src/Scale_detection) by extensions ['colcon_pkg']
[0.337s] Level 1:colcon.colcon_core.package_identification:_identify(src/Scale_detection) by extension 'colcon_pkg'
[0.337s] Level 1:colcon.colcon_core.package_identification:_identify(src/Scale_detection) by extensions ['colcon_meta']
[0.337s] Level 1:colcon.colcon_core.package_identification:_identify(src/Scale_detection) by extension 'colcon_meta'
[0.337s] Level 1:colcon.colcon_core.package_identification:_identify(src/Scale_detection) by extensions ['ros']
[0.337s] Level 1:colcon.colcon_core.package_identification:_identify(src/Scale_detection) by extension 'ros'
[0.338s] DEBUG:colcon.colcon_core.package_identification:Package 'src/Scale_detection' with type 'ros.ament_python' and name 'Scale_detection'
[0.338s] Level 1:colcon.colcon_core.package_identification:_identify(src/Tracker) by extensions ['ignore', 'ignore_ament_install']
[0.338s] Level 1:colcon.colcon_core.package_identification:_identify(src/Tracker) by extension 'ignore'
[0.338s] Level 1:colcon.colcon_core.package_identification:_identify(src/Tracker) by extension 'ignore_ament_install'
[0.338s] Level 1:colcon.colcon_core.package_identification:_identify(src/Tracker) by extensions ['colcon_pkg']
[0.338s] Level 1:colcon.colcon_core.package_identification:_identify(src/Tracker) by extension 'colcon_pkg'
[0.338s] Level 1:colcon.colcon_core.package_identification:_identify(src/Tracker) by extensions ['colcon_meta']
[0.338s] Level 1:colcon.colcon_core.package_identification:_identify(src/Tracker) by extension 'colcon_meta'
[0.338s] Level 1:colcon.colcon_core.package_identification:_identify(src/Tracker) by extensions ['ros']
[0.338s] Level 1:colcon.colcon_core.package_identification:_identify(src/Tracker) by extension 'ros'
[0.338s] DEBUG:colcon.colcon_core.package_identification:Package 'src/Tracker' with type 'ros.ament_python' and name 'Tracker'
[0.338s] Level 1:colcon.colcon_core.package_identification:_identify(src/classification) by extensions ['ignore', 'ignore_ament_install']
[0.338s] Level 1:colcon.colcon_core.package_identification:_identify(src/classification) by extension 'ignore'
[0.338s] Level 1:colcon.colcon_core.package_identification:_identify(src/classification) by extension 'ignore_ament_install'
[0.338s] Level 1:colcon.colcon_core.package_identification:_identify(src/classification) by extensions ['colcon_pkg']
[0.338s] Level 1:colcon.colcon_core.package_identification:_identify(src/classification) by extension 'colcon_pkg'
[0.339s] Level 1:colcon.colcon_core.package_identification:_identify(src/classification) by extensions ['colcon_meta']
[0.339s] Level 1:colcon.colcon_core.package_identification:_identify(src/classification) by extension 'colcon_meta'
[0.339s] Level 1:colcon.colcon_core.package_identification:_identify(src/classification) by extensions ['ros']
[0.339s] Level 1:colcon.colcon_core.package_identification:_identify(src/classification) by extension 'ros'
[0.339s] DEBUG:colcon.colcon_core.package_identification:Package 'src/classification' with type 'ros.ament_python' and name 'classification'
[0.339s] Level 1:colcon.colcon_core.package_identification:_identify(src/position_Controller) by extensions ['ignore', 'ignore_ament_install']
[0.339s] Level 1:colcon.colcon_core.package_identification:_identify(src/position_Controller) by extension 'ignore'
[0.339s] Level 1:colcon.colcon_core.package_identification:_identify(src/position_Controller) by extension 'ignore_ament_install'
[0.339s] Level 1:colcon.colcon_core.package_identification:_identify(src/position_Controller) by extensions ['colcon_pkg']
[0.339s] Level 1:colcon.colcon_core.package_identification:_identify(src/position_Controller) by extension 'colcon_pkg'
[0.339s] Level 1:colcon.colcon_core.package_identification:_identify(src/position_Controller) by extensions ['colcon_meta']
[0.339s] Level 1:colcon.colcon_core.package_identification:_identify(src/position_Controller) by extension 'colcon_meta'
[0.339s] Level 1:colcon.colcon_core.package_identification:_identify(src/position_Controller) by extensions ['ros']
[0.339s] Level 1:colcon.colcon_core.package_identification:_identify(src/position_Controller) by extension 'ros'
[0.340s] DEBUG:colcon.colcon_core.package_identification:Package 'src/position_Controller' with type 'ros.ament_python' and name 'position_Controller'
[0.340s] Level 1:colcon.colcon_core.package_identification:_identify(src/ro45_portalrobot_interfaces) by extensions ['ignore', 'ignore_ament_install']
[0.340s] Level 1:colcon.colcon_core.package_identification:_identify(src/ro45_portalrobot_interfaces) by extension 'ignore'
[0.340s] Level 1:colcon.colcon_core.package_identification:_identify(src/ro45_portalrobot_interfaces) by extension 'ignore_ament_install'
[0.340s] Level 1:colcon.colcon_core.package_identification:_identify(src/ro45_portalrobot_interfaces) by extensions ['colcon_pkg']
[0.340s] Level 1:colcon.colcon_core.package_identification:_identify(src/ro45_portalrobot_interfaces) by extension 'colcon_pkg'
[0.340s] Level 1:colcon.colcon_core.package_identification:_identify(src/ro45_portalrobot_interfaces) by extensions ['colcon_meta']
[0.340s] Level 1:colcon.colcon_core.package_identification:_identify(src/ro45_portalrobot_interfaces) by extension 'colcon_meta'
[0.340s] Level 1:colcon.colcon_core.package_identification:_identify(src/ro45_portalrobot_interfaces) by extensions ['ros']
[0.340s] Level 1:colcon.colcon_core.package_identification:_identify(src/ro45_portalrobot_interfaces) by extension 'ros'
[0.340s] DEBUG:colcon.colcon_core.package_identification:Package 'src/ro45_portalrobot_interfaces' with type 'ros.ament_cmake' and name 'ro45_portalrobot_interfaces'
[0.340s] Level 1:colcon.colcon_core.package_discovery:discover_packages(recursive) using defaults
[0.340s] Level 1:colcon.colcon_core.package_discovery:discover_packages(ignore) discover
[0.340s] Level 1:colcon.colcon_core.package_discovery:discover_packages(ignore) using defaults
[0.340s] Level 1:colcon.colcon_core.package_discovery:discover_packages(path) discover
[0.340s] Level 1:colcon.colcon_core.package_discovery:discover_packages(path) using defaults
[0.362s] Level 1:colcon.colcon_core.package_discovery:discover_packages(prefix_path) check parameters
[0.362s] Level 1:colcon.colcon_core.package_discovery:discover_packages(prefix_path) discover
[0.365s] DEBUG:colcon.colcon_installed_package_information.package_discovery:Found 23 installed packages in /home/juntj/ros2_ws/install
[0.366s] DEBUG:colcon.colcon_installed_package_information.package_discovery:Found 270 installed packages in /opt/ros/humble
[0.368s] Level 1:colcon.colcon_core.package_discovery:discover_packages(prefix_path) using defaults
[0.412s] Level 5:colcon.colcon_core.verb:set package 'Classification' build argument 'cmake_args' from command line to 'None'
[0.413s] Level 5:colcon.colcon_core.verb:set package 'Classification' build argument 'cmake_target' from command line to 'None'
[0.413s] Level 5:colcon.colcon_core.verb:set package 'Classification' build argument 'cmake_target_skip_unavailable' from command line to 'False'
[0.413s] Level 5:colcon.colcon_core.verb:set package 'Classification' build argument 'cmake_clean_cache' from command line to 'False'
[0.413s] Level 5:colcon.colcon_core.verb:set package 'Classification' build argument 'cmake_clean_first' from command line to 'False'
[0.413s] Level 5:colcon.colcon_core.verb:set package 'Classification' build argument 'cmake_force_configure' from command line to 'False'
[0.413s] Level 5:colcon.colcon_core.verb:set package 'Classification' build argument 'ament_cmake_args' from command line to 'None'
[0.413s] Level 5:colcon.colcon_core.verb:set package 'Classification' build argument 'catkin_cmake_args' from command line to 'None'
[0.413s] Level 5:colcon.colcon_core.verb:set package 'Classification' build argument 'catkin_skip_building_tests' from command line to 'False'
[0.413s] DEBUG:colcon.colcon_core.verb:Building package 'Classification' with the following arguments: {'ament_cmake_args': None, 'build_base': '/home/juntj/Robitic_Project3/ros2_workspace/build/Classification', 'catkin_cmake_args': None, 'catkin_skip_building_tests': False, 'cmake_args': None, 'cmake_clean_cache': False, 'cmake_clean_first': False, 'cmake_force_configure': False, 'cmake_target': None, 'cmake_target_skip_unavailable': False, 'install_base': '/home/juntj/Robitic_Project3/ros2_workspace/install/Classification', 'merge_install': False, 'path': '/home/juntj/Robitic_Project3/ros2_workspace/src/Classification', 'symlink_install': False, 'test_result_base': None}
[0.413s] Level 5:colcon.colcon_core.verb:set package 'Object_detection' build argument 'cmake_args' from command line to 'None'
[0.414s] Level 5:colcon.colcon_core.verb:set package 'Object_detection' build argument 'cmake_target' from command line to 'None'
[0.414s] Level 5:colcon.colcon_core.verb:set package 'Object_detection' build argument 'cmake_target_skip_unavailable' from command line to 'False'
[0.414s] Level 5:colcon.colcon_core.verb:set package 'Object_detection' build argument 'cmake_clean_cache' from command line to 'False'
[0.414s] Level 5:colcon.colcon_core.verb:set package 'Object_detection' build argument 'cmake_clean_first' from command line to 'False'
[0.414s] Level 5:colcon.colcon_core.verb:set package 'Object_detection' build argument 'cmake_force_configure' from command line to 'False'
[0.414s] Level 5:colcon.colcon_core.verb:set package 'Object_detection' build argument 'ament_cmake_args' from command line to 'None'
[0.414s] Level 5:colcon.colcon_core.verb:set package 'Object_detection' build argument 'catkin_cmake_args' from command line to 'None'
[0.414s] Level 5:colcon.colcon_core.verb:set package 'Object_detection' build argument 'catkin_skip_building_tests' from command line to 'False'
[0.414s] DEBUG:colcon.colcon_core.verb:Building package 'Object_detection' with the following arguments: {'ament_cmake_args': None, 'build_base': '/home/juntj/Robitic_Project3/ros2_workspace/build/Object_detection', 'catkin_cmake_args': None, 'catkin_skip_building_tests': False, 'cmake_args': None, 'cmake_clean_cache': False, 'cmake_clean_first': False, 'cmake_force_configure': False, 'cmake_target': None, 'cmake_target_skip_unavailable': False, 'install_base': '/home/juntj/Robitic_Project3/ros2_workspace/install/Object_detection', 'merge_install': False, 'path': '/home/juntj/Robitic_Project3/ros2_workspace/src/Object_detection', 'symlink_install': False, 'test_result_base': None}
[0.414s] Level 5:colcon.colcon_core.verb:set package 'Scale_detection' build argument 'cmake_args' from command line to 'None'
[0.414s] Level 5:colcon.colcon_core.verb:set package 'Scale_detection' build argument 'cmake_target' from command line to 'None'
[0.414s] Level 5:colcon.colcon_core.verb:set package 'Scale_detection' build argument 'cmake_target_skip_unavailable' from command line to 'False'
[0.414s] Level 5:colcon.colcon_core.verb:set package 'Scale_detection' build argument 'cmake_clean_cache' from command line to 'False'
[0.414s] Level 5:colcon.colcon_core.verb:set package 'Scale_detection' build argument 'cmake_clean_first' from command line to 'False'
[0.414s] Level 5:colcon.colcon_core.verb:set package 'Scale_detection' build argument 'cmake_force_configure' from command line to 'False'
[0.414s] Level 5:colcon.colcon_core.verb:set package 'Scale_detection' build argument 'ament_cmake_args' from command line to 'None'
[0.415s] Level 5:colcon.colcon_core.verb:set package 'Scale_detection' build argument 'catkin_cmake_args' from command line to 'None'
[0.415s] Level 5:colcon.colcon_core.verb:set package 'Scale_detection' build argument 'catkin_skip_building_tests' from command line to 'False'
[0.415s] DEBUG:colcon.colcon_core.verb:Building package 'Scale_detection' with the following arguments: {'ament_cmake_args': None, 'build_base': '/home/juntj/Robitic_Project3/ros2_workspace/build/Scale_detection', 'catkin_cmake_args': None, 'catkin_skip_building_tests': False, 'cmake_args': None, 'cmake_clean_cache': False, 'cmake_clean_first': False, 'cmake_force_configure': False, 'cmake_target': None, 'cmake_target_skip_unavailable': False, 'install_base': '/home/juntj/Robitic_Project3/ros2_workspace/install/Scale_detection', 'merge_install': False, 'path': '/home/juntj/Robitic_Project3/ros2_workspace/src/Scale_detection', 'symlink_install': False, 'test_result_base': None}
[0.415s] Level 5:colcon.colcon_core.verb:set package 'Tracker' build argument 'cmake_args' from command line to 'None'
[0.415s] Level 5:colcon.colcon_core.verb:set package 'Tracker' build argument 'cmake_target' from command line to 'None'
[0.415s] Level 5:colcon.colcon_core.verb:set package 'Tracker' build argument 'cmake_target_skip_unavailable' from command line to 'False'
[0.415s] Level 5:colcon.colcon_core.verb:set package 'Tracker' build argument 'cmake_clean_cache' from command line to 'False'
[0.415s] Level 5:colcon.colcon_core.verb:set package 'Tracker' build argument 'cmake_clean_first' from command line to 'False'
[0.415s] Level 5:colcon.colcon_core.verb:set package 'Tracker' build argument 'cmake_force_configure' from command line to 'False'
[0.415s] Level 5:colcon.colcon_core.verb:set package 'Tracker' build argument 'ament_cmake_args' from command line to 'None'
[0.415s] Level 5:colcon.colcon_core.verb:set package 'Tracker' build argument 'catkin_cmake_args' from command line to 'None'
[0.415s] Level 5:colcon.colcon_core.verb:set package 'Tracker' build argument 'catkin_skip_building_tests' from command line to 'False'
[0.415s] DEBUG:colcon.colcon_core.verb:Building package 'Tracker' with the following arguments: {'ament_cmake_args': None, 'build_base': '/home/juntj/Robitic_Project3/ros2_workspace/build/Tracker', 'catkin_cmake_args': None, 'catkin_skip_building_tests': False, 'cmake_args': None, 'cmake_clean_cache': False, 'cmake_clean_first': False, 'cmake_force_configure': False, 'cmake_target': None, 'cmake_target_skip_unavailable': False, 'install_base': '/home/juntj/Robitic_Project3/ros2_workspace/install/Tracker', 'merge_install': False, 'path': '/home/juntj/Robitic_Project3/ros2_workspace/src/Tracker', 'symlink_install': False, 'test_result_base': None}
[0.416s] Level 5:colcon.colcon_core.verb:set package 'classification' build argument 'cmake_args' from command line to 'None'
[0.416s] Level 5:colcon.colcon_core.verb:set package 'classification' build argument 'cmake_target' from command line to 'None'
[0.416s] Level 5:colcon.colcon_core.verb:set package 'classification' build argument 'cmake_target_skip_unavailable' from command line to 'False'
[0.416s] Level 5:colcon.colcon_core.verb:set package 'classification' build argument 'cmake_clean_cache' from command line to 'False'
[0.416s] Level 5:colcon.colcon_core.verb:set package 'classification' build argument 'cmake_clean_first' from command line to 'False'
[0.416s] Level 5:colcon.colcon_core.verb:set package 'classification' build argument 'cmake_force_configure' from command line to 'False'
[0.416s] Level 5:colcon.colcon_core.verb:set package 'classification' build argument 'ament_cmake_args' from command line to 'None'
[0.416s] Level 5:colcon.colcon_core.verb:set package 'classification' build argument 'catkin_cmake_args' from command line to 'None'
[0.416s] Level 5:colcon.colcon_core.verb:set package 'classification' build argument 'catkin_skip_building_tests' from command line to 'False'
[0.416s] DEBUG:colcon.colcon_core.verb:Building package 'classification' with the following arguments: {'ament_cmake_args': None, 'build_base': '/home/juntj/Robitic_Project3/ros2_workspace/build/classification', 'catkin_cmake_args': None, 'catkin_skip_building_tests': False, 'cmake_args': None, 'cmake_clean_cache': False, 'cmake_clean_first': False, 'cmake_force_configure': False, 'cmake_target': None, 'cmake_target_skip_unavailable': False, 'install_base': '/home/juntj/Robitic_Project3/ros2_workspace/install/classification', 'merge_install': False, 'path': '/home/juntj/Robitic_Project3/ros2_workspace/src/classification', 'symlink_install': False, 'test_result_base': None}
[0.417s] Level 5:colcon.colcon_core.verb:set package 'position_Controller' build argument 'cmake_args' from command line to 'None'
[0.417s] Level 5:colcon.colcon_core.verb:set package 'position_Controller' build argument 'cmake_target' from command line to 'None'
[0.417s] Level 5:colcon.colcon_core.verb:set package 'position_Controller' build argument 'cmake_target_skip_unavailable' from command line to 'False'
[0.417s] Level 5:colcon.colcon_core.verb:set package 'position_Controller' build argument 'cmake_clean_cache' from command line to 'False'
[0.417s] Level 5:colcon.colcon_core.verb:set package 'position_Controller' build argument 'cmake_clean_first' from command line to 'False'
[0.417s] Level 5:colcon.colcon_core.verb:set package 'position_Controller' build argument 'cmake_force_configure' from command line to 'False'
[0.417s] Level 5:colcon.colcon_core.verb:set package 'position_Controller' build argument 'ament_cmake_args' from command line to 'None'
[0.417s] Level 5:colcon.colcon_core.verb:set package 'position_Controller' build argument 'catkin_cmake_args' from command line to 'None'
[0.417s] Level 5:colcon.colcon_core.verb:set package 'position_Controller' build argument 'catkin_skip_building_tests' from command line to 'False'
[0.417s] DEBUG:colcon.colcon_core.verb:Building package 'position_Controller' with the following arguments: {'ament_cmake_args': None, 'build_base': '/home/juntj/Robitic_Project3/ros2_workspace/build/position_Controller', 'catkin_cmake_args': None, 'catkin_skip_building_tests': False, 'cmake_args': None, 'cmake_clean_cache': False, 'cmake_clean_first': False, 'cmake_force_configure': False, 'cmake_target': None, 'cmake_target_skip_unavailable': False, 'install_base': '/home/juntj/Robitic_Project3/ros2_workspace/install/position_Controller', 'merge_install': False, 'path': '/home/juntj/Robitic_Project3/ros2_workspace/src/position_Controller', 'symlink_install': False, 'test_result_base': None}
[0.418s] Level 5:colcon.colcon_core.verb:set package 'ro45_portalrobot_interfaces' build argument 'cmake_args' from command line to 'None'
[0.418s] Level 5:colcon.colcon_core.verb:set package 'ro45_portalrobot_interfaces' build argument 'cmake_target' from command line to 'None'
[0.418s] Level 5:colcon.colcon_core.verb:set package 'ro45_portalrobot_interfaces' build argument 'cmake_target_skip_unavailable' from command line to 'False'
[0.418s] Level 5:colcon.colcon_core.verb:set package 'ro45_portalrobot_interfaces' build argument 'cmake_clean_cache' from command line to 'False'
[0.418s] Level 5:colcon.colcon_core.verb:set package 'ro45_portalrobot_interfaces' build argument 'cmake_clean_first' from command line to 'False'
[0.418s] Level 5:colcon.colcon_core.verb:set package 'ro45_portalrobot_interfaces' build argument 'cmake_force_configure' from command line to 'False'
[0.418s] Level 5:colcon.colcon_core.verb:set package 'ro45_portalrobot_interfaces' build argument 'ament_cmake_args' from command line to 'None'
[0.418s] Level 5:colcon.colcon_core.verb:set package 'ro45_portalrobot_interfaces' build argument 'catkin_cmake_args' from command line to 'None'
[0.418s] Level 5:colcon.colcon_core.verb:set package 'ro45_portalrobot_interfaces' build argument 'catkin_skip_building_tests' from command line to 'False'
[0.418s] DEBUG:colcon.colcon_core.verb:Building package 'ro45_portalrobot_interfaces' with the following arguments: {'ament_cmake_args': None, 'build_base': '/home/juntj/Robitic_Project3/ros2_workspace/build/ro45_portalrobot_interfaces', 'catkin_cmake_args': None, 'catkin_skip_building_tests': False, 'cmake_args': None, 'cmake_clean_cache': False, 'cmake_clean_first': False, 'cmake_force_configure': False, 'cmake_target': None, 'cmake_target_skip_unavailable': False, 'install_base': '/home/juntj/Robitic_Project3/ros2_workspace/install/ro45_portalrobot_interfaces', 'merge_install': False, 'path': '/home/juntj/Robitic_Project3/ros2_workspace/src/ro45_portalrobot_interfaces', 'symlink_install': False, 'test_result_base': None}
[0.419s] INFO:colcon.colcon_core.executor:Executing jobs using 'parallel' executor
[0.422s] DEBUG:colcon.colcon_parallel_executor.executor.parallel:run_until_complete
[0.422s] INFO:colcon.colcon_ros.task.ament_python.build:Building ROS package in '/home/juntj/Robitic_Project3/ros2_workspace/src/Classification' with build type 'ament_python'
[0.422s] Level 1:colcon.colcon_core.shell:create_environment_hook('Classification', 'ament_prefix_path')
[0.426s] INFO:colcon.colcon_core.plugin_system:Skipping extension 'colcon_core.shell.bat': Not used on non-Windows systems
[0.427s] INFO:colcon.colcon_core.shell:Creating environment hook '/home/juntj/Robitic_Project3/ros2_workspace/install/Classification/share/Classification/hook/ament_prefix_path.ps1'
[0.427s] INFO:colcon.colcon_core.shell:Creating environment descriptor '/home/juntj/Robitic_Project3/ros2_workspace/install/Classification/share/Classification/hook/ament_prefix_path.dsv'
[0.427s] INFO:colcon.colcon_core.shell:Creating environment hook '/home/juntj/Robitic_Project3/ros2_workspace/install/Classification/share/Classification/hook/ament_prefix_path.sh'
[0.429s] INFO:colcon.colcon_core.shell:Skip shell extension 'powershell' for command environment: Not usable outside of PowerShell
[0.429s] DEBUG:colcon.colcon_core.shell:Skip shell extension 'dsv' for command environment
[0.434s] INFO:colcon.colcon_ros.task.ament_python.build:Building ROS package in '/home/juntj/Robitic_Project3/ros2_workspace/src/Object_detection' with build type 'ament_python'
[0.434s] Level 1:colcon.colcon_core.shell:create_environment_hook('Object_detection', 'ament_prefix_path')
[0.436s] INFO:colcon.colcon_core.shell:Creating environment hook '/home/juntj/Robitic_Project3/ros2_workspace/install/Object_detection/share/Object_detection/hook/ament_prefix_path.ps1'
[0.437s] INFO:colcon.colcon_core.shell:Creating environment descriptor '/home/juntj/Robitic_Project3/ros2_workspace/install/Object_detection/share/Object_detection/hook/ament_prefix_path.dsv'
[0.437s] INFO:colcon.colcon_core.shell:Creating environment hook '/home/juntj/Robitic_Project3/ros2_workspace/install/Object_detection/share/Object_detection/hook/ament_prefix_path.sh'
[0.439s] INFO:colcon.colcon_core.shell:Skip shell extension 'powershell' for command environment: Not usable outside of PowerShell
[0.439s] DEBUG:colcon.colcon_core.shell:Skip shell extension 'dsv' for command environment
[0.444s] INFO:colcon.colcon_ros.task.ament_python.build:Building ROS package in '/home/juntj/Robitic_Project3/ros2_workspace/src/Scale_detection' with build type 'ament_python'
[0.444s] Level 1:colcon.colcon_core.shell:create_environment_hook('Scale_detection', 'ament_prefix_path')
[0.445s] INFO:colcon.colcon_core.shell:Creating environment hook '/home/juntj/Robitic_Project3/ros2_workspace/install/Scale_detection/share/Scale_detection/hook/ament_prefix_path.ps1'
[0.446s] INFO:colcon.colcon_core.shell:Creating environment descriptor '/home/juntj/Robitic_Project3/ros2_workspace/install/Scale_detection/share/Scale_detection/hook/ament_prefix_path.dsv'
[0.447s] INFO:colcon.colcon_core.shell:Creating environment hook '/home/juntj/Robitic_Project3/ros2_workspace/install/Scale_detection/share/Scale_detection/hook/ament_prefix_path.sh'
[0.448s] INFO:colcon.colcon_core.shell:Skip shell extension 'powershell' for command environment: Not usable outside of PowerShell
[0.448s] DEBUG:colcon.colcon_core.shell:Skip shell extension 'dsv' for command environment
[0.453s] INFO:colcon.colcon_ros.task.ament_python.build:Building ROS package in '/home/juntj/Robitic_Project3/ros2_workspace/src/Tracker' with build type 'ament_python'
[0.453s] Level 1:colcon.colcon_core.shell:create_environment_hook('Tracker', 'ament_prefix_path')
[0.454s] INFO:colcon.colcon_core.shell:Creating environment hook '/home/juntj/Robitic_Project3/ros2_workspace/install/Tracker/share/Tracker/hook/ament_prefix_path.ps1'
[0.455s] INFO:colcon.colcon_core.shell:Creating environment descriptor '/home/juntj/Robitic_Project3/ros2_workspace/install/Tracker/share/Tracker/hook/ament_prefix_path.dsv'
[0.455s] INFO:colcon.colcon_core.shell:Creating environment hook '/home/juntj/Robitic_Project3/ros2_workspace/install/Tracker/share/Tracker/hook/ament_prefix_path.sh'
[0.457s] INFO:colcon.colcon_core.shell:Skip shell extension 'powershell' for command environment: Not usable outside of PowerShell
[0.457s] DEBUG:colcon.colcon_core.shell:Skip shell extension 'dsv' for command environment
[0.462s] INFO:colcon.colcon_ros.task.ament_python.build:Building ROS package in '/home/juntj/Robitic_Project3/ros2_workspace/src/classification' with build type 'ament_python'
[0.462s] Level 1:colcon.colcon_core.shell:create_environment_hook('classification', 'ament_prefix_path')
[0.463s] INFO:colcon.colcon_core.shell:Creating environment hook '/home/juntj/Robitic_Project3/ros2_workspace/install/classification/share/classification/hook/ament_prefix_path.ps1'
[0.464s] INFO:colcon.colcon_core.shell:Creating environment descriptor '/home/juntj/Robitic_Project3/ros2_workspace/install/classification/share/classification/hook/ament_prefix_path.dsv'
[0.464s] INFO:colcon.colcon_core.shell:Creating environment hook '/home/juntj/Robitic_Project3/ros2_workspace/install/classification/share/classification/hook/ament_prefix_path.sh'
[0.466s] INFO:colcon.colcon_core.shell:Skip shell extension 'powershell' for command environment: Not usable outside of PowerShell
[0.466s] DEBUG:colcon.colcon_core.shell:Skip shell extension 'dsv' for command environment
[0.471s] INFO:colcon.colcon_ros.task.ament_python.build:Building ROS package in '/home/juntj/Robitic_Project3/ros2_workspace/src/position_Controller' with build type 'ament_python'
[0.471s] Level 1:colcon.colcon_core.shell:create_environment_hook('position_Controller', 'ament_prefix_path')
[0.472s] INFO:colcon.colcon_core.shell:Creating environment hook '/home/juntj/Robitic_Project3/ros2_workspace/install/position_Controller/share/position_Controller/hook/ament_prefix_path.ps1'
[0.473s] INFO:colcon.colcon_core.shell:Creating environment descriptor '/home/juntj/Robitic_Project3/ros2_workspace/install/position_Controller/share/position_Controller/hook/ament_prefix_path.dsv'
[0.473s] INFO:colcon.colcon_core.shell:Creating environment hook '/home/juntj/Robitic_Project3/ros2_workspace/install/position_Controller/share/position_Controller/hook/ament_prefix_path.sh'
[0.475s] INFO:colcon.colcon_core.shell:Skip shell extension 'powershell' for command environment: Not usable outside of PowerShell
[0.475s] DEBUG:colcon.colcon_core.shell:Skip shell extension 'dsv' for command environment
[0.479s] INFO:colcon.colcon_ros.task.ament_cmake.build:Building ROS package in '/home/juntj/Robitic_Project3/ros2_workspace/src/ro45_portalrobot_interfaces' with build type 'ament_cmake'
[0.479s] INFO:colcon.colcon_cmake.task.cmake.build:Building CMake package in '/home/juntj/Robitic_Project3/ros2_workspace/src/ro45_portalrobot_interfaces'
[0.481s] INFO:colcon.colcon_core.shell:Skip shell extension 'powershell' for command environment: Not usable outside of PowerShell
[0.481s] DEBUG:colcon.colcon_core.shell:Skip shell extension 'dsv' for command environment
[0.750s] INFO:colcon.colcon_core.task.python.build:Building Python package in '/home/juntj/Robitic_Project3/ros2_workspace/src/Classification'
[0.752s] INFO:colcon.colcon_core.shell:Skip shell extension 'powershell' for command environment: Not usable outside of PowerShell
[0.752s] DEBUG:colcon.colcon_core.shell:Skip shell extension 'dsv' for command environment
[1.026s] INFO:colcon.colcon_core.task.python.build:Building Python package in '/home/juntj/Robitic_Project3/ros2_workspace/src/Object_detection'
[1.028s] INFO:colcon.colcon_core.shell:Skip shell extension 'powershell' for command environment: Not usable outside of PowerShell
[1.028s] DEBUG:colcon.colcon_core.shell:Skip shell extension 'dsv' for command environment
[1.294s] INFO:colcon.colcon_core.task.python.build:Building Python package in '/home/juntj/Robitic_Project3/ros2_workspace/src/Scale_detection'
[1.296s] INFO:colcon.colcon_core.shell:Skip shell extension 'powershell' for command environment: Not usable outside of PowerShell
[1.297s] DEBUG:colcon.colcon_core.shell:Skip shell extension 'dsv' for command environment
[1.570s] INFO:colcon.colcon_core.task.python.build:Building Python package in '/home/juntj/Robitic_Project3/ros2_workspace/src/Tracker'
[1.573s] INFO:colcon.colcon_core.shell:Skip shell extension 'powershell' for command environment: Not usable outside of PowerShell
[1.573s] DEBUG:colcon.colcon_core.shell:Skip shell extension 'dsv' for command environment
[1.832s] INFO:colcon.colcon_core.task.python.build:Building Python package in '/home/juntj/Robitic_Project3/ros2_workspace/src/classification'
[1.835s] INFO:colcon.colcon_core.shell:Skip shell extension 'powershell' for command environment: Not usable outside of PowerShell
[1.835s] DEBUG:colcon.colcon_core.shell:Skip shell extension 'dsv' for command environment
[2.102s] INFO:colcon.colcon_core.task.python.build:Building Python package in '/home/juntj/Robitic_Project3/ros2_workspace/src/position_Controller'
[2.105s] INFO:colcon.colcon_core.shell:Skip shell extension 'powershell' for command environment: Not usable outside of PowerShell
[2.105s] DEBUG:colcon.colcon_core.shell:Skip shell extension 'dsv' for command environment
[2.127s] DEBUG:colcon.colcon_core.event_handler.log_command:Invoking command in '/home/juntj/Robitic_Project3/ros2_workspace/build/ro45_portalrobot_interfaces': CMAKE_PREFIX_PATH=${CMAKE_PREFIX_PATH}:/home/juntj/ros2_ws/install/launch_testing_examples:/home/juntj/ros2_ws/install/examples_rclpy_pointcloud_publisher:/home/juntj/ros2_ws/install/examples_rclpy_minimal_subscriber:/home/juntj/ros2_ws/install/examples_rclpy_minimal_service:/home/juntj/ros2_ws/install/examples_rclpy_minimal_publisher:/home/juntj/ros2_ws/install/examples_rclpy_minimal_client:/home/juntj/ros2_ws/install/examples_rclpy_minimal_action_server:/home/juntj/ros2_ws/install/examples_rclpy_minimal_action_client:/home/juntj/ros2_ws/install/examples_rclpy_guard_conditions:/home/juntj/ros2_ws/install/examples_rclpy_executors:/opt/ros/humble /usr/bin/cmake /home/juntj/Robitic_Project3/ros2_workspace/src/ro45_portalrobot_interfaces -DCMAKE_INSTALL_PREFIX=/home/juntj/Robitic_Project3/ros2_workspace/install/ro45_portalrobot_interfaces
[2.619s] DEBUG:colcon.colcon_core.event_handler.log_command:Invoking command in '/home/juntj/Robitic_Project3/ros2_workspace/build/Classification': PYTHONPATH=/home/juntj/Robitic_Project3/ros2_workspace/build/Classification/prefix_override:/home/juntj/Robitic_Project3/ros2_workspace/install/Classification/lib/python3.10/site-packages:${PYTHONPATH} /usr/bin/python3 setup.py develop --uninstall --editable --build-directory /home/juntj/Robitic_Project3/ros2_workspace/build/Classification/build
[2.627s] DEBUG:colcon.colcon_core.event_handler.log_command:Invoking command in '/home/juntj/Robitic_Project3/ros2_workspace/build/Object_detection': PYTHONPATH=/home/juntj/Robitic_Project3/ros2_workspace/build/Object_detection/prefix_override:/home/juntj/Robitic_Project3/ros2_workspace/install/Object_detection/lib/python3.10/site-packages:${PYTHONPATH} /usr/bin/python3 setup.py develop --uninstall --editable --build-directory /home/juntj/Robitic_Project3/ros2_workspace/build/Object_detection/build
[2.632s] DEBUG:colcon.colcon_core.event_handler.log_command:Invoking command in '/home/juntj/Robitic_Project3/ros2_workspace/build/Scale_detection': PYTHONPATH=/home/juntj/Robitic_Project3/ros2_workspace/build/Scale_detection/prefix_override:/home/juntj/Robitic_Project3/ros2_workspace/install/Scale_detection/lib/python3.10/site-packages:${PYTHONPATH} /usr/bin/python3 setup.py develop --uninstall --editable --build-directory /home/juntj/Robitic_Project3/ros2_workspace/build/Scale_detection/build
[2.637s] DEBUG:colcon.colcon_core.event_handler.log_command:Invoking command in '/home/juntj/Robitic_Project3/ros2_workspace/build/classification': PYTHONPATH=/home/juntj/Robitic_Project3/ros2_workspace/build/classification/prefix_override:/home/juntj/Robitic_Project3/ros2_workspace/install/classification/lib/python3.10/site-packages:${PYTHONPATH} /usr/bin/python3 setup.py develop --uninstall --editable --build-directory /home/juntj/Robitic_Project3/ros2_workspace/build/classification/build
[2.638s] DEBUG:colcon.colcon_core.event_handler.log_command:Invoking command in '/home/juntj/Robitic_Project3/ros2_workspace/src/position_Controller': PYTHONPATH=/home/juntj/Robitic_Project3/ros2_workspace/build/position_Controller/prefix_override:/home/juntj/Robitic_Project3/ros2_workspace/install/position_Controller/lib/python3.10/site-packages:${PYTHONPATH} /usr/bin/python3 setup.py egg_info --egg-base ../../build/position_Controller build --build-base /home/juntj/Robitic_Project3/ros2_workspace/build/position_Controller/build install --record /home/juntj/Robitic_Project3/ros2_workspace/build/position_Controller/install.log --single-version-externally-managed
[2.651s] DEBUG:colcon.colcon_core.event_handler.log_command:Invoking command in '/home/juntj/Robitic_Project3/ros2_workspace/build/Tracker': PYTHONPATH=/home/juntj/Robitic_Project3/ros2_workspace/build/Tracker/prefix_override:/home/juntj/Robitic_Project3/ros2_workspace/install/Tracker/lib/python3.10/site-packages:${PYTHONPATH} /usr/bin/python3 setup.py develop --uninstall --editable --build-directory /home/juntj/Robitic_Project3/ros2_workspace/build/Tracker/build
[2.981s] DEBUG:colcon.colcon_core.event_handler.log_command:Invoked command in '/home/juntj/Robitic_Project3/ros2_workspace/src/position_Controller' returned '1': PYTHONPATH=/home/juntj/Robitic_Project3/ros2_workspace/build/position_Controller/prefix_override:/home/juntj/Robitic_Project3/ros2_workspace/install/position_Controller/lib/python3.10/site-packages:${PYTHONPATH} /usr/bin/python3 setup.py egg_info --egg-base ../../build/position_Controller build --build-base /home/juntj/Robitic_Project3/ros2_workspace/build/position_Controller/build install --record /home/juntj/Robitic_Project3/ros2_workspace/build/position_Controller/install.log --single-version-externally-managed
[3.353s] DEBUG:colcon.colcon_parallel_executor.executor.parallel:closing loop
[3.353s] DEBUG:colcon.colcon_parallel_executor.executor.parallel:loop closed
[3.353s] DEBUG:colcon.colcon_parallel_executor.executor.parallel:run_until_complete finished with '1'
[3.353s] DEBUG:colcon.colcon_core.event_reactor:joining thread
[3.359s] INFO:colcon.colcon_core.plugin_system:Skipping extension 'colcon_notification.desktop_notification.terminal_notifier': Not used on non-Darwin systems
[3.359s] INFO:colcon.colcon_core.plugin_system:Skipping extension 'colcon_notification.desktop_notification.win32': Not used on non-Windows systems
[3.359s] INFO:colcon.colcon_notification.desktop_notification:Sending desktop notification using 'notify2'
[3.371s] DEBUG:colcon.colcon_core.event_reactor:joined thread
[3.373s] INFO:colcon.colcon_core.shell:Creating prefix script '/home/juntj/Robitic_Project3/ros2_workspace/install/local_setup.ps1'
[3.374s] INFO:colcon.colcon_core.shell:Creating prefix util module '/home/juntj/Robitic_Project3/ros2_workspace/install/_local_setup_util_ps1.py'
[3.375s] INFO:colcon.colcon_core.shell:Creating prefix chain script '/home/juntj/Robitic_Project3/ros2_workspace/install/setup.ps1'
[3.377s] INFO:colcon.colcon_core.shell:Creating prefix script '/home/juntj/Robitic_Project3/ros2_workspace/install/local_setup.sh'
[3.377s] INFO:colcon.colcon_core.shell:Creating prefix util module '/home/juntj/Robitic_Project3/ros2_workspace/install/_local_setup_util_sh.py'
[3.377s] INFO:colcon.colcon_core.shell:Creating prefix chain script '/home/juntj/Robitic_Project3/ros2_workspace/install/setup.sh'
[3.379s] INFO:colcon.colcon_core.shell:Creating prefix script '/home/juntj/Robitic_Project3/ros2_workspace/install/local_setup.bash'
[3.379s] INFO:colcon.colcon_core.shell:Creating prefix chain script '/home/juntj/Robitic_Project3/ros2_workspace/install/setup.bash'
[3.381s] INFO:colcon.colcon_core.shell:Creating prefix script '/home/juntj/Robitic_Project3/ros2_workspace/install/local_setup.zsh'
[3.381s] INFO:colcon.colcon_core.shell:Creating prefix chain script '/home/juntj/Robitic_Project3/ros2_workspace/install/setup.zsh'
