running egg_info
creating ../../build/Tracker/Tracker.egg-info
writing ../../build/Tracker/Tracker.egg-info/PKG-INFO
writing dependency_links to ../../build/Tracker/Tracker.egg-info/dependency_links.txt
writing entry points to ../../build/Tracker/Tracker.egg-info/entry_points.txt
writing requirements to ../../build/Tracker/Tracker.egg-info/requires.txt
writing top-level names to ../../build/Tracker/Tracker.egg-info/top_level.txt
writing manifest file '../../build/Tracker/Tracker.egg-info/SOURCES.txt'
reading manifest file '../../build/Tracker/Tracker.egg-info/SOURCES.txt'
writing manifest file '../../build/Tracker/Tracker.egg-info/SOURCES.txt'
running build
running build_py
creating /home/juntj/Robitic_Project3/ros2_workspace/build/Tracker/build
creating /home/juntj/Robitic_Project3/ros2_workspace/build/Tracker/build/lib
creating /home/juntj/Robitic_Project3/ros2_workspace/build/Tracker/build/lib/Tracker
copying Tracker/tracker.py -> /home/juntj/Robitic_Project3/ros2_workspace/build/Tracker/build/lib/Tracker
copying Tracker/__init__.py -> /home/juntj/Robitic_Project3/ros2_workspace/build/Tracker/build/lib/Tracker
running install
running install_lib
creating /home/juntj/Robitic_Project3/ros2_workspace/install/Tracker/lib/python3.10/site-packages/Tracker
copying /home/juntj/Robitic_Project3/ros2_workspace/build/Tracker/build/lib/Tracker/tracker.py -> /home/juntj/Robitic_Project3/ros2_workspace/install/Tracker/lib/python3.10/site-packages/Tracker
copying /home/juntj/Robitic_Project3/ros2_workspace/build/Tracker/build/lib/Tracker/__init__.py -> /home/juntj/Robitic_Project3/ros2_workspace/install/Tracker/lib/python3.10/site-packages/Tracker
byte-compiling /home/juntj/Robitic_Project3/ros2_workspace/install/Tracker/lib/python3.10/site-packages/Tracker/tracker.py to tracker.cpython-310.pyc
byte-compiling /home/juntj/Robitic_Project3/ros2_workspace/install/Tracker/lib/python3.10/site-packages/Tracker/__init__.py to __init__.cpython-310.pyc
running install_data
creating /home/juntj/Robitic_Project3/ros2_workspace/install/Tracker/share/ament_index
creating /home/juntj/Robitic_Project3/ros2_workspace/install/Tracker/share/ament_index/resource_index
creating /home/juntj/Robitic_Project3/ros2_workspace/install/Tracker/share/ament_index/resource_index/packages
copying resource/Tracker -> /home/juntj/Robitic_Project3/ros2_workspace/install/Tracker/share/ament_index/resource_index/packages
copying package.xml -> /home/juntj/Robitic_Project3/ros2_workspace/install/Tracker/share/Tracker
running install_egg_info
Copying ../../build/Tracker/Tracker.egg-info to /home/juntj/Robitic_Project3/ros2_workspace/install/Tracker/lib/python3.10/site-packages/Tracker-0.0.0-py3.10.egg-info
running install_scripts
writing list of installed files to '/home/juntj/Robitic_Project3/ros2_workspace/build/Tracker/install.log'
