[1.608s] Invoking command in '/home/juntj/Robitic_Project3/ros2_workspace/build/ro45_portalrobot_interfaces': CMAKE_PREFIX_PATH=${CMAKE_PREFIX_PATH}:/home/juntj/ros2_ws/install/launch_testing_examples:/home/juntj/ros2_ws/install/examples_rclpy_pointcloud_publisher:/home/juntj/ros2_ws/install/examples_rclpy_minimal_subscriber:/home/juntj/ros2_ws/install/examples_rclpy_minimal_service:/home/juntj/ros2_ws/install/examples_rclpy_minimal_publisher:/home/juntj/ros2_ws/install/examples_rclpy_minimal_client:/home/juntj/ros2_ws/install/examples_rclpy_minimal_action_server:/home/juntj/ros2_ws/install/examples_rclpy_minimal_action_client:/home/juntj/ros2_ws/install/examples_rclpy_guard_conditions:/home/juntj/ros2_ws/install/examples_rclpy_executors:/opt/ros/humble /usr/bin/cmake /home/juntj/Robitic_Project3/ros2_workspace/src/ro45_portalrobot_interfaces -DAMENT_CMAKE_SYMLINK_INSTALL=1 -DCMAKE_INSTALL_PREFIX=/home/juntj/Robitic_Project3/ros2_workspace/install/ro45_portalrobot_interfaces
[1.618s] -- Found ament_cmake: 1.3.4 (/opt/ros/humble/share/ament_cmake/cmake)
[1.803s] -- Override CMake install command with custom implementation using symlinks instead of copying resources
[1.813s] -- Found rosidl_default_generators: 1.2.0 (/opt/ros/humble/share/rosidl_default_generators/cmake)
[1.820s] -- Using all available rosidl_typesupport_c: rosidl_typesupport_fastrtps_c;rosidl_typesupport_introspection_c
[1.824s] -- Found rosidl_adapter: 3.1.4 (/opt/ros/humble/share/rosidl_adapter/cmake)
[1.871s] -- Using all available rosidl_typesupport_cpp: rosidl_typesupport_fastrtps_cpp;rosidl_typesupport_introspection_cpp
[2.212s] -- Found ament_cmake_ros: 0.10.0 (/opt/ros/humble/share/ament_cmake_ros/cmake)
[2.415s] -- Using all available rosidl_typesupport_c: rosidl_typesupport_fastrtps_c;rosidl_typesupport_introspection_c
[2.686s] -- Using all available rosidl_typesupport_cpp: rosidl_typesupport_fastrtps_cpp;rosidl_typesupport_introspection_cpp
[2.713s] -- Found python_cmake_module: 0.10.0 (/opt/ros/humble/share/python_cmake_module/cmake)
[2.742s] -- Using PYTHON_EXECUTABLE: /usr/bin/python3
[2.742s] -- Using PYTHON_INCLUDE_DIRS: /usr/include/python3.10
[2.742s] -- Using PYTHON_LIBRARIES: /usr/lib/x86_64-linux-gnu/libpython3.10.so
[2.759s] -- Configuring done
[2.782s] -- Generating done
[2.784s] -- Build files have been written to: /home/juntj/Robitic_Project3/ros2_workspace/build/ro45_portalrobot_interfaces
[2.790s] Invoked command in '/home/juntj/Robitic_Project3/ros2_workspace/build/ro45_portalrobot_interfaces' returned '0': CMAKE_PREFIX_PATH=${CMAKE_PREFIX_PATH}:/home/juntj/ros2_ws/install/launch_testing_examples:/home/juntj/ros2_ws/install/examples_rclpy_pointcloud_publisher:/home/juntj/ros2_ws/install/examples_rclpy_minimal_subscriber:/home/juntj/ros2_ws/install/examples_rclpy_minimal_service:/home/juntj/ros2_ws/install/examples_rclpy_minimal_publisher:/home/juntj/ros2_ws/install/examples_rclpy_minimal_client:/home/juntj/ros2_ws/install/examples_rclpy_minimal_action_server:/home/juntj/ros2_ws/install/examples_rclpy_minimal_action_client:/home/juntj/ros2_ws/install/examples_rclpy_guard_conditions:/home/juntj/ros2_ws/install/examples_rclpy_executors:/opt/ros/humble /usr/bin/cmake /home/juntj/Robitic_Project3/ros2_workspace/src/ro45_portalrobot_interfaces -DAMENT_CMAKE_SYMLINK_INSTALL=1 -DCMAKE_INSTALL_PREFIX=/home/juntj/Robitic_Project3/ros2_workspace/install/ro45_portalrobot_interfaces
[2.792s] Invoking command in '/home/juntj/Robitic_Project3/ros2_workspace/build/ro45_portalrobot_interfaces': CMAKE_PREFIX_PATH=${CMAKE_PREFIX_PATH}:/home/juntj/ros2_ws/install/launch_testing_examples:/home/juntj/ros2_ws/install/examples_rclpy_pointcloud_publisher:/home/juntj/ros2_ws/install/examples_rclpy_minimal_subscriber:/home/juntj/ros2_ws/install/examples_rclpy_minimal_service:/home/juntj/ros2_ws/install/examples_rclpy_minimal_publisher:/home/juntj/ros2_ws/install/examples_rclpy_minimal_client:/home/juntj/ros2_ws/install/examples_rclpy_minimal_action_server:/home/juntj/ros2_ws/install/examples_rclpy_minimal_action_client:/home/juntj/ros2_ws/install/examples_rclpy_guard_conditions:/home/juntj/ros2_ws/install/examples_rclpy_executors:/opt/ros/humble /usr/bin/cmake --build /home/juntj/Robitic_Project3/ros2_workspace/build/ro45_portalrobot_interfaces -- -j16 -l16
[2.828s] [35m[1mConsolidate compiler generated dependencies of target ro45_portalrobot_interfaces__rosidl_generator_c[0m
[2.836s] [  2%] Built target ro45_portalrobot_interfaces__cpp
[2.838s] [ 12%] Built target ro45_portalrobot_interfaces__rosidl_generator_c
[2.844s] [ 12%] Built target ament_cmake_python_symlink_ro45_portalrobot_interfaces
[2.846s] [35m[1mConsolidate compiler generated dependencies of target ro45_portalrobot_interfaces__rosidl_typesupport_cpp[0m
[2.846s] [35m[1mConsolidate compiler generated dependencies of target ro45_portalrobot_interfaces__rosidl_typesupport_introspection_cpp[0m
[2.846s] [35m[1mConsolidate compiler generated dependencies of target ro45_portalrobot_interfaces__rosidl_typesupport_fastrtps_cpp[0m
[2.847s] [35m[1mConsolidate compiler generated dependencies of target ro45_portalrobot_interfaces__rosidl_typesupport_c[0m
[2.847s] [35m[1mConsolidate compiler generated dependencies of target ro45_portalrobot_interfaces__rosidl_typesupport_fastrtps_c[0m
[2.847s] [35m[1mConsolidate compiler generated dependencies of target ro45_portalrobot_interfaces__rosidl_typesupport_introspection_c[0m
[2.858s] [ 64%] Built target ro45_portalrobot_interfaces__rosidl_typesupport_c
[2.858s] [ 64%] Built target ro45_portalrobot_interfaces__rosidl_typesupport_introspection_cpp
[2.858s] [ 64%] Built target ro45_portalrobot_interfaces__rosidl_typesupport_introspection_c
[2.858s] [ 64%] Built target ro45_portalrobot_interfaces__rosidl_typesupport_fastrtps_cpp
[2.858s] [ 64%] Built target ro45_portalrobot_interfaces__rosidl_typesupport_cpp
[2.859s] [ 74%] Built target ro45_portalrobot_interfaces__rosidl_typesupport_fastrtps_c
[2.876s] [ 74%] Built target ro45_portalrobot_interfaces
[2.893s] [ 76%] Built target ro45_portalrobot_interfaces__py
[2.903s] [35m[1mConsolidate compiler generated dependencies of target ro45_portalrobot_interfaces__rosidl_generator_py[0m
[2.916s] [ 84%] Built target ro45_portalrobot_interfaces__rosidl_generator_py
[2.925s] [35m[1mConsolidate compiler generated dependencies of target ro45_portalrobot_interfaces__rosidl_typesupport_fastrtps_c__pyext[0m
[2.925s] [35m[1mConsolidate compiler generated dependencies of target ro45_portalrobot_interfaces__rosidl_typesupport_c__pyext[0m
[2.925s] [35m[1mConsolidate compiler generated dependencies of target ro45_portalrobot_interfaces__rosidl_typesupport_introspection_c__pyext[0m
[2.935s] [ 94%] Built target ro45_portalrobot_interfaces__rosidl_typesupport_fastrtps_c__pyext
[2.935s] [ 94%] Built target ro45_portalrobot_interfaces__rosidl_typesupport_c__pyext
[2.937s] [100%] Built target ro45_portalrobot_interfaces__rosidl_typesupport_introspection_c__pyext
[3.068s] running egg_info
[3.068s] writing ro45_portalrobot_interfaces.egg-info/PKG-INFO
[3.068s] writing dependency_links to ro45_portalrobot_interfaces.egg-info/dependency_links.txt
[3.068s] writing top-level names to ro45_portalrobot_interfaces.egg-info/top_level.txt
[3.070s] reading manifest file 'ro45_portalrobot_interfaces.egg-info/SOURCES.txt'
[3.071s] writing manifest file 'ro45_portalrobot_interfaces.egg-info/SOURCES.txt'
[3.100s] [100%] Built target ament_cmake_python_build_ro45_portalrobot_interfaces_egg
[3.110s] Invoked command in '/home/juntj/Robitic_Project3/ros2_workspace/build/ro45_portalrobot_interfaces' returned '0': CMAKE_PREFIX_PATH=${CMAKE_PREFIX_PATH}:/home/juntj/ros2_ws/install/launch_testing_examples:/home/juntj/ros2_ws/install/examples_rclpy_pointcloud_publisher:/home/juntj/ros2_ws/install/examples_rclpy_minimal_subscriber:/home/juntj/ros2_ws/install/examples_rclpy_minimal_service:/home/juntj/ros2_ws/install/examples_rclpy_minimal_publisher:/home/juntj/ros2_ws/install/examples_rclpy_minimal_client:/home/juntj/ros2_ws/install/examples_rclpy_minimal_action_server:/home/juntj/ros2_ws/install/examples_rclpy_minimal_action_client:/home/juntj/ros2_ws/install/examples_rclpy_guard_conditions:/home/juntj/ros2_ws/install/examples_rclpy_executors:/opt/ros/humble /usr/bin/cmake --build /home/juntj/Robitic_Project3/ros2_workspace/build/ro45_portalrobot_interfaces -- -j16 -l16
[3.167s] Invoking command in '/home/juntj/Robitic_Project3/ros2_workspace/build/ro45_portalrobot_interfaces': CMAKE_PREFIX_PATH=${CMAKE_PREFIX_PATH}:/home/juntj/ros2_ws/install/launch_testing_examples:/home/juntj/ros2_ws/install/examples_rclpy_pointcloud_publisher:/home/juntj/ros2_ws/install/examples_rclpy_minimal_subscriber:/home/juntj/ros2_ws/install/examples_rclpy_minimal_service:/home/juntj/ros2_ws/install/examples_rclpy_minimal_publisher:/home/juntj/ros2_ws/install/examples_rclpy_minimal_client:/home/juntj/ros2_ws/install/examples_rclpy_minimal_action_server:/home/juntj/ros2_ws/install/examples_rclpy_minimal_action_client:/home/juntj/ros2_ws/install/examples_rclpy_guard_conditions:/home/juntj/ros2_ws/install/examples_rclpy_executors:/opt/ros/humble /usr/bin/cmake --install /home/juntj/Robitic_Project3/ros2_workspace/build/ro45_portalrobot_interfaces
[3.173s] -- Install configuration: ""
[3.173s] -- Execute custom install script
[3.174s] -- Up-to-date symlink: /home/juntj/Robitic_Project3/ros2_workspace/install/ro45_portalrobot_interfaces/share/ament_index/resource_index/rosidl_interfaces/ro45_portalrobot_interfaces
[3.174s] -- Up-to-date symlink: /home/juntj/Robitic_Project3/ros2_workspace/install/ro45_portalrobot_interfaces/include/ro45_portalrobot_interfaces/ro45_portalrobot_interfaces/msg/detail/robot_cmd__functions.h
[3.174s] -- Up-to-date symlink: /home/juntj/Robitic_Project3/ros2_workspace/install/ro45_portalrobot_interfaces/include/ro45_portalrobot_interfaces/ro45_portalrobot_interfaces/msg/detail/robot_cmd__struct.h
[3.174s] -- Up-to-date symlink: /home/juntj/Robitic_Project3/ros2_workspace/install/ro45_portalrobot_interfaces/include/ro45_portalrobot_interfaces/ro45_portalrobot_interfaces/msg/detail/robot_cmd__type_support.h
[3.175s] -- Up-to-date symlink: /home/juntj/Robitic_Project3/ros2_workspace/install/ro45_portalrobot_interfaces/include/ro45_portalrobot_interfaces/ro45_portalrobot_interfaces/msg/detail/robot_pos__functions.h
[3.175s] -- Up-to-date symlink: /home/juntj/Robitic_Project3/ros2_workspace/install/ro45_portalrobot_interfaces/include/ro45_portalrobot_interfaces/ro45_portalrobot_interfaces/msg/detail/robot_pos__struct.h
[3.175s] -- Up-to-date symlink: /home/juntj/Robitic_Project3/ros2_workspace/install/ro45_portalrobot_interfaces/include/ro45_portalrobot_interfaces/ro45_portalrobot_interfaces/msg/detail/robot_pos__type_support.h
[3.175s] -- Up-to-date symlink: /home/juntj/Robitic_Project3/ros2_workspace/install/ro45_portalrobot_interfaces/include/ro45_portalrobot_interfaces/ro45_portalrobot_interfaces/msg/robot_cmd.h
[3.175s] -- Up-to-date symlink: /home/juntj/Robitic_Project3/ros2_workspace/install/ro45_portalrobot_interfaces/include/ro45_portalrobot_interfaces/ro45_portalrobot_interfaces/msg/robot_pos.h
[3.175s] -- Up-to-date symlink: /home/juntj/Robitic_Project3/ros2_workspace/install/ro45_portalrobot_interfaces/include/ro45_portalrobot_interfaces/ro45_portalrobot_interfaces/msg/rosidl_generator_c__visibility_control.h
[3.175s] -- Up-to-date symlink: /home/juntj/Robitic_Project3/ros2_workspace/install/ro45_portalrobot_interfaces/share/ro45_portalrobot_interfaces/environment/library_path.sh
[3.175s] -- Up-to-date symlink: /home/juntj/Robitic_Project3/ros2_workspace/install/ro45_portalrobot_interfaces/share/ro45_portalrobot_interfaces/environment/library_path.dsv
[3.175s] -- Up-to-date symlink: /home/juntj/Robitic_Project3/ros2_workspace/install/ro45_portalrobot_interfaces/include/ro45_portalrobot_interfaces/ro45_portalrobot_interfaces/msg/detail/robot_cmd__rosidl_typesupport_fastrtps_c.h
[3.175s] -- Up-to-date symlink: /home/juntj/Robitic_Project3/ros2_workspace/install/ro45_portalrobot_interfaces/include/ro45_portalrobot_interfaces/ro45_portalrobot_interfaces/msg/detail/robot_pos__rosidl_typesupport_fastrtps_c.h
[3.175s] -- Up-to-date symlink: /home/juntj/Robitic_Project3/ros2_workspace/install/ro45_portalrobot_interfaces/include/ro45_portalrobot_interfaces/ro45_portalrobot_interfaces/msg/rosidl_typesupport_fastrtps_c__visibility_control.h
[3.176s] -- Up-to-date symlink: /home/juntj/Robitic_Project3/ros2_workspace/install/ro45_portalrobot_interfaces/include/ro45_portalrobot_interfaces/ro45_portalrobot_interfaces/msg/detail/robot_cmd__rosidl_typesupport_introspection_c.h
[3.176s] -- Up-to-date symlink: /home/juntj/Robitic_Project3/ros2_workspace/install/ro45_portalrobot_interfaces/include/ro45_portalrobot_interfaces/ro45_portalrobot_interfaces/msg/detail/robot_pos__rosidl_typesupport_introspection_c.h
[3.176s] -- Up-to-date symlink: /home/juntj/Robitic_Project3/ros2_workspace/install/ro45_portalrobot_interfaces/include/ro45_portalrobot_interfaces/ro45_portalrobot_interfaces/msg/rosidl_typesupport_introspection_c__visibility_control.h
[3.176s] -- Up-to-date symlink: /home/juntj/Robitic_Project3/ros2_workspace/install/ro45_portalrobot_interfaces/include/ro45_portalrobot_interfaces/ro45_portalrobot_interfaces/msg/detail/robot_cmd__builder.hpp
[3.176s] -- Up-to-date symlink: /home/juntj/Robitic_Project3/ros2_workspace/install/ro45_portalrobot_interfaces/include/ro45_portalrobot_interfaces/ro45_portalrobot_interfaces/msg/detail/robot_cmd__struct.hpp
[3.176s] -- Up-to-date symlink: /home/juntj/Robitic_Project3/ros2_workspace/install/ro45_portalrobot_interfaces/include/ro45_portalrobot_interfaces/ro45_portalrobot_interfaces/msg/detail/robot_cmd__traits.hpp
[3.176s] -- Up-to-date symlink: /home/juntj/Robitic_Project3/ros2_workspace/install/ro45_portalrobot_interfaces/include/ro45_portalrobot_interfaces/ro45_portalrobot_interfaces/msg/detail/robot_pos__builder.hpp
[3.176s] -- Up-to-date symlink: /home/juntj/Robitic_Project3/ros2_workspace/install/ro45_portalrobot_interfaces/include/ro45_portalrobot_interfaces/ro45_portalrobot_interfaces/msg/detail/robot_pos__struct.hpp
[3.176s] -- Up-to-date symlink: /home/juntj/Robitic_Project3/ros2_workspace/install/ro45_portalrobot_interfaces/include/ro45_portalrobot_interfaces/ro45_portalrobot_interfaces/msg/detail/robot_pos__traits.hpp
[3.176s] -- Up-to-date symlink: /home/juntj/Robitic_Project3/ros2_workspace/install/ro45_portalrobot_interfaces/include/ro45_portalrobot_interfaces/ro45_portalrobot_interfaces/msg/robot_cmd.hpp
[3.177s] -- Up-to-date symlink: /home/juntj/Robitic_Project3/ros2_workspace/install/ro45_portalrobot_interfaces/include/ro45_portalrobot_interfaces/ro45_portalrobot_interfaces/msg/robot_pos.hpp
[3.177s] -- Up-to-date symlink: /home/juntj/Robitic_Project3/ros2_workspace/install/ro45_portalrobot_interfaces/include/ro45_portalrobot_interfaces/ro45_portalrobot_interfaces/msg/detail/robot_cmd__rosidl_typesupport_fastrtps_cpp.hpp
[3.177s] -- Up-to-date symlink: /home/juntj/Robitic_Project3/ros2_workspace/install/ro45_portalrobot_interfaces/include/ro45_portalrobot_interfaces/ro45_portalrobot_interfaces/msg/detail/robot_pos__rosidl_typesupport_fastrtps_cpp.hpp
[3.177s] -- Up-to-date symlink: /home/juntj/Robitic_Project3/ros2_workspace/install/ro45_portalrobot_interfaces/include/ro45_portalrobot_interfaces/ro45_portalrobot_interfaces/msg/rosidl_typesupport_fastrtps_cpp__visibility_control.h
[3.177s] -- Up-to-date symlink: /home/juntj/Robitic_Project3/ros2_workspace/install/ro45_portalrobot_interfaces/include/ro45_portalrobot_interfaces/ro45_portalrobot_interfaces/msg/detail/robot_cmd__rosidl_typesupport_introspection_cpp.hpp
[3.177s] -- Up-to-date symlink: /home/juntj/Robitic_Project3/ros2_workspace/install/ro45_portalrobot_interfaces/include/ro45_portalrobot_interfaces/ro45_portalrobot_interfaces/msg/detail/robot_pos__rosidl_typesupport_introspection_cpp.hpp
[3.177s] -- Up-to-date symlink: /home/juntj/Robitic_Project3/ros2_workspace/install/ro45_portalrobot_interfaces/share/ro45_portalrobot_interfaces/environment/pythonpath.sh
[3.178s] -- Up-to-date symlink: /home/juntj/Robitic_Project3/ros2_workspace/install/ro45_portalrobot_interfaces/share/ro45_portalrobot_interfaces/environment/pythonpath.dsv
[3.178s] -- Up-to-date symlink: /home/juntj/Robitic_Project3/ros2_workspace/install/ro45_portalrobot_interfaces/local/lib/python3.10/dist-packages/ro45_portalrobot_interfaces-1.0.0-py3.10.egg-info/PKG-INFO
[3.178s] -- Up-to-date symlink: /home/juntj/Robitic_Project3/ros2_workspace/install/ro45_portalrobot_interfaces/local/lib/python3.10/dist-packages/ro45_portalrobot_interfaces-1.0.0-py3.10.egg-info/SOURCES.txt
[3.178s] -- Up-to-date symlink: /home/juntj/Robitic_Project3/ros2_workspace/install/ro45_portalrobot_interfaces/local/lib/python3.10/dist-packages/ro45_portalrobot_interfaces-1.0.0-py3.10.egg-info/dependency_links.txt
[3.178s] -- Up-to-date symlink: /home/juntj/Robitic_Project3/ros2_workspace/install/ro45_portalrobot_interfaces/local/lib/python3.10/dist-packages/ro45_portalrobot_interfaces-1.0.0-py3.10.egg-info/top_level.txt
[3.178s] -- Up-to-date symlink: /home/juntj/Robitic_Project3/ros2_workspace/install/ro45_portalrobot_interfaces/local/lib/python3.10/dist-packages/ro45_portalrobot_interfaces/__init__.py
[3.179s] -- Up-to-date symlink: /home/juntj/Robitic_Project3/ros2_workspace/install/ro45_portalrobot_interfaces/local/lib/python3.10/dist-packages/ro45_portalrobot_interfaces/_ro45_portalrobot_interfaces_s.ep.rosidl_typesupport_c.c
[3.179s] -- Up-to-date symlink: /home/juntj/Robitic_Project3/ros2_workspace/install/ro45_portalrobot_interfaces/local/lib/python3.10/dist-packages/ro45_portalrobot_interfaces/_ro45_portalrobot_interfaces_s.ep.rosidl_typesupport_fastrtps_c.c
[3.179s] -- Up-to-date symlink: /home/juntj/Robitic_Project3/ros2_workspace/install/ro45_portalrobot_interfaces/local/lib/python3.10/dist-packages/ro45_portalrobot_interfaces/_ro45_portalrobot_interfaces_s.ep.rosidl_typesupport_introspection_c.c
[3.179s] -- Up-to-date symlink: /home/juntj/Robitic_Project3/ros2_workspace/install/ro45_portalrobot_interfaces/local/lib/python3.10/dist-packages/ro45_portalrobot_interfaces/libro45_portalrobot_interfaces__rosidl_generator_py.so
[3.179s] -- Up-to-date symlink: /home/juntj/Robitic_Project3/ros2_workspace/install/ro45_portalrobot_interfaces/local/lib/python3.10/dist-packages/ro45_portalrobot_interfaces/msg/__init__.py
[3.179s] -- Up-to-date symlink: /home/juntj/Robitic_Project3/ros2_workspace/install/ro45_portalrobot_interfaces/local/lib/python3.10/dist-packages/ro45_portalrobot_interfaces/msg/_robot_cmd.py
[3.179s] -- Up-to-date symlink: /home/juntj/Robitic_Project3/ros2_workspace/install/ro45_portalrobot_interfaces/local/lib/python3.10/dist-packages/ro45_portalrobot_interfaces/msg/_robot_cmd_s.c
[3.179s] -- Up-to-date symlink: /home/juntj/Robitic_Project3/ros2_workspace/install/ro45_portalrobot_interfaces/local/lib/python3.10/dist-packages/ro45_portalrobot_interfaces/msg/_robot_pos.py
[3.179s] -- Up-to-date symlink: /home/juntj/Robitic_Project3/ros2_workspace/install/ro45_portalrobot_interfaces/local/lib/python3.10/dist-packages/ro45_portalrobot_interfaces/msg/_robot_pos_s.c
[3.179s] -- Up-to-date symlink: /home/juntj/Robitic_Project3/ros2_workspace/install/ro45_portalrobot_interfaces/local/lib/python3.10/dist-packages/ro45_portalrobot_interfaces/ro45_portalrobot_interfaces_s__rosidl_typesupport_c.cpython-310-x86_64-linux-gnu.so
[3.179s] -- Up-to-date symlink: /home/juntj/Robitic_Project3/ros2_workspace/install/ro45_portalrobot_interfaces/local/lib/python3.10/dist-packages/ro45_portalrobot_interfaces/ro45_portalrobot_interfaces_s__rosidl_typesupport_fastrtps_c.cpython-310-x86_64-linux-gnu.so
[3.179s] -- Up-to-date symlink: /home/juntj/Robitic_Project3/ros2_workspace/install/ro45_portalrobot_interfaces/local/lib/python3.10/dist-packages/ro45_portalrobot_interfaces/ro45_portalrobot_interfaces_s__rosidl_typesupport_introspection_c.cpython-310-x86_64-linux-gnu.so
[3.180s] -- Up-to-date symlink: /home/juntj/Robitic_Project3/ros2_workspace/install/ro45_portalrobot_interfaces/local/lib/python3.10/dist-packages/ro45_portalrobot_interfaces/ro45_portalrobot_interfaces_s__rosidl_typesupport_fastrtps_c.cpython-310-x86_64-linux-gnu.so
[3.180s] -- Up-to-date symlink: /home/juntj/Robitic_Project3/ros2_workspace/install/ro45_portalrobot_interfaces/local/lib/python3.10/dist-packages/ro45_portalrobot_interfaces/ro45_portalrobot_interfaces_s__rosidl_typesupport_introspection_c.cpython-310-x86_64-linux-gnu.so
[3.180s] -- Up-to-date symlink: /home/juntj/Robitic_Project3/ros2_workspace/install/ro45_portalrobot_interfaces/local/lib/python3.10/dist-packages/ro45_portalrobot_interfaces/ro45_portalrobot_interfaces_s__rosidl_typesupport_c.cpython-310-x86_64-linux-gnu.so
[3.180s] -- Up-to-date symlink: /home/juntj/Robitic_Project3/ros2_workspace/install/ro45_portalrobot_interfaces/share/ro45_portalrobot_interfaces/msg/RobotCmd.idl
[3.180s] -- Up-to-date symlink: /home/juntj/Robitic_Project3/ros2_workspace/install/ro45_portalrobot_interfaces/share/ro45_portalrobot_interfaces/msg/RobotPos.idl
[3.180s] -- Up-to-date symlink: /home/juntj/Robitic_Project3/ros2_workspace/install/ro45_portalrobot_interfaces/share/ro45_portalrobot_interfaces/msg/RobotCmd.msg
[3.180s] -- Up-to-date symlink: /home/juntj/Robitic_Project3/ros2_workspace/install/ro45_portalrobot_interfaces/share/ro45_portalrobot_interfaces/msg/RobotPos.msg
[3.181s] -- Up-to-date symlink: /home/juntj/Robitic_Project3/ros2_workspace/install/ro45_portalrobot_interfaces/share/ament_index/resource_index/package_run_dependencies/ro45_portalrobot_interfaces
[3.181s] -- Up-to-date symlink: /home/juntj/Robitic_Project3/ros2_workspace/install/ro45_portalrobot_interfaces/share/ament_index/resource_index/parent_prefix_path/ro45_portalrobot_interfaces
[3.181s] -- Up-to-date symlink: /home/juntj/Robitic_Project3/ros2_workspace/install/ro45_portalrobot_interfaces/share/ro45_portalrobot_interfaces/environment/ament_prefix_path.sh
[3.181s] -- Up-to-date symlink: /home/juntj/Robitic_Project3/ros2_workspace/install/ro45_portalrobot_interfaces/share/ro45_portalrobot_interfaces/environment/ament_prefix_path.dsv
[3.181s] -- Up-to-date symlink: /home/juntj/Robitic_Project3/ros2_workspace/install/ro45_portalrobot_interfaces/share/ro45_portalrobot_interfaces/environment/path.sh
[3.181s] -- Up-to-date symlink: /home/juntj/Robitic_Project3/ros2_workspace/install/ro45_portalrobot_interfaces/share/ro45_portalrobot_interfaces/environment/path.dsv
[3.181s] -- Up-to-date symlink: /home/juntj/Robitic_Project3/ros2_workspace/install/ro45_portalrobot_interfaces/share/ro45_portalrobot_interfaces/local_setup.bash
[3.181s] -- Up-to-date symlink: /home/juntj/Robitic_Project3/ros2_workspace/install/ro45_portalrobot_interfaces/share/ro45_portalrobot_interfaces/local_setup.sh
[3.182s] -- Up-to-date symlink: /home/juntj/Robitic_Project3/ros2_workspace/install/ro45_portalrobot_interfaces/share/ro45_portalrobot_interfaces/local_setup.zsh
[3.182s] -- Up-to-date symlink: /home/juntj/Robitic_Project3/ros2_workspace/install/ro45_portalrobot_interfaces/share/ro45_portalrobot_interfaces/local_setup.dsv
[3.182s] -- Symlinking: /home/juntj/Robitic_Project3/ros2_workspace/install/ro45_portalrobot_interfaces/share/ro45_portalrobot_interfaces/package.dsv
[3.189s] -- Up-to-date symlink: /home/juntj/Robitic_Project3/ros2_workspace/install/ro45_portalrobot_interfaces/share/ament_index/resource_index/packages/ro45_portalrobot_interfaces
[3.189s] -- Up-to-date symlink: /home/juntj/Robitic_Project3/ros2_workspace/install/ro45_portalrobot_interfaces/share/ro45_portalrobot_interfaces/cmake/rosidl_cmake-extras.cmake
[3.189s] -- Up-to-date symlink: /home/juntj/Robitic_Project3/ros2_workspace/install/ro45_portalrobot_interfaces/share/ro45_portalrobot_interfaces/cmake/ament_cmake_export_include_directories-extras.cmake
[3.189s] -- Up-to-date symlink: /home/juntj/Robitic_Project3/ros2_workspace/install/ro45_portalrobot_interfaces/share/ro45_portalrobot_interfaces/cmake/ament_cmake_export_libraries-extras.cmake
[3.190s] -- Up-to-date symlink: /home/juntj/Robitic_Project3/ros2_workspace/install/ro45_portalrobot_interfaces/share/ro45_portalrobot_interfaces/cmake/ament_cmake_export_targets-extras.cmake
[3.190s] -- Up-to-date symlink: /home/juntj/Robitic_Project3/ros2_workspace/install/ro45_portalrobot_interfaces/share/ro45_portalrobot_interfaces/cmake/rosidl_cmake_export_typesupport_targets-extras.cmake
[3.190s] -- Up-to-date symlink: /home/juntj/Robitic_Project3/ros2_workspace/install/ro45_portalrobot_interfaces/share/ro45_portalrobot_interfaces/cmake/ament_cmake_export_dependencies-extras.cmake
[3.190s] -- Up-to-date symlink: /home/juntj/Robitic_Project3/ros2_workspace/install/ro45_portalrobot_interfaces/share/ro45_portalrobot_interfaces/cmake/rosidl_cmake_export_typesupport_libraries-extras.cmake
[3.190s] -- Up-to-date symlink: /home/juntj/Robitic_Project3/ros2_workspace/install/ro45_portalrobot_interfaces/share/ro45_portalrobot_interfaces/cmake/ro45_portalrobot_interfacesConfig.cmake
[3.190s] -- Up-to-date symlink: /home/juntj/Robitic_Project3/ros2_workspace/install/ro45_portalrobot_interfaces/share/ro45_portalrobot_interfaces/cmake/ro45_portalrobot_interfacesConfig-version.cmake
[3.191s] -- Up-to-date symlink: /home/juntj/Robitic_Project3/ros2_workspace/install/ro45_portalrobot_interfaces/share/ro45_portalrobot_interfaces/package.xml
[3.191s] -- Up-to-date: /home/juntj/Robitic_Project3/ros2_workspace/install/ro45_portalrobot_interfaces/lib/libro45_portalrobot_interfaces__rosidl_generator_c.so
[3.191s] -- Up-to-date: /home/juntj/Robitic_Project3/ros2_workspace/install/ro45_portalrobot_interfaces/lib/libro45_portalrobot_interfaces__rosidl_typesupport_fastrtps_c.so
[3.191s] -- Up-to-date: /home/juntj/Robitic_Project3/ros2_workspace/install/ro45_portalrobot_interfaces/lib/libro45_portalrobot_interfaces__rosidl_typesupport_introspection_c.so
[3.191s] -- Up-to-date: /home/juntj/Robitic_Project3/ros2_workspace/install/ro45_portalrobot_interfaces/lib/libro45_portalrobot_interfaces__rosidl_typesupport_c.so
[3.191s] -- Up-to-date: /home/juntj/Robitic_Project3/ros2_workspace/install/ro45_portalrobot_interfaces/lib/libro45_portalrobot_interfaces__rosidl_typesupport_fastrtps_cpp.so
[3.192s] -- Up-to-date: /home/juntj/Robitic_Project3/ros2_workspace/install/ro45_portalrobot_interfaces/lib/libro45_portalrobot_interfaces__rosidl_typesupport_introspection_cpp.so
[3.192s] -- Up-to-date: /home/juntj/Robitic_Project3/ros2_workspace/install/ro45_portalrobot_interfaces/lib/libro45_portalrobot_interfaces__rosidl_typesupport_cpp.so
[3.218s] Listing '/home/juntj/Robitic_Project3/ros2_workspace/install/ro45_portalrobot_interfaces/local/lib/python3.10/dist-packages/ro45_portalrobot_interfaces'...
[3.218s] Compiling '/home/juntj/Robitic_Project3/ros2_workspace/install/ro45_portalrobot_interfaces/local/lib/python3.10/dist-packages/ro45_portalrobot_interfaces/__init__.py'...
[3.218s] Listing '/home/juntj/Robitic_Project3/ros2_workspace/install/ro45_portalrobot_interfaces/local/lib/python3.10/dist-packages/ro45_portalrobot_interfaces/msg'...
[3.222s] -- Up-to-date: /home/juntj/Robitic_Project3/ros2_workspace/install/ro45_portalrobot_interfaces/lib/libro45_portalrobot_interfaces__rosidl_generator_py.so
[3.222s] -- Up-to-date: /home/juntj/Robitic_Project3/ros2_workspace/install/ro45_portalrobot_interfaces/share/ro45_portalrobot_interfaces/cmake/export_ro45_portalrobot_interfaces__rosidl_generator_cExport.cmake
[3.222s] -- Up-to-date: /home/juntj/Robitic_Project3/ros2_workspace/install/ro45_portalrobot_interfaces/share/ro45_portalrobot_interfaces/cmake/export_ro45_portalrobot_interfaces__rosidl_generator_cExport-noconfig.cmake
[3.223s] -- Up-to-date: /home/juntj/Robitic_Project3/ros2_workspace/install/ro45_portalrobot_interfaces/share/ro45_portalrobot_interfaces/cmake/export_ro45_portalrobot_interfaces__rosidl_typesupport_fastrtps_cExport.cmake
[3.223s] -- Up-to-date: /home/juntj/Robitic_Project3/ros2_workspace/install/ro45_portalrobot_interfaces/share/ro45_portalrobot_interfaces/cmake/export_ro45_portalrobot_interfaces__rosidl_typesupport_fastrtps_cExport-noconfig.cmake
[3.223s] -- Up-to-date: /home/juntj/Robitic_Project3/ros2_workspace/install/ro45_portalrobot_interfaces/share/ro45_portalrobot_interfaces/cmake/ro45_portalrobot_interfaces__rosidl_typesupport_introspection_cExport.cmake
[3.223s] -- Up-to-date: /home/juntj/Robitic_Project3/ros2_workspace/install/ro45_portalrobot_interfaces/share/ro45_portalrobot_interfaces/cmake/ro45_portalrobot_interfaces__rosidl_typesupport_introspection_cExport-noconfig.cmake
[3.223s] -- Up-to-date: /home/juntj/Robitic_Project3/ros2_workspace/install/ro45_portalrobot_interfaces/share/ro45_portalrobot_interfaces/cmake/ro45_portalrobot_interfaces__rosidl_typesupport_cExport.cmake
[3.223s] -- Up-to-date: /home/juntj/Robitic_Project3/ros2_workspace/install/ro45_portalrobot_interfaces/share/ro45_portalrobot_interfaces/cmake/ro45_portalrobot_interfaces__rosidl_typesupport_cExport-noconfig.cmake
[3.224s] -- Up-to-date: /home/juntj/Robitic_Project3/ros2_workspace/install/ro45_portalrobot_interfaces/share/ro45_portalrobot_interfaces/cmake/export_ro45_portalrobot_interfaces__rosidl_generator_cppExport.cmake
[3.224s] -- Up-to-date: /home/juntj/Robitic_Project3/ros2_workspace/install/ro45_portalrobot_interfaces/share/ro45_portalrobot_interfaces/cmake/export_ro45_portalrobot_interfaces__rosidl_typesupport_fastrtps_cppExport.cmake
[3.224s] -- Up-to-date: /home/juntj/Robitic_Project3/ros2_workspace/install/ro45_portalrobot_interfaces/share/ro45_portalrobot_interfaces/cmake/export_ro45_portalrobot_interfaces__rosidl_typesupport_fastrtps_cppExport-noconfig.cmake
[3.224s] -- Up-to-date: /home/juntj/Robitic_Project3/ros2_workspace/install/ro45_portalrobot_interfaces/share/ro45_portalrobot_interfaces/cmake/ro45_portalrobot_interfaces__rosidl_typesupport_introspection_cppExport.cmake
[3.224s] -- Up-to-date: /home/juntj/Robitic_Project3/ros2_workspace/install/ro45_portalrobot_interfaces/share/ro45_portalrobot_interfaces/cmake/ro45_portalrobot_interfaces__rosidl_typesupport_introspection_cppExport-noconfig.cmake
[3.224s] -- Up-to-date: /home/juntj/Robitic_Project3/ros2_workspace/install/ro45_portalrobot_interfaces/share/ro45_portalrobot_interfaces/cmake/ro45_portalrobot_interfaces__rosidl_typesupport_cppExport.cmake
[3.224s] -- Up-to-date: /home/juntj/Robitic_Project3/ros2_workspace/install/ro45_portalrobot_interfaces/share/ro45_portalrobot_interfaces/cmake/ro45_portalrobot_interfaces__rosidl_typesupport_cppExport-noconfig.cmake
[3.224s] -- Up-to-date: /home/juntj/Robitic_Project3/ros2_workspace/install/ro45_portalrobot_interfaces/share/ro45_portalrobot_interfaces/cmake/export_ro45_portalrobot_interfaces__rosidl_generator_pyExport.cmake
[3.224s] -- Up-to-date: /home/juntj/Robitic_Project3/ros2_workspace/install/ro45_portalrobot_interfaces/share/ro45_portalrobot_interfaces/cmake/export_ro45_portalrobot_interfaces__rosidl_generator_pyExport-noconfig.cmake
[3.227s] Invoked command in '/home/juntj/Robitic_Project3/ros2_workspace/build/ro45_portalrobot_interfaces' returned '0': CMAKE_PREFIX_PATH=${CMAKE_PREFIX_PATH}:/home/juntj/ros2_ws/install/launch_testing_examples:/home/juntj/ros2_ws/install/examples_rclpy_pointcloud_publisher:/home/juntj/ros2_ws/install/examples_rclpy_minimal_subscriber:/home/juntj/ros2_ws/install/examples_rclpy_minimal_service:/home/juntj/ros2_ws/install/examples_rclpy_minimal_publisher:/home/juntj/ros2_ws/install/examples_rclpy_minimal_client:/home/juntj/ros2_ws/install/examples_rclpy_minimal_action_server:/home/juntj/ros2_ws/install/examples_rclpy_minimal_action_client:/home/juntj/ros2_ws/install/examples_rclpy_guard_conditions:/home/juntj/ros2_ws/install/examples_rclpy_executors:/opt/ros/humble /usr/bin/cmake --install /home/juntj/Robitic_Project3/ros2_workspace/build/ro45_portalrobot_interfaces
