[2.283s] Invoking command in '/home/juntj/Robitic_Project3/ros2_workspace/build/Classification': PYTHONPATH=/home/juntj/Robitic_Project3/ros2_workspace/build/Classification/prefix_override:/home/juntj/Robitic_Project3/ros2_workspace/install/Classification/lib/python3.10/site-packages:${PYTHONPATH} /usr/bin/python3 setup.py develop --uninstall --editable --build-directory /home/juntj/Robitic_Project3/ros2_workspace/build/Classification/build
[2.605s] running develop
[2.887s] Invoked command in '/home/juntj/Robitic_Project3/ros2_workspace/build/Classification' returned '0': PYTHONPATH=/home/juntj/Robitic_Project3/ros2_workspace/build/Classification/prefix_override:/home/juntj/Robitic_Project3/ros2_workspace/install/Classification/lib/python3.10/site-packages:${PYTHONPATH} /usr/bin/python3 setup.py develop --uninstall --editable --build-directory /home/juntj/Robitic_Project3/ros2_workspace/build/Classification/build
[2.889s] Invoking command in '/home/juntj/Robitic_Project3/ros2_workspace/src/Classification': PYTHONPATH=/home/juntj/Robitic_Project3/ros2_workspace/build/Classification/prefix_override:/home/juntj/Robitic_Project3/ros2_workspace/install/Classification/lib/python3.10/site-packages:${PYTHONPATH} /usr/bin/python3 setup.py egg_info --egg-base ../../build/Classification build --build-base /home/juntj/Robitic_Project3/ros2_workspace/build/Classification/build install --record /home/juntj/Robitic_Project3/ros2_workspace/build/Classification/install.log --single-version-externally-managed
[3.160s] running egg_info
[3.161s] writing ../../build/Classification/Classification.egg-info/PKG-INFO
[3.161s] writing dependency_links to ../../build/Classification/Classification.egg-info/dependency_links.txt
[3.161s] writing entry points to ../../build/Classification/Classification.egg-info/entry_points.txt
[3.161s] writing requirements to ../../build/Classification/Classification.egg-info/requires.txt
[3.161s] writing top-level names to ../../build/Classification/Classification.egg-info/top_level.txt
[3.164s] reading manifest file '../../build/Classification/Classification.egg-info/SOURCES.txt'
[3.165s] writing manifest file '../../build/Classification/Classification.egg-info/SOURCES.txt'
[3.165s] running build
[3.165s] running build_py
[3.166s] running install
[3.166s] running install_lib
[3.167s] running install_data
[3.167s] running install_egg_info
[3.169s] removing '/home/juntj/Robitic_Project3/ros2_workspace/install/Classification/lib/python3.10/site-packages/Classification-0.0.0-py3.10.egg-info' (and everything under it)
[3.169s] Copying ../../build/Classification/Classification.egg-info to /home/juntj/Robitic_Project3/ros2_workspace/install/Classification/lib/python3.10/site-packages/Classification-0.0.0-py3.10.egg-info
[3.169s] running install_scripts
[3.190s] writing list of installed files to '/home/juntj/Robitic_Project3/ros2_workspace/build/Classification/install.log'
[3.300s] Invoked command in '/home/juntj/Robitic_Project3/ros2_workspace/src/Classification' returned '0': PYTHONPATH=/home/juntj/Robitic_Project3/ros2_workspace/build/Classification/prefix_override:/home/juntj/Robitic_Project3/ros2_workspace/install/Classification/lib/python3.10/site-packages:${PYTHONPATH} /usr/bin/python3 setup.py egg_info --egg-base ../../build/Classification build --build-base /home/juntj/Robitic_Project3/ros2_workspace/build/Classification/build install --record /home/juntj/Robitic_Project3/ros2_workspace/build/Classification/install.log --single-version-externally-managed
