[0.329s] DEBUG:colcon:Command line arguments: ['/usr/bin/colcon', 'build']
[0.329s] DEBUG:colcon:Parsed command line arguments: Namespace(log_base=None, log_level=None, verb_name='build', build_base='build', install_base='install', merge_install=False, symlink_install=False, test_result_base=None, continue_on_error=False, executor='parallel', parallel_workers=16, event_handlers=None, ignore_user_meta=False, metas=['./colcon.meta'], base_paths=['.'], packages_ignore=None, packages_ignore_regex=None, paths=None, packages_up_to=None, packages_up_to_regex=None, packages_above=None, packages_above_and_dependencies=None, packages_above_depth=None, packages_select_by_dep=None, packages_skip_by_dep=None, packages_skip_up_to=None, packages_select_build_failed=False, packages_skip_build_finished=False, packages_select_test_failures=False, packages_skip_test_passed=False, packages_select=None, packages_skip=None, packages_select_regex=None, packages_skip_regex=None, packages_start=None, packages_end=None, allow_overriding=[], cmake_args=None, cmake_target=None, cmake_target_skip_unavailable=False, cmake_clean_cache=False, cmake_clean_first=False, cmake_force_configure=False, ament_cmake_args=None, catkin_cmake_args=None, catkin_skip_building_tests=False, verb_parser=<colcon_defaults.argument_parser.defaults.DefaultArgumentsDecorator object at 0x7f088e0bb3a0>, verb_extension=<colcon_core.verb.build.BuildVerb object at 0x7f088e0bae30>, main=<bound method BuildVerb.main of <colcon_core.verb.build.BuildVerb object at 0x7f088e0bae30>>)
[0.350s] Level 1:colcon.colcon_core.package_discovery:discover_packages(colcon_meta) check parameters
[0.350s] Level 1:colcon.colcon_core.package_discovery:discover_packages(recursive) check parameters
[0.350s] Level 1:colcon.colcon_core.package_discovery:discover_packages(ignore) check parameters
[0.350s] Level 1:colcon.colcon_core.package_discovery:discover_packages(path) check parameters
[0.350s] Level 1:colcon.colcon_core.package_discovery:discover_packages(colcon_meta) discover
[0.350s] Level 1:colcon.colcon_core.package_discovery:discover_packages(recursive) discover
[0.350s] INFO:colcon.colcon_core.package_discovery:Crawling recursively for packages in '/home/juntj/Robitic_Project3/ros2_workspace'
[0.350s] Level 1:colcon.colcon_core.package_identification:_identify(.) by extensions ['ignore', 'ignore_ament_install']
[0.350s] Level 1:colcon.colcon_core.package_identification:_identify(.) by extension 'ignore'
[0.350s] Level 1:colcon.colcon_core.package_identification:_identify(.) by extension 'ignore_ament_install'
[0.351s] Level 1:colcon.colcon_core.package_identification:_identify(.) by extensions ['colcon_pkg']
[0.351s] Level 1:colcon.colcon_core.package_identification:_identify(.) by extension 'colcon_pkg'
[0.351s] Level 1:colcon.colcon_core.package_identification:_identify(.) by extensions ['colcon_meta']
[0.351s] Level 1:colcon.colcon_core.package_identification:_identify(.) by extension 'colcon_meta'
[0.351s] Level 1:colcon.colcon_core.package_identification:_identify(.) by extensions ['ros']
[0.351s] Level 1:colcon.colcon_core.package_identification:_identify(.) by extension 'ros'
[0.361s] DEBUG:colcon.colcon_core.package_identification:Failed to parse potential ROS package manifest in'.': Error(s) in package './package.xml':
The manifest contains invalid XML:
no element found: line 2, column 0
[0.361s] Level 1:colcon.colcon_core.package_identification:_identify(.) by extensions ['cmake', 'python']
[0.361s] Level 1:colcon.colcon_core.package_identification:_identify(.) by extension 'cmake'
[0.361s] Level 1:colcon.colcon_core.package_identification:_identify(.) by extension 'python'
[0.361s] Level 1:colcon.colcon_core.package_identification:_identify(.) by extensions ['python_setup_py']
[0.361s] Level 1:colcon.colcon_core.package_identification:_identify(.) by extension 'python_setup_py'
[0.361s] Level 1:colcon.colcon_core.package_identification:_identify(build) by extensions ['ignore', 'ignore_ament_install']
[0.362s] Level 1:colcon.colcon_core.package_identification:_identify(build) by extension 'ignore'
[0.362s] Level 1:colcon.colcon_core.package_identification:_identify(build) ignored
[0.362s] Level 1:colcon.colcon_core.package_identification:_identify(install) by extensions ['ignore', 'ignore_ament_install']
[0.362s] Level 1:colcon.colcon_core.package_identification:_identify(install) by extension 'ignore'
[0.362s] Level 1:colcon.colcon_core.package_identification:_identify(install) ignored
[0.362s] Level 1:colcon.colcon_core.package_identification:_identify(log) by extensions ['ignore', 'ignore_ament_install']
[0.362s] Level 1:colcon.colcon_core.package_identification:_identify(log) by extension 'ignore'
[0.362s] Level 1:colcon.colcon_core.package_identification:_identify(log) ignored
[0.362s] Level 1:colcon.colcon_core.package_identification:_identify(src) by extensions ['ignore', 'ignore_ament_install']
[0.362s] Level 1:colcon.colcon_core.package_identification:_identify(src) by extension 'ignore'
[0.362s] Level 1:colcon.colcon_core.package_identification:_identify(src) by extension 'ignore_ament_install'
[0.362s] Level 1:colcon.colcon_core.package_identification:_identify(src) by extensions ['colcon_pkg']
[0.362s] Level 1:colcon.colcon_core.package_identification:_identify(src) by extension 'colcon_pkg'
[0.362s] Level 1:colcon.colcon_core.package_identification:_identify(src) by extensions ['colcon_meta']
[0.362s] Level 1:colcon.colcon_core.package_identification:_identify(src) by extension 'colcon_meta'
[0.362s] Level 1:colcon.colcon_core.package_identification:_identify(src) by extensions ['ros']
[0.362s] Level 1:colcon.colcon_core.package_identification:_identify(src) by extension 'ros'
[0.362s] Level 1:colcon.colcon_core.package_identification:_identify(src) by extensions ['cmake', 'python']
[0.362s] Level 1:colcon.colcon_core.package_identification:_identify(src) by extension 'cmake'
[0.362s] Level 1:colcon.colcon_core.package_identification:_identify(src) by extension 'python'
[0.362s] Level 1:colcon.colcon_core.package_identification:_identify(src) by extensions ['python_setup_py']
[0.362s] Level 1:colcon.colcon_core.package_identification:_identify(src) by extension 'python_setup_py'
[0.362s] Level 1:colcon.colcon_core.package_identification:_identify(src/Classification) by extensions ['ignore', 'ignore_ament_install']
[0.362s] Level 1:colcon.colcon_core.package_identification:_identify(src/Classification) by extension 'ignore'
[0.363s] Level 1:colcon.colcon_core.package_identification:_identify(src/Classification) by extension 'ignore_ament_install'
[0.363s] Level 1:colcon.colcon_core.package_identification:_identify(src/Classification) by extensions ['colcon_pkg']
[0.363s] Level 1:colcon.colcon_core.package_identification:_identify(src/Classification) by extension 'colcon_pkg'
[0.363s] Level 1:colcon.colcon_core.package_identification:_identify(src/Classification) by extensions ['colcon_meta']
[0.363s] Level 1:colcon.colcon_core.package_identification:_identify(src/Classification) by extension 'colcon_meta'
[0.363s] Level 1:colcon.colcon_core.package_identification:_identify(src/Classification) by extensions ['ros']
[0.363s] Level 1:colcon.colcon_core.package_identification:_identify(src/Classification) by extension 'ros'
[0.364s] DEBUG:colcon.colcon_core.package_identification:Package 'src/Classification' with type 'ros.ament_python' and name 'Classification'
[0.364s] Level 1:colcon.colcon_core.package_identification:_identify(src/Object_detection) by extensions ['ignore', 'ignore_ament_install']
[0.364s] Level 1:colcon.colcon_core.package_identification:_identify(src/Object_detection) by extension 'ignore'
[0.364s] Level 1:colcon.colcon_core.package_identification:_identify(src/Object_detection) by extension 'ignore_ament_install'
[0.364s] Level 1:colcon.colcon_core.package_identification:_identify(src/Object_detection) by extensions ['colcon_pkg']
[0.364s] Level 1:colcon.colcon_core.package_identification:_identify(src/Object_detection) by extension 'colcon_pkg'
[0.364s] Level 1:colcon.colcon_core.package_identification:_identify(src/Object_detection) by extensions ['colcon_meta']
[0.364s] Level 1:colcon.colcon_core.package_identification:_identify(src/Object_detection) by extension 'colcon_meta'
[0.364s] Level 1:colcon.colcon_core.package_identification:_identify(src/Object_detection) by extensions ['ros']
[0.364s] Level 1:colcon.colcon_core.package_identification:_identify(src/Object_detection) by extension 'ros'
[0.365s] DEBUG:colcon.colcon_core.package_identification:Package 'src/Object_detection' with type 'ros.ament_python' and name 'Object_detection'
[0.365s] Level 1:colcon.colcon_core.package_identification:_identify(src/Position_Controller) by extensions ['ignore', 'ignore_ament_install']
[0.365s] Level 1:colcon.colcon_core.package_identification:_identify(src/Position_Controller) by extension 'ignore'
[0.365s] Level 1:colcon.colcon_core.package_identification:_identify(src/Position_Controller) by extension 'ignore_ament_install'
[0.365s] Level 1:colcon.colcon_core.package_identification:_identify(src/Position_Controller) by extensions ['colcon_pkg']
[0.365s] Level 1:colcon.colcon_core.package_identification:_identify(src/Position_Controller) by extension 'colcon_pkg'
[0.365s] Level 1:colcon.colcon_core.package_identification:_identify(src/Position_Controller) by extensions ['colcon_meta']
[0.365s] Level 1:colcon.colcon_core.package_identification:_identify(src/Position_Controller) by extension 'colcon_meta'
[0.365s] Level 1:colcon.colcon_core.package_identification:_identify(src/Position_Controller) by extensions ['ros']
[0.365s] Level 1:colcon.colcon_core.package_identification:_identify(src/Position_Controller) by extension 'ros'
[0.365s] DEBUG:colcon.colcon_core.package_identification:Failed to parse potential ROS package manifest in'src/Position_Controller': Error(s) in package 'src/Position_Controller/package.xml':
The manifest contains invalid XML:
mismatched tag: line 10, column 18
[0.366s] Level 1:colcon.colcon_core.package_identification:_identify(src/Position_Controller) by extensions ['cmake', 'python']
[0.366s] Level 1:colcon.colcon_core.package_identification:_identify(src/Position_Controller) by extension 'cmake'
[0.366s] Level 1:colcon.colcon_core.package_identification:_identify(src/Position_Controller) by extension 'python'
[0.366s] DEBUG:colcon.colcon_core.package_identification:Python package in 'src/Position_Controller' passes arguments to the setup() function which requires a different identification extension than 'python'
[0.366s] Level 1:colcon.colcon_core.package_identification:_identify(src/Position_Controller) by extensions ['python_setup_py']
[0.366s] Level 1:colcon.colcon_core.package_identification:_identify(src/Position_Controller) by extension 'python_setup_py'
[0.643s] DEBUG:colcon.colcon_core.package_identification:Package 'src/Position_Controller' with type 'python' and name 'Position_Controller'
[0.643s] Level 1:colcon.colcon_core.package_identification:_identify(src/Scale_detection) by extensions ['ignore', 'ignore_ament_install']
[0.643s] Level 1:colcon.colcon_core.package_identification:_identify(src/Scale_detection) by extension 'ignore'
[0.643s] Level 1:colcon.colcon_core.package_identification:_identify(src/Scale_detection) by extension 'ignore_ament_install'
[0.643s] Level 1:colcon.colcon_core.package_identification:_identify(src/Scale_detection) by extensions ['colcon_pkg']
[0.643s] Level 1:colcon.colcon_core.package_identification:_identify(src/Scale_detection) by extension 'colcon_pkg'
[0.643s] Level 1:colcon.colcon_core.package_identification:_identify(src/Scale_detection) by extensions ['colcon_meta']
[0.643s] Level 1:colcon.colcon_core.package_identification:_identify(src/Scale_detection) by extension 'colcon_meta'
[0.643s] Level 1:colcon.colcon_core.package_identification:_identify(src/Scale_detection) by extensions ['ros']
[0.643s] Level 1:colcon.colcon_core.package_identification:_identify(src/Scale_detection) by extension 'ros'
[0.644s] DEBUG:colcon.colcon_core.package_identification:Package 'src/Scale_detection' with type 'ros.ament_python' and name 'Scale_detection'
[0.644s] Level 1:colcon.colcon_core.package_identification:_identify(src/Tracker) by extensions ['ignore', 'ignore_ament_install']
[0.644s] Level 1:colcon.colcon_core.package_identification:_identify(src/Tracker) by extension 'ignore'
[0.644s] Level 1:colcon.colcon_core.package_identification:_identify(src/Tracker) by extension 'ignore_ament_install'
[0.644s] Level 1:colcon.colcon_core.package_identification:_identify(src/Tracker) by extensions ['colcon_pkg']
[0.644s] Level 1:colcon.colcon_core.package_identification:_identify(src/Tracker) by extension 'colcon_pkg'
[0.644s] Level 1:colcon.colcon_core.package_identification:_identify(src/Tracker) by extensions ['colcon_meta']
[0.645s] Level 1:colcon.colcon_core.package_identification:_identify(src/Tracker) by extension 'colcon_meta'
[0.645s] Level 1:colcon.colcon_core.package_identification:_identify(src/Tracker) by extensions ['ros']
[0.645s] Level 1:colcon.colcon_core.package_identification:_identify(src/Tracker) by extension 'ros'
[0.645s] DEBUG:colcon.colcon_core.package_identification:Package 'src/Tracker' with type 'ros.ament_python' and name 'Tracker'
[0.645s] Level 1:colcon.colcon_core.package_identification:_identify(src/classification) by extensions ['ignore', 'ignore_ament_install']
[0.645s] Level 1:colcon.colcon_core.package_identification:_identify(src/classification) by extension 'ignore'
[0.645s] Level 1:colcon.colcon_core.package_identification:_identify(src/classification) by extension 'ignore_ament_install'
[0.645s] Level 1:colcon.colcon_core.package_identification:_identify(src/classification) by extensions ['colcon_pkg']
[0.645s] Level 1:colcon.colcon_core.package_identification:_identify(src/classification) by extension 'colcon_pkg'
[0.645s] Level 1:colcon.colcon_core.package_identification:_identify(src/classification) by extensions ['colcon_meta']
[0.645s] Level 1:colcon.colcon_core.package_identification:_identify(src/classification) by extension 'colcon_meta'
[0.645s] Level 1:colcon.colcon_core.package_identification:_identify(src/classification) by extensions ['ros']
[0.645s] Level 1:colcon.colcon_core.package_identification:_identify(src/classification) by extension 'ros'
[0.646s] DEBUG:colcon.colcon_core.package_identification:Package 'src/classification' with type 'ros.ament_python' and name 'classification'
[0.646s] Level 1:colcon.colcon_core.package_identification:_identify(src/ro45_portalrobot_interfaces) by extensions ['ignore', 'ignore_ament_install']
[0.646s] Level 1:colcon.colcon_core.package_identification:_identify(src/ro45_portalrobot_interfaces) by extension 'ignore'
[0.646s] Level 1:colcon.colcon_core.package_identification:_identify(src/ro45_portalrobot_interfaces) by extension 'ignore_ament_install'
[0.646s] Level 1:colcon.colcon_core.package_identification:_identify(src/ro45_portalrobot_interfaces) by extensions ['colcon_pkg']
[0.646s] Level 1:colcon.colcon_core.package_identification:_identify(src/ro45_portalrobot_interfaces) by extension 'colcon_pkg'
[0.646s] Level 1:colcon.colcon_core.package_identification:_identify(src/ro45_portalrobot_interfaces) by extensions ['colcon_meta']
[0.646s] Level 1:colcon.colcon_core.package_identification:_identify(src/ro45_portalrobot_interfaces) by extension 'colcon_meta'
[0.646s] Level 1:colcon.colcon_core.package_identification:_identify(src/ro45_portalrobot_interfaces) by extensions ['ros']
[0.646s] Level 1:colcon.colcon_core.package_identification:_identify(src/ro45_portalrobot_interfaces) by extension 'ros'
[0.646s] DEBUG:colcon.colcon_core.package_identification:Package 'src/ro45_portalrobot_interfaces' with type 'ros.ament_cmake' and name 'ro45_portalrobot_interfaces'
[0.646s] Level 1:colcon.colcon_core.package_discovery:discover_packages(recursive) using defaults
[0.646s] Level 1:colcon.colcon_core.package_discovery:discover_packages(ignore) discover
[0.646s] Level 1:colcon.colcon_core.package_discovery:discover_packages(ignore) using defaults
[0.646s] Level 1:colcon.colcon_core.package_discovery:discover_packages(path) discover
[0.646s] Level 1:colcon.colcon_core.package_discovery:discover_packages(path) using defaults
[0.670s] Level 1:colcon.colcon_core.package_discovery:discover_packages(prefix_path) check parameters
[0.670s] Level 1:colcon.colcon_core.package_discovery:discover_packages(prefix_path) discover
[0.678s] DEBUG:colcon.colcon_installed_package_information.package_discovery:Found 7 installed packages in /home/juntj/Robitic_Project3/ros2_workspace/install
[0.680s] DEBUG:colcon.colcon_installed_package_information.package_discovery:Found 23 installed packages in /home/juntj/ros2_ws/install
[0.681s] DEBUG:colcon.colcon_installed_package_information.package_discovery:Found 270 installed packages in /opt/ros/humble
[0.683s] Level 1:colcon.colcon_core.package_discovery:discover_packages(prefix_path) using defaults
[0.755s] Level 5:colcon.colcon_core.verb:set package 'Classification' build argument 'cmake_args' from command line to 'None'
[0.756s] Level 5:colcon.colcon_core.verb:set package 'Classification' build argument 'cmake_target' from command line to 'None'
[0.756s] Level 5:colcon.colcon_core.verb:set package 'Classification' build argument 'cmake_target_skip_unavailable' from command line to 'False'
[0.756s] Level 5:colcon.colcon_core.verb:set package 'Classification' build argument 'cmake_clean_cache' from command line to 'False'
[0.756s] Level 5:colcon.colcon_core.verb:set package 'Classification' build argument 'cmake_clean_first' from command line to 'False'
[0.756s] Level 5:colcon.colcon_core.verb:set package 'Classification' build argument 'cmake_force_configure' from command line to 'False'
[0.756s] Level 5:colcon.colcon_core.verb:set package 'Classification' build argument 'ament_cmake_args' from command line to 'None'
[0.756s] Level 5:colcon.colcon_core.verb:set package 'Classification' build argument 'catkin_cmake_args' from command line to 'None'
[0.756s] Level 5:colcon.colcon_core.verb:set package 'Classification' build argument 'catkin_skip_building_tests' from command line to 'False'
[0.756s] DEBUG:colcon.colcon_core.verb:Building package 'Classification' with the following arguments: {'ament_cmake_args': None, 'build_base': '/home/juntj/Robitic_Project3/ros2_workspace/build/Classification', 'catkin_cmake_args': None, 'catkin_skip_building_tests': False, 'cmake_args': None, 'cmake_clean_cache': False, 'cmake_clean_first': False, 'cmake_force_configure': False, 'cmake_target': None, 'cmake_target_skip_unavailable': False, 'install_base': '/home/juntj/Robitic_Project3/ros2_workspace/install/Classification', 'merge_install': False, 'path': '/home/juntj/Robitic_Project3/ros2_workspace/src/Classification', 'symlink_install': False, 'test_result_base': None}
[0.756s] Level 5:colcon.colcon_core.verb:set package 'Object_detection' build argument 'cmake_args' from command line to 'None'
[0.756s] Level 5:colcon.colcon_core.verb:set package 'Object_detection' build argument 'cmake_target' from command line to 'None'
[0.756s] Level 5:colcon.colcon_core.verb:set package 'Object_detection' build argument 'cmake_target_skip_unavailable' from command line to 'False'
[0.757s] Level 5:colcon.colcon_core.verb:set package 'Object_detection' build argument 'cmake_clean_cache' from command line to 'False'
[0.757s] Level 5:colcon.colcon_core.verb:set package 'Object_detection' build argument 'cmake_clean_first' from command line to 'False'
[0.757s] Level 5:colcon.colcon_core.verb:set package 'Object_detection' build argument 'cmake_force_configure' from command line to 'False'
[0.757s] Level 5:colcon.colcon_core.verb:set package 'Object_detection' build argument 'ament_cmake_args' from command line to 'None'
[0.757s] Level 5:colcon.colcon_core.verb:set package 'Object_detection' build argument 'catkin_cmake_args' from command line to 'None'
[0.757s] Level 5:colcon.colcon_core.verb:set package 'Object_detection' build argument 'catkin_skip_building_tests' from command line to 'False'
[0.757s] DEBUG:colcon.colcon_core.verb:Building package 'Object_detection' with the following arguments: {'ament_cmake_args': None, 'build_base': '/home/juntj/Robitic_Project3/ros2_workspace/build/Object_detection', 'catkin_cmake_args': None, 'catkin_skip_building_tests': False, 'cmake_args': None, 'cmake_clean_cache': False, 'cmake_clean_first': False, 'cmake_force_configure': False, 'cmake_target': None, 'cmake_target_skip_unavailable': False, 'install_base': '/home/juntj/Robitic_Project3/ros2_workspace/install/Object_detection', 'merge_install': False, 'path': '/home/juntj/Robitic_Project3/ros2_workspace/src/Object_detection', 'symlink_install': False, 'test_result_base': None}
[0.757s] Level 5:colcon.colcon_core.verb:set package 'Position_Controller' build argument 'cmake_args' from command line to 'None'
[0.757s] Level 5:colcon.colcon_core.verb:set package 'Position_Controller' build argument 'cmake_target' from command line to 'None'
[0.757s] Level 5:colcon.colcon_core.verb:set package 'Position_Controller' build argument 'cmake_target_skip_unavailable' from command line to 'False'
[0.757s] Level 5:colcon.colcon_core.verb:set package 'Position_Controller' build argument 'cmake_clean_cache' from command line to 'False'
[0.757s] Level 5:colcon.colcon_core.verb:set package 'Position_Controller' build argument 'cmake_clean_first' from command line to 'False'
[0.757s] Level 5:colcon.colcon_core.verb:set package 'Position_Controller' build argument 'cmake_force_configure' from command line to 'False'
[0.757s] Level 5:colcon.colcon_core.verb:set package 'Position_Controller' build argument 'ament_cmake_args' from command line to 'None'
[0.757s] Level 5:colcon.colcon_core.verb:set package 'Position_Controller' build argument 'catkin_cmake_args' from command line to 'None'
[0.758s] Level 5:colcon.colcon_core.verb:set package 'Position_Controller' build argument 'catkin_skip_building_tests' from command line to 'False'
[0.758s] DEBUG:colcon.colcon_core.verb:Building package 'Position_Controller' with the following arguments: {'ament_cmake_args': None, 'build_base': '/home/juntj/Robitic_Project3/ros2_workspace/build/Position_Controller', 'catkin_cmake_args': None, 'catkin_skip_building_tests': False, 'cmake_args': None, 'cmake_clean_cache': False, 'cmake_clean_first': False, 'cmake_force_configure': False, 'cmake_target': None, 'cmake_target_skip_unavailable': False, 'install_base': '/home/juntj/Robitic_Project3/ros2_workspace/install/Position_Controller', 'merge_install': False, 'path': '/home/juntj/Robitic_Project3/ros2_workspace/src/Position_Controller', 'symlink_install': False, 'test_result_base': None}
[0.758s] Level 5:colcon.colcon_core.verb:set package 'Scale_detection' build argument 'cmake_args' from command line to 'None'
[0.758s] Level 5:colcon.colcon_core.verb:set package 'Scale_detection' build argument 'cmake_target' from command line to 'None'
[0.758s] Level 5:colcon.colcon_core.verb:set package 'Scale_detection' build argument 'cmake_target_skip_unavailable' from command line to 'False'
[0.758s] Level 5:colcon.colcon_core.verb:set package 'Scale_detection' build argument 'cmake_clean_cache' from command line to 'False'
[0.758s] Level 5:colcon.colcon_core.verb:set package 'Scale_detection' build argument 'cmake_clean_first' from command line to 'False'
[0.758s] Level 5:colcon.colcon_core.verb:set package 'Scale_detection' build argument 'cmake_force_configure' from command line to 'False'
[0.758s] Level 5:colcon.colcon_core.verb:set package 'Scale_detection' build argument 'ament_cmake_args' from command line to 'None'
[0.758s] Level 5:colcon.colcon_core.verb:set package 'Scale_detection' build argument 'catkin_cmake_args' from command line to 'None'
[0.758s] Level 5:colcon.colcon_core.verb:set package 'Scale_detection' build argument 'catkin_skip_building_tests' from command line to 'False'
[0.758s] DEBUG:colcon.colcon_core.verb:Building package 'Scale_detection' with the following arguments: {'ament_cmake_args': None, 'build_base': '/home/juntj/Robitic_Project3/ros2_workspace/build/Scale_detection', 'catkin_cmake_args': None, 'catkin_skip_building_tests': False, 'cmake_args': None, 'cmake_clean_cache': False, 'cmake_clean_first': False, 'cmake_force_configure': False, 'cmake_target': None, 'cmake_target_skip_unavailable': False, 'install_base': '/home/juntj/Robitic_Project3/ros2_workspace/install/Scale_detection', 'merge_install': False, 'path': '/home/juntj/Robitic_Project3/ros2_workspace/src/Scale_detection', 'symlink_install': False, 'test_result_base': None}
[0.759s] Level 5:colcon.colcon_core.verb:set package 'Tracker' build argument 'cmake_args' from command line to 'None'
[0.759s] Level 5:colcon.colcon_core.verb:set package 'Tracker' build argument 'cmake_target' from command line to 'None'
[0.759s] Level 5:colcon.colcon_core.verb:set package 'Tracker' build argument 'cmake_target_skip_unavailable' from command line to 'False'
[0.759s] Level 5:colcon.colcon_core.verb:set package 'Tracker' build argument 'cmake_clean_cache' from command line to 'False'
[0.759s] Level 5:colcon.colcon_core.verb:set package 'Tracker' build argument 'cmake_clean_first' from command line to 'False'
[0.759s] Level 5:colcon.colcon_core.verb:set package 'Tracker' build argument 'cmake_force_configure' from command line to 'False'
[0.759s] Level 5:colcon.colcon_core.verb:set package 'Tracker' build argument 'ament_cmake_args' from command line to 'None'
[0.759s] Level 5:colcon.colcon_core.verb:set package 'Tracker' build argument 'catkin_cmake_args' from command line to 'None'
[0.759s] Level 5:colcon.colcon_core.verb:set package 'Tracker' build argument 'catkin_skip_building_tests' from command line to 'False'
[0.759s] DEBUG:colcon.colcon_core.verb:Building package 'Tracker' with the following arguments: {'ament_cmake_args': None, 'build_base': '/home/juntj/Robitic_Project3/ros2_workspace/build/Tracker', 'catkin_cmake_args': None, 'catkin_skip_building_tests': False, 'cmake_args': None, 'cmake_clean_cache': False, 'cmake_clean_first': False, 'cmake_force_configure': False, 'cmake_target': None, 'cmake_target_skip_unavailable': False, 'install_base': '/home/juntj/Robitic_Project3/ros2_workspace/install/Tracker', 'merge_install': False, 'path': '/home/juntj/Robitic_Project3/ros2_workspace/src/Tracker', 'symlink_install': False, 'test_result_base': None}
[0.760s] Level 5:colcon.colcon_core.verb:set package 'classification' build argument 'cmake_args' from command line to 'None'
[0.760s] Level 5:colcon.colcon_core.verb:set package 'classification' build argument 'cmake_target' from command line to 'None'
[0.760s] Level 5:colcon.colcon_core.verb:set package 'classification' build argument 'cmake_target_skip_unavailable' from command line to 'False'
[0.760s] Level 5:colcon.colcon_core.verb:set package 'classification' build argument 'cmake_clean_cache' from command line to 'False'
[0.760s] Level 5:colcon.colcon_core.verb:set package 'classification' build argument 'cmake_clean_first' from command line to 'False'
[0.760s] Level 5:colcon.colcon_core.verb:set package 'classification' build argument 'cmake_force_configure' from command line to 'False'
[0.760s] Level 5:colcon.colcon_core.verb:set package 'classification' build argument 'ament_cmake_args' from command line to 'None'
[0.760s] Level 5:colcon.colcon_core.verb:set package 'classification' build argument 'catkin_cmake_args' from command line to 'None'
[0.760s] Level 5:colcon.colcon_core.verb:set package 'classification' build argument 'catkin_skip_building_tests' from command line to 'False'
[0.760s] DEBUG:colcon.colcon_core.verb:Building package 'classification' with the following arguments: {'ament_cmake_args': None, 'build_base': '/home/juntj/Robitic_Project3/ros2_workspace/build/classification', 'catkin_cmake_args': None, 'catkin_skip_building_tests': False, 'cmake_args': None, 'cmake_clean_cache': False, 'cmake_clean_first': False, 'cmake_force_configure': False, 'cmake_target': None, 'cmake_target_skip_unavailable': False, 'install_base': '/home/juntj/Robitic_Project3/ros2_workspace/install/classification', 'merge_install': False, 'path': '/home/juntj/Robitic_Project3/ros2_workspace/src/classification', 'symlink_install': False, 'test_result_base': None}
[0.761s] Level 5:colcon.colcon_core.verb:set package 'ro45_portalrobot_interfaces' build argument 'cmake_args' from command line to 'None'
[0.761s] Level 5:colcon.colcon_core.verb:set package 'ro45_portalrobot_interfaces' build argument 'cmake_target' from command line to 'None'
[0.761s] Level 5:colcon.colcon_core.verb:set package 'ro45_portalrobot_interfaces' build argument 'cmake_target_skip_unavailable' from command line to 'False'
[0.761s] Level 5:colcon.colcon_core.verb:set package 'ro45_portalrobot_interfaces' build argument 'cmake_clean_cache' from command line to 'False'
[0.761s] Level 5:colcon.colcon_core.verb:set package 'ro45_portalrobot_interfaces' build argument 'cmake_clean_first' from command line to 'False'
[0.761s] Level 5:colcon.colcon_core.verb:set package 'ro45_portalrobot_interfaces' build argument 'cmake_force_configure' from command line to 'False'
[0.761s] Level 5:colcon.colcon_core.verb:set package 'ro45_portalrobot_interfaces' build argument 'ament_cmake_args' from command line to 'None'
[0.761s] Level 5:colcon.colcon_core.verb:set package 'ro45_portalrobot_interfaces' build argument 'catkin_cmake_args' from command line to 'None'
[0.761s] Level 5:colcon.colcon_core.verb:set package 'ro45_portalrobot_interfaces' build argument 'catkin_skip_building_tests' from command line to 'False'
[0.761s] DEBUG:colcon.colcon_core.verb:Building package 'ro45_portalrobot_interfaces' with the following arguments: {'ament_cmake_args': None, 'build_base': '/home/juntj/Robitic_Project3/ros2_workspace/build/ro45_portalrobot_interfaces', 'catkin_cmake_args': None, 'catkin_skip_building_tests': False, 'cmake_args': None, 'cmake_clean_cache': False, 'cmake_clean_first': False, 'cmake_force_configure': False, 'cmake_target': None, 'cmake_target_skip_unavailable': False, 'install_base': '/home/juntj/Robitic_Project3/ros2_workspace/install/ro45_portalrobot_interfaces', 'merge_install': False, 'path': '/home/juntj/Robitic_Project3/ros2_workspace/src/ro45_portalrobot_interfaces', 'symlink_install': False, 'test_result_base': None}
[0.761s] INFO:colcon.colcon_core.executor:Executing jobs using 'parallel' executor
[0.765s] DEBUG:colcon.colcon_parallel_executor.executor.parallel:run_until_complete
[0.765s] INFO:colcon.colcon_ros.task.ament_python.build:Building ROS package in '/home/juntj/Robitic_Project3/ros2_workspace/src/Classification' with build type 'ament_python'
[0.765s] Level 1:colcon.colcon_core.shell:create_environment_hook('Classification', 'ament_prefix_path')
[0.771s] INFO:colcon.colcon_core.plugin_system:Skipping extension 'colcon_core.shell.bat': Not used on non-Windows systems
[0.772s] INFO:colcon.colcon_core.shell:Creating environment hook '/home/juntj/Robitic_Project3/ros2_workspace/install/Classification/share/Classification/hook/ament_prefix_path.ps1'
[0.772s] INFO:colcon.colcon_core.shell:Creating environment descriptor '/home/juntj/Robitic_Project3/ros2_workspace/install/Classification/share/Classification/hook/ament_prefix_path.dsv'
[0.773s] INFO:colcon.colcon_core.shell:Creating environment hook '/home/juntj/Robitic_Project3/ros2_workspace/install/Classification/share/Classification/hook/ament_prefix_path.sh'
[0.775s] INFO:colcon.colcon_core.shell:Skip shell extension 'powershell' for command environment: Not usable outside of PowerShell
[0.775s] DEBUG:colcon.colcon_core.shell:Skip shell extension 'dsv' for command environment
[0.782s] INFO:colcon.colcon_ros.task.ament_python.build:Building ROS package in '/home/juntj/Robitic_Project3/ros2_workspace/src/Object_detection' with build type 'ament_python'
[0.782s] Level 1:colcon.colcon_core.shell:create_environment_hook('Object_detection', 'ament_prefix_path')
[0.783s] INFO:colcon.colcon_core.shell:Creating environment hook '/home/juntj/Robitic_Project3/ros2_workspace/install/Object_detection/share/Object_detection/hook/ament_prefix_path.ps1'
[0.784s] INFO:colcon.colcon_core.shell:Creating environment descriptor '/home/juntj/Robitic_Project3/ros2_workspace/install/Object_detection/share/Object_detection/hook/ament_prefix_path.dsv'
[0.784s] INFO:colcon.colcon_core.shell:Creating environment hook '/home/juntj/Robitic_Project3/ros2_workspace/install/Object_detection/share/Object_detection/hook/ament_prefix_path.sh'
[0.786s] INFO:colcon.colcon_core.shell:Skip shell extension 'powershell' for command environment: Not usable outside of PowerShell
[0.786s] DEBUG:colcon.colcon_core.shell:Skip shell extension 'dsv' for command environment
[0.793s] INFO:colcon.colcon_core.task.python.build:Building Python package in '/home/juntj/Robitic_Project3/ros2_workspace/src/Position_Controller'
[0.796s] INFO:colcon.colcon_core.shell:Skip shell extension 'powershell' for command environment: Not usable outside of PowerShell
[0.796s] DEBUG:colcon.colcon_core.shell:Skip shell extension 'dsv' for command environment
[0.805s] INFO:colcon.colcon_ros.task.ament_python.build:Building ROS package in '/home/juntj/Robitic_Project3/ros2_workspace/src/Scale_detection' with build type 'ament_python'
[0.805s] Level 1:colcon.colcon_core.shell:create_environment_hook('Scale_detection', 'ament_prefix_path')
[0.807s] INFO:colcon.colcon_core.shell:Creating environment hook '/home/juntj/Robitic_Project3/ros2_workspace/install/Scale_detection/share/Scale_detection/hook/ament_prefix_path.ps1'
[0.808s] INFO:colcon.colcon_core.shell:Creating environment descriptor '/home/juntj/Robitic_Project3/ros2_workspace/install/Scale_detection/share/Scale_detection/hook/ament_prefix_path.dsv'
[0.808s] INFO:colcon.colcon_core.shell:Creating environment hook '/home/juntj/Robitic_Project3/ros2_workspace/install/Scale_detection/share/Scale_detection/hook/ament_prefix_path.sh'
[0.809s] INFO:colcon.colcon_core.shell:Skip shell extension 'powershell' for command environment: Not usable outside of PowerShell
[0.809s] DEBUG:colcon.colcon_core.shell:Skip shell extension 'dsv' for command environment
[0.815s] INFO:colcon.colcon_ros.task.ament_python.build:Building ROS package in '/home/juntj/Robitic_Project3/ros2_workspace/src/Tracker' with build type 'ament_python'
[0.815s] Level 1:colcon.colcon_core.shell:create_environment_hook('Tracker', 'ament_prefix_path')
[0.817s] INFO:colcon.colcon_core.shell:Creating environment hook '/home/juntj/Robitic_Project3/ros2_workspace/install/Tracker/share/Tracker/hook/ament_prefix_path.ps1'
[0.818s] INFO:colcon.colcon_core.shell:Creating environment descriptor '/home/juntj/Robitic_Project3/ros2_workspace/install/Tracker/share/Tracker/hook/ament_prefix_path.dsv'
[0.818s] INFO:colcon.colcon_core.shell:Creating environment hook '/home/juntj/Robitic_Project3/ros2_workspace/install/Tracker/share/Tracker/hook/ament_prefix_path.sh'
[0.819s] INFO:colcon.colcon_core.shell:Skip shell extension 'powershell' for command environment: Not usable outside of PowerShell
[0.819s] DEBUG:colcon.colcon_core.shell:Skip shell extension 'dsv' for command environment
[0.828s] INFO:colcon.colcon_ros.task.ament_python.build:Building ROS package in '/home/juntj/Robitic_Project3/ros2_workspace/src/classification' with build type 'ament_python'
[0.829s] Level 1:colcon.colcon_core.shell:create_environment_hook('classification', 'ament_prefix_path')
[0.830s] INFO:colcon.colcon_core.shell:Creating environment hook '/home/juntj/Robitic_Project3/ros2_workspace/install/classification/share/classification/hook/ament_prefix_path.ps1'
[0.832s] INFO:colcon.colcon_core.shell:Creating environment descriptor '/home/juntj/Robitic_Project3/ros2_workspace/install/classification/share/classification/hook/ament_prefix_path.dsv'
[0.832s] INFO:colcon.colcon_core.shell:Creating environment hook '/home/juntj/Robitic_Project3/ros2_workspace/install/classification/share/classification/hook/ament_prefix_path.sh'
[0.833s] INFO:colcon.colcon_core.shell:Skip shell extension 'powershell' for command environment: Not usable outside of PowerShell
[0.834s] DEBUG:colcon.colcon_core.shell:Skip shell extension 'dsv' for command environment
[0.840s] INFO:colcon.colcon_ros.task.ament_cmake.build:Building ROS package in '/home/juntj/Robitic_Project3/ros2_workspace/src/ro45_portalrobot_interfaces' with build type 'ament_cmake'
[0.841s] INFO:colcon.colcon_cmake.task.cmake.build:Building CMake package in '/home/juntj/Robitic_Project3/ros2_workspace/src/ro45_portalrobot_interfaces'
[0.842s] INFO:colcon.colcon_core.shell:Skip shell extension 'powershell' for command environment: Not usable outside of PowerShell
[0.842s] DEBUG:colcon.colcon_core.shell:Skip shell extension 'dsv' for command environment
[1.131s] INFO:colcon.colcon_core.task.python.build:Building Python package in '/home/juntj/Robitic_Project3/ros2_workspace/src/Classification'
[1.133s] INFO:colcon.colcon_core.shell:Skip shell extension 'powershell' for command environment: Not usable outside of PowerShell
[1.133s] DEBUG:colcon.colcon_core.shell:Skip shell extension 'dsv' for command environment
[1.415s] INFO:colcon.colcon_core.task.python.build:Building Python package in '/home/juntj/Robitic_Project3/ros2_workspace/src/Object_detection'
[1.418s] INFO:colcon.colcon_core.shell:Skip shell extension 'powershell' for command environment: Not usable outside of PowerShell
[1.418s] DEBUG:colcon.colcon_core.shell:Skip shell extension 'dsv' for command environment
[1.984s] INFO:colcon.colcon_core.task.python.build:Building Python package in '/home/juntj/Robitic_Project3/ros2_workspace/src/Scale_detection'
[1.987s] INFO:colcon.colcon_core.shell:Skip shell extension 'powershell' for command environment: Not usable outside of PowerShell
[1.988s] DEBUG:colcon.colcon_core.shell:Skip shell extension 'dsv' for command environment
[2.272s] INFO:colcon.colcon_core.task.python.build:Building Python package in '/home/juntj/Robitic_Project3/ros2_workspace/src/Tracker'
[2.276s] INFO:colcon.colcon_core.shell:Skip shell extension 'powershell' for command environment: Not usable outside of PowerShell
[2.276s] DEBUG:colcon.colcon_core.shell:Skip shell extension 'dsv' for command environment
[2.570s] INFO:colcon.colcon_core.task.python.build:Building Python package in '/home/juntj/Robitic_Project3/ros2_workspace/src/classification'
[2.573s] INFO:colcon.colcon_core.shell:Skip shell extension 'powershell' for command environment: Not usable outside of PowerShell
[2.573s] DEBUG:colcon.colcon_core.shell:Skip shell extension 'dsv' for command environment
[2.595s] DEBUG:colcon.colcon_core.event_handler.log_command:Invoking command in '/home/juntj/Robitic_Project3/ros2_workspace/build/ro45_portalrobot_interfaces': CMAKE_PREFIX_PATH=${CMAKE_PREFIX_PATH}:/home/juntj/Robitic_Project3/ros2_workspace/install/classification:/home/juntj/Robitic_Project3/ros2_workspace/install/Tracker:/home/juntj/Robitic_Project3/ros2_workspace/install/Scale_detection:/home/juntj/Robitic_Project3/ros2_workspace/install/Position_Controller:/home/juntj/Robitic_Project3/ros2_workspace/install/Object_detection:/home/juntj/Robitic_Project3/ros2_workspace/install/Classification:/home/juntj/ros2_ws/install/launch_testing_examples:/home/juntj/ros2_ws/install/examples_rclpy_pointcloud_publisher:/home/juntj/ros2_ws/install/examples_rclpy_minimal_subscriber:/home/juntj/ros2_ws/install/examples_rclpy_minimal_service:/home/juntj/ros2_ws/install/examples_rclpy_minimal_publisher:/home/juntj/ros2_ws/install/examples_rclpy_minimal_client:/home/juntj/ros2_ws/install/examples_rclpy_minimal_action_server:/home/juntj/ros2_ws/install/examples_rclpy_minimal_action_client:/home/juntj/ros2_ws/install/examples_rclpy_guard_conditions:/home/juntj/ros2_ws/install/examples_rclpy_executors:/opt/ros/humble /usr/bin/cmake --build /home/juntj/Robitic_Project3/ros2_workspace/build/ro45_portalrobot_interfaces -- -j16 -l16
[2.606s] DEBUG:colcon.colcon_core.event_handler.log_command:Invoking command in '/home/juntj/Robitic_Project3/ros2_workspace/build/Position_Controller': PYTHONPATH=/home/juntj/Robitic_Project3/ros2_workspace/build/Position_Controller/prefix_override:/home/juntj/Robitic_Project3/ros2_workspace/install/Position_Controller/lib/python3.10/site-packages:${PYTHONPATH} /usr/bin/python3 setup.py develop --uninstall --editable --build-directory /home/juntj/Robitic_Project3/ros2_workspace/build/Position_Controller/build
[3.088s] DEBUG:colcon.colcon_core.event_handler.log_command:Invoking command in '/home/juntj/Robitic_Project3/ros2_workspace/build/Object_detection': PYTHONPATH=/home/juntj/Robitic_Project3/ros2_workspace/build/Object_detection/prefix_override:/home/juntj/Robitic_Project3/ros2_workspace/install/Object_detection/lib/python3.10/site-packages:${PYTHONPATH} /usr/bin/python3 setup.py develop --uninstall --editable --build-directory /home/juntj/Robitic_Project3/ros2_workspace/build/Object_detection/build
[3.091s] DEBUG:colcon.colcon_core.event_handler.log_command:Invoking command in '/home/juntj/Robitic_Project3/ros2_workspace/build/Classification': PYTHONPATH=/home/juntj/Robitic_Project3/ros2_workspace/build/Classification/prefix_override:/home/juntj/Robitic_Project3/ros2_workspace/install/Classification/lib/python3.10/site-packages:${PYTHONPATH} /usr/bin/python3 setup.py develop --uninstall --editable --build-directory /home/juntj/Robitic_Project3/ros2_workspace/build/Classification/build
[3.094s] DEBUG:colcon.colcon_core.event_handler.log_command:Invoking command in '/home/juntj/Robitic_Project3/ros2_workspace/build/Scale_detection': PYTHONPATH=/home/juntj/Robitic_Project3/ros2_workspace/build/Scale_detection/prefix_override:/home/juntj/Robitic_Project3/ros2_workspace/install/Scale_detection/lib/python3.10/site-packages:${PYTHONPATH} /usr/bin/python3 setup.py develop --uninstall --editable --build-directory /home/juntj/Robitic_Project3/ros2_workspace/build/Scale_detection/build
[3.101s] DEBUG:colcon.colcon_core.event_handler.log_command:Invoking command in '/home/juntj/Robitic_Project3/ros2_workspace/build/Tracker': PYTHONPATH=/home/juntj/Robitic_Project3/ros2_workspace/build/Tracker/prefix_override:/home/juntj/Robitic_Project3/ros2_workspace/install/Tracker/lib/python3.10/site-packages:${PYTHONPATH} /usr/bin/python3 setup.py develop --uninstall --editable --build-directory /home/juntj/Robitic_Project3/ros2_workspace/build/Tracker/build
[3.146s] DEBUG:colcon.colcon_core.event_handler.log_command:Invoking command in '/home/juntj/Robitic_Project3/ros2_workspace/build/classification': PYTHONPATH=/home/juntj/Robitic_Project3/ros2_workspace/build/classification/prefix_override:/home/juntj/Robitic_Project3/ros2_workspace/install/classification/lib/python3.10/site-packages:${PYTHONPATH} /usr/bin/python3 setup.py develop --uninstall --editable --build-directory /home/juntj/Robitic_Project3/ros2_workspace/build/classification/build
[3.150s] DEBUG:colcon.colcon_core.event_handler.log_command:Invoked command in '/home/juntj/Robitic_Project3/ros2_workspace/build/ro45_portalrobot_interfaces' returned '0': CMAKE_PREFIX_PATH=${CMAKE_PREFIX_PATH}:/home/juntj/Robitic_Project3/ros2_workspace/install/classification:/home/juntj/Robitic_Project3/ros2_workspace/install/Tracker:/home/juntj/Robitic_Project3/ros2_workspace/install/Scale_detection:/home/juntj/Robitic_Project3/ros2_workspace/install/Position_Controller:/home/juntj/Robitic_Project3/ros2_workspace/install/Object_detection:/home/juntj/Robitic_Project3/ros2_workspace/install/Classification:/home/juntj/ros2_ws/install/launch_testing_examples:/home/juntj/ros2_ws/install/examples_rclpy_pointcloud_publisher:/home/juntj/ros2_ws/install/examples_rclpy_minimal_subscriber:/home/juntj/ros2_ws/install/examples_rclpy_minimal_service:/home/juntj/ros2_ws/install/examples_rclpy_minimal_publisher:/home/juntj/ros2_ws/install/examples_rclpy_minimal_client:/home/juntj/ros2_ws/install/examples_rclpy_minimal_action_server:/home/juntj/ros2_ws/install/examples_rclpy_minimal_action_client:/home/juntj/ros2_ws/install/examples_rclpy_guard_conditions:/home/juntj/ros2_ws/install/examples_rclpy_executors:/opt/ros/humble /usr/bin/cmake --build /home/juntj/Robitic_Project3/ros2_workspace/build/ro45_portalrobot_interfaces -- -j16 -l16
[3.222s] DEBUG:colcon.colcon_core.event_handler.log_command:Invoked command in '/home/juntj/Robitic_Project3/ros2_workspace/build/Position_Controller' returned '0': PYTHONPATH=/home/juntj/Robitic_Project3/ros2_workspace/build/Position_Controller/prefix_override:/home/juntj/Robitic_Project3/ros2_workspace/install/Position_Controller/lib/python3.10/site-packages:${PYTHONPATH} /usr/bin/python3 setup.py develop --uninstall --editable --build-directory /home/juntj/Robitic_Project3/ros2_workspace/build/Position_Controller/build
[3.224s] DEBUG:colcon.colcon_core.event_handler.log_command:Invoking command in '/home/juntj/Robitic_Project3/ros2_workspace/src/Position_Controller': PYTHONPATH=/home/juntj/Robitic_Project3/ros2_workspace/build/Position_Controller/prefix_override:/home/juntj/Robitic_Project3/ros2_workspace/install/Position_Controller/lib/python3.10/site-packages:${PYTHONPATH} /usr/bin/python3 setup.py egg_info --egg-base ../../build/Position_Controller build --build-base /home/juntj/Robitic_Project3/ros2_workspace/build/Position_Controller/build install --record /home/juntj/Robitic_Project3/ros2_workspace/build/Position_Controller/install.log --single-version-externally-managed
[3.241s] DEBUG:colcon.colcon_core.event_handler.log_command:Invoking command in '/home/juntj/Robitic_Project3/ros2_workspace/build/ro45_portalrobot_interfaces': CMAKE_PREFIX_PATH=${CMAKE_PREFIX_PATH}:/home/juntj/Robitic_Project3/ros2_workspace/install/classification:/home/juntj/Robitic_Project3/ros2_workspace/install/Tracker:/home/juntj/Robitic_Project3/ros2_workspace/install/Scale_detection:/home/juntj/Robitic_Project3/ros2_workspace/install/Position_Controller:/home/juntj/Robitic_Project3/ros2_workspace/install/Object_detection:/home/juntj/Robitic_Project3/ros2_workspace/install/Classification:/home/juntj/ros2_ws/install/launch_testing_examples:/home/juntj/ros2_ws/install/examples_rclpy_pointcloud_publisher:/home/juntj/ros2_ws/install/examples_rclpy_minimal_subscriber:/home/juntj/ros2_ws/install/examples_rclpy_minimal_service:/home/juntj/ros2_ws/install/examples_rclpy_minimal_publisher:/home/juntj/ros2_ws/install/examples_rclpy_minimal_client:/home/juntj/ros2_ws/install/examples_rclpy_minimal_action_server:/home/juntj/ros2_ws/install/examples_rclpy_minimal_action_client:/home/juntj/ros2_ws/install/examples_rclpy_guard_conditions:/home/juntj/ros2_ws/install/examples_rclpy_executors:/opt/ros/humble /usr/bin/cmake --install /home/juntj/Robitic_Project3/ros2_workspace/build/ro45_portalrobot_interfaces
[3.338s] Level 1:colcon.colcon_core.environment:create_environment_scripts_only(ro45_portalrobot_interfaces)
[3.339s] DEBUG:colcon.colcon_core.event_handler.log_command:Invoked command in '/home/juntj/Robitic_Project3/ros2_workspace/build/ro45_portalrobot_interfaces' returned '0': CMAKE_PREFIX_PATH=${CMAKE_PREFIX_PATH}:/home/juntj/Robitic_Project3/ros2_workspace/install/classification:/home/juntj/Robitic_Project3/ros2_workspace/install/Tracker:/home/juntj/Robitic_Project3/ros2_workspace/install/Scale_detection:/home/juntj/Robitic_Project3/ros2_workspace/install/Position_Controller:/home/juntj/Robitic_Project3/ros2_workspace/install/Object_detection:/home/juntj/Robitic_Project3/ros2_workspace/install/Classification:/home/juntj/ros2_ws/install/launch_testing_examples:/home/juntj/ros2_ws/install/examples_rclpy_pointcloud_publisher:/home/juntj/ros2_ws/install/examples_rclpy_minimal_subscriber:/home/juntj/ros2_ws/install/examples_rclpy_minimal_service:/home/juntj/ros2_ws/install/examples_rclpy_minimal_publisher:/home/juntj/ros2_ws/install/examples_rclpy_minimal_client:/home/juntj/ros2_ws/install/examples_rclpy_minimal_action_server:/home/juntj/ros2_ws/install/examples_rclpy_minimal_action_client:/home/juntj/ros2_ws/install/examples_rclpy_guard_conditions:/home/juntj/ros2_ws/install/examples_rclpy_executors:/opt/ros/humble /usr/bin/cmake --install /home/juntj/Robitic_Project3/ros2_workspace/build/ro45_portalrobot_interfaces
[3.347s] Level 1:colcon.colcon_core.environment:checking '/home/juntj/Robitic_Project3/ros2_workspace/install/ro45_portalrobot_interfaces' for CMake module files
[3.347s] Level 1:colcon.colcon_core.environment:checking '/home/juntj/Robitic_Project3/ros2_workspace/install/ro45_portalrobot_interfaces' for CMake config files
[3.348s] Level 1:colcon.colcon_core.shell:create_environment_hook('ro45_portalrobot_interfaces', 'cmake_prefix_path')
[3.350s] INFO:colcon.colcon_core.shell:Creating environment hook '/home/juntj/Robitic_Project3/ros2_workspace/install/ro45_portalrobot_interfaces/share/ro45_portalrobot_interfaces/hook/cmake_prefix_path.ps1'
[3.350s] INFO:colcon.colcon_core.shell:Creating environment descriptor '/home/juntj/Robitic_Project3/ros2_workspace/install/ro45_portalrobot_interfaces/share/ro45_portalrobot_interfaces/hook/cmake_prefix_path.dsv'
[3.351s] INFO:colcon.colcon_core.shell:Creating environment hook '/home/juntj/Robitic_Project3/ros2_workspace/install/ro45_portalrobot_interfaces/share/ro45_portalrobot_interfaces/hook/cmake_prefix_path.sh'
[3.352s] Level 1:colcon.colcon_core.environment:checking '/home/juntj/Robitic_Project3/ros2_workspace/install/ro45_portalrobot_interfaces/lib'
[3.352s] Level 1:colcon.colcon_core.shell:create_environment_hook('ro45_portalrobot_interfaces', 'ld_library_path_lib')
[3.353s] INFO:colcon.colcon_core.shell:Creating environment hook '/home/juntj/Robitic_Project3/ros2_workspace/install/ro45_portalrobot_interfaces/share/ro45_portalrobot_interfaces/hook/ld_library_path_lib.ps1'
[3.354s] INFO:colcon.colcon_core.shell:Creating environment descriptor '/home/juntj/Robitic_Project3/ros2_workspace/install/ro45_portalrobot_interfaces/share/ro45_portalrobot_interfaces/hook/ld_library_path_lib.dsv'
[3.354s] INFO:colcon.colcon_core.shell:Creating environment hook '/home/juntj/Robitic_Project3/ros2_workspace/install/ro45_portalrobot_interfaces/share/ro45_portalrobot_interfaces/hook/ld_library_path_lib.sh'
[3.354s] Level 1:colcon.colcon_core.environment:checking '/home/juntj/Robitic_Project3/ros2_workspace/install/ro45_portalrobot_interfaces/bin'
[3.354s] Level 1:colcon.colcon_core.environment:checking '/home/juntj/Robitic_Project3/ros2_workspace/install/ro45_portalrobot_interfaces/lib/pkgconfig/ro45_portalrobot_interfaces.pc'
[3.355s] Level 1:colcon.colcon_core.environment:checking '/home/juntj/Robitic_Project3/ros2_workspace/install/ro45_portalrobot_interfaces/lib/python3.10/site-packages'
[3.355s] Level 1:colcon.colcon_core.environment:checking '/home/juntj/Robitic_Project3/ros2_workspace/install/ro45_portalrobot_interfaces/bin'
[3.356s] INFO:colcon.colcon_core.shell:Creating package script '/home/juntj/Robitic_Project3/ros2_workspace/install/ro45_portalrobot_interfaces/share/ro45_portalrobot_interfaces/package.ps1'
[3.358s] INFO:colcon.colcon_core.shell:Creating package descriptor '/home/juntj/Robitic_Project3/ros2_workspace/install/ro45_portalrobot_interfaces/share/ro45_portalrobot_interfaces/package.dsv'
[3.358s] INFO:colcon.colcon_core.shell:Creating package script '/home/juntj/Robitic_Project3/ros2_workspace/install/ro45_portalrobot_interfaces/share/ro45_portalrobot_interfaces/package.sh'
[3.359s] INFO:colcon.colcon_core.shell:Creating package script '/home/juntj/Robitic_Project3/ros2_workspace/install/ro45_portalrobot_interfaces/share/ro45_portalrobot_interfaces/package.bash'
[3.360s] INFO:colcon.colcon_core.shell:Creating package script '/home/juntj/Robitic_Project3/ros2_workspace/install/ro45_portalrobot_interfaces/share/ro45_portalrobot_interfaces/package.zsh'
[3.361s] Level 1:colcon.colcon_core.environment:create_file_with_runtime_dependencies(/home/juntj/Robitic_Project3/ros2_workspace/install/ro45_portalrobot_interfaces/share/colcon-core/packages/ro45_portalrobot_interfaces)
[3.446s] Level 1:colcon.colcon_core.environment:create_environment_scripts_only(ro45_portalrobot_interfaces)
[3.448s] Level 1:colcon.colcon_core.environment:checking '/home/juntj/Robitic_Project3/ros2_workspace/install/ro45_portalrobot_interfaces' for CMake module files
[3.449s] Level 1:colcon.colcon_core.environment:checking '/home/juntj/Robitic_Project3/ros2_workspace/install/ro45_portalrobot_interfaces' for CMake config files
[3.450s] Level 1:colcon.colcon_core.shell:create_environment_hook('ro45_portalrobot_interfaces', 'cmake_prefix_path')
[3.451s] INFO:colcon.colcon_core.shell:Creating environment hook '/home/juntj/Robitic_Project3/ros2_workspace/install/ro45_portalrobot_interfaces/share/ro45_portalrobot_interfaces/hook/cmake_prefix_path.ps1'
[3.452s] INFO:colcon.colcon_core.shell:Creating environment descriptor '/home/juntj/Robitic_Project3/ros2_workspace/install/ro45_portalrobot_interfaces/share/ro45_portalrobot_interfaces/hook/cmake_prefix_path.dsv'
[3.452s] INFO:colcon.colcon_core.shell:Creating environment hook '/home/juntj/Robitic_Project3/ros2_workspace/install/ro45_portalrobot_interfaces/share/ro45_portalrobot_interfaces/hook/cmake_prefix_path.sh'
[3.453s] Level 1:colcon.colcon_core.environment:checking '/home/juntj/Robitic_Project3/ros2_workspace/install/ro45_portalrobot_interfaces/lib'
[3.453s] Level 1:colcon.colcon_core.shell:create_environment_hook('ro45_portalrobot_interfaces', 'ld_library_path_lib')
[3.454s] INFO:colcon.colcon_core.shell:Creating environment hook '/home/juntj/Robitic_Project3/ros2_workspace/install/ro45_portalrobot_interfaces/share/ro45_portalrobot_interfaces/hook/ld_library_path_lib.ps1'
[3.455s] INFO:colcon.colcon_core.shell:Creating environment descriptor '/home/juntj/Robitic_Project3/ros2_workspace/install/ro45_portalrobot_interfaces/share/ro45_portalrobot_interfaces/hook/ld_library_path_lib.dsv'
[3.455s] INFO:colcon.colcon_core.shell:Creating environment hook '/home/juntj/Robitic_Project3/ros2_workspace/install/ro45_portalrobot_interfaces/share/ro45_portalrobot_interfaces/hook/ld_library_path_lib.sh'
[3.456s] Level 1:colcon.colcon_core.environment:checking '/home/juntj/Robitic_Project3/ros2_workspace/install/ro45_portalrobot_interfaces/bin'
[3.456s] Level 1:colcon.colcon_core.environment:checking '/home/juntj/Robitic_Project3/ros2_workspace/install/ro45_portalrobot_interfaces/lib/pkgconfig/ro45_portalrobot_interfaces.pc'
[3.456s] Level 1:colcon.colcon_core.environment:checking '/home/juntj/Robitic_Project3/ros2_workspace/install/ro45_portalrobot_interfaces/lib/python3.10/site-packages'
[3.456s] Level 1:colcon.colcon_core.environment:checking '/home/juntj/Robitic_Project3/ros2_workspace/install/ro45_portalrobot_interfaces/bin'
[3.458s] INFO:colcon.colcon_core.shell:Creating package script '/home/juntj/Robitic_Project3/ros2_workspace/install/ro45_portalrobot_interfaces/share/ro45_portalrobot_interfaces/package.ps1'
[3.458s] INFO:colcon.colcon_core.shell:Creating package descriptor '/home/juntj/Robitic_Project3/ros2_workspace/install/ro45_portalrobot_interfaces/share/ro45_portalrobot_interfaces/package.dsv'
[3.459s] INFO:colcon.colcon_core.shell:Creating package script '/home/juntj/Robitic_Project3/ros2_workspace/install/ro45_portalrobot_interfaces/share/ro45_portalrobot_interfaces/package.sh'
[3.459s] INFO:colcon.colcon_core.shell:Creating package script '/home/juntj/Robitic_Project3/ros2_workspace/install/ro45_portalrobot_interfaces/share/ro45_portalrobot_interfaces/package.bash'
[3.460s] INFO:colcon.colcon_core.shell:Creating package script '/home/juntj/Robitic_Project3/ros2_workspace/install/ro45_portalrobot_interfaces/share/ro45_portalrobot_interfaces/package.zsh'
[3.460s] Level 1:colcon.colcon_core.environment:create_file_with_runtime_dependencies(/home/juntj/Robitic_Project3/ros2_workspace/install/ro45_portalrobot_interfaces/share/colcon-core/packages/ro45_portalrobot_interfaces)
[3.597s] Level 1:colcon.colcon_core.environment:checking '/home/juntj/Robitic_Project3/ros2_workspace/install/Position_Controller' for CMake module files
[3.598s] DEBUG:colcon.colcon_core.event_handler.log_command:Invoked command in '/home/juntj/Robitic_Project3/ros2_workspace/src/Position_Controller' returned '0': PYTHONPATH=/home/juntj/Robitic_Project3/ros2_workspace/build/Position_Controller/prefix_override:/home/juntj/Robitic_Project3/ros2_workspace/install/Position_Controller/lib/python3.10/site-packages:${PYTHONPATH} /usr/bin/python3 setup.py egg_info --egg-base ../../build/Position_Controller build --build-base /home/juntj/Robitic_Project3/ros2_workspace/build/Position_Controller/build install --record /home/juntj/Robitic_Project3/ros2_workspace/build/Position_Controller/install.log --single-version-externally-managed
[3.598s] Level 1:colcon.colcon_core.environment:checking '/home/juntj/Robitic_Project3/ros2_workspace/install/Position_Controller' for CMake config files
[3.598s] Level 1:colcon.colcon_core.environment:checking '/home/juntj/Robitic_Project3/ros2_workspace/install/Position_Controller/lib'
[3.598s] Level 1:colcon.colcon_core.environment:checking '/home/juntj/Robitic_Project3/ros2_workspace/install/Position_Controller/bin'
[3.599s] Level 1:colcon.colcon_core.environment:checking '/home/juntj/Robitic_Project3/ros2_workspace/install/Position_Controller/lib/pkgconfig/Position_Controller.pc'
[3.599s] Level 1:colcon.colcon_core.environment:checking '/home/juntj/Robitic_Project3/ros2_workspace/install/Position_Controller/lib/python3.10/site-packages'
[3.599s] Level 1:colcon.colcon_core.shell:create_environment_hook('Position_Controller', 'pythonpath')
[3.600s] INFO:colcon.colcon_core.shell:Creating environment hook '/home/juntj/Robitic_Project3/ros2_workspace/install/Position_Controller/share/Position_Controller/hook/pythonpath.ps1'
[3.601s] INFO:colcon.colcon_core.shell:Creating environment descriptor '/home/juntj/Robitic_Project3/ros2_workspace/install/Position_Controller/share/Position_Controller/hook/pythonpath.dsv'
[3.601s] INFO:colcon.colcon_core.shell:Creating environment hook '/home/juntj/Robitic_Project3/ros2_workspace/install/Position_Controller/share/Position_Controller/hook/pythonpath.sh'
[3.601s] Level 1:colcon.colcon_core.environment:checking '/home/juntj/Robitic_Project3/ros2_workspace/install/Position_Controller/bin'
[3.602s] Level 1:colcon.colcon_core.environment:create_environment_scripts_only(Position_Controller)
[3.603s] INFO:colcon.colcon_core.shell:Creating package script '/home/juntj/Robitic_Project3/ros2_workspace/install/Position_Controller/share/Position_Controller/package.ps1'
[3.604s] INFO:colcon.colcon_core.shell:Creating package descriptor '/home/juntj/Robitic_Project3/ros2_workspace/install/Position_Controller/share/Position_Controller/package.dsv'
[3.605s] INFO:colcon.colcon_core.shell:Creating package script '/home/juntj/Robitic_Project3/ros2_workspace/install/Position_Controller/share/Position_Controller/package.sh'
[3.606s] INFO:colcon.colcon_core.shell:Creating package script '/home/juntj/Robitic_Project3/ros2_workspace/install/Position_Controller/share/Position_Controller/package.bash'
[3.606s] INFO:colcon.colcon_core.shell:Creating package script '/home/juntj/Robitic_Project3/ros2_workspace/install/Position_Controller/share/Position_Controller/package.zsh'
[3.607s] Level 1:colcon.colcon_core.environment:create_file_with_runtime_dependencies(/home/juntj/Robitic_Project3/ros2_workspace/install/Position_Controller/share/colcon-core/packages/Position_Controller)
[3.683s] DEBUG:colcon.colcon_core.event_handler.log_command:Invoked command in '/home/juntj/Robitic_Project3/ros2_workspace/build/Object_detection' returned '0': PYTHONPATH=/home/juntj/Robitic_Project3/ros2_workspace/build/Object_detection/prefix_override:/home/juntj/Robitic_Project3/ros2_workspace/install/Object_detection/lib/python3.10/site-packages:${PYTHONPATH} /usr/bin/python3 setup.py develop --uninstall --editable --build-directory /home/juntj/Robitic_Project3/ros2_workspace/build/Object_detection/build
[3.684s] DEBUG:colcon.colcon_core.event_handler.log_command:Invoking command in '/home/juntj/Robitic_Project3/ros2_workspace/src/Object_detection': PYTHONPATH=/home/juntj/Robitic_Project3/ros2_workspace/build/Object_detection/prefix_override:/home/juntj/Robitic_Project3/ros2_workspace/install/Object_detection/lib/python3.10/site-packages:${PYTHONPATH} /usr/bin/python3 setup.py egg_info --egg-base ../../build/Object_detection build --build-base /home/juntj/Robitic_Project3/ros2_workspace/build/Object_detection/build install --record /home/juntj/Robitic_Project3/ros2_workspace/build/Object_detection/install.log --single-version-externally-managed
[3.689s] DEBUG:colcon.colcon_core.event_handler.log_command:Invoked command in '/home/juntj/Robitic_Project3/ros2_workspace/build/Classification' returned '0': PYTHONPATH=/home/juntj/Robitic_Project3/ros2_workspace/build/Classification/prefix_override:/home/juntj/Robitic_Project3/ros2_workspace/install/Classification/lib/python3.10/site-packages:${PYTHONPATH} /usr/bin/python3 setup.py develop --uninstall --editable --build-directory /home/juntj/Robitic_Project3/ros2_workspace/build/Classification/build
[3.692s] DEBUG:colcon.colcon_core.event_handler.log_command:Invoking command in '/home/juntj/Robitic_Project3/ros2_workspace/src/Classification': PYTHONPATH=/home/juntj/Robitic_Project3/ros2_workspace/build/Classification/prefix_override:/home/juntj/Robitic_Project3/ros2_workspace/install/Classification/lib/python3.10/site-packages:${PYTHONPATH} /usr/bin/python3 setup.py egg_info --egg-base ../../build/Classification build --build-base /home/juntj/Robitic_Project3/ros2_workspace/build/Classification/build install --record /home/juntj/Robitic_Project3/ros2_workspace/build/Classification/install.log --single-version-externally-managed
[3.697s] DEBUG:colcon.colcon_core.event_handler.log_command:Invoked command in '/home/juntj/Robitic_Project3/ros2_workspace/build/Scale_detection' returned '0': PYTHONPATH=/home/juntj/Robitic_Project3/ros2_workspace/build/Scale_detection/prefix_override:/home/juntj/Robitic_Project3/ros2_workspace/install/Scale_detection/lib/python3.10/site-packages:${PYTHONPATH} /usr/bin/python3 setup.py develop --uninstall --editable --build-directory /home/juntj/Robitic_Project3/ros2_workspace/build/Scale_detection/build
[3.700s] DEBUG:colcon.colcon_core.event_handler.log_command:Invoking command in '/home/juntj/Robitic_Project3/ros2_workspace/src/Scale_detection': PYTHONPATH=/home/juntj/Robitic_Project3/ros2_workspace/build/Scale_detection/prefix_override:/home/juntj/Robitic_Project3/ros2_workspace/install/Scale_detection/lib/python3.10/site-packages:${PYTHONPATH} /usr/bin/python3 setup.py egg_info --egg-base ../../build/Scale_detection build --build-base /home/juntj/Robitic_Project3/ros2_workspace/build/Scale_detection/build install --record /home/juntj/Robitic_Project3/ros2_workspace/build/Scale_detection/install.log --single-version-externally-managed
[3.708s] DEBUG:colcon.colcon_core.event_handler.log_command:Invoked command in '/home/juntj/Robitic_Project3/ros2_workspace/build/Tracker' returned '0': PYTHONPATH=/home/juntj/Robitic_Project3/ros2_workspace/build/Tracker/prefix_override:/home/juntj/Robitic_Project3/ros2_workspace/install/Tracker/lib/python3.10/site-packages:${PYTHONPATH} /usr/bin/python3 setup.py develop --uninstall --editable --build-directory /home/juntj/Robitic_Project3/ros2_workspace/build/Tracker/build
[3.710s] DEBUG:colcon.colcon_core.event_handler.log_command:Invoking command in '/home/juntj/Robitic_Project3/ros2_workspace/src/Tracker': PYTHONPATH=/home/juntj/Robitic_Project3/ros2_workspace/build/Tracker/prefix_override:/home/juntj/Robitic_Project3/ros2_workspace/install/Tracker/lib/python3.10/site-packages:${PYTHONPATH} /usr/bin/python3 setup.py egg_info --egg-base ../../build/Tracker build --build-base /home/juntj/Robitic_Project3/ros2_workspace/build/Tracker/build install --record /home/juntj/Robitic_Project3/ros2_workspace/build/Tracker/install.log --single-version-externally-managed
[3.743s] DEBUG:colcon.colcon_core.event_handler.log_command:Invoked command in '/home/juntj/Robitic_Project3/ros2_workspace/build/classification' returned '0': PYTHONPATH=/home/juntj/Robitic_Project3/ros2_workspace/build/classification/prefix_override:/home/juntj/Robitic_Project3/ros2_workspace/install/classification/lib/python3.10/site-packages:${PYTHONPATH} /usr/bin/python3 setup.py develop --uninstall --editable --build-directory /home/juntj/Robitic_Project3/ros2_workspace/build/classification/build
[3.745s] DEBUG:colcon.colcon_core.event_handler.log_command:Invoking command in '/home/juntj/Robitic_Project3/ros2_workspace/src/classification': PYTHONPATH=/home/juntj/Robitic_Project3/ros2_workspace/build/classification/prefix_override:/home/juntj/Robitic_Project3/ros2_workspace/install/classification/lib/python3.10/site-packages:${PYTHONPATH} /usr/bin/python3 setup.py egg_info --egg-base ../../build/classification build --build-base /home/juntj/Robitic_Project3/ros2_workspace/build/classification/build install --record /home/juntj/Robitic_Project3/ros2_workspace/build/classification/install.log --single-version-externally-managed
[4.048s] Level 1:colcon.colcon_core.environment:checking '/home/juntj/Robitic_Project3/ros2_workspace/install/Scale_detection' for CMake module files
[4.049s] DEBUG:colcon.colcon_core.event_handler.log_command:Invoked command in '/home/juntj/Robitic_Project3/ros2_workspace/src/Scale_detection' returned '0': PYTHONPATH=/home/juntj/Robitic_Project3/ros2_workspace/build/Scale_detection/prefix_override:/home/juntj/Robitic_Project3/ros2_workspace/install/Scale_detection/lib/python3.10/site-packages:${PYTHONPATH} /usr/bin/python3 setup.py egg_info --egg-base ../../build/Scale_detection build --build-base /home/juntj/Robitic_Project3/ros2_workspace/build/Scale_detection/build install --record /home/juntj/Robitic_Project3/ros2_workspace/build/Scale_detection/install.log --single-version-externally-managed
[4.050s] Level 1:colcon.colcon_core.environment:checking '/home/juntj/Robitic_Project3/ros2_workspace/install/Scale_detection' for CMake config files
[4.051s] Level 1:colcon.colcon_core.environment:checking '/home/juntj/Robitic_Project3/ros2_workspace/install/Scale_detection/lib'
[4.051s] Level 1:colcon.colcon_core.environment:checking '/home/juntj/Robitic_Project3/ros2_workspace/install/Scale_detection/bin'
[4.051s] Level 1:colcon.colcon_core.environment:checking '/home/juntj/Robitic_Project3/ros2_workspace/install/Scale_detection/lib/pkgconfig/Scale_detection.pc'
[4.051s] Level 1:colcon.colcon_core.environment:checking '/home/juntj/Robitic_Project3/ros2_workspace/install/Scale_detection/lib/python3.10/site-packages'
[4.051s] Level 1:colcon.colcon_core.shell:create_environment_hook('Scale_detection', 'pythonpath')
[4.054s] INFO:colcon.colcon_core.shell:Creating environment hook '/home/juntj/Robitic_Project3/ros2_workspace/install/Scale_detection/share/Scale_detection/hook/pythonpath.ps1'
[4.055s] INFO:colcon.colcon_core.shell:Creating environment descriptor '/home/juntj/Robitic_Project3/ros2_workspace/install/Scale_detection/share/Scale_detection/hook/pythonpath.dsv'
[4.056s] INFO:colcon.colcon_core.shell:Creating environment hook '/home/juntj/Robitic_Project3/ros2_workspace/install/Scale_detection/share/Scale_detection/hook/pythonpath.sh'
[4.057s] Level 1:colcon.colcon_core.environment:checking '/home/juntj/Robitic_Project3/ros2_workspace/install/Scale_detection/bin'
[4.057s] Level 1:colcon.colcon_core.environment:create_environment_scripts_only(Scale_detection)
[4.060s] INFO:colcon.colcon_core.shell:Creating package script '/home/juntj/Robitic_Project3/ros2_workspace/install/Scale_detection/share/Scale_detection/package.ps1'
[4.061s] INFO:colcon.colcon_core.shell:Creating package descriptor '/home/juntj/Robitic_Project3/ros2_workspace/install/Scale_detection/share/Scale_detection/package.dsv'
[4.062s] INFO:colcon.colcon_core.shell:Creating package script '/home/juntj/Robitic_Project3/ros2_workspace/install/Scale_detection/share/Scale_detection/package.sh'
[4.063s] INFO:colcon.colcon_core.shell:Creating package script '/home/juntj/Robitic_Project3/ros2_workspace/install/Scale_detection/share/Scale_detection/package.bash'
[4.063s] INFO:colcon.colcon_core.shell:Creating package script '/home/juntj/Robitic_Project3/ros2_workspace/install/Scale_detection/share/Scale_detection/package.zsh'
[4.064s] Level 1:colcon.colcon_core.environment:create_file_with_runtime_dependencies(/home/juntj/Robitic_Project3/ros2_workspace/install/Scale_detection/share/colcon-core/packages/Scale_detection)
[4.068s] Level 1:colcon.colcon_core.environment:checking '/home/juntj/Robitic_Project3/ros2_workspace/install/Object_detection' for CMake module files
[4.070s] Level 1:colcon.colcon_core.environment:checking '/home/juntj/Robitic_Project3/ros2_workspace/install/Object_detection' for CMake config files
[4.071s] DEBUG:colcon.colcon_core.event_handler.log_command:Invoked command in '/home/juntj/Robitic_Project3/ros2_workspace/src/Object_detection' returned '0': PYTHONPATH=/home/juntj/Robitic_Project3/ros2_workspace/build/Object_detection/prefix_override:/home/juntj/Robitic_Project3/ros2_workspace/install/Object_detection/lib/python3.10/site-packages:${PYTHONPATH} /usr/bin/python3 setup.py egg_info --egg-base ../../build/Object_detection build --build-base /home/juntj/Robitic_Project3/ros2_workspace/build/Object_detection/build install --record /home/juntj/Robitic_Project3/ros2_workspace/build/Object_detection/install.log --single-version-externally-managed
[4.071s] Level 1:colcon.colcon_core.environment:checking '/home/juntj/Robitic_Project3/ros2_workspace/install/Object_detection/lib'
[4.071s] Level 1:colcon.colcon_core.environment:checking '/home/juntj/Robitic_Project3/ros2_workspace/install/Object_detection/bin'
[4.072s] Level 1:colcon.colcon_core.environment:checking '/home/juntj/Robitic_Project3/ros2_workspace/install/Object_detection/lib/pkgconfig/Object_detection.pc'
[4.072s] Level 1:colcon.colcon_core.environment:checking '/home/juntj/Robitic_Project3/ros2_workspace/install/Object_detection/lib/python3.10/site-packages'
[4.072s] Level 1:colcon.colcon_core.shell:create_environment_hook('Object_detection', 'pythonpath')
[4.074s] INFO:colcon.colcon_core.shell:Creating environment hook '/home/juntj/Robitic_Project3/ros2_workspace/install/Object_detection/share/Object_detection/hook/pythonpath.ps1'
[4.075s] INFO:colcon.colcon_core.shell:Creating environment descriptor '/home/juntj/Robitic_Project3/ros2_workspace/install/Object_detection/share/Object_detection/hook/pythonpath.dsv'
[4.075s] INFO:colcon.colcon_core.shell:Creating environment hook '/home/juntj/Robitic_Project3/ros2_workspace/install/Object_detection/share/Object_detection/hook/pythonpath.sh'
[4.076s] Level 1:colcon.colcon_core.environment:checking '/home/juntj/Robitic_Project3/ros2_workspace/install/Object_detection/bin'
[4.077s] Level 1:colcon.colcon_core.environment:create_environment_scripts_only(Object_detection)
[4.079s] INFO:colcon.colcon_core.shell:Creating package script '/home/juntj/Robitic_Project3/ros2_workspace/install/Object_detection/share/Object_detection/package.ps1'
[4.080s] INFO:colcon.colcon_core.shell:Creating package descriptor '/home/juntj/Robitic_Project3/ros2_workspace/install/Object_detection/share/Object_detection/package.dsv'
[4.081s] INFO:colcon.colcon_core.shell:Creating package script '/home/juntj/Robitic_Project3/ros2_workspace/install/Object_detection/share/Object_detection/package.sh'
[4.082s] INFO:colcon.colcon_core.shell:Creating package script '/home/juntj/Robitic_Project3/ros2_workspace/install/Object_detection/share/Object_detection/package.bash'
[4.082s] INFO:colcon.colcon_core.shell:Creating package script '/home/juntj/Robitic_Project3/ros2_workspace/install/Object_detection/share/Object_detection/package.zsh'
[4.083s] Level 1:colcon.colcon_core.environment:create_file_with_runtime_dependencies(/home/juntj/Robitic_Project3/ros2_workspace/install/Object_detection/share/colcon-core/packages/Object_detection)
[4.087s] Level 1:colcon.colcon_core.environment:checking '/home/juntj/Robitic_Project3/ros2_workspace/install/Classification' for CMake module files
[4.090s] DEBUG:colcon.colcon_core.event_handler.log_command:Invoked command in '/home/juntj/Robitic_Project3/ros2_workspace/src/Classification' returned '0': PYTHONPATH=/home/juntj/Robitic_Project3/ros2_workspace/build/Classification/prefix_override:/home/juntj/Robitic_Project3/ros2_workspace/install/Classification/lib/python3.10/site-packages:${PYTHONPATH} /usr/bin/python3 setup.py egg_info --egg-base ../../build/Classification build --build-base /home/juntj/Robitic_Project3/ros2_workspace/build/Classification/build install --record /home/juntj/Robitic_Project3/ros2_workspace/build/Classification/install.log --single-version-externally-managed
[4.090s] Level 1:colcon.colcon_core.environment:checking '/home/juntj/Robitic_Project3/ros2_workspace/install/Classification' for CMake config files
[4.091s] Level 1:colcon.colcon_core.environment:checking '/home/juntj/Robitic_Project3/ros2_workspace/install/Classification/lib'
[4.091s] Level 1:colcon.colcon_core.environment:checking '/home/juntj/Robitic_Project3/ros2_workspace/install/Classification/bin'
[4.091s] Level 1:colcon.colcon_core.environment:checking '/home/juntj/Robitic_Project3/ros2_workspace/install/Classification/lib/pkgconfig/Classification.pc'
[4.091s] Level 1:colcon.colcon_core.environment:checking '/home/juntj/Robitic_Project3/ros2_workspace/install/Classification/lib/python3.10/site-packages'
[4.091s] Level 1:colcon.colcon_core.shell:create_environment_hook('Classification', 'pythonpath')
[4.094s] INFO:colcon.colcon_core.shell:Creating environment hook '/home/juntj/Robitic_Project3/ros2_workspace/install/Classification/share/Classification/hook/pythonpath.ps1'
[4.095s] INFO:colcon.colcon_core.shell:Creating environment descriptor '/home/juntj/Robitic_Project3/ros2_workspace/install/Classification/share/Classification/hook/pythonpath.dsv'
[4.095s] INFO:colcon.colcon_core.shell:Creating environment hook '/home/juntj/Robitic_Project3/ros2_workspace/install/Classification/share/Classification/hook/pythonpath.sh'
[4.096s] Level 1:colcon.colcon_core.environment:checking '/home/juntj/Robitic_Project3/ros2_workspace/install/Classification/bin'
[4.096s] Level 1:colcon.colcon_core.environment:create_environment_scripts_only(Classification)
[4.098s] INFO:colcon.colcon_core.shell:Creating package script '/home/juntj/Robitic_Project3/ros2_workspace/install/Classification/share/Classification/package.ps1'
[4.099s] INFO:colcon.colcon_core.shell:Creating package descriptor '/home/juntj/Robitic_Project3/ros2_workspace/install/Classification/share/Classification/package.dsv'
[4.099s] INFO:colcon.colcon_core.shell:Creating package script '/home/juntj/Robitic_Project3/ros2_workspace/install/Classification/share/Classification/package.sh'
[4.099s] INFO:colcon.colcon_core.shell:Creating package script '/home/juntj/Robitic_Project3/ros2_workspace/install/Classification/share/Classification/package.bash'
[4.100s] INFO:colcon.colcon_core.shell:Creating package script '/home/juntj/Robitic_Project3/ros2_workspace/install/Classification/share/Classification/package.zsh'
[4.100s] Level 1:colcon.colcon_core.environment:create_file_with_runtime_dependencies(/home/juntj/Robitic_Project3/ros2_workspace/install/Classification/share/colcon-core/packages/Classification)
[4.102s] Level 1:colcon.colcon_core.environment:checking '/home/juntj/Robitic_Project3/ros2_workspace/install/Tracker' for CMake module files
[4.103s] Level 1:colcon.colcon_core.environment:checking '/home/juntj/Robitic_Project3/ros2_workspace/install/Tracker' for CMake config files
[4.104s] DEBUG:colcon.colcon_core.event_handler.log_command:Invoked command in '/home/juntj/Robitic_Project3/ros2_workspace/src/Tracker' returned '0': PYTHONPATH=/home/juntj/Robitic_Project3/ros2_workspace/build/Tracker/prefix_override:/home/juntj/Robitic_Project3/ros2_workspace/install/Tracker/lib/python3.10/site-packages:${PYTHONPATH} /usr/bin/python3 setup.py egg_info --egg-base ../../build/Tracker build --build-base /home/juntj/Robitic_Project3/ros2_workspace/build/Tracker/build install --record /home/juntj/Robitic_Project3/ros2_workspace/build/Tracker/install.log --single-version-externally-managed
[4.104s] Level 1:colcon.colcon_core.environment:checking '/home/juntj/Robitic_Project3/ros2_workspace/install/Tracker/lib'
[4.104s] Level 1:colcon.colcon_core.environment:checking '/home/juntj/Robitic_Project3/ros2_workspace/install/Tracker/bin'
[4.104s] Level 1:colcon.colcon_core.environment:checking '/home/juntj/Robitic_Project3/ros2_workspace/install/Tracker/lib/pkgconfig/Tracker.pc'
[4.104s] Level 1:colcon.colcon_core.environment:checking '/home/juntj/Robitic_Project3/ros2_workspace/install/Tracker/lib/python3.10/site-packages'
[4.104s] Level 1:colcon.colcon_core.shell:create_environment_hook('Tracker', 'pythonpath')
[4.105s] INFO:colcon.colcon_core.shell:Creating environment hook '/home/juntj/Robitic_Project3/ros2_workspace/install/Tracker/share/Tracker/hook/pythonpath.ps1'
[4.106s] INFO:colcon.colcon_core.shell:Creating environment descriptor '/home/juntj/Robitic_Project3/ros2_workspace/install/Tracker/share/Tracker/hook/pythonpath.dsv'
[4.106s] INFO:colcon.colcon_core.shell:Creating environment hook '/home/juntj/Robitic_Project3/ros2_workspace/install/Tracker/share/Tracker/hook/pythonpath.sh'
[4.106s] Level 1:colcon.colcon_core.environment:checking '/home/juntj/Robitic_Project3/ros2_workspace/install/Tracker/bin'
[4.106s] Level 1:colcon.colcon_core.environment:create_environment_scripts_only(Tracker)
[4.107s] INFO:colcon.colcon_core.shell:Creating package script '/home/juntj/Robitic_Project3/ros2_workspace/install/Tracker/share/Tracker/package.ps1'
[4.108s] INFO:colcon.colcon_core.shell:Creating package descriptor '/home/juntj/Robitic_Project3/ros2_workspace/install/Tracker/share/Tracker/package.dsv'
[4.108s] INFO:colcon.colcon_core.shell:Creating package script '/home/juntj/Robitic_Project3/ros2_workspace/install/Tracker/share/Tracker/package.sh'
[4.108s] INFO:colcon.colcon_core.shell:Creating package script '/home/juntj/Robitic_Project3/ros2_workspace/install/Tracker/share/Tracker/package.bash'
[4.108s] INFO:colcon.colcon_core.shell:Creating package script '/home/juntj/Robitic_Project3/ros2_workspace/install/Tracker/share/Tracker/package.zsh'
[4.109s] Level 1:colcon.colcon_core.environment:create_file_with_runtime_dependencies(/home/juntj/Robitic_Project3/ros2_workspace/install/Tracker/share/colcon-core/packages/Tracker)
[4.111s] Level 1:colcon.colcon_core.environment:checking '/home/juntj/Robitic_Project3/ros2_workspace/install/classification' for CMake module files
[4.111s] Level 1:colcon.colcon_core.environment:checking '/home/juntj/Robitic_Project3/ros2_workspace/install/classification' for CMake config files
[4.112s] DEBUG:colcon.colcon_core.event_handler.log_command:Invoked command in '/home/juntj/Robitic_Project3/ros2_workspace/src/classification' returned '0': PYTHONPATH=/home/juntj/Robitic_Project3/ros2_workspace/build/classification/prefix_override:/home/juntj/Robitic_Project3/ros2_workspace/install/classification/lib/python3.10/site-packages:${PYTHONPATH} /usr/bin/python3 setup.py egg_info --egg-base ../../build/classification build --build-base /home/juntj/Robitic_Project3/ros2_workspace/build/classification/build install --record /home/juntj/Robitic_Project3/ros2_workspace/build/classification/install.log --single-version-externally-managed
[4.112s] Level 1:colcon.colcon_core.environment:checking '/home/juntj/Robitic_Project3/ros2_workspace/install/classification/lib'
[4.112s] Level 1:colcon.colcon_core.environment:checking '/home/juntj/Robitic_Project3/ros2_workspace/install/classification/bin'
[4.112s] Level 1:colcon.colcon_core.environment:checking '/home/juntj/Robitic_Project3/ros2_workspace/install/classification/lib/pkgconfig/classification.pc'
[4.112s] Level 1:colcon.colcon_core.environment:checking '/home/juntj/Robitic_Project3/ros2_workspace/install/classification/lib/python3.10/site-packages'
[4.112s] Level 1:colcon.colcon_core.shell:create_environment_hook('classification', 'pythonpath')
[4.113s] INFO:colcon.colcon_core.shell:Creating environment hook '/home/juntj/Robitic_Project3/ros2_workspace/install/classification/share/classification/hook/pythonpath.ps1'
[4.114s] INFO:colcon.colcon_core.shell:Creating environment descriptor '/home/juntj/Robitic_Project3/ros2_workspace/install/classification/share/classification/hook/pythonpath.dsv'
[4.114s] INFO:colcon.colcon_core.shell:Creating environment hook '/home/juntj/Robitic_Project3/ros2_workspace/install/classification/share/classification/hook/pythonpath.sh'
[4.114s] Level 1:colcon.colcon_core.environment:checking '/home/juntj/Robitic_Project3/ros2_workspace/install/classification/bin'
[4.114s] Level 1:colcon.colcon_core.environment:create_environment_scripts_only(classification)
[4.116s] INFO:colcon.colcon_core.shell:Creating package script '/home/juntj/Robitic_Project3/ros2_workspace/install/classification/share/classification/package.ps1'
[4.116s] INFO:colcon.colcon_core.shell:Creating package descriptor '/home/juntj/Robitic_Project3/ros2_workspace/install/classification/share/classification/package.dsv'
[4.116s] INFO:colcon.colcon_core.shell:Creating package script '/home/juntj/Robitic_Project3/ros2_workspace/install/classification/share/classification/package.sh'
[4.116s] INFO:colcon.colcon_core.shell:Creating package script '/home/juntj/Robitic_Project3/ros2_workspace/install/classification/share/classification/package.bash'
[4.117s] INFO:colcon.colcon_core.shell:Creating package script '/home/juntj/Robitic_Project3/ros2_workspace/install/classification/share/classification/package.zsh'
[4.117s] Level 1:colcon.colcon_core.environment:create_file_with_runtime_dependencies(/home/juntj/Robitic_Project3/ros2_workspace/install/classification/share/colcon-core/packages/classification)
[4.117s] DEBUG:colcon.colcon_parallel_executor.executor.parallel:closing loop
[4.117s] DEBUG:colcon.colcon_parallel_executor.executor.parallel:loop closed
[4.117s] DEBUG:colcon.colcon_parallel_executor.executor.parallel:run_until_complete finished with '0'
[4.117s] DEBUG:colcon.colcon_core.event_reactor:joining thread
[4.124s] INFO:colcon.colcon_core.plugin_system:Skipping extension 'colcon_notification.desktop_notification.terminal_notifier': Not used on non-Darwin systems
[4.125s] INFO:colcon.colcon_core.plugin_system:Skipping extension 'colcon_notification.desktop_notification.win32': Not used on non-Windows systems
[4.125s] INFO:colcon.colcon_notification.desktop_notification:Sending desktop notification using 'notify2'
[4.141s] DEBUG:colcon.colcon_core.event_reactor:joined thread
[4.143s] INFO:colcon.colcon_core.shell:Creating prefix script '/home/juntj/Robitic_Project3/ros2_workspace/install/local_setup.ps1'
[4.145s] INFO:colcon.colcon_core.shell:Creating prefix util module '/home/juntj/Robitic_Project3/ros2_workspace/install/_local_setup_util_ps1.py'
[4.146s] INFO:colcon.colcon_core.shell:Creating prefix chain script '/home/juntj/Robitic_Project3/ros2_workspace/install/setup.ps1'
[4.148s] INFO:colcon.colcon_core.shell:Creating prefix script '/home/juntj/Robitic_Project3/ros2_workspace/install/local_setup.sh'
[4.148s] INFO:colcon.colcon_core.shell:Creating prefix util module '/home/juntj/Robitic_Project3/ros2_workspace/install/_local_setup_util_sh.py'
[4.149s] INFO:colcon.colcon_core.shell:Creating prefix chain script '/home/juntj/Robitic_Project3/ros2_workspace/install/setup.sh'
[4.151s] INFO:colcon.colcon_core.shell:Creating prefix script '/home/juntj/Robitic_Project3/ros2_workspace/install/local_setup.bash'
[4.151s] INFO:colcon.colcon_core.shell:Creating prefix chain script '/home/juntj/Robitic_Project3/ros2_workspace/install/setup.bash'
[4.153s] INFO:colcon.colcon_core.shell:Creating prefix script '/home/juntj/Robitic_Project3/ros2_workspace/install/local_setup.zsh'
[4.154s] INFO:colcon.colcon_core.shell:Creating prefix chain script '/home/juntj/Robitic_Project3/ros2_workspace/install/setup.zsh'
