running egg_info
creating ../../build/Classification/Classification.egg-info
writing ../../build/Classification/Classification.egg-info/PKG-INFO
writing dependency_links to ../../build/Classification/Classification.egg-info/dependency_links.txt
writing entry points to ../../build/Classification/Classification.egg-info/entry_points.txt
writing requirements to ../../build/Classification/Classification.egg-info/requires.txt
writing top-level names to ../../build/Classification/Classification.egg-info/top_level.txt
writing manifest file '../../build/Classification/Classification.egg-info/SOURCES.txt'
reading manifest file '../../build/Classification/Classification.egg-info/SOURCES.txt'
writing manifest file '../../build/Classification/Classification.egg-info/SOURCES.txt'
running build
running build_py
creating /home/juntj/Robitic_Project3/ros2_workspace/build/Classification/build
creating /home/juntj/Robitic_Project3/ros2_workspace/build/Classification/build/lib
creating /home/juntj/Robitic_Project3/ros2_workspace/build/Classification/build/lib/Classification
copying Classification/Classification.py -> /home/juntj/Robitic_Project3/ros2_workspace/build/Classification/build/lib/Classification
copying Classification/__init__.py -> /home/juntj/Robitic_Project3/ros2_workspace/build/Classification/build/lib/Classification
running install
running install_lib
creating /home/juntj/Robitic_Project3/ros2_workspace/install/Classification/lib/python3.10/site-packages/Classification
copying /home/juntj/Robitic_Project3/ros2_workspace/build/Classification/build/lib/Classification/Classification.py -> /home/juntj/Robitic_Project3/ros2_workspace/install/Classification/lib/python3.10/site-packages/Classification
copying /home/juntj/Robitic_Project3/ros2_workspace/build/Classification/build/lib/Classification/__init__.py -> /home/juntj/Robitic_Project3/ros2_workspace/install/Classification/lib/python3.10/site-packages/Classification
byte-compiling /home/juntj/Robitic_Project3/ros2_workspace/install/Classification/lib/python3.10/site-packages/Classification/Classification.py to Classification.cpython-310.pyc
byte-compiling /home/juntj/Robitic_Project3/ros2_workspace/install/Classification/lib/python3.10/site-packages/Classification/__init__.py to __init__.cpython-310.pyc
running install_data
creating /home/juntj/Robitic_Project3/ros2_workspace/install/Classification/share/ament_index
creating /home/juntj/Robitic_Project3/ros2_workspace/install/Classification/share/ament_index/resource_index
creating /home/juntj/Robitic_Project3/ros2_workspace/install/Classification/share/ament_index/resource_index/packages
copying resource/Classification -> /home/juntj/Robitic_Project3/ros2_workspace/install/Classification/share/ament_index/resource_index/packages
copying package.xml -> /home/juntj/Robitic_Project3/ros2_workspace/install/Classification/share/Classification
running install_egg_info
Copying ../../build/Classification/Classification.egg-info to /home/juntj/Robitic_Project3/ros2_workspace/install/Classification/lib/python3.10/site-packages/Classification-0.0.0-py3.10.egg-info
running install_scripts
writing list of installed files to '/home/juntj/Robitic_Project3/ros2_workspace/build/Classification/install.log'
