[2.224s] Invoking command in '/home/juntj/Robitic_Project3/ros2_workspace/src/Classification': PYTHONPATH=/home/juntj/Robitic_Project3/ros2_workspace/build/Classification/prefix_override:/home/juntj/Robitic_Project3/ros2_workspace/install/Classification/lib/python3.10/site-packages:${PYTHONPATH} /usr/bin/python3 setup.py egg_info --egg-base ../../build/Classification build --build-base /home/juntj/Robitic_Project3/ros2_workspace/build/Classification/build install --record /home/juntj/Robitic_Project3/ros2_workspace/build/Classification/install.log --single-version-externally-managed
[2.512s] running egg_info
[2.512s] creating ../../build/Classification/Classification.egg-info
[2.513s] writing ../../build/Classification/Classification.egg-info/PKG-INFO
[2.513s] writing dependency_links to ../../build/Classification/Classification.egg-info/dependency_links.txt
[2.513s] writing entry points to ../../build/Classification/Classification.egg-info/entry_points.txt
[2.513s] writing requirements to ../../build/Classification/Classification.egg-info/requires.txt
[2.513s] writing top-level names to ../../build/Classification/Classification.egg-info/top_level.txt
[2.513s] writing manifest file '../../build/Classification/Classification.egg-info/SOURCES.txt'
[2.515s] reading manifest file '../../build/Classification/Classification.egg-info/SOURCES.txt'
[2.516s] writing manifest file '../../build/Classification/Classification.egg-info/SOURCES.txt'
[2.516s] running build
[2.516s] running build_py
[2.516s] creating /home/juntj/Robitic_Project3/ros2_workspace/build/Classification/build
[2.516s] creating /home/juntj/Robitic_Project3/ros2_workspace/build/Classification/build/lib
[2.516s] creating /home/juntj/Robitic_Project3/ros2_workspace/build/Classification/build/lib/Classification
[2.516s] copying Classification/Classification.py -> /home/juntj/Robitic_Project3/ros2_workspace/build/Classification/build/lib/Classification
[2.516s] copying Classification/__init__.py -> /home/juntj/Robitic_Project3/ros2_workspace/build/Classification/build/lib/Classification
[2.517s] running install
[2.517s] running install_lib
[2.518s] creating /home/juntj/Robitic_Project3/ros2_workspace/install/Classification/lib/python3.10/site-packages/Classification
[2.518s] copying /home/juntj/Robitic_Project3/ros2_workspace/build/Classification/build/lib/Classification/Classification.py -> /home/juntj/Robitic_Project3/ros2_workspace/install/Classification/lib/python3.10/site-packages/Classification
[2.518s] copying /home/juntj/Robitic_Project3/ros2_workspace/build/Classification/build/lib/Classification/__init__.py -> /home/juntj/Robitic_Project3/ros2_workspace/install/Classification/lib/python3.10/site-packages/Classification
[2.519s] byte-compiling /home/juntj/Robitic_Project3/ros2_workspace/install/Classification/lib/python3.10/site-packages/Classification/Classification.py to Classification.cpython-310.pyc
[2.520s] byte-compiling /home/juntj/Robitic_Project3/ros2_workspace/install/Classification/lib/python3.10/site-packages/Classification/__init__.py to __init__.cpython-310.pyc
[2.520s] running install_data
[2.521s] creating /home/juntj/Robitic_Project3/ros2_workspace/install/Classification/share/ament_index
[2.521s] creating /home/juntj/Robitic_Project3/ros2_workspace/install/Classification/share/ament_index/resource_index
[2.521s] creating /home/juntj/Robitic_Project3/ros2_workspace/install/Classification/share/ament_index/resource_index/packages
[2.521s] copying resource/Classification -> /home/juntj/Robitic_Project3/ros2_workspace/install/Classification/share/ament_index/resource_index/packages
[2.521s] copying package.xml -> /home/juntj/Robitic_Project3/ros2_workspace/install/Classification/share/Classification
[2.522s] running install_egg_info
[2.523s] Copying ../../build/Classification/Classification.egg-info to /home/juntj/Robitic_Project3/ros2_workspace/install/Classification/lib/python3.10/site-packages/Classification-0.0.0-py3.10.egg-info
[2.524s] running install_scripts
[2.546s] writing list of installed files to '/home/juntj/Robitic_Project3/ros2_workspace/build/Classification/install.log'
[2.619s] Invoked command in '/home/juntj/Robitic_Project3/ros2_workspace/src/Classification' returned '0': PYTHONPATH=/home/juntj/Robitic_Project3/ros2_workspace/build/Classification/prefix_override:/home/juntj/Robitic_Project3/ros2_workspace/install/Classification/lib/python3.10/site-packages:${PYTHONPATH} /usr/bin/python3 setup.py egg_info --egg-base ../../build/Classification build --build-base /home/juntj/Robitic_Project3/ros2_workspace/build/Classification/build install --record /home/juntj/Robitic_Project3/ros2_workspace/build/Classification/install.log --single-version-externally-managed
