[2.291s] Invoking command in '/home/juntj/Robitic_Project3/ros2_workspace/build/classification': PYTHONPATH=/home/juntj/Robitic_Project3/ros2_workspace/build/classification/prefix_override:/home/juntj/Robitic_Project3/ros2_workspace/install/classification/lib/python3.10/site-packages:${PYTHONPATH} /usr/bin/python3 setup.py develop --uninstall --editable --build-directory /home/juntj/Robitic_Project3/ros2_workspace/build/classification/build
[2.642s] running develop
[2.942s] Invoked command in '/home/juntj/Robitic_Project3/ros2_workspace/build/classification' returned '0': PYTHONPATH=/home/juntj/Robitic_Project3/ros2_workspace/build/classification/prefix_override:/home/juntj/Robitic_Project3/ros2_workspace/install/classification/lib/python3.10/site-packages:${PYTHONPATH} /usr/bin/python3 setup.py develop --uninstall --editable --build-directory /home/juntj/Robitic_Project3/ros2_workspace/build/classification/build
[2.944s] Invoking command in '/home/juntj/Robitic_Project3/ros2_workspace/src/classification': PYTHONPATH=/home/juntj/Robitic_Project3/ros2_workspace/build/classification/prefix_override:/home/juntj/Robitic_Project3/ros2_workspace/install/classification/lib/python3.10/site-packages:${PYTHONPATH} /usr/bin/python3 setup.py egg_info --egg-base ../../build/classification build --build-base /home/juntj/Robitic_Project3/ros2_workspace/build/classification/build install --record /home/juntj/Robitic_Project3/ros2_workspace/build/classification/install.log --single-version-externally-managed
[3.237s] running egg_info
[3.237s] writing ../../build/classification/classification.egg-info/PKG-INFO
[3.238s] writing dependency_links to ../../build/classification/classification.egg-info/dependency_links.txt
[3.238s] writing entry points to ../../build/classification/classification.egg-info/entry_points.txt
[3.238s] writing requirements to ../../build/classification/classification.egg-info/requires.txt
[3.238s] writing top-level names to ../../build/classification/classification.egg-info/top_level.txt
[3.241s] reading manifest file '../../build/classification/classification.egg-info/SOURCES.txt'
[3.242s] writing manifest file '../../build/classification/classification.egg-info/SOURCES.txt'
[3.242s] running build
[3.242s] running build_py
[3.242s] running install
[3.243s] running install_lib
[3.245s] running install_data
[3.246s] running install_egg_info
[3.248s] removing '/home/juntj/Robitic_Project3/ros2_workspace/install/classification/lib/python3.10/site-packages/classification-0.0.0-py3.10.egg-info' (and everything under it)
[3.248s] Copying ../../build/classification/classification.egg-info to /home/juntj/Robitic_Project3/ros2_workspace/install/classification/lib/python3.10/site-packages/classification-0.0.0-py3.10.egg-info
[3.249s] running install_scripts
[3.271s] writing list of installed files to '/home/juntj/Robitic_Project3/ros2_workspace/build/classification/install.log'
[3.322s] Invoked command in '/home/juntj/Robitic_Project3/ros2_workspace/src/classification' returned '0': PYTHONPATH=/home/juntj/Robitic_Project3/ros2_workspace/build/classification/prefix_override:/home/juntj/Robitic_Project3/ros2_workspace/install/classification/lib/python3.10/site-packages:${PYTHONPATH} /usr/bin/python3 setup.py egg_info --egg-base ../../build/classification build --build-base /home/juntj/Robitic_Project3/ros2_workspace/build/classification/build install --record /home/juntj/Robitic_Project3/ros2_workspace/build/classification/install.log --single-version-externally-managed
