[2.146s] Invoking command in '/home/juntj/Robitic_Project3/ros2_workspace/build/classification': PYTHONPATH=/home/juntj/Robitic_Project3/ros2_workspace/build/classification/prefix_override:/home/juntj/Robitic_Project3/ros2_workspace/install/classification/lib/python3.10/site-packages:${PYTHONPATH} /usr/bin/python3 setup.py develop --uninstall --editable --build-directory /home/juntj/Robitic_Project3/ros2_workspace/build/classification/build
[2.457s] running develop
[2.655s] Removing /home/juntj/Robitic_Project3/ros2_workspace/install/classification/lib/python3.10/site-packages/classification.egg-link (link to .)
[2.759s] Invoked command in '/home/juntj/Robitic_Project3/ros2_workspace/build/classification' returned '0': PYTHONPATH=/home/juntj/Robitic_Project3/ros2_workspace/build/classification/prefix_override:/home/juntj/Robitic_Project3/ros2_workspace/install/classification/lib/python3.10/site-packages:${PYTHONPATH} /usr/bin/python3 setup.py develop --uninstall --editable --build-directory /home/juntj/Robitic_Project3/ros2_workspace/build/classification/build
[2.762s] Invoking command in '/home/juntj/Robitic_Project3/ros2_workspace/src/classification': PYTHONPATH=/home/juntj/Robitic_Project3/ros2_workspace/build/classification/prefix_override:/home/juntj/Robitic_Project3/ros2_workspace/install/classification/lib/python3.10/site-packages:${PYTHONPATH} /usr/bin/python3 setup.py egg_info --egg-base ../../build/classification build --build-base /home/juntj/Robitic_Project3/ros2_workspace/build/classification/build install --record /home/juntj/Robitic_Project3/ros2_workspace/build/classification/install.log --single-version-externally-managed
[3.053s] running egg_info
[3.054s] writing ../../build/classification/classification.egg-info/PKG-INFO
[3.054s] writing dependency_links to ../../build/classification/classification.egg-info/dependency_links.txt
[3.054s] writing entry points to ../../build/classification/classification.egg-info/entry_points.txt
[3.054s] writing requirements to ../../build/classification/classification.egg-info/requires.txt
[3.054s] writing top-level names to ../../build/classification/classification.egg-info/top_level.txt
[3.057s] reading manifest file '../../build/classification/classification.egg-info/SOURCES.txt'
[3.058s] writing manifest file '../../build/classification/classification.egg-info/SOURCES.txt'
[3.058s] running build
[3.058s] running build_py
[3.059s] running install
[3.059s] running install_lib
[3.060s] creating /home/juntj/Robitic_Project3/ros2_workspace/install/classification/lib/python3.10/site-packages/classification
[3.060s] copying /home/juntj/Robitic_Project3/ros2_workspace/build/classification/build/lib/classification/__init__.py -> /home/juntj/Robitic_Project3/ros2_workspace/install/classification/lib/python3.10/site-packages/classification
[3.060s] copying /home/juntj/Robitic_Project3/ros2_workspace/build/classification/build/lib/classification/Progamm.py -> /home/juntj/Robitic_Project3/ros2_workspace/install/classification/lib/python3.10/site-packages/classification
[3.061s] byte-compiling /home/juntj/Robitic_Project3/ros2_workspace/install/classification/lib/python3.10/site-packages/classification/__init__.py to __init__.cpython-310.pyc
[3.061s] byte-compiling /home/juntj/Robitic_Project3/ros2_workspace/install/classification/lib/python3.10/site-packages/classification/Progamm.py to Progamm.cpython-310.pyc
[3.062s] running install_data
[3.063s] running install_egg_info
[3.065s] Copying ../../build/classification/classification.egg-info to /home/juntj/Robitic_Project3/ros2_workspace/install/classification/lib/python3.10/site-packages/classification-0.0.0-py3.10.egg-info
[3.066s] running install_scripts
[3.091s] writing list of installed files to '/home/juntj/Robitic_Project3/ros2_workspace/build/classification/install.log'
