[2.138s] Invoking command in '/home/juntj/Robitic_Project3/ros2_workspace/build/Tracker': PYTHONPATH=/home/juntj/Robitic_Project3/ros2_workspace/build/Tracker/prefix_override:/home/juntj/Robitic_Project3/ros2_workspace/install/Tracker/lib/python3.10/site-packages:${PYTHONPATH} /usr/bin/python3 setup.py develop --uninstall --editable --build-directory /home/juntj/Robitic_Project3/ros2_workspace/build/Tracker/build
[2.455s] running develop
[2.719s] Invoked command in '/home/juntj/Robitic_Project3/ros2_workspace/build/Tracker' returned '0': PYTHONPATH=/home/juntj/Robitic_Project3/ros2_workspace/build/Tracker/prefix_override:/home/juntj/Robitic_Project3/ros2_workspace/install/Tracker/lib/python3.10/site-packages:${PYTHONPATH} /usr/bin/python3 setup.py develop --uninstall --editable --build-directory /home/juntj/Robitic_Project3/ros2_workspace/build/Tracker/build
[2.721s] Invoking command in '/home/juntj/Robitic_Project3/ros2_workspace/src/Tracker': PYTHONPATH=/home/juntj/Robitic_Project3/ros2_workspace/build/Tracker/prefix_override:/home/juntj/Robitic_Project3/ros2_workspace/install/Tracker/lib/python3.10/site-packages:${PYTHONPATH} /usr/bin/python3 setup.py egg_info --egg-base ../../build/Tracker build --build-base /home/juntj/Robitic_Project3/ros2_workspace/build/Tracker/build install --record /home/juntj/Robitic_Project3/ros2_workspace/build/Tracker/install.log --single-version-externally-managed
[2.986s] running egg_info
[2.988s] writing ../../build/Tracker/Tracker.egg-info/PKG-INFO
[2.988s] writing dependency_links to ../../build/Tracker/Tracker.egg-info/dependency_links.txt
[2.988s] writing entry points to ../../build/Tracker/Tracker.egg-info/entry_points.txt
[2.988s] writing requirements to ../../build/Tracker/Tracker.egg-info/requires.txt
[2.988s] writing top-level names to ../../build/Tracker/Tracker.egg-info/top_level.txt
[2.990s] reading manifest file '../../build/Tracker/Tracker.egg-info/SOURCES.txt'
[2.991s] writing manifest file '../../build/Tracker/Tracker.egg-info/SOURCES.txt'
[2.992s] running build
[2.992s] running build_py
[2.992s] running install
[2.992s] running install_lib
[2.993s] running install_data
[2.994s] running install_egg_info
[2.996s] removing '/home/juntj/Robitic_Project3/ros2_workspace/install/Tracker/lib/python3.10/site-packages/Tracker-0.0.0-py3.10.egg-info' (and everything under it)
[2.996s] Copying ../../build/Tracker/Tracker.egg-info to /home/juntj/Robitic_Project3/ros2_workspace/install/Tracker/lib/python3.10/site-packages/Tracker-0.0.0-py3.10.egg-info
[2.997s] running install_scripts
[3.023s] writing list of installed files to '/home/juntj/Robitic_Project3/ros2_workspace/build/Tracker/install.log'
[3.104s] Invoked command in '/home/juntj/Robitic_Project3/ros2_workspace/src/Tracker' returned '0': PYTHONPATH=/home/juntj/Robitic_Project3/ros2_workspace/build/Tracker/prefix_override:/home/juntj/Robitic_Project3/ros2_workspace/install/Tracker/lib/python3.10/site-packages:${PYTHONPATH} /usr/bin/python3 setup.py egg_info --egg-base ../../build/Tracker build --build-base /home/juntj/Robitic_Project3/ros2_workspace/build/Tracker/build install --record /home/juntj/Robitic_Project3/ros2_workspace/build/Tracker/install.log --single-version-externally-managed
