[2.153s] Invoking command in '/home/juntj/Robitic_Project3/ros2_workspace/build/Tracker': PYTHONPATH=/home/juntj/Robitic_Project3/ros2_workspace/build/Tracker/prefix_override:/home/juntj/Robitic_Project3/ros2_workspace/install/Tracker/lib/python3.10/site-packages:${PYTHONPATH} /usr/bin/python3 setup.py develop --uninstall --editable --build-directory /home/juntj/Robitic_Project3/ros2_workspace/build/Tracker/build
[2.462s] running develop
[2.658s] Removing /home/juntj/Robitic_Project3/ros2_workspace/install/Tracker/lib/python3.10/site-packages/Tracker.egg-link (link to .)
[2.762s] Invoked command in '/home/juntj/Robitic_Project3/ros2_workspace/build/Tracker' returned '0': PYTHONPATH=/home/juntj/Robitic_Project3/ros2_workspace/build/Tracker/prefix_override:/home/juntj/Robitic_Project3/ros2_workspace/install/Tracker/lib/python3.10/site-packages:${PYTHONPATH} /usr/bin/python3 setup.py develop --uninstall --editable --build-directory /home/juntj/Robitic_Project3/ros2_workspace/build/Tracker/build
[2.765s] Invoking command in '/home/juntj/Robitic_Project3/ros2_workspace/src/Tracker': PYTHONPATH=/home/juntj/Robitic_Project3/ros2_workspace/build/Tracker/prefix_override:/home/juntj/Robitic_Project3/ros2_workspace/install/Tracker/lib/python3.10/site-packages:${PYTHONPATH} /usr/bin/python3 setup.py egg_info --egg-base ../../build/Tracker build --build-base /home/juntj/Robitic_Project3/ros2_workspace/build/Tracker/build install --record /home/juntj/Robitic_Project3/ros2_workspace/build/Tracker/install.log --single-version-externally-managed
[3.065s] running egg_info
[3.066s] writing ../../build/Tracker/Tracker.egg-info/PKG-INFO
[3.066s] writing dependency_links to ../../build/Tracker/Tracker.egg-info/dependency_links.txt
[3.067s] writing entry points to ../../build/Tracker/Tracker.egg-info/entry_points.txt
[3.067s] writing requirements to ../../build/Tracker/Tracker.egg-info/requires.txt
[3.067s] writing top-level names to ../../build/Tracker/Tracker.egg-info/top_level.txt
[3.069s] reading manifest file '../../build/Tracker/Tracker.egg-info/SOURCES.txt'
[3.069s] writing manifest file '../../build/Tracker/Tracker.egg-info/SOURCES.txt'
[3.070s] running build
[3.070s] running build_py
[3.070s] running install
[3.071s] running install_lib
[3.072s] creating /home/juntj/Robitic_Project3/ros2_workspace/install/Tracker/lib/python3.10/site-packages/Tracker
[3.072s] copying /home/juntj/Robitic_Project3/ros2_workspace/build/Tracker/build/lib/Tracker/tracker.py -> /home/juntj/Robitic_Project3/ros2_workspace/install/Tracker/lib/python3.10/site-packages/Tracker
[3.072s] copying /home/juntj/Robitic_Project3/ros2_workspace/build/Tracker/build/lib/Tracker/__init__.py -> /home/juntj/Robitic_Project3/ros2_workspace/install/Tracker/lib/python3.10/site-packages/Tracker
[3.073s] byte-compiling /home/juntj/Robitic_Project3/ros2_workspace/install/Tracker/lib/python3.10/site-packages/Tracker/tracker.py to tracker.cpython-310.pyc
[3.074s] byte-compiling /home/juntj/Robitic_Project3/ros2_workspace/install/Tracker/lib/python3.10/site-packages/Tracker/__init__.py to __init__.cpython-310.pyc
[3.074s] running install_data
[3.075s] running install_egg_info
[3.077s] Copying ../../build/Tracker/Tracker.egg-info to /home/juntj/Robitic_Project3/ros2_workspace/install/Tracker/lib/python3.10/site-packages/Tracker-0.0.0-py3.10.egg-info
[3.077s] running install_scripts
[3.100s] writing list of installed files to '/home/juntj/Robitic_Project3/ros2_workspace/build/Tracker/install.log'
