[0.302s] DEBUG:colcon:Command line arguments: ['/usr/bin/colcon', 'build']
[0.302s] DEBUG:colcon:Parsed command line arguments: Namespace(log_base=None, log_level=None, verb_name='build', build_base='build', install_base='install', merge_install=False, symlink_install=False, test_result_base=None, continue_on_error=False, executor='parallel', parallel_workers=16, event_handlers=None, ignore_user_meta=False, metas=['./colcon.meta'], base_paths=['.'], packages_ignore=None, packages_ignore_regex=None, paths=None, packages_up_to=None, packages_up_to_regex=None, packages_above=None, packages_above_and_dependencies=None, packages_above_depth=None, packages_select_by_dep=None, packages_skip_by_dep=None, packages_skip_up_to=None, packages_select_build_failed=False, packages_skip_build_finished=False, packages_select_test_failures=False, packages_skip_test_passed=False, packages_select=None, packages_skip=None, packages_select_regex=None, packages_skip_regex=None, packages_start=None, packages_end=None, allow_overriding=[], cmake_args=None, cmake_target=None, cmake_target_skip_unavailable=False, cmake_clean_cache=False, cmake_clean_first=False, cmake_force_configure=False, ament_cmake_args=None, catkin_cmake_args=None, catkin_skip_building_tests=False, verb_parser=<colcon_defaults.argument_parser.defaults.DefaultArgumentsDecorator object at 0x7f50b47ee380>, verb_extension=<colcon_core.verb.build.BuildVerb object at 0x7f50b47ede10>, main=<bound method BuildVerb.main of <colcon_core.verb.build.BuildVerb object at 0x7f50b47ede10>>)
[0.321s] Level 1:colcon.colcon_core.package_discovery:discover_packages(colcon_meta) check parameters
[0.321s] Level 1:colcon.colcon_core.package_discovery:discover_packages(recursive) check parameters
[0.321s] Level 1:colcon.colcon_core.package_discovery:discover_packages(ignore) check parameters
[0.321s] Level 1:colcon.colcon_core.package_discovery:discover_packages(path) check parameters
[0.321s] Level 1:colcon.colcon_core.package_discovery:discover_packages(colcon_meta) discover
[0.321s] Level 1:colcon.colcon_core.package_discovery:discover_packages(recursive) discover
[0.321s] INFO:colcon.colcon_core.package_discovery:Crawling recursively for packages in '/home/juntj/Robitic_Project3/ros2_workspace'
[0.322s] Level 1:colcon.colcon_core.package_identification:_identify(.) by extensions ['ignore', 'ignore_ament_install']
[0.322s] Level 1:colcon.colcon_core.package_identification:_identify(.) by extension 'ignore'
[0.322s] Level 1:colcon.colcon_core.package_identification:_identify(.) by extension 'ignore_ament_install'
[0.322s] Level 1:colcon.colcon_core.package_identification:_identify(.) by extensions ['colcon_pkg']
[0.322s] Level 1:colcon.colcon_core.package_identification:_identify(.) by extension 'colcon_pkg'
[0.322s] Level 1:colcon.colcon_core.package_identification:_identify(.) by extensions ['colcon_meta']
[0.322s] Level 1:colcon.colcon_core.package_identification:_identify(.) by extension 'colcon_meta'
[0.322s] Level 1:colcon.colcon_core.package_identification:_identify(.) by extensions ['ros']
[0.322s] Level 1:colcon.colcon_core.package_identification:_identify(.) by extension 'ros'
[0.332s] DEBUG:colcon.colcon_core.package_identification:Failed to parse potential ROS package manifest in'.': Error(s) in package './package.xml':
The manifest contains invalid XML:
no element found: line 2, column 0
[0.333s] Level 1:colcon.colcon_core.package_identification:_identify(.) by extensions ['cmake', 'python']
[0.333s] Level 1:colcon.colcon_core.package_identification:_identify(.) by extension 'cmake'
[0.333s] Level 1:colcon.colcon_core.package_identification:_identify(.) by extension 'python'
[0.333s] Level 1:colcon.colcon_core.package_identification:_identify(.) by extensions ['python_setup_py']
[0.333s] Level 1:colcon.colcon_core.package_identification:_identify(.) by extension 'python_setup_py'
[0.333s] Level 1:colcon.colcon_core.package_identification:_identify(build) by extensions ['ignore', 'ignore_ament_install']
[0.333s] Level 1:colcon.colcon_core.package_identification:_identify(build) by extension 'ignore'
[0.333s] Level 1:colcon.colcon_core.package_identification:_identify(build) ignored
[0.333s] Level 1:colcon.colcon_core.package_identification:_identify(install) by extensions ['ignore', 'ignore_ament_install']
[0.333s] Level 1:colcon.colcon_core.package_identification:_identify(install) by extension 'ignore'
[0.333s] Level 1:colcon.colcon_core.package_identification:_identify(install) ignored
[0.333s] Level 1:colcon.colcon_core.package_identification:_identify(log) by extensions ['ignore', 'ignore_ament_install']
[0.333s] Level 1:colcon.colcon_core.package_identification:_identify(log) by extension 'ignore'
[0.333s] Level 1:colcon.colcon_core.package_identification:_identify(log) ignored
[0.333s] Level 1:colcon.colcon_core.package_identification:_identify(src) by extensions ['ignore', 'ignore_ament_install']
[0.333s] Level 1:colcon.colcon_core.package_identification:_identify(src) by extension 'ignore'
[0.333s] Level 1:colcon.colcon_core.package_identification:_identify(src) by extension 'ignore_ament_install'
[0.333s] Level 1:colcon.colcon_core.package_identification:_identify(src) by extensions ['colcon_pkg']
[0.333s] Level 1:colcon.colcon_core.package_identification:_identify(src) by extension 'colcon_pkg'
[0.334s] Level 1:colcon.colcon_core.package_identification:_identify(src) by extensions ['colcon_meta']
[0.334s] Level 1:colcon.colcon_core.package_identification:_identify(src) by extension 'colcon_meta'
[0.334s] Level 1:colcon.colcon_core.package_identification:_identify(src) by extensions ['ros']
[0.334s] Level 1:colcon.colcon_core.package_identification:_identify(src) by extension 'ros'
[0.334s] Level 1:colcon.colcon_core.package_identification:_identify(src) by extensions ['cmake', 'python']
[0.334s] Level 1:colcon.colcon_core.package_identification:_identify(src) by extension 'cmake'
[0.334s] Level 1:colcon.colcon_core.package_identification:_identify(src) by extension 'python'
[0.334s] Level 1:colcon.colcon_core.package_identification:_identify(src) by extensions ['python_setup_py']
[0.334s] Level 1:colcon.colcon_core.package_identification:_identify(src) by extension 'python_setup_py'
[0.334s] Level 1:colcon.colcon_core.package_identification:_identify(src/Classification) by extensions ['ignore', 'ignore_ament_install']
[0.334s] Level 1:colcon.colcon_core.package_identification:_identify(src/Classification) by extension 'ignore'
[0.334s] Level 1:colcon.colcon_core.package_identification:_identify(src/Classification) by extension 'ignore_ament_install'
[0.334s] Level 1:colcon.colcon_core.package_identification:_identify(src/Classification) by extensions ['colcon_pkg']
[0.334s] Level 1:colcon.colcon_core.package_identification:_identify(src/Classification) by extension 'colcon_pkg'
[0.334s] Level 1:colcon.colcon_core.package_identification:_identify(src/Classification) by extensions ['colcon_meta']
[0.334s] Level 1:colcon.colcon_core.package_identification:_identify(src/Classification) by extension 'colcon_meta'
[0.334s] Level 1:colcon.colcon_core.package_identification:_identify(src/Classification) by extensions ['ros']
[0.334s] Level 1:colcon.colcon_core.package_identification:_identify(src/Classification) by extension 'ros'
[0.335s] DEBUG:colcon.colcon_core.package_identification:Package 'src/Classification' with type 'ros.ament_python' and name 'Classification'
[0.335s] Level 1:colcon.colcon_core.package_identification:_identify(src/Object_detection) by extensions ['ignore', 'ignore_ament_install']
[0.336s] Level 1:colcon.colcon_core.package_identification:_identify(src/Object_detection) by extension 'ignore'
[0.336s] Level 1:colcon.colcon_core.package_identification:_identify(src/Object_detection) by extension 'ignore_ament_install'
[0.336s] Level 1:colcon.colcon_core.package_identification:_identify(src/Object_detection) by extensions ['colcon_pkg']
[0.336s] Level 1:colcon.colcon_core.package_identification:_identify(src/Object_detection) by extension 'colcon_pkg'
[0.336s] Level 1:colcon.colcon_core.package_identification:_identify(src/Object_detection) by extensions ['colcon_meta']
[0.336s] Level 1:colcon.colcon_core.package_identification:_identify(src/Object_detection) by extension 'colcon_meta'
[0.336s] Level 1:colcon.colcon_core.package_identification:_identify(src/Object_detection) by extensions ['ros']
[0.336s] Level 1:colcon.colcon_core.package_identification:_identify(src/Object_detection) by extension 'ros'
[0.336s] DEBUG:colcon.colcon_core.package_identification:Package 'src/Object_detection' with type 'ros.ament_python' and name 'Object_detection'
[0.336s] Level 1:colcon.colcon_core.package_identification:_identify(src/Position_Controller) by extensions ['ignore', 'ignore_ament_install']
[0.336s] Level 1:colcon.colcon_core.package_identification:_identify(src/Position_Controller) by extension 'ignore'
[0.336s] Level 1:colcon.colcon_core.package_identification:_identify(src/Position_Controller) by extension 'ignore_ament_install'
[0.336s] Level 1:colcon.colcon_core.package_identification:_identify(src/Position_Controller) by extensions ['colcon_pkg']
[0.336s] Level 1:colcon.colcon_core.package_identification:_identify(src/Position_Controller) by extension 'colcon_pkg'
[0.336s] Level 1:colcon.colcon_core.package_identification:_identify(src/Position_Controller) by extensions ['colcon_meta']
[0.336s] Level 1:colcon.colcon_core.package_identification:_identify(src/Position_Controller) by extension 'colcon_meta'
[0.336s] Level 1:colcon.colcon_core.package_identification:_identify(src/Position_Controller) by extensions ['ros']
[0.336s] Level 1:colcon.colcon_core.package_identification:_identify(src/Position_Controller) by extension 'ros'
[0.337s] DEBUG:colcon.colcon_core.package_identification:Package 'src/Position_Controller' with type 'ros.ament_python' and name 'Position_Controller'
[0.337s] Level 1:colcon.colcon_core.package_identification:_identify(src/Scale_detection) by extensions ['ignore', 'ignore_ament_install']
[0.337s] Level 1:colcon.colcon_core.package_identification:_identify(src/Scale_detection) by extension 'ignore'
[0.337s] Level 1:colcon.colcon_core.package_identification:_identify(src/Scale_detection) by extension 'ignore_ament_install'
[0.337s] Level 1:colcon.colcon_core.package_identification:_identify(src/Scale_detection) by extensions ['colcon_pkg']
[0.337s] Level 1:colcon.colcon_core.package_identification:_identify(src/Scale_detection) by extension 'colcon_pkg'
[0.337s] Level 1:colcon.colcon_core.package_identification:_identify(src/Scale_detection) by extensions ['colcon_meta']
[0.337s] Level 1:colcon.colcon_core.package_identification:_identify(src/Scale_detection) by extension 'colcon_meta'
[0.337s] Level 1:colcon.colcon_core.package_identification:_identify(src/Scale_detection) by extensions ['ros']
[0.337s] Level 1:colcon.colcon_core.package_identification:_identify(src/Scale_detection) by extension 'ros'
[0.337s] DEBUG:colcon.colcon_core.package_identification:Package 'src/Scale_detection' with type 'ros.ament_python' and name 'Scale_detection'
[0.337s] Level 1:colcon.colcon_core.package_identification:_identify(src/Tracker) by extensions ['ignore', 'ignore_ament_install']
[0.337s] Level 1:colcon.colcon_core.package_identification:_identify(src/Tracker) by extension 'ignore'
[0.337s] Level 1:colcon.colcon_core.package_identification:_identify(src/Tracker) by extension 'ignore_ament_install'
[0.338s] Level 1:colcon.colcon_core.package_identification:_identify(src/Tracker) by extensions ['colcon_pkg']
[0.338s] Level 1:colcon.colcon_core.package_identification:_identify(src/Tracker) by extension 'colcon_pkg'
[0.338s] Level 1:colcon.colcon_core.package_identification:_identify(src/Tracker) by extensions ['colcon_meta']
[0.338s] Level 1:colcon.colcon_core.package_identification:_identify(src/Tracker) by extension 'colcon_meta'
[0.338s] Level 1:colcon.colcon_core.package_identification:_identify(src/Tracker) by extensions ['ros']
[0.338s] Level 1:colcon.colcon_core.package_identification:_identify(src/Tracker) by extension 'ros'
[0.338s] DEBUG:colcon.colcon_core.package_identification:Package 'src/Tracker' with type 'ros.ament_python' and name 'Tracker'
[0.338s] Level 1:colcon.colcon_core.package_identification:_identify(src/classification) by extensions ['ignore', 'ignore_ament_install']
[0.338s] Level 1:colcon.colcon_core.package_identification:_identify(src/classification) by extension 'ignore'
[0.338s] Level 1:colcon.colcon_core.package_identification:_identify(src/classification) by extension 'ignore_ament_install'
[0.338s] Level 1:colcon.colcon_core.package_identification:_identify(src/classification) by extensions ['colcon_pkg']
[0.338s] Level 1:colcon.colcon_core.package_identification:_identify(src/classification) by extension 'colcon_pkg'
[0.338s] Level 1:colcon.colcon_core.package_identification:_identify(src/classification) by extensions ['colcon_meta']
[0.338s] Level 1:colcon.colcon_core.package_identification:_identify(src/classification) by extension 'colcon_meta'
[0.338s] Level 1:colcon.colcon_core.package_identification:_identify(src/classification) by extensions ['ros']
[0.338s] Level 1:colcon.colcon_core.package_identification:_identify(src/classification) by extension 'ros'
[0.338s] DEBUG:colcon.colcon_core.package_identification:Package 'src/classification' with type 'ros.ament_python' and name 'classification'
[0.339s] Level 1:colcon.colcon_core.package_identification:_identify(src/ro45_portalrobot_interfaces) by extensions ['ignore', 'ignore_ament_install']
[0.339s] Level 1:colcon.colcon_core.package_identification:_identify(src/ro45_portalrobot_interfaces) by extension 'ignore'
[0.339s] Level 1:colcon.colcon_core.package_identification:_identify(src/ro45_portalrobot_interfaces) by extension 'ignore_ament_install'
[0.339s] Level 1:colcon.colcon_core.package_identification:_identify(src/ro45_portalrobot_interfaces) by extensions ['colcon_pkg']
[0.339s] Level 1:colcon.colcon_core.package_identification:_identify(src/ro45_portalrobot_interfaces) by extension 'colcon_pkg'
[0.339s] Level 1:colcon.colcon_core.package_identification:_identify(src/ro45_portalrobot_interfaces) by extensions ['colcon_meta']
[0.339s] Level 1:colcon.colcon_core.package_identification:_identify(src/ro45_portalrobot_interfaces) by extension 'colcon_meta'
[0.339s] Level 1:colcon.colcon_core.package_identification:_identify(src/ro45_portalrobot_interfaces) by extensions ['ros']
[0.339s] Level 1:colcon.colcon_core.package_identification:_identify(src/ro45_portalrobot_interfaces) by extension 'ros'
[0.339s] DEBUG:colcon.colcon_core.package_identification:Package 'src/ro45_portalrobot_interfaces' with type 'ros.ament_cmake' and name 'ro45_portalrobot_interfaces'
[0.339s] Level 1:colcon.colcon_core.package_discovery:discover_packages(recursive) using defaults
[0.339s] Level 1:colcon.colcon_core.package_discovery:discover_packages(ignore) discover
[0.339s] Level 1:colcon.colcon_core.package_discovery:discover_packages(ignore) using defaults
[0.339s] Level 1:colcon.colcon_core.package_discovery:discover_packages(path) discover
[0.339s] Level 1:colcon.colcon_core.package_discovery:discover_packages(path) using defaults
[0.361s] Level 1:colcon.colcon_core.package_discovery:discover_packages(prefix_path) check parameters
[0.361s] Level 1:colcon.colcon_core.package_discovery:discover_packages(prefix_path) discover
[0.364s] DEBUG:colcon.colcon_installed_package_information.package_discovery:Found 23 installed packages in /home/juntj/ros2_ws/install
[0.365s] DEBUG:colcon.colcon_installed_package_information.package_discovery:Found 270 installed packages in /opt/ros/humble
[0.367s] Level 1:colcon.colcon_core.package_discovery:discover_packages(prefix_path) using defaults
[0.410s] Level 5:colcon.colcon_core.verb:set package 'Classification' build argument 'cmake_args' from command line to 'None'
[0.410s] Level 5:colcon.colcon_core.verb:set package 'Classification' build argument 'cmake_target' from command line to 'None'
[0.410s] Level 5:colcon.colcon_core.verb:set package 'Classification' build argument 'cmake_target_skip_unavailable' from command line to 'False'
[0.410s] Level 5:colcon.colcon_core.verb:set package 'Classification' build argument 'cmake_clean_cache' from command line to 'False'
[0.410s] Level 5:colcon.colcon_core.verb:set package 'Classification' build argument 'cmake_clean_first' from command line to 'False'
[0.410s] Level 5:colcon.colcon_core.verb:set package 'Classification' build argument 'cmake_force_configure' from command line to 'False'
[0.410s] Level 5:colcon.colcon_core.verb:set package 'Classification' build argument 'ament_cmake_args' from command line to 'None'
[0.410s] Level 5:colcon.colcon_core.verb:set package 'Classification' build argument 'catkin_cmake_args' from command line to 'None'
[0.410s] Level 5:colcon.colcon_core.verb:set package 'Classification' build argument 'catkin_skip_building_tests' from command line to 'False'
[0.411s] DEBUG:colcon.colcon_core.verb:Building package 'Classification' with the following arguments: {'ament_cmake_args': None, 'build_base': '/home/juntj/Robitic_Project3/ros2_workspace/build/Classification', 'catkin_cmake_args': None, 'catkin_skip_building_tests': False, 'cmake_args': None, 'cmake_clean_cache': False, 'cmake_clean_first': False, 'cmake_force_configure': False, 'cmake_target': None, 'cmake_target_skip_unavailable': False, 'install_base': '/home/juntj/Robitic_Project3/ros2_workspace/install/Classification', 'merge_install': False, 'path': '/home/juntj/Robitic_Project3/ros2_workspace/src/Classification', 'symlink_install': False, 'test_result_base': None}
[0.411s] Level 5:colcon.colcon_core.verb:set package 'Object_detection' build argument 'cmake_args' from command line to 'None'
[0.411s] Level 5:colcon.colcon_core.verb:set package 'Object_detection' build argument 'cmake_target' from command line to 'None'
[0.411s] Level 5:colcon.colcon_core.verb:set package 'Object_detection' build argument 'cmake_target_skip_unavailable' from command line to 'False'
[0.411s] Level 5:colcon.colcon_core.verb:set package 'Object_detection' build argument 'cmake_clean_cache' from command line to 'False'
[0.411s] Level 5:colcon.colcon_core.verb:set package 'Object_detection' build argument 'cmake_clean_first' from command line to 'False'
[0.411s] Level 5:colcon.colcon_core.verb:set package 'Object_detection' build argument 'cmake_force_configure' from command line to 'False'
[0.411s] Level 5:colcon.colcon_core.verb:set package 'Object_detection' build argument 'ament_cmake_args' from command line to 'None'
[0.411s] Level 5:colcon.colcon_core.verb:set package 'Object_detection' build argument 'catkin_cmake_args' from command line to 'None'
[0.411s] Level 5:colcon.colcon_core.verb:set package 'Object_detection' build argument 'catkin_skip_building_tests' from command line to 'False'
[0.411s] DEBUG:colcon.colcon_core.verb:Building package 'Object_detection' with the following arguments: {'ament_cmake_args': None, 'build_base': '/home/juntj/Robitic_Project3/ros2_workspace/build/Object_detection', 'catkin_cmake_args': None, 'catkin_skip_building_tests': False, 'cmake_args': None, 'cmake_clean_cache': False, 'cmake_clean_first': False, 'cmake_force_configure': False, 'cmake_target': None, 'cmake_target_skip_unavailable': False, 'install_base': '/home/juntj/Robitic_Project3/ros2_workspace/install/Object_detection', 'merge_install': False, 'path': '/home/juntj/Robitic_Project3/ros2_workspace/src/Object_detection', 'symlink_install': False, 'test_result_base': None}
[0.412s] Level 5:colcon.colcon_core.verb:set package 'Position_Controller' build argument 'cmake_args' from command line to 'None'
[0.412s] Level 5:colcon.colcon_core.verb:set package 'Position_Controller' build argument 'cmake_target' from command line to 'None'
[0.412s] Level 5:colcon.colcon_core.verb:set package 'Position_Controller' build argument 'cmake_target_skip_unavailable' from command line to 'False'
[0.412s] Level 5:colcon.colcon_core.verb:set package 'Position_Controller' build argument 'cmake_clean_cache' from command line to 'False'
[0.412s] Level 5:colcon.colcon_core.verb:set package 'Position_Controller' build argument 'cmake_clean_first' from command line to 'False'
[0.412s] Level 5:colcon.colcon_core.verb:set package 'Position_Controller' build argument 'cmake_force_configure' from command line to 'False'
[0.412s] Level 5:colcon.colcon_core.verb:set package 'Position_Controller' build argument 'ament_cmake_args' from command line to 'None'
[0.412s] Level 5:colcon.colcon_core.verb:set package 'Position_Controller' build argument 'catkin_cmake_args' from command line to 'None'
[0.412s] Level 5:colcon.colcon_core.verb:set package 'Position_Controller' build argument 'catkin_skip_building_tests' from command line to 'False'
[0.412s] DEBUG:colcon.colcon_core.verb:Building package 'Position_Controller' with the following arguments: {'ament_cmake_args': None, 'build_base': '/home/juntj/Robitic_Project3/ros2_workspace/build/Position_Controller', 'catkin_cmake_args': None, 'catkin_skip_building_tests': False, 'cmake_args': None, 'cmake_clean_cache': False, 'cmake_clean_first': False, 'cmake_force_configure': False, 'cmake_target': None, 'cmake_target_skip_unavailable': False, 'install_base': '/home/juntj/Robitic_Project3/ros2_workspace/install/Position_Controller', 'merge_install': False, 'path': '/home/juntj/Robitic_Project3/ros2_workspace/src/Position_Controller', 'symlink_install': False, 'test_result_base': None}
[0.413s] Level 5:colcon.colcon_core.verb:set package 'Scale_detection' build argument 'cmake_args' from command line to 'None'
[0.413s] Level 5:colcon.colcon_core.verb:set package 'Scale_detection' build argument 'cmake_target' from command line to 'None'
[0.413s] Level 5:colcon.colcon_core.verb:set package 'Scale_detection' build argument 'cmake_target_skip_unavailable' from command line to 'False'
[0.413s] Level 5:colcon.colcon_core.verb:set package 'Scale_detection' build argument 'cmake_clean_cache' from command line to 'False'
[0.413s] Level 5:colcon.colcon_core.verb:set package 'Scale_detection' build argument 'cmake_clean_first' from command line to 'False'
[0.413s] Level 5:colcon.colcon_core.verb:set package 'Scale_detection' build argument 'cmake_force_configure' from command line to 'False'
[0.413s] Level 5:colcon.colcon_core.verb:set package 'Scale_detection' build argument 'ament_cmake_args' from command line to 'None'
[0.413s] Level 5:colcon.colcon_core.verb:set package 'Scale_detection' build argument 'catkin_cmake_args' from command line to 'None'
[0.413s] Level 5:colcon.colcon_core.verb:set package 'Scale_detection' build argument 'catkin_skip_building_tests' from command line to 'False'
[0.413s] DEBUG:colcon.colcon_core.verb:Building package 'Scale_detection' with the following arguments: {'ament_cmake_args': None, 'build_base': '/home/juntj/Robitic_Project3/ros2_workspace/build/Scale_detection', 'catkin_cmake_args': None, 'catkin_skip_building_tests': False, 'cmake_args': None, 'cmake_clean_cache': False, 'cmake_clean_first': False, 'cmake_force_configure': False, 'cmake_target': None, 'cmake_target_skip_unavailable': False, 'install_base': '/home/juntj/Robitic_Project3/ros2_workspace/install/Scale_detection', 'merge_install': False, 'path': '/home/juntj/Robitic_Project3/ros2_workspace/src/Scale_detection', 'symlink_install': False, 'test_result_base': None}
[0.414s] Level 5:colcon.colcon_core.verb:set package 'Tracker' build argument 'cmake_args' from command line to 'None'
[0.414s] Level 5:colcon.colcon_core.verb:set package 'Tracker' build argument 'cmake_target' from command line to 'None'
[0.414s] Level 5:colcon.colcon_core.verb:set package 'Tracker' build argument 'cmake_target_skip_unavailable' from command line to 'False'
[0.414s] Level 5:colcon.colcon_core.verb:set package 'Tracker' build argument 'cmake_clean_cache' from command line to 'False'
[0.414s] Level 5:colcon.colcon_core.verb:set package 'Tracker' build argument 'cmake_clean_first' from command line to 'False'
[0.414s] Level 5:colcon.colcon_core.verb:set package 'Tracker' build argument 'cmake_force_configure' from command line to 'False'
[0.414s] Level 5:colcon.colcon_core.verb:set package 'Tracker' build argument 'ament_cmake_args' from command line to 'None'
[0.414s] Level 5:colcon.colcon_core.verb:set package 'Tracker' build argument 'catkin_cmake_args' from command line to 'None'
[0.414s] Level 5:colcon.colcon_core.verb:set package 'Tracker' build argument 'catkin_skip_building_tests' from command line to 'False'
[0.414s] DEBUG:colcon.colcon_core.verb:Building package 'Tracker' with the following arguments: {'ament_cmake_args': None, 'build_base': '/home/juntj/Robitic_Project3/ros2_workspace/build/Tracker', 'catkin_cmake_args': None, 'catkin_skip_building_tests': False, 'cmake_args': None, 'cmake_clean_cache': False, 'cmake_clean_first': False, 'cmake_force_configure': False, 'cmake_target': None, 'cmake_target_skip_unavailable': False, 'install_base': '/home/juntj/Robitic_Project3/ros2_workspace/install/Tracker', 'merge_install': False, 'path': '/home/juntj/Robitic_Project3/ros2_workspace/src/Tracker', 'symlink_install': False, 'test_result_base': None}
[0.415s] Level 5:colcon.colcon_core.verb:set package 'classification' build argument 'cmake_args' from command line to 'None'
[0.415s] Level 5:colcon.colcon_core.verb:set package 'classification' build argument 'cmake_target' from command line to 'None'
[0.415s] Level 5:colcon.colcon_core.verb:set package 'classification' build argument 'cmake_target_skip_unavailable' from command line to 'False'
[0.415s] Level 5:colcon.colcon_core.verb:set package 'classification' build argument 'cmake_clean_cache' from command line to 'False'
[0.415s] Level 5:colcon.colcon_core.verb:set package 'classification' build argument 'cmake_clean_first' from command line to 'False'
[0.415s] Level 5:colcon.colcon_core.verb:set package 'classification' build argument 'cmake_force_configure' from command line to 'False'
[0.415s] Level 5:colcon.colcon_core.verb:set package 'classification' build argument 'ament_cmake_args' from command line to 'None'
[0.415s] Level 5:colcon.colcon_core.verb:set package 'classification' build argument 'catkin_cmake_args' from command line to 'None'
[0.415s] Level 5:colcon.colcon_core.verb:set package 'classification' build argument 'catkin_skip_building_tests' from command line to 'False'
[0.415s] DEBUG:colcon.colcon_core.verb:Building package 'classification' with the following arguments: {'ament_cmake_args': None, 'build_base': '/home/juntj/Robitic_Project3/ros2_workspace/build/classification', 'catkin_cmake_args': None, 'catkin_skip_building_tests': False, 'cmake_args': None, 'cmake_clean_cache': False, 'cmake_clean_first': False, 'cmake_force_configure': False, 'cmake_target': None, 'cmake_target_skip_unavailable': False, 'install_base': '/home/juntj/Robitic_Project3/ros2_workspace/install/classification', 'merge_install': False, 'path': '/home/juntj/Robitic_Project3/ros2_workspace/src/classification', 'symlink_install': False, 'test_result_base': None}
[0.415s] Level 5:colcon.colcon_core.verb:set package 'ro45_portalrobot_interfaces' build argument 'cmake_args' from command line to 'None'
[0.415s] Level 5:colcon.colcon_core.verb:set package 'ro45_portalrobot_interfaces' build argument 'cmake_target' from command line to 'None'
[0.415s] Level 5:colcon.colcon_core.verb:set package 'ro45_portalrobot_interfaces' build argument 'cmake_target_skip_unavailable' from command line to 'False'
[0.415s] Level 5:colcon.colcon_core.verb:set package 'ro45_portalrobot_interfaces' build argument 'cmake_clean_cache' from command line to 'False'
[0.415s] Level 5:colcon.colcon_core.verb:set package 'ro45_portalrobot_interfaces' build argument 'cmake_clean_first' from command line to 'False'
[0.415s] Level 5:colcon.colcon_core.verb:set package 'ro45_portalrobot_interfaces' build argument 'cmake_force_configure' from command line to 'False'
[0.415s] Level 5:colcon.colcon_core.verb:set package 'ro45_portalrobot_interfaces' build argument 'ament_cmake_args' from command line to 'None'
[0.415s] Level 5:colcon.colcon_core.verb:set package 'ro45_portalrobot_interfaces' build argument 'catkin_cmake_args' from command line to 'None'
[0.415s] Level 5:colcon.colcon_core.verb:set package 'ro45_portalrobot_interfaces' build argument 'catkin_skip_building_tests' from command line to 'False'
[0.415s] DEBUG:colcon.colcon_core.verb:Building package 'ro45_portalrobot_interfaces' with the following arguments: {'ament_cmake_args': None, 'build_base': '/home/juntj/Robitic_Project3/ros2_workspace/build/ro45_portalrobot_interfaces', 'catkin_cmake_args': None, 'catkin_skip_building_tests': False, 'cmake_args': None, 'cmake_clean_cache': False, 'cmake_clean_first': False, 'cmake_force_configure': False, 'cmake_target': None, 'cmake_target_skip_unavailable': False, 'install_base': '/home/juntj/Robitic_Project3/ros2_workspace/install/ro45_portalrobot_interfaces', 'merge_install': False, 'path': '/home/juntj/Robitic_Project3/ros2_workspace/src/ro45_portalrobot_interfaces', 'symlink_install': False, 'test_result_base': None}
[0.416s] INFO:colcon.colcon_core.executor:Executing jobs using 'parallel' executor
[0.419s] DEBUG:colcon.colcon_parallel_executor.executor.parallel:run_until_complete
[0.419s] INFO:colcon.colcon_ros.task.ament_python.build:Building ROS package in '/home/juntj/Robitic_Project3/ros2_workspace/src/Classification' with build type 'ament_python'
[0.419s] Level 1:colcon.colcon_core.shell:create_environment_hook('Classification', 'ament_prefix_path')
[0.424s] INFO:colcon.colcon_core.plugin_system:Skipping extension 'colcon_core.shell.bat': Not used on non-Windows systems
[0.424s] INFO:colcon.colcon_core.shell:Creating environment hook '/home/juntj/Robitic_Project3/ros2_workspace/install/Classification/share/Classification/hook/ament_prefix_path.ps1'
[0.425s] INFO:colcon.colcon_core.shell:Creating environment descriptor '/home/juntj/Robitic_Project3/ros2_workspace/install/Classification/share/Classification/hook/ament_prefix_path.dsv'
[0.425s] INFO:colcon.colcon_core.shell:Creating environment hook '/home/juntj/Robitic_Project3/ros2_workspace/install/Classification/share/Classification/hook/ament_prefix_path.sh'
[0.427s] INFO:colcon.colcon_core.shell:Skip shell extension 'powershell' for command environment: Not usable outside of PowerShell
[0.427s] DEBUG:colcon.colcon_core.shell:Skip shell extension 'dsv' for command environment
[0.432s] INFO:colcon.colcon_ros.task.ament_python.build:Building ROS package in '/home/juntj/Robitic_Project3/ros2_workspace/src/Object_detection' with build type 'ament_python'
[0.432s] Level 1:colcon.colcon_core.shell:create_environment_hook('Object_detection', 'ament_prefix_path')
[0.434s] INFO:colcon.colcon_core.shell:Creating environment hook '/home/juntj/Robitic_Project3/ros2_workspace/install/Object_detection/share/Object_detection/hook/ament_prefix_path.ps1'
[0.434s] INFO:colcon.colcon_core.shell:Creating environment descriptor '/home/juntj/Robitic_Project3/ros2_workspace/install/Object_detection/share/Object_detection/hook/ament_prefix_path.dsv'
[0.435s] INFO:colcon.colcon_core.shell:Creating environment hook '/home/juntj/Robitic_Project3/ros2_workspace/install/Object_detection/share/Object_detection/hook/ament_prefix_path.sh'
[0.436s] INFO:colcon.colcon_core.shell:Skip shell extension 'powershell' for command environment: Not usable outside of PowerShell
[0.436s] DEBUG:colcon.colcon_core.shell:Skip shell extension 'dsv' for command environment
[0.441s] INFO:colcon.colcon_ros.task.ament_python.build:Building ROS package in '/home/juntj/Robitic_Project3/ros2_workspace/src/Position_Controller' with build type 'ament_python'
[0.441s] Level 1:colcon.colcon_core.shell:create_environment_hook('Position_Controller', 'ament_prefix_path')
[0.442s] INFO:colcon.colcon_core.shell:Creating environment hook '/home/juntj/Robitic_Project3/ros2_workspace/install/Position_Controller/share/Position_Controller/hook/ament_prefix_path.ps1'
[0.443s] INFO:colcon.colcon_core.shell:Creating environment descriptor '/home/juntj/Robitic_Project3/ros2_workspace/install/Position_Controller/share/Position_Controller/hook/ament_prefix_path.dsv'
[0.443s] INFO:colcon.colcon_core.shell:Creating environment hook '/home/juntj/Robitic_Project3/ros2_workspace/install/Position_Controller/share/Position_Controller/hook/ament_prefix_path.sh'
[0.444s] INFO:colcon.colcon_core.shell:Skip shell extension 'powershell' for command environment: Not usable outside of PowerShell
[0.444s] DEBUG:colcon.colcon_core.shell:Skip shell extension 'dsv' for command environment
[0.449s] INFO:colcon.colcon_ros.task.ament_python.build:Building ROS package in '/home/juntj/Robitic_Project3/ros2_workspace/src/Scale_detection' with build type 'ament_python'
[0.449s] Level 1:colcon.colcon_core.shell:create_environment_hook('Scale_detection', 'ament_prefix_path')
[0.450s] INFO:colcon.colcon_core.shell:Creating environment hook '/home/juntj/Robitic_Project3/ros2_workspace/install/Scale_detection/share/Scale_detection/hook/ament_prefix_path.ps1'
[0.451s] INFO:colcon.colcon_core.shell:Creating environment descriptor '/home/juntj/Robitic_Project3/ros2_workspace/install/Scale_detection/share/Scale_detection/hook/ament_prefix_path.dsv'
[0.451s] INFO:colcon.colcon_core.shell:Creating environment hook '/home/juntj/Robitic_Project3/ros2_workspace/install/Scale_detection/share/Scale_detection/hook/ament_prefix_path.sh'
[0.453s] INFO:colcon.colcon_core.shell:Skip shell extension 'powershell' for command environment: Not usable outside of PowerShell
[0.453s] DEBUG:colcon.colcon_core.shell:Skip shell extension 'dsv' for command environment
[0.457s] INFO:colcon.colcon_ros.task.ament_python.build:Building ROS package in '/home/juntj/Robitic_Project3/ros2_workspace/src/Tracker' with build type 'ament_python'
[0.458s] Level 1:colcon.colcon_core.shell:create_environment_hook('Tracker', 'ament_prefix_path')
[0.459s] INFO:colcon.colcon_core.shell:Creating environment hook '/home/juntj/Robitic_Project3/ros2_workspace/install/Tracker/share/Tracker/hook/ament_prefix_path.ps1'
[0.460s] INFO:colcon.colcon_core.shell:Creating environment descriptor '/home/juntj/Robitic_Project3/ros2_workspace/install/Tracker/share/Tracker/hook/ament_prefix_path.dsv'
[0.460s] INFO:colcon.colcon_core.shell:Creating environment hook '/home/juntj/Robitic_Project3/ros2_workspace/install/Tracker/share/Tracker/hook/ament_prefix_path.sh'
[0.461s] INFO:colcon.colcon_core.shell:Skip shell extension 'powershell' for command environment: Not usable outside of PowerShell
[0.461s] DEBUG:colcon.colcon_core.shell:Skip shell extension 'dsv' for command environment
[0.466s] INFO:colcon.colcon_ros.task.ament_python.build:Building ROS package in '/home/juntj/Robitic_Project3/ros2_workspace/src/classification' with build type 'ament_python'
[0.466s] Level 1:colcon.colcon_core.shell:create_environment_hook('classification', 'ament_prefix_path')
[0.467s] INFO:colcon.colcon_core.shell:Creating environment hook '/home/juntj/Robitic_Project3/ros2_workspace/install/classification/share/classification/hook/ament_prefix_path.ps1'
[0.468s] INFO:colcon.colcon_core.shell:Creating environment descriptor '/home/juntj/Robitic_Project3/ros2_workspace/install/classification/share/classification/hook/ament_prefix_path.dsv'
[0.468s] INFO:colcon.colcon_core.shell:Creating environment hook '/home/juntj/Robitic_Project3/ros2_workspace/install/classification/share/classification/hook/ament_prefix_path.sh'
[0.470s] INFO:colcon.colcon_core.shell:Skip shell extension 'powershell' for command environment: Not usable outside of PowerShell
[0.470s] DEBUG:colcon.colcon_core.shell:Skip shell extension 'dsv' for command environment
[0.475s] INFO:colcon.colcon_ros.task.ament_cmake.build:Building ROS package in '/home/juntj/Robitic_Project3/ros2_workspace/src/ro45_portalrobot_interfaces' with build type 'ament_cmake'
[0.475s] INFO:colcon.colcon_cmake.task.cmake.build:Building CMake package in '/home/juntj/Robitic_Project3/ros2_workspace/src/ro45_portalrobot_interfaces'
[0.476s] INFO:colcon.colcon_core.shell:Skip shell extension 'powershell' for command environment: Not usable outside of PowerShell
[0.476s] DEBUG:colcon.colcon_core.shell:Skip shell extension 'dsv' for command environment
[0.746s] INFO:colcon.colcon_core.task.python.build:Building Python package in '/home/juntj/Robitic_Project3/ros2_workspace/src/Classification'
[0.748s] INFO:colcon.colcon_core.shell:Skip shell extension 'powershell' for command environment: Not usable outside of PowerShell
[0.748s] DEBUG:colcon.colcon_core.shell:Skip shell extension 'dsv' for command environment
[1.005s] INFO:colcon.colcon_core.task.python.build:Building Python package in '/home/juntj/Robitic_Project3/ros2_workspace/src/Object_detection'
[1.008s] INFO:colcon.colcon_core.shell:Skip shell extension 'powershell' for command environment: Not usable outside of PowerShell
[1.008s] DEBUG:colcon.colcon_core.shell:Skip shell extension 'dsv' for command environment
[1.262s] INFO:colcon.colcon_core.task.python.build:Building Python package in '/home/juntj/Robitic_Project3/ros2_workspace/src/Position_Controller'
[1.265s] INFO:colcon.colcon_core.shell:Skip shell extension 'powershell' for command environment: Not usable outside of PowerShell
[1.265s] DEBUG:colcon.colcon_core.shell:Skip shell extension 'dsv' for command environment
[1.535s] INFO:colcon.colcon_core.task.python.build:Building Python package in '/home/juntj/Robitic_Project3/ros2_workspace/src/Scale_detection'
[1.539s] INFO:colcon.colcon_core.shell:Skip shell extension 'powershell' for command environment: Not usable outside of PowerShell
[1.539s] DEBUG:colcon.colcon_core.shell:Skip shell extension 'dsv' for command environment
[1.812s] INFO:colcon.colcon_core.task.python.build:Building Python package in '/home/juntj/Robitic_Project3/ros2_workspace/src/Tracker'
[1.815s] INFO:colcon.colcon_core.shell:Skip shell extension 'powershell' for command environment: Not usable outside of PowerShell
[1.815s] DEBUG:colcon.colcon_core.shell:Skip shell extension 'dsv' for command environment
[2.088s] INFO:colcon.colcon_core.task.python.build:Building Python package in '/home/juntj/Robitic_Project3/ros2_workspace/src/classification'
[2.091s] INFO:colcon.colcon_core.shell:Skip shell extension 'powershell' for command environment: Not usable outside of PowerShell
[2.091s] DEBUG:colcon.colcon_core.shell:Skip shell extension 'dsv' for command environment
[2.114s] DEBUG:colcon.colcon_core.event_handler.log_command:Invoking command in '/home/juntj/Robitic_Project3/ros2_workspace/build/ro45_portalrobot_interfaces': CMAKE_PREFIX_PATH=${CMAKE_PREFIX_PATH}:/home/juntj/ros2_ws/install/launch_testing_examples:/home/juntj/ros2_ws/install/examples_rclpy_pointcloud_publisher:/home/juntj/ros2_ws/install/examples_rclpy_minimal_subscriber:/home/juntj/ros2_ws/install/examples_rclpy_minimal_service:/home/juntj/ros2_ws/install/examples_rclpy_minimal_publisher:/home/juntj/ros2_ws/install/examples_rclpy_minimal_client:/home/juntj/ros2_ws/install/examples_rclpy_minimal_action_server:/home/juntj/ros2_ws/install/examples_rclpy_minimal_action_client:/home/juntj/ros2_ws/install/examples_rclpy_guard_conditions:/home/juntj/ros2_ws/install/examples_rclpy_executors:/opt/ros/humble /usr/bin/cmake --build /home/juntj/Robitic_Project3/ros2_workspace/build/ro45_portalrobot_interfaces -- -j16 -l16
[2.628s] DEBUG:colcon.colcon_core.event_handler.log_command:Invoked command in '/home/juntj/Robitic_Project3/ros2_workspace/build/ro45_portalrobot_interfaces' returned '0': CMAKE_PREFIX_PATH=${CMAKE_PREFIX_PATH}:/home/juntj/ros2_ws/install/launch_testing_examples:/home/juntj/ros2_ws/install/examples_rclpy_pointcloud_publisher:/home/juntj/ros2_ws/install/examples_rclpy_minimal_subscriber:/home/juntj/ros2_ws/install/examples_rclpy_minimal_service:/home/juntj/ros2_ws/install/examples_rclpy_minimal_publisher:/home/juntj/ros2_ws/install/examples_rclpy_minimal_client:/home/juntj/ros2_ws/install/examples_rclpy_minimal_action_server:/home/juntj/ros2_ws/install/examples_rclpy_minimal_action_client:/home/juntj/ros2_ws/install/examples_rclpy_guard_conditions:/home/juntj/ros2_ws/install/examples_rclpy_executors:/opt/ros/humble /usr/bin/cmake --build /home/juntj/Robitic_Project3/ros2_workspace/build/ro45_portalrobot_interfaces -- -j16 -l16
[2.645s] DEBUG:colcon.colcon_core.event_handler.log_command:Invoking command in '/home/juntj/Robitic_Project3/ros2_workspace/src/Classification': PYTHONPATH=/home/juntj/Robitic_Project3/ros2_workspace/build/Classification/prefix_override:/home/juntj/Robitic_Project3/ros2_workspace/install/Classification/lib/python3.10/site-packages:${PYTHONPATH} /usr/bin/python3 setup.py egg_info --egg-base ../../build/Classification build --build-base /home/juntj/Robitic_Project3/ros2_workspace/build/Classification/build install --record /home/juntj/Robitic_Project3/ros2_workspace/build/Classification/install.log --single-version-externally-managed
[2.657s] DEBUG:colcon.colcon_core.event_handler.log_command:Invoking command in '/home/juntj/Robitic_Project3/ros2_workspace/src/Position_Controller': PYTHONPATH=/home/juntj/Robitic_Project3/ros2_workspace/build/Position_Controller/prefix_override:/home/juntj/Robitic_Project3/ros2_workspace/install/Position_Controller/lib/python3.10/site-packages:${PYTHONPATH} /usr/bin/python3 setup.py egg_info --egg-base ../../build/Position_Controller build --build-base /home/juntj/Robitic_Project3/ros2_workspace/build/Position_Controller/build install --record /home/juntj/Robitic_Project3/ros2_workspace/build/Position_Controller/install.log --single-version-externally-managed
[2.660s] DEBUG:colcon.colcon_core.event_handler.log_command:Invoking command in '/home/juntj/Robitic_Project3/ros2_workspace/src/Object_detection': PYTHONPATH=/home/juntj/Robitic_Project3/ros2_workspace/build/Object_detection/prefix_override:/home/juntj/Robitic_Project3/ros2_workspace/install/Object_detection/lib/python3.10/site-packages:${PYTHONPATH} /usr/bin/python3 setup.py egg_info --egg-base ../../build/Object_detection build --build-base /home/juntj/Robitic_Project3/ros2_workspace/build/Object_detection/build install --record /home/juntj/Robitic_Project3/ros2_workspace/build/Object_detection/install.log --single-version-externally-managed
[2.663s] DEBUG:colcon.colcon_core.event_handler.log_command:Invoking command in '/home/juntj/Robitic_Project3/ros2_workspace/src/Scale_detection': PYTHONPATH=/home/juntj/Robitic_Project3/ros2_workspace/build/Scale_detection/prefix_override:/home/juntj/Robitic_Project3/ros2_workspace/install/Scale_detection/lib/python3.10/site-packages:${PYTHONPATH} /usr/bin/python3 setup.py egg_info --egg-base ../../build/Scale_detection build --build-base /home/juntj/Robitic_Project3/ros2_workspace/build/Scale_detection/build install --record /home/juntj/Robitic_Project3/ros2_workspace/build/Scale_detection/install.log --single-version-externally-managed
[2.670s] DEBUG:colcon.colcon_core.event_handler.log_command:Invoking command in '/home/juntj/Robitic_Project3/ros2_workspace/src/Tracker': PYTHONPATH=/home/juntj/Robitic_Project3/ros2_workspace/build/Tracker/prefix_override:/home/juntj/Robitic_Project3/ros2_workspace/install/Tracker/lib/python3.10/site-packages:${PYTHONPATH} /usr/bin/python3 setup.py egg_info --egg-base ../../build/Tracker build --build-base /home/juntj/Robitic_Project3/ros2_workspace/build/Tracker/build install --record /home/juntj/Robitic_Project3/ros2_workspace/build/Tracker/install.log --single-version-externally-managed
[2.676s] DEBUG:colcon.colcon_core.event_handler.log_command:Invoking command in '/home/juntj/Robitic_Project3/ros2_workspace/src/classification': PYTHONPATH=/home/juntj/Robitic_Project3/ros2_workspace/build/classification/prefix_override:/home/juntj/Robitic_Project3/ros2_workspace/install/classification/lib/python3.10/site-packages:${PYTHONPATH} /usr/bin/python3 setup.py egg_info --egg-base ../../build/classification build --build-base /home/juntj/Robitic_Project3/ros2_workspace/build/classification/build install --record /home/juntj/Robitic_Project3/ros2_workspace/build/classification/install.log --single-version-externally-managed
[2.715s] DEBUG:colcon.colcon_core.event_handler.log_command:Invoking command in '/home/juntj/Robitic_Project3/ros2_workspace/build/ro45_portalrobot_interfaces': CMAKE_PREFIX_PATH=${CMAKE_PREFIX_PATH}:/home/juntj/ros2_ws/install/launch_testing_examples:/home/juntj/ros2_ws/install/examples_rclpy_pointcloud_publisher:/home/juntj/ros2_ws/install/examples_rclpy_minimal_subscriber:/home/juntj/ros2_ws/install/examples_rclpy_minimal_service:/home/juntj/ros2_ws/install/examples_rclpy_minimal_publisher:/home/juntj/ros2_ws/install/examples_rclpy_minimal_client:/home/juntj/ros2_ws/install/examples_rclpy_minimal_action_server:/home/juntj/ros2_ws/install/examples_rclpy_minimal_action_client:/home/juntj/ros2_ws/install/examples_rclpy_guard_conditions:/home/juntj/ros2_ws/install/examples_rclpy_executors:/opt/ros/humble /usr/bin/cmake --install /home/juntj/Robitic_Project3/ros2_workspace/build/ro45_portalrobot_interfaces
[2.773s] Level 1:colcon.colcon_core.environment:create_environment_scripts_only(ro45_portalrobot_interfaces)
[2.775s] DEBUG:colcon.colcon_core.event_handler.log_command:Invoked command in '/home/juntj/Robitic_Project3/ros2_workspace/build/ro45_portalrobot_interfaces' returned '0': CMAKE_PREFIX_PATH=${CMAKE_PREFIX_PATH}:/home/juntj/ros2_ws/install/launch_testing_examples:/home/juntj/ros2_ws/install/examples_rclpy_pointcloud_publisher:/home/juntj/ros2_ws/install/examples_rclpy_minimal_subscriber:/home/juntj/ros2_ws/install/examples_rclpy_minimal_service:/home/juntj/ros2_ws/install/examples_rclpy_minimal_publisher:/home/juntj/ros2_ws/install/examples_rclpy_minimal_client:/home/juntj/ros2_ws/install/examples_rclpy_minimal_action_server:/home/juntj/ros2_ws/install/examples_rclpy_minimal_action_client:/home/juntj/ros2_ws/install/examples_rclpy_guard_conditions:/home/juntj/ros2_ws/install/examples_rclpy_executors:/opt/ros/humble /usr/bin/cmake --install /home/juntj/Robitic_Project3/ros2_workspace/build/ro45_portalrobot_interfaces
[2.781s] Level 1:colcon.colcon_core.environment:checking '/home/juntj/Robitic_Project3/ros2_workspace/install/ro45_portalrobot_interfaces' for CMake module files
[2.782s] Level 1:colcon.colcon_core.environment:checking '/home/juntj/Robitic_Project3/ros2_workspace/install/ro45_portalrobot_interfaces' for CMake config files
[2.782s] Level 1:colcon.colcon_core.shell:create_environment_hook('ro45_portalrobot_interfaces', 'cmake_prefix_path')
[2.784s] INFO:colcon.colcon_core.shell:Creating environment hook '/home/juntj/Robitic_Project3/ros2_workspace/install/ro45_portalrobot_interfaces/share/ro45_portalrobot_interfaces/hook/cmake_prefix_path.ps1'
[2.785s] INFO:colcon.colcon_core.shell:Creating environment descriptor '/home/juntj/Robitic_Project3/ros2_workspace/install/ro45_portalrobot_interfaces/share/ro45_portalrobot_interfaces/hook/cmake_prefix_path.dsv'
[2.786s] INFO:colcon.colcon_core.shell:Creating environment hook '/home/juntj/Robitic_Project3/ros2_workspace/install/ro45_portalrobot_interfaces/share/ro45_portalrobot_interfaces/hook/cmake_prefix_path.sh'
[2.786s] Level 1:colcon.colcon_core.environment:checking '/home/juntj/Robitic_Project3/ros2_workspace/install/ro45_portalrobot_interfaces/lib'
[2.787s] Level 1:colcon.colcon_core.shell:create_environment_hook('ro45_portalrobot_interfaces', 'ld_library_path_lib')
[2.789s] INFO:colcon.colcon_core.shell:Creating environment hook '/home/juntj/Robitic_Project3/ros2_workspace/install/ro45_portalrobot_interfaces/share/ro45_portalrobot_interfaces/hook/ld_library_path_lib.ps1'
[2.789s] INFO:colcon.colcon_core.shell:Creating environment descriptor '/home/juntj/Robitic_Project3/ros2_workspace/install/ro45_portalrobot_interfaces/share/ro45_portalrobot_interfaces/hook/ld_library_path_lib.dsv'
[2.790s] INFO:colcon.colcon_core.shell:Creating environment hook '/home/juntj/Robitic_Project3/ros2_workspace/install/ro45_portalrobot_interfaces/share/ro45_portalrobot_interfaces/hook/ld_library_path_lib.sh'
[2.790s] Level 1:colcon.colcon_core.environment:checking '/home/juntj/Robitic_Project3/ros2_workspace/install/ro45_portalrobot_interfaces/bin'
[2.790s] Level 1:colcon.colcon_core.environment:checking '/home/juntj/Robitic_Project3/ros2_workspace/install/ro45_portalrobot_interfaces/lib/pkgconfig/ro45_portalrobot_interfaces.pc'
[2.791s] Level 1:colcon.colcon_core.environment:checking '/home/juntj/Robitic_Project3/ros2_workspace/install/ro45_portalrobot_interfaces/lib/python3.10/site-packages'
[2.791s] Level 1:colcon.colcon_core.environment:checking '/home/juntj/Robitic_Project3/ros2_workspace/install/ro45_portalrobot_interfaces/bin'
[2.793s] INFO:colcon.colcon_core.shell:Creating package script '/home/juntj/Robitic_Project3/ros2_workspace/install/ro45_portalrobot_interfaces/share/ro45_portalrobot_interfaces/package.ps1'
[2.795s] INFO:colcon.colcon_core.shell:Creating package descriptor '/home/juntj/Robitic_Project3/ros2_workspace/install/ro45_portalrobot_interfaces/share/ro45_portalrobot_interfaces/package.dsv'
[2.795s] INFO:colcon.colcon_core.shell:Creating package script '/home/juntj/Robitic_Project3/ros2_workspace/install/ro45_portalrobot_interfaces/share/ro45_portalrobot_interfaces/package.sh'
[2.797s] INFO:colcon.colcon_core.shell:Creating package script '/home/juntj/Robitic_Project3/ros2_workspace/install/ro45_portalrobot_interfaces/share/ro45_portalrobot_interfaces/package.bash'
[2.798s] INFO:colcon.colcon_core.shell:Creating package script '/home/juntj/Robitic_Project3/ros2_workspace/install/ro45_portalrobot_interfaces/share/ro45_portalrobot_interfaces/package.zsh'
[2.799s] Level 1:colcon.colcon_core.environment:create_file_with_runtime_dependencies(/home/juntj/Robitic_Project3/ros2_workspace/install/ro45_portalrobot_interfaces/share/colcon-core/packages/ro45_portalrobot_interfaces)
[2.877s] Level 1:colcon.colcon_core.environment:create_environment_scripts_only(ro45_portalrobot_interfaces)
[2.879s] Level 1:colcon.colcon_core.environment:checking '/home/juntj/Robitic_Project3/ros2_workspace/install/ro45_portalrobot_interfaces' for CMake module files
[2.880s] Level 1:colcon.colcon_core.environment:checking '/home/juntj/Robitic_Project3/ros2_workspace/install/ro45_portalrobot_interfaces' for CMake config files
[2.881s] Level 1:colcon.colcon_core.shell:create_environment_hook('ro45_portalrobot_interfaces', 'cmake_prefix_path')
[2.882s] INFO:colcon.colcon_core.shell:Creating environment hook '/home/juntj/Robitic_Project3/ros2_workspace/install/ro45_portalrobot_interfaces/share/ro45_portalrobot_interfaces/hook/cmake_prefix_path.ps1'
[2.883s] INFO:colcon.colcon_core.shell:Creating environment descriptor '/home/juntj/Robitic_Project3/ros2_workspace/install/ro45_portalrobot_interfaces/share/ro45_portalrobot_interfaces/hook/cmake_prefix_path.dsv'
[2.883s] INFO:colcon.colcon_core.shell:Creating environment hook '/home/juntj/Robitic_Project3/ros2_workspace/install/ro45_portalrobot_interfaces/share/ro45_portalrobot_interfaces/hook/cmake_prefix_path.sh'
[2.884s] Level 1:colcon.colcon_core.environment:checking '/home/juntj/Robitic_Project3/ros2_workspace/install/ro45_portalrobot_interfaces/lib'
[2.884s] Level 1:colcon.colcon_core.shell:create_environment_hook('ro45_portalrobot_interfaces', 'ld_library_path_lib')
[2.885s] INFO:colcon.colcon_core.shell:Creating environment hook '/home/juntj/Robitic_Project3/ros2_workspace/install/ro45_portalrobot_interfaces/share/ro45_portalrobot_interfaces/hook/ld_library_path_lib.ps1'
[2.886s] INFO:colcon.colcon_core.shell:Creating environment descriptor '/home/juntj/Robitic_Project3/ros2_workspace/install/ro45_portalrobot_interfaces/share/ro45_portalrobot_interfaces/hook/ld_library_path_lib.dsv'
[2.886s] INFO:colcon.colcon_core.shell:Creating environment hook '/home/juntj/Robitic_Project3/ros2_workspace/install/ro45_portalrobot_interfaces/share/ro45_portalrobot_interfaces/hook/ld_library_path_lib.sh'
[2.887s] Level 1:colcon.colcon_core.environment:checking '/home/juntj/Robitic_Project3/ros2_workspace/install/ro45_portalrobot_interfaces/bin'
[2.887s] Level 1:colcon.colcon_core.environment:checking '/home/juntj/Robitic_Project3/ros2_workspace/install/ro45_portalrobot_interfaces/lib/pkgconfig/ro45_portalrobot_interfaces.pc'
[2.887s] Level 1:colcon.colcon_core.environment:checking '/home/juntj/Robitic_Project3/ros2_workspace/install/ro45_portalrobot_interfaces/lib/python3.10/site-packages'
[2.887s] Level 1:colcon.colcon_core.environment:checking '/home/juntj/Robitic_Project3/ros2_workspace/install/ro45_portalrobot_interfaces/bin'
[2.889s] INFO:colcon.colcon_core.shell:Creating package script '/home/juntj/Robitic_Project3/ros2_workspace/install/ro45_portalrobot_interfaces/share/ro45_portalrobot_interfaces/package.ps1'
[2.889s] INFO:colcon.colcon_core.shell:Creating package descriptor '/home/juntj/Robitic_Project3/ros2_workspace/install/ro45_portalrobot_interfaces/share/ro45_portalrobot_interfaces/package.dsv'
[2.890s] INFO:colcon.colcon_core.shell:Creating package script '/home/juntj/Robitic_Project3/ros2_workspace/install/ro45_portalrobot_interfaces/share/ro45_portalrobot_interfaces/package.sh'
[2.890s] INFO:colcon.colcon_core.shell:Creating package script '/home/juntj/Robitic_Project3/ros2_workspace/install/ro45_portalrobot_interfaces/share/ro45_portalrobot_interfaces/package.bash'
[2.891s] INFO:colcon.colcon_core.shell:Creating package script '/home/juntj/Robitic_Project3/ros2_workspace/install/ro45_portalrobot_interfaces/share/ro45_portalrobot_interfaces/package.zsh'
[2.891s] Level 1:colcon.colcon_core.environment:create_file_with_runtime_dependencies(/home/juntj/Robitic_Project3/ros2_workspace/install/ro45_portalrobot_interfaces/share/colcon-core/packages/ro45_portalrobot_interfaces)
[3.040s] Level 1:colcon.colcon_core.environment:checking '/home/juntj/Robitic_Project3/ros2_workspace/install/Classification' for CMake module files
[3.041s] DEBUG:colcon.colcon_core.event_handler.log_command:Invoked command in '/home/juntj/Robitic_Project3/ros2_workspace/src/Classification' returned '0': PYTHONPATH=/home/juntj/Robitic_Project3/ros2_workspace/build/Classification/prefix_override:/home/juntj/Robitic_Project3/ros2_workspace/install/Classification/lib/python3.10/site-packages:${PYTHONPATH} /usr/bin/python3 setup.py egg_info --egg-base ../../build/Classification build --build-base /home/juntj/Robitic_Project3/ros2_workspace/build/Classification/build install --record /home/juntj/Robitic_Project3/ros2_workspace/build/Classification/install.log --single-version-externally-managed
[3.041s] Level 1:colcon.colcon_core.environment:checking '/home/juntj/Robitic_Project3/ros2_workspace/install/Classification' for CMake config files
[3.042s] Level 1:colcon.colcon_core.environment:checking '/home/juntj/Robitic_Project3/ros2_workspace/install/Classification/lib'
[3.042s] Level 1:colcon.colcon_core.environment:checking '/home/juntj/Robitic_Project3/ros2_workspace/install/Classification/bin'
[3.042s] Level 1:colcon.colcon_core.environment:checking '/home/juntj/Robitic_Project3/ros2_workspace/install/Classification/lib/pkgconfig/Classification.pc'
[3.042s] Level 1:colcon.colcon_core.environment:checking '/home/juntj/Robitic_Project3/ros2_workspace/install/Classification/lib/python3.10/site-packages'
[3.042s] Level 1:colcon.colcon_core.shell:create_environment_hook('Classification', 'pythonpath')
[3.043s] INFO:colcon.colcon_core.shell:Creating environment hook '/home/juntj/Robitic_Project3/ros2_workspace/install/Classification/share/Classification/hook/pythonpath.ps1'
[3.044s] INFO:colcon.colcon_core.shell:Creating environment descriptor '/home/juntj/Robitic_Project3/ros2_workspace/install/Classification/share/Classification/hook/pythonpath.dsv'
[3.044s] INFO:colcon.colcon_core.shell:Creating environment hook '/home/juntj/Robitic_Project3/ros2_workspace/install/Classification/share/Classification/hook/pythonpath.sh'
[3.045s] Level 1:colcon.colcon_core.environment:checking '/home/juntj/Robitic_Project3/ros2_workspace/install/Classification/bin'
[3.045s] Level 1:colcon.colcon_core.environment:create_environment_scripts_only(Classification)
[3.046s] INFO:colcon.colcon_core.shell:Creating package script '/home/juntj/Robitic_Project3/ros2_workspace/install/Classification/share/Classification/package.ps1'
[3.047s] INFO:colcon.colcon_core.shell:Creating package descriptor '/home/juntj/Robitic_Project3/ros2_workspace/install/Classification/share/Classification/package.dsv'
[3.047s] INFO:colcon.colcon_core.shell:Creating package script '/home/juntj/Robitic_Project3/ros2_workspace/install/Classification/share/Classification/package.sh'
[3.047s] INFO:colcon.colcon_core.shell:Creating package script '/home/juntj/Robitic_Project3/ros2_workspace/install/Classification/share/Classification/package.bash'
[3.048s] INFO:colcon.colcon_core.shell:Creating package script '/home/juntj/Robitic_Project3/ros2_workspace/install/Classification/share/Classification/package.zsh'
[3.048s] Level 1:colcon.colcon_core.environment:create_file_with_runtime_dependencies(/home/juntj/Robitic_Project3/ros2_workspace/install/Classification/share/colcon-core/packages/Classification)
[3.052s] Level 1:colcon.colcon_core.environment:checking '/home/juntj/Robitic_Project3/ros2_workspace/install/Scale_detection' for CMake module files
[3.052s] Level 1:colcon.colcon_core.environment:checking '/home/juntj/Robitic_Project3/ros2_workspace/install/Scale_detection' for CMake config files
[3.053s] DEBUG:colcon.colcon_core.event_handler.log_command:Invoked command in '/home/juntj/Robitic_Project3/ros2_workspace/src/Scale_detection' returned '0': PYTHONPATH=/home/juntj/Robitic_Project3/ros2_workspace/build/Scale_detection/prefix_override:/home/juntj/Robitic_Project3/ros2_workspace/install/Scale_detection/lib/python3.10/site-packages:${PYTHONPATH} /usr/bin/python3 setup.py egg_info --egg-base ../../build/Scale_detection build --build-base /home/juntj/Robitic_Project3/ros2_workspace/build/Scale_detection/build install --record /home/juntj/Robitic_Project3/ros2_workspace/build/Scale_detection/install.log --single-version-externally-managed
[3.053s] Level 1:colcon.colcon_core.environment:checking '/home/juntj/Robitic_Project3/ros2_workspace/install/Scale_detection/lib'
[3.053s] Level 1:colcon.colcon_core.environment:checking '/home/juntj/Robitic_Project3/ros2_workspace/install/Scale_detection/bin'
[3.053s] Level 1:colcon.colcon_core.environment:checking '/home/juntj/Robitic_Project3/ros2_workspace/install/Scale_detection/lib/pkgconfig/Scale_detection.pc'
[3.054s] Level 1:colcon.colcon_core.environment:checking '/home/juntj/Robitic_Project3/ros2_workspace/install/Scale_detection/lib/python3.10/site-packages'
[3.054s] Level 1:colcon.colcon_core.shell:create_environment_hook('Scale_detection', 'pythonpath')
[3.055s] INFO:colcon.colcon_core.shell:Creating environment hook '/home/juntj/Robitic_Project3/ros2_workspace/install/Scale_detection/share/Scale_detection/hook/pythonpath.ps1'
[3.055s] INFO:colcon.colcon_core.shell:Creating environment descriptor '/home/juntj/Robitic_Project3/ros2_workspace/install/Scale_detection/share/Scale_detection/hook/pythonpath.dsv'
[3.056s] INFO:colcon.colcon_core.shell:Creating environment hook '/home/juntj/Robitic_Project3/ros2_workspace/install/Scale_detection/share/Scale_detection/hook/pythonpath.sh'
[3.056s] Level 1:colcon.colcon_core.environment:checking '/home/juntj/Robitic_Project3/ros2_workspace/install/Scale_detection/bin'
[3.056s] Level 1:colcon.colcon_core.environment:create_environment_scripts_only(Scale_detection)
[3.058s] INFO:colcon.colcon_core.shell:Creating package script '/home/juntj/Robitic_Project3/ros2_workspace/install/Scale_detection/share/Scale_detection/package.ps1'
[3.058s] INFO:colcon.colcon_core.shell:Creating package descriptor '/home/juntj/Robitic_Project3/ros2_workspace/install/Scale_detection/share/Scale_detection/package.dsv'
[3.058s] INFO:colcon.colcon_core.shell:Creating package script '/home/juntj/Robitic_Project3/ros2_workspace/install/Scale_detection/share/Scale_detection/package.sh'
[3.059s] INFO:colcon.colcon_core.shell:Creating package script '/home/juntj/Robitic_Project3/ros2_workspace/install/Scale_detection/share/Scale_detection/package.bash'
[3.059s] INFO:colcon.colcon_core.shell:Creating package script '/home/juntj/Robitic_Project3/ros2_workspace/install/Scale_detection/share/Scale_detection/package.zsh'
[3.059s] Level 1:colcon.colcon_core.environment:create_file_with_runtime_dependencies(/home/juntj/Robitic_Project3/ros2_workspace/install/Scale_detection/share/colcon-core/packages/Scale_detection)
[3.061s] Level 1:colcon.colcon_core.environment:checking '/home/juntj/Robitic_Project3/ros2_workspace/install/Object_detection' for CMake module files
[3.061s] Level 1:colcon.colcon_core.environment:checking '/home/juntj/Robitic_Project3/ros2_workspace/install/Object_detection' for CMake config files
[3.062s] DEBUG:colcon.colcon_core.event_handler.log_command:Invoked command in '/home/juntj/Robitic_Project3/ros2_workspace/src/Object_detection' returned '0': PYTHONPATH=/home/juntj/Robitic_Project3/ros2_workspace/build/Object_detection/prefix_override:/home/juntj/Robitic_Project3/ros2_workspace/install/Object_detection/lib/python3.10/site-packages:${PYTHONPATH} /usr/bin/python3 setup.py egg_info --egg-base ../../build/Object_detection build --build-base /home/juntj/Robitic_Project3/ros2_workspace/build/Object_detection/build install --record /home/juntj/Robitic_Project3/ros2_workspace/build/Object_detection/install.log --single-version-externally-managed
[3.062s] Level 1:colcon.colcon_core.environment:checking '/home/juntj/Robitic_Project3/ros2_workspace/install/Object_detection/lib'
[3.062s] Level 1:colcon.colcon_core.environment:checking '/home/juntj/Robitic_Project3/ros2_workspace/install/Object_detection/bin'
[3.062s] Level 1:colcon.colcon_core.environment:checking '/home/juntj/Robitic_Project3/ros2_workspace/install/Object_detection/lib/pkgconfig/Object_detection.pc'
[3.062s] Level 1:colcon.colcon_core.environment:checking '/home/juntj/Robitic_Project3/ros2_workspace/install/Object_detection/lib/python3.10/site-packages'
[3.062s] Level 1:colcon.colcon_core.shell:create_environment_hook('Object_detection', 'pythonpath')
[3.063s] INFO:colcon.colcon_core.shell:Creating environment hook '/home/juntj/Robitic_Project3/ros2_workspace/install/Object_detection/share/Object_detection/hook/pythonpath.ps1'
[3.064s] INFO:colcon.colcon_core.shell:Creating environment descriptor '/home/juntj/Robitic_Project3/ros2_workspace/install/Object_detection/share/Object_detection/hook/pythonpath.dsv'
[3.064s] INFO:colcon.colcon_core.shell:Creating environment hook '/home/juntj/Robitic_Project3/ros2_workspace/install/Object_detection/share/Object_detection/hook/pythonpath.sh'
[3.064s] Level 1:colcon.colcon_core.environment:checking '/home/juntj/Robitic_Project3/ros2_workspace/install/Object_detection/bin'
[3.064s] Level 1:colcon.colcon_core.environment:create_environment_scripts_only(Object_detection)
[3.065s] INFO:colcon.colcon_core.shell:Creating package script '/home/juntj/Robitic_Project3/ros2_workspace/install/Object_detection/share/Object_detection/package.ps1'
[3.066s] INFO:colcon.colcon_core.shell:Creating package descriptor '/home/juntj/Robitic_Project3/ros2_workspace/install/Object_detection/share/Object_detection/package.dsv'
[3.066s] INFO:colcon.colcon_core.shell:Creating package script '/home/juntj/Robitic_Project3/ros2_workspace/install/Object_detection/share/Object_detection/package.sh'
[3.066s] INFO:colcon.colcon_core.shell:Creating package script '/home/juntj/Robitic_Project3/ros2_workspace/install/Object_detection/share/Object_detection/package.bash'
[3.066s] INFO:colcon.colcon_core.shell:Creating package script '/home/juntj/Robitic_Project3/ros2_workspace/install/Object_detection/share/Object_detection/package.zsh'
[3.067s] Level 1:colcon.colcon_core.environment:create_file_with_runtime_dependencies(/home/juntj/Robitic_Project3/ros2_workspace/install/Object_detection/share/colcon-core/packages/Object_detection)
[3.070s] Level 1:colcon.colcon_core.environment:checking '/home/juntj/Robitic_Project3/ros2_workspace/install/Position_Controller' for CMake module files
[3.072s] DEBUG:colcon.colcon_core.event_handler.log_command:Invoked command in '/home/juntj/Robitic_Project3/ros2_workspace/src/Position_Controller' returned '0': PYTHONPATH=/home/juntj/Robitic_Project3/ros2_workspace/build/Position_Controller/prefix_override:/home/juntj/Robitic_Project3/ros2_workspace/install/Position_Controller/lib/python3.10/site-packages:${PYTHONPATH} /usr/bin/python3 setup.py egg_info --egg-base ../../build/Position_Controller build --build-base /home/juntj/Robitic_Project3/ros2_workspace/build/Position_Controller/build install --record /home/juntj/Robitic_Project3/ros2_workspace/build/Position_Controller/install.log --single-version-externally-managed
[3.072s] Level 1:colcon.colcon_core.environment:checking '/home/juntj/Robitic_Project3/ros2_workspace/install/Position_Controller' for CMake config files
[3.072s] Level 1:colcon.colcon_core.environment:checking '/home/juntj/Robitic_Project3/ros2_workspace/install/Position_Controller/lib'
[3.072s] Level 1:colcon.colcon_core.environment:checking '/home/juntj/Robitic_Project3/ros2_workspace/install/Position_Controller/bin'
[3.072s] Level 1:colcon.colcon_core.environment:checking '/home/juntj/Robitic_Project3/ros2_workspace/install/Position_Controller/lib/pkgconfig/Position_Controller.pc'
[3.072s] Level 1:colcon.colcon_core.environment:checking '/home/juntj/Robitic_Project3/ros2_workspace/install/Position_Controller/lib/python3.10/site-packages'
[3.072s] Level 1:colcon.colcon_core.shell:create_environment_hook('Position_Controller', 'pythonpath')
[3.073s] INFO:colcon.colcon_core.shell:Creating environment hook '/home/juntj/Robitic_Project3/ros2_workspace/install/Position_Controller/share/Position_Controller/hook/pythonpath.ps1'
[3.074s] INFO:colcon.colcon_core.shell:Creating environment descriptor '/home/juntj/Robitic_Project3/ros2_workspace/install/Position_Controller/share/Position_Controller/hook/pythonpath.dsv'
[3.074s] INFO:colcon.colcon_core.shell:Creating environment hook '/home/juntj/Robitic_Project3/ros2_workspace/install/Position_Controller/share/Position_Controller/hook/pythonpath.sh'
[3.074s] Level 1:colcon.colcon_core.environment:checking '/home/juntj/Robitic_Project3/ros2_workspace/install/Position_Controller/bin'
[3.074s] Level 1:colcon.colcon_core.environment:create_environment_scripts_only(Position_Controller)
[3.075s] INFO:colcon.colcon_core.shell:Creating package script '/home/juntj/Robitic_Project3/ros2_workspace/install/Position_Controller/share/Position_Controller/package.ps1'
[3.076s] INFO:colcon.colcon_core.shell:Creating package descriptor '/home/juntj/Robitic_Project3/ros2_workspace/install/Position_Controller/share/Position_Controller/package.dsv'
[3.076s] INFO:colcon.colcon_core.shell:Creating package script '/home/juntj/Robitic_Project3/ros2_workspace/install/Position_Controller/share/Position_Controller/package.sh'
[3.076s] INFO:colcon.colcon_core.shell:Creating package script '/home/juntj/Robitic_Project3/ros2_workspace/install/Position_Controller/share/Position_Controller/package.bash'
[3.076s] INFO:colcon.colcon_core.shell:Creating package script '/home/juntj/Robitic_Project3/ros2_workspace/install/Position_Controller/share/Position_Controller/package.zsh'
[3.077s] Level 1:colcon.colcon_core.environment:create_file_with_runtime_dependencies(/home/juntj/Robitic_Project3/ros2_workspace/install/Position_Controller/share/colcon-core/packages/Position_Controller)
[3.078s] Level 1:colcon.colcon_core.environment:checking '/home/juntj/Robitic_Project3/ros2_workspace/install/classification' for CMake module files
[3.079s] Level 1:colcon.colcon_core.environment:checking '/home/juntj/Robitic_Project3/ros2_workspace/install/classification' for CMake config files
[3.079s] DEBUG:colcon.colcon_core.event_handler.log_command:Invoked command in '/home/juntj/Robitic_Project3/ros2_workspace/src/classification' returned '0': PYTHONPATH=/home/juntj/Robitic_Project3/ros2_workspace/build/classification/prefix_override:/home/juntj/Robitic_Project3/ros2_workspace/install/classification/lib/python3.10/site-packages:${PYTHONPATH} /usr/bin/python3 setup.py egg_info --egg-base ../../build/classification build --build-base /home/juntj/Robitic_Project3/ros2_workspace/build/classification/build install --record /home/juntj/Robitic_Project3/ros2_workspace/build/classification/install.log --single-version-externally-managed
[3.080s] Level 1:colcon.colcon_core.environment:checking '/home/juntj/Robitic_Project3/ros2_workspace/install/classification/lib'
[3.080s] Level 1:colcon.colcon_core.environment:checking '/home/juntj/Robitic_Project3/ros2_workspace/install/classification/bin'
[3.080s] Level 1:colcon.colcon_core.environment:checking '/home/juntj/Robitic_Project3/ros2_workspace/install/classification/lib/pkgconfig/classification.pc'
[3.080s] Level 1:colcon.colcon_core.environment:checking '/home/juntj/Robitic_Project3/ros2_workspace/install/classification/lib/python3.10/site-packages'
[3.080s] Level 1:colcon.colcon_core.shell:create_environment_hook('classification', 'pythonpath')
[3.081s] INFO:colcon.colcon_core.shell:Creating environment hook '/home/juntj/Robitic_Project3/ros2_workspace/install/classification/share/classification/hook/pythonpath.ps1'
[3.081s] INFO:colcon.colcon_core.shell:Creating environment descriptor '/home/juntj/Robitic_Project3/ros2_workspace/install/classification/share/classification/hook/pythonpath.dsv'
[3.082s] INFO:colcon.colcon_core.shell:Creating environment hook '/home/juntj/Robitic_Project3/ros2_workspace/install/classification/share/classification/hook/pythonpath.sh'
[3.082s] Level 1:colcon.colcon_core.environment:checking '/home/juntj/Robitic_Project3/ros2_workspace/install/classification/bin'
[3.082s] Level 1:colcon.colcon_core.environment:create_environment_scripts_only(classification)
[3.083s] INFO:colcon.colcon_core.shell:Creating package script '/home/juntj/Robitic_Project3/ros2_workspace/install/classification/share/classification/package.ps1'
[3.083s] INFO:colcon.colcon_core.shell:Creating package descriptor '/home/juntj/Robitic_Project3/ros2_workspace/install/classification/share/classification/package.dsv'
[3.084s] INFO:colcon.colcon_core.shell:Creating package script '/home/juntj/Robitic_Project3/ros2_workspace/install/classification/share/classification/package.sh'
[3.084s] INFO:colcon.colcon_core.shell:Creating package script '/home/juntj/Robitic_Project3/ros2_workspace/install/classification/share/classification/package.bash'
[3.084s] INFO:colcon.colcon_core.shell:Creating package script '/home/juntj/Robitic_Project3/ros2_workspace/install/classification/share/classification/package.zsh'
[3.084s] Level 1:colcon.colcon_core.environment:create_file_with_runtime_dependencies(/home/juntj/Robitic_Project3/ros2_workspace/install/classification/share/colcon-core/packages/classification)
[3.086s] Level 1:colcon.colcon_core.environment:checking '/home/juntj/Robitic_Project3/ros2_workspace/install/Tracker' for CMake module files
[3.086s] Level 1:colcon.colcon_core.environment:checking '/home/juntj/Robitic_Project3/ros2_workspace/install/Tracker' for CMake config files
[3.087s] DEBUG:colcon.colcon_core.event_handler.log_command:Invoked command in '/home/juntj/Robitic_Project3/ros2_workspace/src/Tracker' returned '0': PYTHONPATH=/home/juntj/Robitic_Project3/ros2_workspace/build/Tracker/prefix_override:/home/juntj/Robitic_Project3/ros2_workspace/install/Tracker/lib/python3.10/site-packages:${PYTHONPATH} /usr/bin/python3 setup.py egg_info --egg-base ../../build/Tracker build --build-base /home/juntj/Robitic_Project3/ros2_workspace/build/Tracker/build install --record /home/juntj/Robitic_Project3/ros2_workspace/build/Tracker/install.log --single-version-externally-managed
[3.087s] Level 1:colcon.colcon_core.environment:checking '/home/juntj/Robitic_Project3/ros2_workspace/install/Tracker/lib'
[3.087s] Level 1:colcon.colcon_core.environment:checking '/home/juntj/Robitic_Project3/ros2_workspace/install/Tracker/bin'
[3.087s] Level 1:colcon.colcon_core.environment:checking '/home/juntj/Robitic_Project3/ros2_workspace/install/Tracker/lib/pkgconfig/Tracker.pc'
[3.087s] Level 1:colcon.colcon_core.environment:checking '/home/juntj/Robitic_Project3/ros2_workspace/install/Tracker/lib/python3.10/site-packages'
[3.087s] Level 1:colcon.colcon_core.shell:create_environment_hook('Tracker', 'pythonpath')
[3.089s] INFO:colcon.colcon_core.shell:Creating environment hook '/home/juntj/Robitic_Project3/ros2_workspace/install/Tracker/share/Tracker/hook/pythonpath.ps1'
[3.089s] INFO:colcon.colcon_core.shell:Creating environment descriptor '/home/juntj/Robitic_Project3/ros2_workspace/install/Tracker/share/Tracker/hook/pythonpath.dsv'
[3.089s] INFO:colcon.colcon_core.shell:Creating environment hook '/home/juntj/Robitic_Project3/ros2_workspace/install/Tracker/share/Tracker/hook/pythonpath.sh'
[3.089s] Level 1:colcon.colcon_core.environment:checking '/home/juntj/Robitic_Project3/ros2_workspace/install/Tracker/bin'
[3.089s] Level 1:colcon.colcon_core.environment:create_environment_scripts_only(Tracker)
[3.090s] INFO:colcon.colcon_core.shell:Creating package script '/home/juntj/Robitic_Project3/ros2_workspace/install/Tracker/share/Tracker/package.ps1'
[3.091s] INFO:colcon.colcon_core.shell:Creating package descriptor '/home/juntj/Robitic_Project3/ros2_workspace/install/Tracker/share/Tracker/package.dsv'
[3.091s] INFO:colcon.colcon_core.shell:Creating package script '/home/juntj/Robitic_Project3/ros2_workspace/install/Tracker/share/Tracker/package.sh'
[3.091s] INFO:colcon.colcon_core.shell:Creating package script '/home/juntj/Robitic_Project3/ros2_workspace/install/Tracker/share/Tracker/package.bash'
[3.091s] INFO:colcon.colcon_core.shell:Creating package script '/home/juntj/Robitic_Project3/ros2_workspace/install/Tracker/share/Tracker/package.zsh'
[3.091s] Level 1:colcon.colcon_core.environment:create_file_with_runtime_dependencies(/home/juntj/Robitic_Project3/ros2_workspace/install/Tracker/share/colcon-core/packages/Tracker)
[3.092s] DEBUG:colcon.colcon_parallel_executor.executor.parallel:closing loop
[3.092s] DEBUG:colcon.colcon_parallel_executor.executor.parallel:loop closed
[3.092s] DEBUG:colcon.colcon_parallel_executor.executor.parallel:run_until_complete finished with '0'
[3.092s] DEBUG:colcon.colcon_core.event_reactor:joining thread
[3.097s] INFO:colcon.colcon_core.plugin_system:Skipping extension 'colcon_notification.desktop_notification.terminal_notifier': Not used on non-Darwin systems
[3.097s] INFO:colcon.colcon_core.plugin_system:Skipping extension 'colcon_notification.desktop_notification.win32': Not used on non-Windows systems
[3.097s] INFO:colcon.colcon_notification.desktop_notification:Sending desktop notification using 'notify2'
[3.108s] DEBUG:colcon.colcon_core.event_reactor:joined thread
[3.111s] INFO:colcon.colcon_core.shell:Creating prefix script '/home/juntj/Robitic_Project3/ros2_workspace/install/local_setup.ps1'
[3.112s] INFO:colcon.colcon_core.shell:Creating prefix util module '/home/juntj/Robitic_Project3/ros2_workspace/install/_local_setup_util_ps1.py'
[3.113s] INFO:colcon.colcon_core.shell:Creating prefix chain script '/home/juntj/Robitic_Project3/ros2_workspace/install/setup.ps1'
[3.114s] INFO:colcon.colcon_core.shell:Creating prefix script '/home/juntj/Robitic_Project3/ros2_workspace/install/local_setup.sh'
[3.115s] INFO:colcon.colcon_core.shell:Creating prefix util module '/home/juntj/Robitic_Project3/ros2_workspace/install/_local_setup_util_sh.py'
[3.115s] INFO:colcon.colcon_core.shell:Creating prefix chain script '/home/juntj/Robitic_Project3/ros2_workspace/install/setup.sh'
[3.117s] INFO:colcon.colcon_core.shell:Creating prefix script '/home/juntj/Robitic_Project3/ros2_workspace/install/local_setup.bash'
[3.117s] INFO:colcon.colcon_core.shell:Creating prefix chain script '/home/juntj/Robitic_Project3/ros2_workspace/install/setup.bash'
[3.118s] INFO:colcon.colcon_core.shell:Creating prefix script '/home/juntj/Robitic_Project3/ros2_workspace/install/local_setup.zsh'
[3.119s] INFO:colcon.colcon_core.shell:Creating prefix chain script '/home/juntj/Robitic_Project3/ros2_workspace/install/setup.zsh'
