[2.194s] Invoking command in '/home/juntj/Robitic_Project3/ros2_workspace/build/Tracker': PYTHONPATH=/home/juntj/Robitic_Project3/ros2_workspace/build/Tracker/prefix_override:/home/juntj/Robitic_Project3/ros2_workspace/install/Tracker/lib/python3.10/site-packages:${PYTHONPATH} /usr/bin/python3 setup.py develop --uninstall --editable --build-directory /home/juntj/Robitic_Project3/ros2_workspace/build/Tracker/build
[2.521s] running develop
[2.803s] Invoked command in '/home/juntj/Robitic_Project3/ros2_workspace/build/Tracker' returned '0': PYTHONPATH=/home/juntj/Robitic_Project3/ros2_workspace/build/Tracker/prefix_override:/home/juntj/Robitic_Project3/ros2_workspace/install/Tracker/lib/python3.10/site-packages:${PYTHONPATH} /usr/bin/python3 setup.py develop --uninstall --editable --build-directory /home/juntj/Robitic_Project3/ros2_workspace/build/Tracker/build
[2.804s] Invoking command in '/home/juntj/Robitic_Project3/ros2_workspace/src/Tracker': PYTHONPATH=/home/juntj/Robitic_Project3/ros2_workspace/build/Tracker/prefix_override:/home/juntj/Robitic_Project3/ros2_workspace/install/Tracker/lib/python3.10/site-packages:${PYTHONPATH} /usr/bin/python3 setup.py egg_info --egg-base ../../build/Tracker build --build-base /home/juntj/Robitic_Project3/ros2_workspace/build/Tracker/build install --record /home/juntj/Robitic_Project3/ros2_workspace/build/Tracker/install.log --single-version-externally-managed
[3.067s] running egg_info
[3.067s] writing ../../build/Tracker/Tracker.egg-info/PKG-INFO
[3.068s] writing dependency_links to ../../build/Tracker/Tracker.egg-info/dependency_links.txt
[3.068s] writing entry points to ../../build/Tracker/Tracker.egg-info/entry_points.txt
[3.068s] writing requirements to ../../build/Tracker/Tracker.egg-info/requires.txt
[3.068s] writing top-level names to ../../build/Tracker/Tracker.egg-info/top_level.txt
[3.070s] reading manifest file '../../build/Tracker/Tracker.egg-info/SOURCES.txt'
[3.070s] writing manifest file '../../build/Tracker/Tracker.egg-info/SOURCES.txt'
[3.071s] running build
[3.071s] running build_py
[3.071s] running install
[3.071s] running install_lib
[3.073s] running install_data
[3.074s] running install_egg_info
[3.075s] removing '/home/juntj/Robitic_Project3/ros2_workspace/install/Tracker/lib/python3.10/site-packages/Tracker-0.0.0-py3.10.egg-info' (and everything under it)
[3.075s] Copying ../../build/Tracker/Tracker.egg-info to /home/juntj/Robitic_Project3/ros2_workspace/install/Tracker/lib/python3.10/site-packages/Tracker-0.0.0-py3.10.egg-info
[3.076s] running install_scripts
[3.096s] writing list of installed files to '/home/juntj/Robitic_Project3/ros2_workspace/build/Tracker/install.log'
[3.179s] Invoked command in '/home/juntj/Robitic_Project3/ros2_workspace/src/Tracker' returned '0': PYTHONPATH=/home/juntj/Robitic_Project3/ros2_workspace/build/Tracker/prefix_override:/home/juntj/Robitic_Project3/ros2_workspace/install/Tracker/lib/python3.10/site-packages:${PYTHONPATH} /usr/bin/python3 setup.py egg_info --egg-base ../../build/Tracker build --build-base /home/juntj/Robitic_Project3/ros2_workspace/build/Tracker/build install --record /home/juntj/Robitic_Project3/ros2_workspace/build/Tracker/install.log --single-version-externally-managed
