[2.284s] Invoking command in '/home/juntj/Robitic_Project3/ros2_workspace/build/Tracker': PYTHONPATH=/home/juntj/Robitic_Project3/ros2_workspace/build/Tracker/prefix_override:/home/juntj/Robitic_Project3/ros2_workspace/install/Tracker/lib/python3.10/site-packages:${PYTHONPATH} /usr/bin/python3 setup.py develop --uninstall --editable --build-directory /home/juntj/Robitic_Project3/ros2_workspace/build/Tracker/build
[2.610s] running develop
[2.891s] Invoked command in '/home/juntj/Robitic_Project3/ros2_workspace/build/Tracker' returned '0': PYTHONPATH=/home/juntj/Robitic_Project3/ros2_workspace/build/Tracker/prefix_override:/home/juntj/Robitic_Project3/ros2_workspace/install/Tracker/lib/python3.10/site-packages:${PYTHONPATH} /usr/bin/python3 setup.py develop --uninstall --editable --build-directory /home/juntj/Robitic_Project3/ros2_workspace/build/Tracker/build
[2.892s] Invoking command in '/home/juntj/Robitic_Project3/ros2_workspace/src/Tracker': PYTHONPATH=/home/juntj/Robitic_Project3/ros2_workspace/build/Tracker/prefix_override:/home/juntj/Robitic_Project3/ros2_workspace/install/Tracker/lib/python3.10/site-packages:${PYTHONPATH} /usr/bin/python3 setup.py egg_info --egg-base ../../build/Tracker build --build-base /home/juntj/Robitic_Project3/ros2_workspace/build/Tracker/build install --record /home/juntj/Robitic_Project3/ros2_workspace/build/Tracker/install.log --single-version-externally-managed
[3.160s] running egg_info
[3.161s] writing ../../build/Tracker/Tracker.egg-info/PKG-INFO
[3.161s] writing dependency_links to ../../build/Tracker/Tracker.egg-info/dependency_links.txt
[3.161s] writing entry points to ../../build/Tracker/Tracker.egg-info/entry_points.txt
[3.161s] writing requirements to ../../build/Tracker/Tracker.egg-info/requires.txt
[3.161s] writing top-level names to ../../build/Tracker/Tracker.egg-info/top_level.txt
[3.163s] reading manifest file '../../build/Tracker/Tracker.egg-info/SOURCES.txt'
[3.164s] writing manifest file '../../build/Tracker/Tracker.egg-info/SOURCES.txt'
[3.164s] running build
[3.165s] running build_py
[3.165s] running install
[3.165s] running install_lib
[3.166s] running install_data
[3.167s] running install_egg_info
[3.169s] removing '/home/juntj/Robitic_Project3/ros2_workspace/install/Tracker/lib/python3.10/site-packages/Tracker-0.0.0-py3.10.egg-info' (and everything under it)
[3.169s] Copying ../../build/Tracker/Tracker.egg-info to /home/juntj/Robitic_Project3/ros2_workspace/install/Tracker/lib/python3.10/site-packages/Tracker-0.0.0-py3.10.egg-info
[3.170s] running install_scripts
[3.191s] writing list of installed files to '/home/juntj/Robitic_Project3/ros2_workspace/build/Tracker/install.log'
[3.286s] Invoked command in '/home/juntj/Robitic_Project3/ros2_workspace/src/Tracker' returned '0': PYTHONPATH=/home/juntj/Robitic_Project3/ros2_workspace/build/Tracker/prefix_override:/home/juntj/Robitic_Project3/ros2_workspace/install/Tracker/lib/python3.10/site-packages:${PYTHONPATH} /usr/bin/python3 setup.py egg_info --egg-base ../../build/Tracker build --build-base /home/juntj/Robitic_Project3/ros2_workspace/build/Tracker/build install --record /home/juntj/Robitic_Project3/ros2_workspace/build/Tracker/install.log --single-version-externally-managed
