[2.226s] Invoking command in '/home/juntj/Robitic_Project3/ros2_workspace/src/Object_detection': PYTHONPATH=/home/juntj/Robitic_Project3/ros2_workspace/build/Object_detection/prefix_override:/home/juntj/Robitic_Project3/ros2_workspace/install/Object_detection/lib/python3.10/site-packages:${PYTHONPATH} /usr/bin/python3 setup.py egg_info --egg-base ../../build/Object_detection build --build-base /home/juntj/Robitic_Project3/ros2_workspace/build/Object_detection/build install --record /home/juntj/Robitic_Project3/ros2_workspace/build/Object_detection/install.log --single-version-externally-managed
[2.509s] running egg_info
[2.509s] creating ../../build/Object_detection/Object_detection.egg-info
[2.509s] writing ../../build/Object_detection/Object_detection.egg-info/PKG-INFO
[2.510s] writing dependency_links to ../../build/Object_detection/Object_detection.egg-info/dependency_links.txt
[2.510s] writing entry points to ../../build/Object_detection/Object_detection.egg-info/entry_points.txt
[2.510s] writing requirements to ../../build/Object_detection/Object_detection.egg-info/requires.txt
[2.510s] writing top-level names to ../../build/Object_detection/Object_detection.egg-info/top_level.txt
[2.510s] writing manifest file '../../build/Object_detection/Object_detection.egg-info/SOURCES.txt'
[2.512s] reading manifest file '../../build/Object_detection/Object_detection.egg-info/SOURCES.txt'
[2.513s] writing manifest file '../../build/Object_detection/Object_detection.egg-info/SOURCES.txt'
[2.513s] running build
[2.513s] running build_py
[2.513s] creating /home/juntj/Robitic_Project3/ros2_workspace/build/Object_detection/build
[2.513s] creating /home/juntj/Robitic_Project3/ros2_workspace/build/Object_detection/build/lib
[2.513s] creating /home/juntj/Robitic_Project3/ros2_workspace/build/Object_detection/build/lib/Object_detection
[2.513s] copying Object_detection/__init__.py -> /home/juntj/Robitic_Project3/ros2_workspace/build/Object_detection/build/lib/Object_detection
[2.514s] copying Object_detection/objectDetection.py -> /home/juntj/Robitic_Project3/ros2_workspace/build/Object_detection/build/lib/Object_detection
[2.514s] running install
[2.514s] running install_lib
[2.515s] creating /home/juntj/Robitic_Project3/ros2_workspace/install/Object_detection/lib/python3.10/site-packages/Object_detection
[2.516s] copying /home/juntj/Robitic_Project3/ros2_workspace/build/Object_detection/build/lib/Object_detection/__init__.py -> /home/juntj/Robitic_Project3/ros2_workspace/install/Object_detection/lib/python3.10/site-packages/Object_detection
[2.516s] copying /home/juntj/Robitic_Project3/ros2_workspace/build/Object_detection/build/lib/Object_detection/objectDetection.py -> /home/juntj/Robitic_Project3/ros2_workspace/install/Object_detection/lib/python3.10/site-packages/Object_detection
[2.518s] byte-compiling /home/juntj/Robitic_Project3/ros2_workspace/install/Object_detection/lib/python3.10/site-packages/Object_detection/__init__.py to __init__.cpython-310.pyc
[2.518s] byte-compiling /home/juntj/Robitic_Project3/ros2_workspace/install/Object_detection/lib/python3.10/site-packages/Object_detection/objectDetection.py to objectDetection.cpython-310.pyc
[2.518s] running install_data
[2.519s] creating /home/juntj/Robitic_Project3/ros2_workspace/install/Object_detection/share/ament_index
[2.519s] creating /home/juntj/Robitic_Project3/ros2_workspace/install/Object_detection/share/ament_index/resource_index
[2.519s] creating /home/juntj/Robitic_Project3/ros2_workspace/install/Object_detection/share/ament_index/resource_index/packages
[2.519s] copying resource/Object_detection -> /home/juntj/Robitic_Project3/ros2_workspace/install/Object_detection/share/ament_index/resource_index/packages
[2.519s] copying package.xml -> /home/juntj/Robitic_Project3/ros2_workspace/install/Object_detection/share/Object_detection
[2.519s] running install_egg_info
[2.522s] Copying ../../build/Object_detection/Object_detection.egg-info to /home/juntj/Robitic_Project3/ros2_workspace/install/Object_detection/lib/python3.10/site-packages/Object_detection-0.0.0-py3.10.egg-info
[2.523s] running install_scripts
[2.543s] writing list of installed files to '/home/juntj/Robitic_Project3/ros2_workspace/build/Object_detection/install.log'
[2.628s] Invoked command in '/home/juntj/Robitic_Project3/ros2_workspace/src/Object_detection' returned '0': PYTHONPATH=/home/juntj/Robitic_Project3/ros2_workspace/build/Object_detection/prefix_override:/home/juntj/Robitic_Project3/ros2_workspace/install/Object_detection/lib/python3.10/site-packages:${PYTHONPATH} /usr/bin/python3 setup.py egg_info --egg-base ../../build/Object_detection build --build-base /home/juntj/Robitic_Project3/ros2_workspace/build/Object_detection/build install --record /home/juntj/Robitic_Project3/ros2_workspace/build/Object_detection/install.log --single-version-externally-managed
