[2.260s] Invoking command in '/home/juntj/Robitic_Project3/ros2_workspace/build/Position_Controller': PYTHONPATH=/home/juntj/Robitic_Project3/ros2_workspace/build/Position_Controller/prefix_override:/home/juntj/Robitic_Project3/ros2_workspace/install/Position_Controller/lib/python3.10/site-packages:${PYTHONPATH} /usr/bin/python3 setup.py develop --uninstall --editable --build-directory /home/juntj/Robitic_Project3/ros2_workspace/build/Position_Controller/build
[2.572s] running develop
[2.841s] Invoked command in '/home/juntj/Robitic_Project3/ros2_workspace/build/Position_Controller' returned '0': PYTHONPATH=/home/juntj/Robitic_Project3/ros2_workspace/build/Position_Controller/prefix_override:/home/juntj/Robitic_Project3/ros2_workspace/install/Position_Controller/lib/python3.10/site-packages:${PYTHONPATH} /usr/bin/python3 setup.py develop --uninstall --editable --build-directory /home/juntj/Robitic_Project3/ros2_workspace/build/Position_Controller/build
[2.843s] Invoking command in '/home/juntj/Robitic_Project3/ros2_workspace/src/Position_Controller': PYTHONPATH=/home/juntj/Robitic_Project3/ros2_workspace/build/Position_Controller/prefix_override:/home/juntj/Robitic_Project3/ros2_workspace/install/Position_Controller/lib/python3.10/site-packages:${PYTHONPATH} /usr/bin/python3 setup.py egg_info --egg-base ../../build/Position_Controller build --build-base /home/juntj/Robitic_Project3/ros2_workspace/build/Position_Controller/build install --record /home/juntj/Robitic_Project3/ros2_workspace/build/Position_Controller/install.log --single-version-externally-managed
[3.119s] running egg_info
[3.120s] writing ../../build/Position_Controller/Position_Controller.egg-info/PKG-INFO
[3.120s] writing dependency_links to ../../build/Position_Controller/Position_Controller.egg-info/dependency_links.txt
[3.120s] writing entry points to ../../build/Position_Controller/Position_Controller.egg-info/entry_points.txt
[3.120s] writing requirements to ../../build/Position_Controller/Position_Controller.egg-info/requires.txt
[3.120s] writing top-level names to ../../build/Position_Controller/Position_Controller.egg-info/top_level.txt
[3.122s] reading manifest file '../../build/Position_Controller/Position_Controller.egg-info/SOURCES.txt'
[3.123s] writing manifest file '../../build/Position_Controller/Position_Controller.egg-info/SOURCES.txt'
[3.123s] running build
[3.123s] running build_py
[3.123s] copying Position_Controller/PositionController.py -> /home/juntj/Robitic_Project3/ros2_workspace/build/Position_Controller/build/lib/Position_Controller
[3.123s] running install
[3.124s] running install_lib
[3.125s] copying /home/juntj/Robitic_Project3/ros2_workspace/build/Position_Controller/build/lib/Position_Controller/PositionController.py -> /home/juntj/Robitic_Project3/ros2_workspace/install/Position_Controller/lib/python3.10/site-packages/Position_Controller
[3.125s] byte-compiling /home/juntj/Robitic_Project3/ros2_workspace/install/Position_Controller/lib/python3.10/site-packages/Position_Controller/PositionController.py to PositionController.cpython-310.pyc
[3.126s] running install_data
[3.127s] running install_egg_info
[3.128s] removing '/home/juntj/Robitic_Project3/ros2_workspace/install/Position_Controller/lib/python3.10/site-packages/Position_Controller-0.0.0-py3.10.egg-info' (and everything under it)
[3.129s] Copying ../../build/Position_Controller/Position_Controller.egg-info to /home/juntj/Robitic_Project3/ros2_workspace/install/Position_Controller/lib/python3.10/site-packages/Position_Controller-0.0.0-py3.10.egg-info
[3.129s] running install_scripts
[3.150s] writing list of installed files to '/home/juntj/Robitic_Project3/ros2_workspace/build/Position_Controller/install.log'
[3.221s] Invoked command in '/home/juntj/Robitic_Project3/ros2_workspace/src/Position_Controller' returned '0': PYTHONPATH=/home/juntj/Robitic_Project3/ros2_workspace/build/Position_Controller/prefix_override:/home/juntj/Robitic_Project3/ros2_workspace/install/Position_Controller/lib/python3.10/site-packages:${PYTHONPATH} /usr/bin/python3 setup.py egg_info --egg-base ../../build/Position_Controller build --build-base /home/juntj/Robitic_Project3/ros2_workspace/build/Position_Controller/build install --record /home/juntj/Robitic_Project3/ros2_workspace/build/Position_Controller/install.log --single-version-externally-managed
